[0.016s] Invoking command in '/home/ngin/LAB/Resfes24/Robot_LiDAR3d/build/lio_sam': CMAKE_PREFIX_PATH=${CMAKE_PREFIX_PATH}:/opt/ros/foxy /usr/bin/cmake /home/ngin/LAB/Resfes24/Robot_LiDAR3d/src/LIO-SAM -DCMAKE_BUILD_TYPE=Release -DCMAKE_INSTALL_PREFIX=/home/ngin/LAB/Resfes24/Robot_LiDAR3d/install/lio_sam
[0.025s] -- Found ament_cmake: 0.9.12 (/opt/ros/foxy/share/ament_cmake/cmake)
[0.041s] -- Found PythonInterp: /usr/bin/python3 (found suitable version "3.8.10", minimum required is "3") 
[0.041s] -- Using PYTHON_EXECUTABLE: /usr/bin/python3
[0.177s] -- Override CMake install command with custom implementation using symlinks instead of copying resources
[0.185s] -- Found rosidl_default_generators: 1.0.1 (/opt/ros/foxy/share/rosidl_default_generators/cmake)
[0.187s] -- Using all available rosidl_typesupport_c: rosidl_typesupport_fastrtps_c;rosidl_typesupport_introspection_c
[0.191s] -- Found rosidl_adapter: 1.3.1 (/opt/ros/foxy/share/rosidl_adapter/cmake)
[0.308s] -- Using all available rosidl_typesupport_cpp: rosidl_typesupport_fastrtps_cpp;rosidl_typesupport_introspection_cpp
[0.329s] -- Found rclcpp: 2.4.3 (/opt/ros/foxy/share/rclcpp/cmake)
[0.366s] -- Found rmw_implementation_cmake: 1.0.4 (/opt/ros/foxy/share/rmw_implementation_cmake/cmake)
[0.367s] -- Using RMW implementation 'rmw_fastrtps_cpp' as default
[0.478s] -- Found rclpy: 1.0.13 (/opt/ros/foxy/share/rclpy/cmake)
[0.479s] -- Found cv_bridge: 3.0.7 (/opt/ros/foxy/share/cv_bridge/cmake)
[0.588s] -- Found nav_msgs: 2.0.5 (/opt/ros/foxy/share/nav_msgs/cmake)
[0.639s] -- Found visualization_msgs: 2.0.5 (/opt/ros/foxy/share/visualization_msgs/cmake)
[0.692s] -- Found pcl_msgs: 1.0.0 (/opt/ros/foxy/share/pcl_msgs/cmake)
[0.775s] -- Found tf2: 0.13.14 (/opt/ros/foxy/share/tf2/cmake)
[0.781s] -- Found tf2_geometry_msgs: 0.13.14 (/opt/ros/foxy/share/tf2_geometry_msgs/cmake)
[0.786s] -- Found eigen3_cmake_module: 0.1.1 (/opt/ros/foxy/share/eigen3_cmake_module/cmake)
[1.093s] -- Found tf2_sensor_msgs: 0.13.14 (/opt/ros/foxy/share/tf2_sensor_msgs/cmake)
[1.105s] -- Found tf2_eigen: 0.13.14 (/opt/ros/foxy/share/tf2_eigen/cmake)
[1.119s] -- Found Eigen: /usr/include/eigen3 (Required is at least version "3.1") 
[1.119s] -- Eigen found (include: /usr/include/eigen3, version: 3.3.7)
[1.127s] -- Found Boost: /usr/include (found suitable version "1.71.0", minimum required is "1.55.0") found components: system filesystem date_time iostreams regex 
[1.185s] -- The imported target "vtkParseOGLExt" references the file
[1.185s]    "/usr/bin/vtkParseOGLExt-7.1"
[1.185s] but this file does not exist.  Possible reasons include:
[1.185s] * The file was deleted, renamed, or moved to another location.
[1.185s] * An install or uninstall procedure did not complete successfully.
[1.185s] * The installation package was faulty and contained
[1.186s]    "/usr/lib/cmake/vtk-7.1/VTKTargets.cmake"
[1.186s] but not all the files it references.
[1.186s] 
[1.186s] -- The imported target "vtkRenderingPythonTkWidgets" references the file
[1.186s]    "/usr/lib/x86_64-linux-gnu/libvtkRenderingPythonTkWidgets.so"
[1.186s] but this file does not exist.  Possible reasons include:
[1.186s] * The file was deleted, renamed, or moved to another location.
[1.186s] * An install or uninstall procedure did not complete successfully.
[1.186s] * The installation package was faulty and contained
[1.186s]    "/usr/lib/cmake/vtk-7.1/VTKTargets.cmake"
[1.187s] but not all the files it references.
[1.187s] 
[1.187s] -- The imported target "vtk" references the file
[1.187s]    "/usr/bin/vtk"
[1.187s] but this file does not exist.  Possible reasons include:
[1.187s] * The file was deleted, renamed, or moved to another location.
[1.187s] * An install or uninstall procedure did not complete successfully.
[1.187s] * The installation package was faulty and contained
[1.187s]    "/usr/lib/cmake/vtk-7.1/VTKTargets.cmake"
[1.187s] but not all the files it references.
[1.187s] 
[1.188s] -- The imported target "pvtk" references the file
[1.188s]    "/usr/bin/pvtk"
[1.188s] but this file does not exist.  Possible reasons include:
[1.188s] * The file was deleted, renamed, or moved to another location.
[1.188s] * An install or uninstall procedure did not complete successfully.
[1.188s] * The installation package was faulty and contained
[1.188s]    "/usr/lib/cmake/vtk-7.1/VTKTargets.cmake"
[1.188s] but not all the files it references.
[1.188s] 
[1.203s] -- OpenNI found (include: /usr/include/ni, lib: /usr/lib/libOpenNI.so)
[1.208s] -- OpenNI2 found (include: /usr/include/openni2, lib: /usr/lib/libOpenNI2.so)
[1.208s] ** WARNING ** io features related to pcap will be disabled
[1.208s] ** WARNING ** io features related to png will be disabled
[1.217s] ** WARNING ** io features related to libusb-1.0 will be disabled
[1.222s] -- OpenNI found (include: /usr/include/ni, lib: /usr/lib/libOpenNI.so)
[1.227s] -- OpenNI2 found (include: /usr/include/openni2, lib: /usr/lib/libOpenNI2.so)
[1.237s] -- QHULL found (include: /usr/include, lib: optimized;/usr/lib/x86_64-linux-gnu/libqhull.so;debug;/usr/lib/x86_64-linux-gnu/libqhull.so)
[1.242s] -- OpenNI found (include: /usr/include/ni, lib: /usr/lib/libOpenNI.so)
[1.251s] -- looking for PCL_COMMON
[1.251s] -- looking for PCL_KDTREE
[1.252s] -- looking for PCL_OCTREE
[1.252s] -- looking for PCL_SEARCH
[1.252s] -- looking for PCL_SAMPLE_CONSENSUS
[1.253s] -- looking for PCL_FILTERS
[1.253s] -- looking for PCL_2D
[1.254s] -- looking for PCL_GEOMETRY
[1.254s] -- looking for PCL_IO
[1.254s] -- looking for PCL_FEATURES
[1.255s] -- looking for PCL_ML
[1.255s] -- looking for PCL_SEGMENTATION
[1.255s] -- looking for PCL_VISUALIZATION
[1.256s] -- looking for PCL_SURFACE
[1.256s] -- looking for PCL_REGISTRATION
[1.257s] -- looking for PCL_KEYPOINTS
[1.257s] -- looking for PCL_TRACKING
[1.258s] -- looking for PCL_RECOGNITION
[1.258s] -- looking for PCL_STEREO
[1.258s] -- looking for PCL_APPS
[1.259s] -- looking for PCL_IN_HAND_SCANNER
[1.260s] -- looking for PCL_POINT_CLOUD_EDITOR
[1.260s] -- looking for PCL_OUTOFCORE
[1.260s] -- looking for PCL_PEOPLE
[1.274s] -- Found Boost: /usr/include (found suitable version "1.71.0", minimum required is "1.65") found components: serialization system filesystem thread program_options date_time timer chrono regex atomic 
[1.275s] -- GTSAM include directory:  /usr/lib/cmake/GTSAM/../../../include
[1.279s] -- Found Eigen: /usr/include/eigen3  
[1.279s] -- Eigen found (include: /usr/include/eigen3, version: 3.3.7)
[1.296s] -- Found PythonInterp: /usr/bin/python3 (found version "3.8.10") 
[1.464s] -- Found ament_cmake_ros: 0.9.2 (/opt/ros/foxy/share/ament_cmake_ros/cmake)
[1.690s] -- Using all available rosidl_typesupport_c: rosidl_typesupport_fastrtps_c;rosidl_typesupport_introspection_c
[1.797s] -- Using all available rosidl_typesupport_cpp: rosidl_typesupport_fastrtps_cpp;rosidl_typesupport_introspection_cpp
[1.821s] -- Found PythonInterp: /usr/bin/python3 (found suitable version "3.8.10", minimum required is "3.5") 
[1.821s] -- Found python_cmake_module: 0.8.1 (/opt/ros/foxy/share/python_cmake_module/cmake)
[1.840s] -- Using PYTHON_EXECUTABLE: /usr/bin/python3
[1.840s] -- Using PYTHON_INCLUDE_DIRS: /usr/include/python3.8
[1.840s] -- Using PYTHON_LIBRARIES: /usr/lib/x86_64-linux-gnu/libpython3.8.so
[2.011s] -- Found ament_lint_auto: 0.9.8 (/opt/ros/foxy/share/ament_lint_auto/cmake)
[2.019s] -- Added test 'copyright' to check source files copyright and LICENSE
[2.026s] -- Added test 'cppcheck' to perform static code analysis on C / C++ code
[2.032s] -- Configured cppcheck include dirs: /home/ngin/LAB/Resfes24/Robot_LiDAR3d/src/LIO-SAM/include/lio_sam
[2.032s] -- Configured cppcheck exclude dirs and/or files: 
[2.034s] -- Added test 'cpplint' to check C / C++ code against the Google style
[2.034s] -- Configured cpplint exclude dirs and/or files: 
[2.034s] -- Added test 'flake8' to check Python code syntax and style conventions
[2.035s] -- Added test 'lint_cmake' to check CMake code style
[2.035s] -- Added test 'pep257' to check Python code against some of the style conventions in PEP 257
[2.037s] -- Added test 'uncrustify' to check C / C++ code style
[2.037s] -- Configured uncrustify additional arguments: 
[2.038s] -- Added test 'xmllint' to check XML markup files
[2.042s] -- Configuring done
[2.232s] -- Generating done
[2.236s] -- Build files have been written to: /home/ngin/LAB/Resfes24/Robot_LiDAR3d/build/lio_sam
