[0.008s] Invoking command in '/home/ngin/LAB/Resfes24/Robot_LiDAR3d/build/pochita': CMAKE_PREFIX_PATH=${CMAKE_PREFIX_PATH}:/home/ngin/LAB/Resfes24/Robot_LiDAR3d/install/joy_tester:/opt/ros/foxy /usr/bin/cmake /home/ngin/LAB/Resfes24/Robot_LiDAR3d/src/pochita -DAMENT_CMAKE_SYMLINK_INSTALL=1 -DCMAKE_INSTALL_PREFIX=/home/ngin/LAB/Resfes24/Robot_LiDAR3d/install/pochita
[0.144s] -- The C compiler identification is GNU 9.4.0
[0.247s] -- The CXX compiler identification is GNU 9.4.0
[0.255s] -- Check for working C compiler: /usr/bin/cc
[0.322s] -- Check for working C compiler: /usr/bin/cc -- works
[0.323s] -- Detecting C compiler ABI info
[0.390s] -- Detecting C compiler ABI info - done
[0.401s] -- Detecting C compile features
[0.401s] -- Detecting C compile features - done
[0.404s] -- Check for working CXX compiler: /usr/bin/c++
[0.473s] -- Check for working CXX compiler: /usr/bin/c++ -- works
[0.475s] -- Detecting CXX compiler ABI info
[0.558s] -- Detecting CXX compiler ABI info - done
[0.569s] -- Detecting CXX compile features
[0.569s] -- Detecting CXX compile features - done
[0.572s] -- Found ament_cmake: 0.9.12 (/opt/ros/foxy/share/ament_cmake/cmake)
[0.601s] -- Found PythonInterp: /usr/bin/python3 (found suitable version "3.8.10", minimum required is "3") 
[0.601s] -- Using PYTHON_EXECUTABLE: /usr/bin/python3
[0.751s] -- Override CMake install command with custom implementation using symlinks instead of copying resources
[0.779s] -- Found ament_lint_auto: 0.9.8 (/opt/ros/foxy/share/ament_lint_auto/cmake)
[0.854s] -- Added test 'copyright' to check source files copyright and LICENSE
[0.858s] -- Added test 'flake8' to check Python code syntax and style conventions
[0.858s] -- Added test 'lint_cmake' to check CMake code style
[0.859s] -- Added test 'pep257' to check Python code against some of the style conventions in PEP 257
[0.860s] -- Added test 'xmllint' to check XML markup files
[0.862s] -- Configuring done
[0.863s] -- Generating done
[0.864s] -- Build files have been written to: /home/ngin/LAB/Resfes24/Robot_LiDAR3d/build/pochita
[0.866s] Invoked command in '/home/ngin/LAB/Resfes24/Robot_LiDAR3d/build/pochita' returned '0': CMAKE_PREFIX_PATH=${CMAKE_PREFIX_PATH}:/home/ngin/LAB/Resfes24/Robot_LiDAR3d/install/joy_tester:/opt/ros/foxy /usr/bin/cmake /home/ngin/LAB/Resfes24/Robot_LiDAR3d/src/pochita -DAMENT_CMAKE_SYMLINK_INSTALL=1 -DCMAKE_INSTALL_PREFIX=/home/ngin/LAB/Resfes24/Robot_LiDAR3d/install/pochita
[0.869s] Invoking command in '/home/ngin/LAB/Resfes24/Robot_LiDAR3d/build/pochita': CMAKE_PREFIX_PATH=${CMAKE_PREFIX_PATH}:/home/ngin/LAB/Resfes24/Robot_LiDAR3d/install/joy_tester:/opt/ros/foxy /usr/bin/cmake --build /home/ngin/LAB/Resfes24/Robot_LiDAR3d/build/pochita -- -j12 -l12
[0.904s] Invoked command in '/home/ngin/LAB/Resfes24/Robot_LiDAR3d/build/pochita' returned '0': CMAKE_PREFIX_PATH=${CMAKE_PREFIX_PATH}:/home/ngin/LAB/Resfes24/Robot_LiDAR3d/install/joy_tester:/opt/ros/foxy /usr/bin/cmake --build /home/ngin/LAB/Resfes24/Robot_LiDAR3d/build/pochita -- -j12 -l12
[0.939s] Invoking command in '/home/ngin/LAB/Resfes24/Robot_LiDAR3d/build/pochita': CMAKE_PREFIX_PATH=${CMAKE_PREFIX_PATH}:/home/ngin/LAB/Resfes24/Robot_LiDAR3d/install/joy_tester:/opt/ros/foxy /usr/bin/cmake --install /home/ngin/LAB/Resfes24/Robot_LiDAR3d/build/pochita
[0.953s] -- Install configuration: ""
[0.953s] -- Execute custom install script
[0.953s] -- Symlinking: /home/ngin/LAB/Resfes24/Robot_LiDAR3d/install/pochita/share/pochita/config/config.rviz
[0.961s] -- Symlinking: /home/ngin/LAB/Resfes24/Robot_LiDAR3d/install/pochita/share/pochita/config/ekf.yaml
[0.967s] -- Symlinking: /home/ngin/LAB/Resfes24/Robot_LiDAR3d/install/pochita/share/pochita/config/empty.yaml
[0.972s] -- Symlinking: /home/ngin/LAB/Resfes24/Robot_LiDAR3d/install/pochita/share/pochita/config/joystick.yaml
[0.980s] -- Symlinking: /home/ngin/LAB/Resfes24/Robot_LiDAR3d/install/pochita/share/pochita/config/mapper_params_online_async.yaml
[0.998s] -- Symlinking: /home/ngin/LAB/Resfes24/Robot_LiDAR3d/install/pochita/share/pochita/description/camera.xacro
[1.007s] -- Symlinking: /home/ngin/LAB/Resfes24/Robot_LiDAR3d/install/pochita/share/pochita/description/gazebo_control.xacro
[1.013s] -- Symlinking: /home/ngin/LAB/Resfes24/Robot_LiDAR3d/install/pochita/share/pochita/description/imu.xacro
[1.024s] -- Symlinking: /home/ngin/LAB/Resfes24/Robot_LiDAR3d/install/pochita/share/pochita/description/inertial_macros.xacro
[1.034s] -- Symlinking: /home/ngin/LAB/Resfes24/Robot_LiDAR3d/install/pochita/share/pochita/description/lidar.xacro
[1.044s] -- Symlinking: /home/ngin/LAB/Resfes24/Robot_LiDAR3d/install/pochita/share/pochita/description/materials.xacro
[1.049s] -- Symlinking: /home/ngin/LAB/Resfes24/Robot_LiDAR3d/install/pochita/share/pochita/description/robot.urdf.xacro
[1.055s] -- Symlinking: /home/ngin/LAB/Resfes24/Robot_LiDAR3d/install/pochita/share/pochita/description/robot_core.xacro
[1.061s] -- Symlinking: /home/ngin/LAB/Resfes24/Robot_LiDAR3d/install/pochita/share/pochita/description/velodyne.xacro
[1.066s] -- Symlinking: /home/ngin/LAB/Resfes24/Robot_LiDAR3d/install/pochita/share/pochita/launch/full_launch.launch.py
[1.071s] -- Symlinking: /home/ngin/LAB/Resfes24/Robot_LiDAR3d/install/pochita/share/pochita/launch/joystick.launch.py
[1.076s] -- Symlinking: /home/ngin/LAB/Resfes24/Robot_LiDAR3d/install/pochita/share/pochita/launch/launch_sim.launch.py
[1.082s] -- Symlinking: /home/ngin/LAB/Resfes24/Robot_LiDAR3d/install/pochita/share/pochita/launch/rsp.launch.py
[1.087s] -- Symlinking: /home/ngin/LAB/Resfes24/Robot_LiDAR3d/install/pochita/share/pochita/worlds/House/house.sdf
[1.092s] -- Symlinking: /home/ngin/LAB/Resfes24/Robot_LiDAR3d/install/pochita/share/pochita/worlds/House/model.config
[1.097s] -- Symlinking: /home/ngin/LAB/Resfes24/Robot_LiDAR3d/install/pochita/share/pochita/worlds/empty.world
[1.102s] -- Symlinking: /home/ngin/LAB/Resfes24/Robot_LiDAR3d/install/pochita/share/pochita/worlds/house.sdf
[1.107s] -- Symlinking: /home/ngin/LAB/Resfes24/Robot_LiDAR3d/install/pochita/share/pochita/worlds/obstacles.world
[1.113s] -- Symlinking: /home/ngin/LAB/Resfes24/Robot_LiDAR3d/install/pochita/share/ament_index/resource_index/package_run_dependencies/pochita
[1.118s] -- Symlinking: /home/ngin/LAB/Resfes24/Robot_LiDAR3d/install/pochita/share/ament_index/resource_index/parent_prefix_path/pochita
[1.123s] -- Symlinking: /home/ngin/LAB/Resfes24/Robot_LiDAR3d/install/pochita/share/pochita/environment/ament_prefix_path.sh
[1.129s] -- Symlinking: /home/ngin/LAB/Resfes24/Robot_LiDAR3d/install/pochita/share/pochita/environment/ament_prefix_path.dsv
[1.140s] -- Symlinking: /home/ngin/LAB/Resfes24/Robot_LiDAR3d/install/pochita/share/pochita/environment/path.sh
[1.145s] -- Symlinking: /home/ngin/LAB/Resfes24/Robot_LiDAR3d/install/pochita/share/pochita/environment/path.dsv
[1.155s] -- Symlinking: /home/ngin/LAB/Resfes24/Robot_LiDAR3d/install/pochita/share/pochita/local_setup.bash
[1.161s] -- Symlinking: /home/ngin/LAB/Resfes24/Robot_LiDAR3d/install/pochita/share/pochita/local_setup.sh
[1.167s] -- Symlinking: /home/ngin/LAB/Resfes24/Robot_LiDAR3d/install/pochita/share/pochita/local_setup.zsh
[1.175s] -- Symlinking: /home/ngin/LAB/Resfes24/Robot_LiDAR3d/install/pochita/share/pochita/local_setup.dsv
[1.182s] -- Symlinking: /home/ngin/LAB/Resfes24/Robot_LiDAR3d/install/pochita/share/pochita/package.dsv
[1.192s] -- Symlinking: /home/ngin/LAB/Resfes24/Robot_LiDAR3d/install/pochita/share/ament_index/resource_index/packages/pochita
[1.198s] -- Symlinking: /home/ngin/LAB/Resfes24/Robot_LiDAR3d/install/pochita/share/pochita/cmake/pochitaConfig.cmake
[1.203s] -- Symlinking: /home/ngin/LAB/Resfes24/Robot_LiDAR3d/install/pochita/share/pochita/cmake/pochitaConfig-version.cmake
[1.210s] -- Symlinking: /home/ngin/LAB/Resfes24/Robot_LiDAR3d/install/pochita/share/pochita/package.xml
[1.217s] Invoked command in '/home/ngin/LAB/Resfes24/Robot_LiDAR3d/build/pochita' returned '0': CMAKE_PREFIX_PATH=${CMAKE_PREFIX_PATH}:/home/ngin/LAB/Resfes24/Robot_LiDAR3d/install/joy_tester:/opt/ros/foxy /usr/bin/cmake --install /home/ngin/LAB/Resfes24/Robot_LiDAR3d/build/pochita
