[0.008s] Invoking command in '/home/ngin/LAB/Resfes24/Robot_LiDAR3d/build/lio_sam': CMAKE_PREFIX_PATH=${CMAKE_PREFIX_PATH}:/home/ngin/LAB/Resfes24/Robot_LiDAR3d/install/joy_tester:/opt/ros/foxy /usr/bin/cmake /home/ngin/LAB/Resfes24/Robot_LiDAR3d/src/lio_sam -DAMENT_CMAKE_SYMLINK_INSTALL=1 -DCMAKE_INSTALL_PREFIX=/home/ngin/LAB/Resfes24/Robot_LiDAR3d/install/lio_sam
[0.064s] -- The C compiler identification is GNU 9.4.0
[0.118s] -- The CXX compiler identification is GNU 9.4.0
[0.124s] -- Check for working C compiler: /usr/bin/cc
[0.202s] -- Check for working C compiler: /usr/bin/cc -- works
[0.204s] -- Detecting C compiler ABI info
[0.279s] -- Detecting C compiler ABI info - done
[0.291s] -- Detecting C compile features
[0.291s] -- Detecting C compile features - done
[0.293s] -- Check for working CXX compiler: /usr/bin/c++
[0.379s] -- Check for working CXX compiler: /usr/bin/c++ -- works
[0.380s] -- Detecting CXX compiler ABI info
[0.453s] -- Detecting CXX compiler ABI info - done
[0.463s] -- Detecting CXX compile features
[0.463s] -- Detecting CXX compile features - done
[0.465s] -- Found ament_cmake: 0.9.12 (/opt/ros/foxy/share/ament_cmake/cmake)
[0.487s] -- Found PythonInterp: /usr/bin/python3 (found suitable version "3.8.10", minimum required is "3") 
[0.487s] -- Using PYTHON_EXECUTABLE: /usr/bin/python3
[0.621s] -- Override CMake install command with custom implementation using symlinks instead of copying resources
[0.638s] -- Found rosidl_default_generators: 1.0.1 (/opt/ros/foxy/share/rosidl_default_generators/cmake)
[0.640s] -- Using all available rosidl_typesupport_c: rosidl_typesupport_fastrtps_c;rosidl_typesupport_introspection_c
[0.644s] -- Found rosidl_adapter: 1.3.1 (/opt/ros/foxy/share/rosidl_adapter/cmake)
[0.712s] -- Found OpenSSL: /usr/lib/x86_64-linux-gnu/libcrypto.so (found version "1.1.1f")  
[0.737s] -- Found FastRTPS: /opt/ros/foxy/include  
[0.796s] -- Using all available rosidl_typesupport_cpp: rosidl_typesupport_fastrtps_cpp;rosidl_typesupport_introspection_cpp
[0.814s] -- Found rclcpp: 2.4.3 (/opt/ros/foxy/share/rclcpp/cmake)
[0.859s] -- Found rmw_implementation_cmake: 1.0.4 (/opt/ros/foxy/share/rmw_implementation_cmake/cmake)
[0.860s] -- Using RMW implementation 'rmw_fastrtps_cpp' as default
[0.860s] -- Looking for pthread.h
[0.934s] -- Looking for pthread.h - found
[0.934s] -- Performing Test CMAKE_HAVE_LIBC_PTHREAD
[1.005s] -- Performing Test CMAKE_HAVE_LIBC_PTHREAD - Failed
[1.006s] -- Looking for pthread_create in pthreads
[1.068s] -- Looking for pthread_create in pthreads - not found
[1.068s] -- Looking for pthread_create in pthread
[1.140s] -- Looking for pthread_create in pthread - found
[1.140s] -- Found Threads: TRUE  
[1.256s] -- Found rclpy: 1.0.13 (/opt/ros/foxy/share/rclpy/cmake)
[1.257s] -- Found cv_bridge: 3.0.7 (/opt/ros/foxy/share/cv_bridge/cmake)
[1.367s] -- Found nav_msgs: 2.0.5 (/opt/ros/foxy/share/nav_msgs/cmake)
[1.419s] -- Found visualization_msgs: 2.0.5 (/opt/ros/foxy/share/visualization_msgs/cmake)
[1.476s] -- Found pcl_msgs: 1.0.0 (/opt/ros/foxy/share/pcl_msgs/cmake)
[1.565s] -- Found tf2: 0.13.14 (/opt/ros/foxy/share/tf2/cmake)
[1.573s] -- Found tf2_geometry_msgs: 0.13.14 (/opt/ros/foxy/share/tf2_geometry_msgs/cmake)
[1.578s] -- Found eigen3_cmake_module: 0.1.1 (/opt/ros/foxy/share/eigen3_cmake_module/cmake)
[1.580s] -- Found Eigen3: TRUE (found version "3.3.7") 
[1.859s] -- Found tf2_sensor_msgs: 0.13.14 (/opt/ros/foxy/share/tf2_sensor_msgs/cmake)
[1.871s] -- Found tf2_eigen: 0.13.14 (/opt/ros/foxy/share/tf2_eigen/cmake)
[1.880s] -- Found OpenCV: /usr (found version "4.2.0") 
[1.888s] -- Checking for module 'eigen3'
[1.905s] --   Found eigen3, version 3.3.7
[1.930s] -- Found Eigen: /usr/include/eigen3 (Required is at least version "3.1") 
[1.930s] -- Eigen found (include: /usr/include/eigen3, version: 3.3.7)
[1.969s] -- Found Boost: /usr/include (found suitable version "1.71.0", minimum required is "1.55.0") found components: system filesystem date_time iostreams regex 
[1.980s] -- Checking for module 'flann'
[1.995s] --   Found flann, version 1.9.1
[2.020s] -- Found FLANN: /usr/lib/x86_64-linux-gnu/libflann_cpp.so  
[2.066s] -- The imported target "vtkParseOGLExt" references the file
[2.066s]    "/usr/bin/vtkParseOGLExt-7.1"
[2.066s] but this file does not exist.  Possible reasons include:
[2.067s] * The file was deleted, renamed, or moved to another location.
[2.067s] * An install or uninstall procedure did not complete successfully.
[2.067s] * The installation package was faulty and contained
[2.067s]    "/usr/lib/cmake/vtk-7.1/VTKTargets.cmake"
[2.067s] but not all the files it references.
[2.067s] 
[2.067s] -- The imported target "vtkRenderingPythonTkWidgets" references the file
[2.067s]    "/usr/lib/x86_64-linux-gnu/libvtkRenderingPythonTkWidgets.so"
[2.067s] but this file does not exist.  Possible reasons include:
[2.067s] * The file was deleted, renamed, or moved to another location.
[2.067s] * An install or uninstall procedure did not complete successfully.
[2.067s] * The installation package was faulty and contained
[2.067s]    "/usr/lib/cmake/vtk-7.1/VTKTargets.cmake"
[2.067s] but not all the files it references.
[2.067s] 
[2.068s] -- The imported target "vtk" references the file
[2.068s]    "/usr/bin/vtk"
[2.068s] but this file does not exist.  Possible reasons include:
[2.068s] * The file was deleted, renamed, or moved to another location.
[2.068s] * An install or uninstall procedure did not complete successfully.
[2.068s] * The installation package was faulty and contained
[2.068s]    "/usr/lib/cmake/vtk-7.1/VTKTargets.cmake"
[2.068s] but not all the files it references.
[2.068s] 
[2.068s] -- The imported target "pvtk" references the file
[2.068s]    "/usr/bin/pvtk"
[2.068s] but this file does not exist.  Possible reasons include:
[2.068s] * The file was deleted, renamed, or moved to another location.
[2.068s] * An install or uninstall procedure did not complete successfully.
[2.068s] * The installation package was faulty and contained
[2.068s]    "/usr/lib/cmake/vtk-7.1/VTKTargets.cmake"
[2.068s] but not all the files it references.
[2.068s] 
[2.088s] -- Checking for module 'libusb-1.0'
[2.100s] --   Found libusb-1.0, version 1.0.23
[2.128s] -- Found USB_10: /usr/lib/x86_64-linux-gnu/libusb-1.0.so  
[2.181s] -- Found OpenNI: /usr/lib/libOpenNI.so  
[2.181s] -- OpenNI found (include: /usr/include/ni, lib: /usr/lib/libOpenNI.so)
[2.227s] -- Found OpenNI2: /usr/lib/libOpenNI2.so  
[2.227s] -- OpenNI2 found (include: /usr/include/openni2, lib: /usr/lib/libOpenNI2.so)
[2.227s] ** WARNING ** io features related to pcap will be disabled
[2.227s] ** WARNING ** io features related to png will be disabled
[2.239s] -- Found libusb-1.0: /usr/include  
[2.239s] ** WARNING ** io features related to libusb-1.0 will be disabled
[2.246s] -- OpenNI found (include: /usr/include/ni, lib: /usr/lib/libOpenNI.so)
[2.255s] -- OpenNI2 found (include: /usr/include/openni2, lib: /usr/lib/libOpenNI2.so)
[2.274s] -- Found Qhull: optimized;/usr/lib/x86_64-linux-gnu/libqhull.so;debug;/usr/lib/x86_64-linux-gnu/libqhull.so  
[2.274s] -- QHULL found (include: /usr/include, lib: optimized;/usr/lib/x86_64-linux-gnu/libqhull.so;debug;/usr/lib/x86_64-linux-gnu/libqhull.so)
[2.282s] -- OpenNI found (include: /usr/include/ni, lib: /usr/lib/libOpenNI.so)
[2.292s] -- looking for PCL_COMMON
[2.293s] -- Found PCL_COMMON: /usr/lib/x86_64-linux-gnu/libpcl_common.so  
[2.293s] -- looking for PCL_KDTREE
[2.294s] -- Found PCL_KDTREE: /usr/lib/x86_64-linux-gnu/libpcl_kdtree.so  
[2.294s] -- looking for PCL_OCTREE
[2.295s] -- Found PCL_OCTREE: /usr/lib/x86_64-linux-gnu/libpcl_octree.so  
[2.295s] -- looking for PCL_SEARCH
[2.296s] -- Found PCL_SEARCH: /usr/lib/x86_64-linux-gnu/libpcl_search.so  
[2.296s] -- looking for PCL_SAMPLE_CONSENSUS
[2.297s] -- Found PCL_SAMPLE_CONSENSUS: /usr/lib/x86_64-linux-gnu/libpcl_sample_consensus.so  
[2.297s] -- looking for PCL_FILTERS
[2.298s] -- Found PCL_FILTERS: /usr/lib/x86_64-linux-gnu/libpcl_filters.so  
[2.298s] -- looking for PCL_2D
[2.298s] -- Found PCL_2D: /usr/include/pcl-1.10  
[2.298s] -- looking for PCL_GEOMETRY
[2.299s] -- Found PCL_GEOMETRY: /usr/include/pcl-1.10  
[2.299s] -- looking for PCL_IO
[2.299s] -- Found PCL_IO: /usr/lib/x86_64-linux-gnu/libpcl_io.so  
[2.300s] -- looking for PCL_FEATURES
[2.300s] -- Found PCL_FEATURES: /usr/lib/x86_64-linux-gnu/libpcl_features.so  
[2.301s] -- looking for PCL_ML
[2.301s] -- Found PCL_ML: /usr/lib/x86_64-linux-gnu/libpcl_ml.so  
[2.301s] -- looking for PCL_SEGMENTATION
[2.302s] -- Found PCL_SEGMENTATION: /usr/lib/x86_64-linux-gnu/libpcl_segmentation.so  
[2.302s] -- looking for PCL_VISUALIZATION
[2.303s] -- Found PCL_VISUALIZATION: /usr/lib/x86_64-linux-gnu/libpcl_visualization.so  
[2.303s] -- looking for PCL_SURFACE
[2.304s] -- Found PCL_SURFACE: /usr/lib/x86_64-linux-gnu/libpcl_surface.so  
[2.304s] -- looking for PCL_REGISTRATION
[2.305s] -- Found PCL_REGISTRATION: /usr/lib/x86_64-linux-gnu/libpcl_registration.so  
[2.305s] -- looking for PCL_KEYPOINTS
[2.306s] -- Found PCL_KEYPOINTS: /usr/lib/x86_64-linux-gnu/libpcl_keypoints.so  
[2.306s] -- looking for PCL_TRACKING
[2.307s] -- Found PCL_TRACKING: /usr/lib/x86_64-linux-gnu/libpcl_tracking.so  
[2.307s] -- looking for PCL_RECOGNITION
[2.308s] -- Found PCL_RECOGNITION: /usr/lib/x86_64-linux-gnu/libpcl_recognition.so  
[2.308s] -- looking for PCL_STEREO
[2.309s] -- Found PCL_STEREO: /usr/lib/x86_64-linux-gnu/libpcl_stereo.so  
[2.309s] -- looking for PCL_APPS
[2.310s] -- Found PCL_APPS: /usr/lib/x86_64-linux-gnu/libpcl_apps.so  
[2.311s] -- looking for PCL_IN_HAND_SCANNER
[2.311s] -- Found PCL_IN_HAND_SCANNER: /usr/include/pcl-1.10  
[2.311s] -- looking for PCL_POINT_CLOUD_EDITOR
[2.311s] -- Found PCL_POINT_CLOUD_EDITOR: /usr/include/pcl-1.10  
[2.311s] -- looking for PCL_OUTOFCORE
[2.312s] -- Found PCL_OUTOFCORE: /usr/lib/x86_64-linux-gnu/libpcl_outofcore.so  
[2.313s] -- looking for PCL_PEOPLE
[2.313s] -- Found PCL_PEOPLE: /usr/lib/x86_64-linux-gnu/libpcl_people.so  
[2.314s] -- Found PCL: pcl_common;pcl_kdtree;pcl_octree;pcl_search;pcl_sample_consensus;pcl_filters;pcl_io;pcl_features;pcl_ml;pcl_segmentation;pcl_visualization;pcl_surface;pcl_registration;pcl_keypoints;pcl_tracking;pcl_recognition;pcl_stereo;pcl_apps;pcl_outofcore;pcl_people;/usr/lib/x86_64-linux-gnu/libboost_system.so;/usr/lib/x86_64-linux-gnu/libboost_filesystem.so;/usr/lib/x86_64-linux-gnu/libboost_date_time.so;/usr/lib/x86_64-linux-gnu/libboost_iostreams.so;/usr/lib/x86_64-linux-gnu/libboost_regex.so;optimized;/usr/lib/x86_64-linux-gnu/libqhull.so;debug;/usr/lib/x86_64-linux-gnu/libqhull.so;/usr/lib/libOpenNI.so;/usr/lib/libOpenNI2.so;vtkChartsCore;vtkCommonColor;vtkCommonCore;vtksys;vtkCommonDataModel;vtkCommonMath;vtkCommonMisc;vtkCommonSystem;vtkCommonTransforms;vtkCommonExecutionModel;vtkFiltersGeneral;vtkCommonComputationalGeometry;vtkFiltersCore;vtkInfovisCore;vtkFiltersExtraction;vtkFiltersStatistics;vtkImagingFourier;vtkImagingCore;vtkalglib;vtkRenderingContext2D;vtkRenderingCore;vtkFiltersGeometry;vtkFiltersSources;vtkRenderingFreeType;/usr/lib/x86_64-linux-gnu/libfreetype.so;/usr/lib/x86_64-linux-gnu/libz.so;vtkFiltersModeling;vtkImagingSources;vtkInteractionStyle;vtkInteractionWidgets;vtkFiltersHybrid;vtkImagingColor;vtkImagingGeneral;vtkImagingHybrid;vtkIOImage;vtkDICOMParser;vtkmetaio;/usr/lib/x86_64-linux-gnu/libjpeg.so;/usr/lib/x86_64-linux-gnu/libpng.so;/usr/lib/x86_64-linux-gnu/libtiff.so;vtkRenderingAnnotation;vtkRenderingVolume;vtkIOXML;vtkIOCore;vtkIOXMLParser;/usr/lib/x86_64-linux-gnu/libexpat.so;vtkIOGeometry;vtkIOLegacy;vtkIOPLY;vtkRenderingLOD;vtkViewsContext2D;vtkViewsCore;vtkRenderingContextOpenGL2;vtkRenderingOpenGL2;FLANN::FLANN  
[2.349s] -- Found Boost: /usr/include (found suitable version "1.71.0", minimum required is "1.65") found components: serialization system filesystem thread program_options date_time timer chrono regex atomic 
[2.351s] -- GTSAM include directory:  /usr/lib/cmake/GTSAM/../../../include
[2.356s] -- Found Eigen: /usr/include/eigen3  
[2.356s] -- Eigen found (include: /usr/include/eigen3, version: 3.3.7)
[2.588s] -- Found OpenMP_C: -fopenmp (found version "4.5") 
[2.672s] -- Found OpenMP_CXX: -fopenmp (found version "4.5") 
[2.673s] -- Found OpenMP: TRUE (found version "4.5")  
[2.696s] -- Found PythonInterp: /usr/bin/python3 (found version "3.8.10") 
[2.865s] -- Found ament_cmake_ros: 0.9.2 (/opt/ros/foxy/share/ament_cmake_ros/cmake)
[3.090s] -- Using all available rosidl_typesupport_c: rosidl_typesupport_fastrtps_c;rosidl_typesupport_introspection_c
[3.199s] -- Using all available rosidl_typesupport_cpp: rosidl_typesupport_fastrtps_cpp;rosidl_typesupport_introspection_cpp
[3.219s] -- Found PythonInterp: /usr/bin/python3 (found suitable version "3.8.10", minimum required is "3.5") 
[3.220s] -- Found python_cmake_module: 0.8.1 (/opt/ros/foxy/share/python_cmake_module/cmake)
[3.245s] -- Found PythonLibs: /usr/lib/x86_64-linux-gnu/libpython3.8.so (found suitable version "3.8.10", minimum required is "3.5") 
[3.245s] -- Using PYTHON_EXECUTABLE: /usr/bin/python3
[3.245s] -- Using PYTHON_INCLUDE_DIRS: /usr/include/python3.8
[3.245s] -- Using PYTHON_LIBRARIES: /usr/lib/x86_64-linux-gnu/libpython3.8.so
[3.262s] -- Found PythonExtra: .so  
[3.456s] -- Found ament_lint_auto: 0.9.8 (/opt/ros/foxy/share/ament_lint_auto/cmake)
[3.484s] -- Added test 'copyright' to check source files copyright and LICENSE
[3.487s] -- Added test 'cppcheck' to perform static code analysis on C / C++ code
[3.490s] -- Configured cppcheck include dirs: /home/ngin/LAB/Resfes24/Robot_LiDAR3d/src/lio_sam/include/lio_sam
[3.490s] -- Configured cppcheck exclude dirs and/or files: 
[3.492s] -- Added test 'cpplint' to check C / C++ code against the Google style
[3.492s] -- Configured cpplint exclude dirs and/or files: 
[3.493s] -- Added test 'flake8' to check Python code syntax and style conventions
[3.494s] -- Added test 'lint_cmake' to check CMake code style
[3.495s] -- Added test 'pep257' to check Python code against some of the style conventions in PEP 257
[3.498s] -- Added test 'uncrustify' to check C / C++ code style
[3.498s] -- Configured uncrustify additional arguments: 
[3.499s] -- Added test 'xmllint' to check XML markup files
[3.506s] -- Configuring done
[3.721s] -- Generating done
[3.724s] -- Build files have been written to: /home/ngin/LAB/Resfes24/Robot_LiDAR3d/build/lio_sam
[3.738s] Invoked command in '/home/ngin/LAB/Resfes24/Robot_LiDAR3d/build/lio_sam' returned '0': CMAKE_PREFIX_PATH=${CMAKE_PREFIX_PATH}:/home/ngin/LAB/Resfes24/Robot_LiDAR3d/install/joy_tester:/opt/ros/foxy /usr/bin/cmake /home/ngin/LAB/Resfes24/Robot_LiDAR3d/src/lio_sam -DAMENT_CMAKE_SYMLINK_INSTALL=1 -DCMAKE_INSTALL_PREFIX=/home/ngin/LAB/Resfes24/Robot_LiDAR3d/install/lio_sam
[3.739s] Invoking command in '/home/ngin/LAB/Resfes24/Robot_LiDAR3d/build/lio_sam': CMAKE_PREFIX_PATH=${CMAKE_PREFIX_PATH}:/home/ngin/LAB/Resfes24/Robot_LiDAR3d/install/joy_tester:/opt/ros/foxy /usr/bin/cmake --build /home/ngin/LAB/Resfes24/Robot_LiDAR3d/build/lio_sam -- -j12 -l12
[3.775s] [35m[1mScanning dependencies of target lio_sam__cpp[0m
[3.776s] [  2%] [34m[1mGenerating C code for ROS interfaces[0m
[3.785s] [  4%] [34m[1mGenerating C++ code for ROS interfaces[0m
[4.077s] [  4%] Built target lio_sam__cpp
[4.082s] [35m[1mScanning dependencies of target lio_sam__rosidl_generator_c[0m
[4.083s] [  8%] [34m[1mGenerating C++ type support for eProsima Fast-RTPS[0m
[4.083s] [  8%] [34m[1mGenerating C++ type support dispatch for ROS interfaces[0m
[4.083s] [ 10%] [34m[1mGenerating C++ introspection for ROS interfaces[0m
[4.102s] [ 14%] [32mBuilding C object CMakeFiles/lio_sam__rosidl_generator_c.dir/rosidl_generator_c/lio_sam/msg/detail/cloud_info__functions.c.o[0m
[4.102s] [ 14%] [32mBuilding C object CMakeFiles/lio_sam__rosidl_generator_c.dir/rosidl_generator_c/lio_sam/srv/detail/save_map__functions.c.o[0m
[4.215s] [ 17%] [32m[1mLinking C shared library liblio_sam__rosidl_generator_c.so[0m
[4.262s] [ 17%] Built target lio_sam__rosidl_generator_c
[4.271s] [ 21%] [34m[1mGenerating C introspection for ROS interfaces[0m
[4.271s] [ 21%] [34m[1mGenerating C type support dispatch for ROS interfaces[0m
[4.338s] [35m[1mScanning dependencies of target lio_sam__rosidl_typesupport_cpp[0m
[4.357s] [ 23%] [32mBuilding CXX object CMakeFiles/lio_sam__rosidl_typesupport_cpp.dir/rosidl_typesupport_cpp/lio_sam/srv/save_map__type_support.cpp.o[0m
[4.357s] [35m[1mScanning dependencies of target lio_sam__rosidl_typesupport_introspection_cpp[0m
[4.357s] [ 25%] [32mBuilding CXX object CMakeFiles/lio_sam__rosidl_typesupport_cpp.dir/rosidl_typesupport_cpp/lio_sam/msg/cloud_info__type_support.cpp.o[0m
[4.373s] [ 29%] [32mBuilding CXX object CMakeFiles/lio_sam__rosidl_typesupport_introspection_cpp.dir/rosidl_typesupport_introspection_cpp/lio_sam/msg/detail/cloud_info__type_support.cpp.o[0m
[4.373s] [ 29%] [32mBuilding CXX object CMakeFiles/lio_sam__rosidl_typesupport_introspection_cpp.dir/rosidl_typesupport_introspection_cpp/lio_sam/srv/detail/save_map__type_support.cpp.o[0m
[4.393s] [35m[1mScanning dependencies of target lio_sam__rosidl_typesupport_fastrtps_cpp[0m
[4.419s] [ 31%] [32mBuilding CXX object CMakeFiles/lio_sam__rosidl_typesupport_fastrtps_cpp.dir/rosidl_typesupport_fastrtps_cpp/lio_sam/msg/detail/dds_fastrtps/cloud_info__type_support.cpp.o[0m
[4.419s] [ 34%] [32mBuilding CXX object CMakeFiles/lio_sam__rosidl_typesupport_fastrtps_cpp.dir/rosidl_typesupport_fastrtps_cpp/lio_sam/srv/detail/dds_fastrtps/save_map__type_support.cpp.o[0m
[4.582s] [35m[1mScanning dependencies of target lio_sam__rosidl_typesupport_introspection_c[0m
[4.603s] [ 36%] [32mBuilding C object CMakeFiles/lio_sam__rosidl_typesupport_introspection_c.dir/rosidl_typesupport_introspection_c/lio_sam/srv/detail/save_map__type_support.c.o[0m
[4.604s] [ 38%] [32mBuilding C object CMakeFiles/lio_sam__rosidl_typesupport_introspection_c.dir/rosidl_typesupport_introspection_c/lio_sam/msg/detail/cloud_info__type_support.c.o[0m
[4.646s] [35m[1mScanning dependencies of target lio_sam__rosidl_typesupport_c[0m
[4.657s] [ 40%] [32m[1mLinking C shared library liblio_sam__rosidl_typesupport_introspection_c.so[0m
[4.662s] [ 44%] [32mBuilding CXX object CMakeFiles/lio_sam__rosidl_typesupport_c.dir/rosidl_typesupport_c/lio_sam/srv/save_map__type_support.cpp.o[0m
[4.662s] [ 44%] [32mBuilding CXX object CMakeFiles/lio_sam__rosidl_typesupport_c.dir/rosidl_typesupport_c/lio_sam/msg/cloud_info__type_support.cpp.o[0m
[4.694s] [ 44%] Built target lio_sam__rosidl_typesupport_introspection_c
[4.703s] [ 46%] [32m[1mLinking CXX shared library liblio_sam__rosidl_typesupport_c.so[0m
[4.719s] [ 48%] [32m[1mLinking CXX shared library liblio_sam__rosidl_typesupport_cpp.so[0m
[4.743s] [ 48%] Built target lio_sam__rosidl_typesupport_c
[4.762s] [ 48%] Built target lio_sam__rosidl_typesupport_cpp
[4.771s] [35m[1mScanning dependencies of target lio_sam_mapOptimization[0m
[4.771s] [35m[1mScanning dependencies of target lio_sam_imuPreintegration[0m
[4.771s] [35m[1mScanning dependencies of target lio_sam_imageProjection[0m
[4.773s] [35m[1mScanning dependencies of target lio_sam_featureExtraction[0m
[4.881s] [ 51%] [32m[1mLinking CXX shared library liblio_sam__rosidl_typesupport_introspection_cpp.so[0m
[4.927s] [ 53%] [32m[1mLinking CXX shared library liblio_sam__rosidl_typesupport_fastrtps_cpp.so[0m
[4.950s] [ 55%] [32mBuilding CXX object CMakeFiles/lio_sam_featureExtraction.dir/src/featureExtraction.cpp.o[0m
[4.950s] [ 55%] Built target lio_sam__rosidl_typesupport_introspection_cpp
[4.951s] [ 57%] [32mBuilding CXX object CMakeFiles/lio_sam_mapOptimization.dir/src/mapOptmization.cpp.o[0m
[4.958s] [ 59%] [32mBuilding CXX object CMakeFiles/lio_sam_imuPreintegration.dir/src/imuPreintegration.cpp.o[0m
[4.960s] [ 61%] [32mBuilding CXX object CMakeFiles/lio_sam_imageProjection.dir/src/imageProjection.cpp.o[0m
[5.029s] [ 61%] Built target lio_sam__rosidl_typesupport_fastrtps_cpp
[5.043s] [ 63%] [34m[1mGenerating C type support for eProsima Fast-RTPS[0m
[5.475s] [35m[1mScanning dependencies of target lio_sam__rosidl_typesupport_fastrtps_c[0m
[5.499s] [ 68%] [32mBuilding CXX object CMakeFiles/lio_sam__rosidl_typesupport_fastrtps_c.dir/rosidl_typesupport_fastrtps_c/lio_sam/srv/detail/save_map__type_support_c.cpp.o[0m
[5.499s] [ 68%] [32mBuilding CXX object CMakeFiles/lio_sam__rosidl_typesupport_fastrtps_c.dir/rosidl_typesupport_fastrtps_c/lio_sam/msg/detail/cloud_info__type_support_c.cpp.o[0m
[6.024s] [ 70%] [32m[1mLinking CXX shared library liblio_sam__rosidl_typesupport_fastrtps_c.so[0m
[6.162s] [ 70%] Built target lio_sam__rosidl_typesupport_fastrtps_c
[6.175s] [35m[1mScanning dependencies of target lio_sam[0m
[6.187s] [ 70%] Built target lio_sam
[6.200s] [35m[1mScanning dependencies of target lio_sam__py[0m
[6.214s] [ 72%] [34m[1mGenerating Python code for ROS interfaces[0m
[7.061s] [ 72%] Built target lio_sam__py
[7.075s] [35m[1mScanning dependencies of target lio_sam__python[0m
[7.104s] [ 74%] [32mBuilding C object CMakeFiles/lio_sam__python.dir/rosidl_generator_py/lio_sam/srv/_save_map_s.c.o[0m
[7.105s] [ 76%] [32mBuilding C object CMakeFiles/lio_sam__python.dir/rosidl_generator_py/lio_sam/msg/_cloud_info_s.c.o[0m
[7.387s] [ 78%] [32m[1mLinking C shared library rosidl_generator_py/lio_sam/liblio_sam__python.so[0m
[7.435s] [ 78%] Built target lio_sam__python
[7.446s] [35m[1mScanning dependencies of target lio_sam__rosidl_typesupport_introspection_c__pyext[0m
[7.446s] [35m[1mScanning dependencies of target lio_sam__rosidl_typesupport_c__pyext[0m
[7.446s] [35m[1mScanning dependencies of target lio_sam__rosidl_typesupport_fastrtps_c__pyext[0m
[7.470s] [ 80%] [32mBuilding C object CMakeFiles/lio_sam__rosidl_typesupport_fastrtps_c__pyext.dir/rosidl_generator_py/lio_sam/_lio_sam_s.ep.rosidl_typesupport_fastrtps_c.c.o[0m
[7.474s] [ 85%] [32mBuilding C object CMakeFiles/lio_sam__rosidl_typesupport_c__pyext.dir/rosidl_generator_py/lio_sam/_lio_sam_s.ep.rosidl_typesupport_c.c.o[0m
[7.474s] [ 85%] [32mBuilding C object CMakeFiles/lio_sam__rosidl_typesupport_introspection_c__pyext.dir/rosidl_generator_py/lio_sam/_lio_sam_s.ep.rosidl_typesupport_introspection_c.c.o[0m
[7.636s] [ 87%] [32m[1mLinking C shared library rosidl_generator_py/lio_sam/lio_sam_s__rosidl_typesupport_c.cpython-38-x86_64-linux-gnu.so[0m
[7.645s] [ 89%] [32m[1mLinking C shared library rosidl_generator_py/lio_sam/lio_sam_s__rosidl_typesupport_introspection_c.cpython-38-x86_64-linux-gnu.so[0m
[7.646s] [ 91%] [32m[1mLinking CXX shared library rosidl_generator_py/lio_sam/lio_sam_s__rosidl_typesupport_fastrtps_c.cpython-38-x86_64-linux-gnu.so[0m
[7.686s] [ 91%] Built target lio_sam__rosidl_typesupport_c__pyext
[7.699s] [ 91%] Built target lio_sam__rosidl_typesupport_introspection_c__pyext
[7.747s] [ 91%] Built target lio_sam__rosidl_typesupport_fastrtps_c__pyext
[13.083s] In file included from [01m[K/usr/include/boost/preprocessor/tuple/elem.hpp:23[m[K,
[13.084s]                  from [01m[K/usr/include/boost/preprocessor/arithmetic/add.hpp:21[m[K,
[13.084s]                  from [01m[K/usr/include/boost/mpl/aux_/preprocessor/def_params_tail.hpp:66[m[K,
[13.084s]                  from [01m[K/usr/include/boost/mpl/aux_/na_spec.hpp:28[m[K,
[13.084s]                  from [01m[K/usr/include/boost/mpl/not.hpp:20[m[K,
[13.084s]                  from [01m[K/usr/include/boost/mpl/assert.hpp:17[m[K,
[13.084s]                  from [01m[K/usr/include/pcl-1.10/pcl/point_traits.h:48[m[K,
[13.084s]                  from [01m[K/usr/include/pcl-1.10/pcl/point_cloud.h:50[m[K,
[13.084s]                  from [01m[K/usr/include/pcl-1.10/pcl/kdtree/kdtree.h:43[m[K,
[13.084s]                  from [01m[K/usr/include/pcl-1.10/pcl/kdtree/kdtree_flann.h:43[m[K,
[13.084s]                  from [01m[K/home/ngin/LAB/Resfes24/Robot_LiDAR3d/src/lio_sam/include/lio_sam/utility.hpp:21[m[K,
[13.084s]                  from [01m[K/home/ngin/LAB/Resfes24/Robot_LiDAR3d/src/lio_sam/src/imageProjection.cpp:1[m[K:
[13.084s] [01m[K/home/ngin/LAB/Resfes24/Robot_LiDAR3d/src/lio_sam/src/imageProjection.cpp:14:6:[m[K [01;35m[Kwarning: [m[K‘[01m[Kusing uint16_t = uint16_t[m[K’ is deprecated: use std::uint16_t instead of pcl::uint16_t [[01;35m[K-Wdeprecated-declarations[m[K]
[13.084s]    14 |     ([01;35m[Kuint16_t[m[K, ring, ring) (float, time, time)
[13.084s]       |      [01;35m[K^~~~~~~~[m[K
[13.084s] In file included from [01m[K/usr/include/pcl-1.10/pcl/kdtree/kdtree.h:42[m[K,
[13.084s]                  from [01m[K/usr/include/pcl-1.10/pcl/kdtree/kdtree_flann.h:43[m[K,
[13.084s]                  from [01m[K/home/ngin/LAB/Resfes24/Robot_LiDAR3d/src/lio_sam/include/lio_sam/utility.hpp:21[m[K,
[13.084s]                  from [01m[K/home/ngin/LAB/Resfes24/Robot_LiDAR3d/src/lio_sam/src/imageProjection.cpp:1[m[K:
[13.084s] [01m[K/usr/include/pcl-1.10/pcl/pcl_macros.h:94:9:[m[K [01;36m[Knote: [m[Kdeclared here
[13.085s]    94 |   using [01;36m[Kuint16_t[m[K [[deprecated("use std::uint16_t instead of pcl::uint16_t")]] = std::uint16_t;
[13.085s]       |         [01;36m[K^~~~~~~~[m[K
[13.090s] In file included from [01m[K/usr/include/boost/preprocessor/tuple/elem.hpp:23[m[K,
[13.090s]                  from [01m[K/usr/include/boost/preprocessor/arithmetic/add.hpp:21[m[K,
[13.090s]                  from [01m[K/usr/include/boost/mpl/aux_/preprocessor/def_params_tail.hpp:66[m[K,
[13.090s]                  from [01m[K/usr/include/boost/mpl/aux_/na_spec.hpp:28[m[K,
[13.091s]                  from [01m[K/usr/include/boost/mpl/not.hpp:20[m[K,
[13.091s]                  from [01m[K/usr/include/boost/mpl/assert.hpp:17[m[K,
[13.091s]                  from [01m[K/usr/include/pcl-1.10/pcl/point_traits.h:48[m[K,
[13.091s]                  from [01m[K/usr/include/pcl-1.10/pcl/point_cloud.h:50[m[K,
[13.091s]                  from [01m[K/usr/include/pcl-1.10/pcl/kdtree/kdtree.h:43[m[K,
[13.091s]                  from [01m[K/usr/include/pcl-1.10/pcl/kdtree/kdtree_flann.h:43[m[K,
[13.091s]                  from [01m[K/home/ngin/LAB/Resfes24/Robot_LiDAR3d/src/lio_sam/include/lio_sam/utility.hpp:21[m[K,
[13.091s]                  from [01m[K/home/ngin/LAB/Resfes24/Robot_LiDAR3d/src/lio_sam/src/imageProjection.cpp:1[m[K:
[13.091s] [01m[K/home/ngin/LAB/Resfes24/Robot_LiDAR3d/src/lio_sam/src/imageProjection.cpp:29:6:[m[K [01;35m[Kwarning: [m[K‘[01m[Kusing uint32_t = uint32_t[m[K’ is deprecated: use std::uint32_t instead of pcl::uint32_t [[01;35m[K-Wdeprecated-declarations[m[K]
[13.091s]    29 |     ([01;35m[Kuint32_t[m[K, t, t) (uint16_t, reflectivity, reflectivity)
[13.091s]       |      [01;35m[K^~~~~~~~[m[K
[13.092s] In file included from [01m[K/usr/include/pcl-1.10/pcl/kdtree/kdtree.h:42[m[K,
[13.092s]                  from [01m[K/usr/include/pcl-1.10/pcl/kdtree/kdtree_flann.h:43[m[K,
[13.092s]                  from [01m[K/home/ngin/LAB/Resfes24/Robot_LiDAR3d/src/lio_sam/include/lio_sam/utility.hpp:21[m[K,
[13.092s]                  from [01m[K/home/ngin/LAB/Resfes24/Robot_LiDAR3d/src/lio_sam/src/imageProjection.cpp:1[m[K:
[13.092s] [01m[K/usr/include/pcl-1.10/pcl/pcl_macros.h:96:9:[m[K [01;36m[Knote: [m[Kdeclared here
[13.092s]    96 |   using [01;36m[Kuint32_t[m[K [[deprecated("use std::uint32_t instead of pcl::uint32_t")]] = std::uint32_t;
[13.092s]       |         [01;36m[K^~~~~~~~[m[K
[13.092s] In file included from [01m[K/usr/include/boost/preprocessor/tuple/elem.hpp:23[m[K,
[13.092s]                  from [01m[K/usr/include/boost/preprocessor/arithmetic/add.hpp:21[m[K,
[13.092s]                  from [01m[K/usr/include/boost/mpl/aux_/preprocessor/def_params_tail.hpp:66[m[K,
[13.092s]                  from [01m[K/usr/include/boost/mpl/aux_/na_spec.hpp:28[m[K,
[13.092s]                  from [01m[K/usr/include/boost/mpl/not.hpp:20[m[K,
[13.092s]                  from [01m[K/usr/include/boost/mpl/assert.hpp:17[m[K,
[13.092s]                  from [01m[K/usr/include/pcl-1.10/pcl/point_traits.h:48[m[K,
[13.092s]                  from [01m[K/usr/include/pcl-1.10/pcl/point_cloud.h:50[m[K,
[13.092s]                  from [01m[K/usr/include/pcl-1.10/pcl/kdtree/kdtree.h:43[m[K,
[13.092s]                  from [01m[K/usr/include/pcl-1.10/pcl/kdtree/kdtree_flann.h:43[m[K,
[13.092s]                  from [01m[K/home/ngin/LAB/Resfes24/Robot_LiDAR3d/src/lio_sam/include/lio_sam/utility.hpp:21[m[K,
[13.092s]                  from [01m[K/home/ngin/LAB/Resfes24/Robot_LiDAR3d/src/lio_sam/src/imageProjection.cpp:1[m[K:
[13.092s] [01m[K/home/ngin/LAB/Resfes24/Robot_LiDAR3d/src/lio_sam/src/imageProjection.cpp:29:23:[m[K [01;35m[Kwarning: [m[K‘[01m[Kusing uint16_t = uint16_t[m[K’ is deprecated: use std::uint16_t instead of pcl::uint16_t [[01;35m[K-Wdeprecated-declarations[m[K]
[13.092s]    29 |     (uint32_t, t, t) ([01;35m[Kuint16_t[m[K, reflectivity, reflectivity)
[13.093s]       |                       [01;35m[K^~~~~~~~[m[K
[13.093s] In file included from [01m[K/usr/include/pcl-1.10/pcl/kdtree/kdtree.h:42[m[K,
[13.093s]                  from [01m[K/usr/include/pcl-1.10/pcl/kdtree/kdtree_flann.h:43[m[K,
[13.093s]                  from [01m[K/home/ngin/LAB/Resfes24/Robot_LiDAR3d/src/lio_sam/include/lio_sam/utility.hpp:21[m[K,
[13.093s]                  from [01m[K/home/ngin/LAB/Resfes24/Robot_LiDAR3d/src/lio_sam/src/imageProjection.cpp:1[m[K:
[13.093s] [01m[K/usr/include/pcl-1.10/pcl/pcl_macros.h:94:9:[m[K [01;36m[Knote: [m[Kdeclared here
[13.093s]    94 |   using [01;36m[Kuint16_t[m[K [[deprecated("use std::uint16_t instead of pcl::uint16_t")]] = std::uint16_t;
[13.093s]       |         [01;36m[K^~~~~~~~[m[K
[13.093s] In file included from [01m[K/usr/include/boost/preprocessor/tuple/elem.hpp:23[m[K,
[13.093s]                  from [01m[K/usr/include/boost/preprocessor/arithmetic/add.hpp:21[m[K,
[13.093s]                  from [01m[K/usr/include/boost/mpl/aux_/preprocessor/def_params_tail.hpp:66[m[K,
[13.093s]                  from [01m[K/usr/include/boost/mpl/aux_/na_spec.hpp:28[m[K,
[13.093s]                  from [01m[K/usr/include/boost/mpl/not.hpp:20[m[K,
[13.093s]                  from [01m[K/usr/include/boost/mpl/assert.hpp:17[m[K,
[13.093s]                  from [01m[K/usr/include/pcl-1.10/pcl/point_traits.h:48[m[K,
[13.093s]                  from [01m[K/usr/include/pcl-1.10/pcl/point_cloud.h:50[m[K,
[13.093s]                  from [01m[K/usr/include/pcl-1.10/pcl/kdtree/kdtree.h:43[m[K,
[13.093s]                  from [01m[K/usr/include/pcl-1.10/pcl/kdtree/kdtree_flann.h:43[m[K,
[13.093s]                  from [01m[K/home/ngin/LAB/Resfes24/Robot_LiDAR3d/src/lio_sam/include/lio_sam/utility.hpp:21[m[K,
[13.093s]                  from [01m[K/home/ngin/LAB/Resfes24/Robot_LiDAR3d/src/lio_sam/src/imageProjection.cpp:1[m[K:
[13.093s] [01m[K/home/ngin/LAB/Resfes24/Robot_LiDAR3d/src/lio_sam/src/imageProjection.cpp:30:6:[m[K [01;35m[Kwarning: [m[K‘[01m[Kusing uint8_t = uint8_t[m[K’ is deprecated: use std::uint8_t instead of pcl::uint8_t [[01;35m[K-Wdeprecated-declarations[m[K]
[13.094s]    30 |     ([01;35m[Kuint8_t[m[K, ring, ring) (uint16_t, noise, noise) (uint32_t, range, range)
[13.094s]       |      [01;35m[K^~~~~~~[m[K
[13.094s] In file included from [01m[K/usr/include/pcl-1.10/pcl/kdtree/kdtree.h:42[m[K,
[13.094s]                  from [01m[K/usr/include/pcl-1.10/pcl/kdtree/kdtree_flann.h:43[m[K,
[13.094s]                  from [01m[K/home/ngin/LAB/Resfes24/Robot_LiDAR3d/src/lio_sam/include/lio_sam/utility.hpp:21[m[K,
[13.094s]                  from [01m[K/home/ngin/LAB/Resfes24/Robot_LiDAR3d/src/lio_sam/src/imageProjection.cpp:1[m[K:
[13.094s] [01m[K/usr/include/pcl-1.10/pcl/pcl_macros.h:92:9:[m[K [01;36m[Knote: [m[Kdeclared here
[13.094s]    92 |   using [01;36m[Kuint8_t[m[K [[deprecated("use std::uint8_t instead of pcl::uint8_t")]] = std::uint8_t;
[13.094s]       |         [01;36m[K^~~~~~~[m[K
[13.094s] In file included from [01m[K/usr/include/boost/preprocessor/tuple/elem.hpp:23[m[K,
[13.094s]                  from [01m[K/usr/include/boost/preprocessor/arithmetic/add.hpp:21[m[K,
[13.094s]                  from [01m[K/usr/include/boost/mpl/aux_/preprocessor/def_params_tail.hpp:66[m[K,
[13.094s]                  from [01m[K/usr/include/boost/mpl/aux_/na_spec.hpp:28[m[K,
[13.094s]                  from [01m[K/usr/include/boost/mpl/not.hpp:20[m[K,
[13.094s]                  from [01m[K/usr/include/boost/mpl/assert.hpp:17[m[K,
[13.094s]                  from [01m[K/usr/include/pcl-1.10/pcl/point_traits.h:48[m[K,
[13.094s]                  from [01m[K/usr/include/pcl-1.10/pcl/point_cloud.h:50[m[K,
[13.094s]                  from [01m[K/usr/include/pcl-1.10/pcl/kdtree/kdtree.h:43[m[K,
[13.094s]                  from [01m[K/usr/include/pcl-1.10/pcl/kdtree/kdtree_flann.h:43[m[K,
[13.094s]                  from [01m[K/home/ngin/LAB/Resfes24/Robot_LiDAR3d/src/lio_sam/include/lio_sam/utility.hpp:21[m[K,
[13.094s]                  from [01m[K/home/ngin/LAB/Resfes24/Robot_LiDAR3d/src/lio_sam/src/imageProjection.cpp:1[m[K:
[13.094s] [01m[K/home/ngin/LAB/Resfes24/Robot_LiDAR3d/src/lio_sam/src/imageProjection.cpp:30:28:[m[K [01;35m[Kwarning: [m[K‘[01m[Kusing uint16_t = uint16_t[m[K’ is deprecated: use std::uint16_t instead of pcl::uint16_t [[01;35m[K-Wdeprecated-declarations[m[K]
[13.095s]    30 |     (uint8_t, ring, ring) ([01;35m[Kuint16_t[m[K, noise, noise) (uint32_t, range, range)
[13.095s]       |                            [01;35m[K^~~~~~~~[m[K
[13.095s] In file included from [01m[K/usr/include/pcl-1.10/pcl/kdtree/kdtree.h:42[m[K,
[13.095s]                  from [01m[K/usr/include/pcl-1.10/pcl/kdtree/kdtree_flann.h:43[m[K,
[13.095s]                  from [01m[K/home/ngin/LAB/Resfes24/Robot_LiDAR3d/src/lio_sam/include/lio_sam/utility.hpp:21[m[K,
[13.095s]                  from [01m[K/home/ngin/LAB/Resfes24/Robot_LiDAR3d/src/lio_sam/src/imageProjection.cpp:1[m[K:
[13.095s] [01m[K/usr/include/pcl-1.10/pcl/pcl_macros.h:94:9:[m[K [01;36m[Knote: [m[Kdeclared here
[13.095s]    94 |   using [01;36m[Kuint16_t[m[K [[deprecated("use std::uint16_t instead of pcl::uint16_t")]] = std::uint16_t;
[13.095s]       |         [01;36m[K^~~~~~~~[m[K
[13.095s] In file included from [01m[K/usr/include/boost/preprocessor/tuple/elem.hpp:23[m[K,
[13.095s]                  from [01m[K/usr/include/boost/preprocessor/arithmetic/add.hpp:21[m[K,
[13.095s]                  from [01m[K/usr/include/boost/mpl/aux_/preprocessor/def_params_tail.hpp:66[m[K,
[13.095s]                  from [01m[K/usr/include/boost/mpl/aux_/na_spec.hpp:28[m[K,
[13.095s]                  from [01m[K/usr/include/boost/mpl/not.hpp:20[m[K,
[13.095s]                  from [01m[K/usr/include/boost/mpl/assert.hpp:17[m[K,
[13.095s]                  from [01m[K/usr/include/pcl-1.10/pcl/point_traits.h:48[m[K,
[13.095s]                  from [01m[K/usr/include/pcl-1.10/pcl/point_cloud.h:50[m[K,
[13.095s]                  from [01m[K/usr/include/pcl-1.10/pcl/kdtree/kdtree.h:43[m[K,
[13.096s]                  from [01m[K/usr/include/pcl-1.10/pcl/kdtree/kdtree_flann.h:43[m[K,
[13.096s]                  from [01m[K/home/ngin/LAB/Resfes24/Robot_LiDAR3d/src/lio_sam/include/lio_sam/utility.hpp:21[m[K,
[13.096s]                  from [01m[K/home/ngin/LAB/Resfes24/Robot_LiDAR3d/src/lio_sam/src/imageProjection.cpp:1[m[K:
[13.096s] [01m[K/home/ngin/LAB/Resfes24/Robot_LiDAR3d/src/lio_sam/src/imageProjection.cpp:30:53:[m[K [01;35m[Kwarning: [m[K‘[01m[Kusing uint32_t = uint32_t[m[K’ is deprecated: use std::uint32_t instead of pcl::uint32_t [[01;35m[K-Wdeprecated-declarations[m[K]
[13.096s]    30 |     (uint8_t, ring, ring) (uint16_t, noise, noise) ([01;35m[Kuint32_t[m[K, range, range)
[13.096s]       |                                                     [01;35m[K^~~~~~~~[m[K
[13.096s] In file included from [01m[K/usr/include/pcl-1.10/pcl/kdtree/kdtree.h:42[m[K,
[13.096s]                  from [01m[K/usr/include/pcl-1.10/pcl/kdtree/kdtree_flann.h:43[m[K,
[13.096s]                  from [01m[K/home/ngin/LAB/Resfes24/Robot_LiDAR3d/src/lio_sam/include/lio_sam/utility.hpp:21[m[K,
[13.096s]                  from [01m[K/home/ngin/LAB/Resfes24/Robot_LiDAR3d/src/lio_sam/src/imageProjection.cpp:1[m[K:
[13.096s] [01m[K/usr/include/pcl-1.10/pcl/pcl_macros.h:96:9:[m[K [01;36m[Knote: [m[Kdeclared here
[13.096s]    96 |   using [01;36m[Kuint32_t[m[K [[deprecated("use std::uint32_t instead of pcl::uint32_t")]] = std::uint32_t;
[13.096s]       |         [01;36m[K^~~~~~~~[m[K
[29.672s] [ 93%] [32m[1mLinking CXX executable lio_sam_featureExtraction[0m
[30.386s] [ 93%] Built target lio_sam_featureExtraction
[33.336s] [ 95%] [32m[1mLinking CXX executable lio_sam_imageProjection[0m
[33.727s] [ 95%] Built target lio_sam_imageProjection
[44.025s] [ 97%] [32m[1mLinking CXX executable lio_sam_imuPreintegration[0m
[44.831s] [ 97%] Built target lio_sam_imuPreintegration
[57.586s] [100%] [32m[1mLinking CXX executable lio_sam_mapOptimization[0m
[58.362s] [100%] Built target lio_sam_mapOptimization
[58.372s] Invoked command in '/home/ngin/LAB/Resfes24/Robot_LiDAR3d/build/lio_sam' returned '0': CMAKE_PREFIX_PATH=${CMAKE_PREFIX_PATH}:/home/ngin/LAB/Resfes24/Robot_LiDAR3d/install/joy_tester:/opt/ros/foxy /usr/bin/cmake --build /home/ngin/LAB/Resfes24/Robot_LiDAR3d/build/lio_sam -- -j12 -l12
[58.437s] Invoking command in '/home/ngin/LAB/Resfes24/Robot_LiDAR3d/build/lio_sam': CMAKE_PREFIX_PATH=${CMAKE_PREFIX_PATH}:/home/ngin/LAB/Resfes24/Robot_LiDAR3d/install/joy_tester:/opt/ros/foxy /usr/bin/cmake --install /home/ngin/LAB/Resfes24/Robot_LiDAR3d/build/lio_sam
[58.443s] -- Install configuration: "Release"
[58.444s] -- Execute custom install script
[58.444s] -- Symlinking: /home/ngin/LAB/Resfes24/Robot_LiDAR3d/install/lio_sam/share/ament_index/resource_index/rosidl_interfaces/lio_sam
[58.455s] -- Symlinking: /home/ngin/LAB/Resfes24/Robot_LiDAR3d/install/lio_sam/include/lio_sam/msg/cloud_info.h
[58.463s] -- Symlinking: /home/ngin/LAB/Resfes24/Robot_LiDAR3d/install/lio_sam/include/lio_sam/msg/detail/cloud_info__functions.h
[58.469s] -- Symlinking: /home/ngin/LAB/Resfes24/Robot_LiDAR3d/install/lio_sam/include/lio_sam/msg/detail/cloud_info__struct.h
[58.476s] -- Symlinking: /home/ngin/LAB/Resfes24/Robot_LiDAR3d/install/lio_sam/include/lio_sam/msg/detail/cloud_info__type_support.h
[58.487s] -- Symlinking: /home/ngin/LAB/Resfes24/Robot_LiDAR3d/install/lio_sam/include/lio_sam/msg/rosidl_generator_c__visibility_control.h
[58.496s] -- Symlinking: /home/ngin/LAB/Resfes24/Robot_LiDAR3d/install/lio_sam/include/lio_sam/srv/detail/save_map__functions.h
[58.505s] -- Symlinking: /home/ngin/LAB/Resfes24/Robot_LiDAR3d/install/lio_sam/include/lio_sam/srv/detail/save_map__struct.h
[58.511s] -- Symlinking: /home/ngin/LAB/Resfes24/Robot_LiDAR3d/install/lio_sam/include/lio_sam/srv/detail/save_map__type_support.h
[58.516s] -- Symlinking: /home/ngin/LAB/Resfes24/Robot_LiDAR3d/install/lio_sam/include/lio_sam/srv/save_map.h
[58.522s] -- Symlinking: /home/ngin/LAB/Resfes24/Robot_LiDAR3d/install/lio_sam/share/lio_sam/environment/library_path.sh
[58.527s] -- Symlinking: /home/ngin/LAB/Resfes24/Robot_LiDAR3d/install/lio_sam/share/lio_sam/environment/library_path.dsv
[58.533s] -- Symlinking: /home/ngin/LAB/Resfes24/Robot_LiDAR3d/install/lio_sam/include/lio_sam/msg/detail/cloud_info__rosidl_typesupport_fastrtps_c.h
[58.538s] -- Symlinking: /home/ngin/LAB/Resfes24/Robot_LiDAR3d/install/lio_sam/include/lio_sam/msg/rosidl_typesupport_fastrtps_c__visibility_control.h
[58.543s] -- Symlinking: /home/ngin/LAB/Resfes24/Robot_LiDAR3d/install/lio_sam/include/lio_sam/srv/detail/save_map__rosidl_typesupport_fastrtps_c.h
[58.549s] -- Symlinking: /home/ngin/LAB/Resfes24/Robot_LiDAR3d/install/lio_sam/lib/liblio_sam__rosidl_typesupport_fastrtps_c.so
[58.556s] -- Symlinking: /home/ngin/LAB/Resfes24/Robot_LiDAR3d/install/lio_sam/include/lio_sam/msg/detail/cloud_info__rosidl_typesupport_fastrtps_cpp.hpp
[58.564s] -- Symlinking: /home/ngin/LAB/Resfes24/Robot_LiDAR3d/install/lio_sam/include/lio_sam/msg/rosidl_typesupport_fastrtps_cpp__visibility_control.h
[58.571s] -- Symlinking: /home/ngin/LAB/Resfes24/Robot_LiDAR3d/install/lio_sam/include/lio_sam/srv/detail/save_map__rosidl_typesupport_fastrtps_cpp.hpp
[58.581s] -- Symlinking: /home/ngin/LAB/Resfes24/Robot_LiDAR3d/install/lio_sam/lib/liblio_sam__rosidl_typesupport_fastrtps_cpp.so
[58.592s] -- Symlinking: /home/ngin/LAB/Resfes24/Robot_LiDAR3d/install/lio_sam/include/lio_sam/msg/detail/cloud_info__rosidl_typesupport_introspection_c.h
[58.603s] -- Symlinking: /home/ngin/LAB/Resfes24/Robot_LiDAR3d/install/lio_sam/include/lio_sam/msg/rosidl_typesupport_introspection_c__visibility_control.h
[58.613s] -- Symlinking: /home/ngin/LAB/Resfes24/Robot_LiDAR3d/install/lio_sam/include/lio_sam/srv/detail/save_map__rosidl_typesupport_introspection_c.h
[58.625s] -- Symlinking: /home/ngin/LAB/Resfes24/Robot_LiDAR3d/install/lio_sam/include/lio_sam/msg/cloud_info.hpp
[58.632s] -- Symlinking: /home/ngin/LAB/Resfes24/Robot_LiDAR3d/install/lio_sam/include/lio_sam/msg/detail/cloud_info__builder.hpp
[58.638s] -- Symlinking: /home/ngin/LAB/Resfes24/Robot_LiDAR3d/install/lio_sam/include/lio_sam/msg/detail/cloud_info__struct.hpp
[58.645s] -- Symlinking: /home/ngin/LAB/Resfes24/Robot_LiDAR3d/install/lio_sam/include/lio_sam/msg/detail/cloud_info__traits.hpp
[58.653s] -- Symlinking: /home/ngin/LAB/Resfes24/Robot_LiDAR3d/install/lio_sam/include/lio_sam/msg/detail/cloud_info__type_support.hpp
[58.661s] -- Symlinking: /home/ngin/LAB/Resfes24/Robot_LiDAR3d/install/lio_sam/include/lio_sam/msg/rosidl_generator_cpp__visibility_control.hpp
[58.668s] -- Symlinking: /home/ngin/LAB/Resfes24/Robot_LiDAR3d/install/lio_sam/include/lio_sam/srv/detail/save_map__builder.hpp
[58.674s] -- Symlinking: /home/ngin/LAB/Resfes24/Robot_LiDAR3d/install/lio_sam/include/lio_sam/srv/detail/save_map__struct.hpp
[58.681s] -- Symlinking: /home/ngin/LAB/Resfes24/Robot_LiDAR3d/install/lio_sam/include/lio_sam/srv/detail/save_map__traits.hpp
[58.687s] -- Symlinking: /home/ngin/LAB/Resfes24/Robot_LiDAR3d/install/lio_sam/include/lio_sam/srv/detail/save_map__type_support.hpp
[58.693s] -- Symlinking: /home/ngin/LAB/Resfes24/Robot_LiDAR3d/install/lio_sam/include/lio_sam/srv/save_map.hpp
[58.700s] -- Symlinking: /home/ngin/LAB/Resfes24/Robot_LiDAR3d/install/lio_sam/include/lio_sam/msg/detail/cloud_info__rosidl_typesupport_introspection_cpp.hpp
[58.710s] -- Symlinking: /home/ngin/LAB/Resfes24/Robot_LiDAR3d/install/lio_sam/include/lio_sam/srv/detail/save_map__rosidl_typesupport_introspection_cpp.hpp
[58.719s] -- Symlinking: /home/ngin/LAB/Resfes24/Robot_LiDAR3d/install/lio_sam/share/lio_sam/environment/pythonpath.sh
[58.729s] -- Symlinking: /home/ngin/LAB/Resfes24/Robot_LiDAR3d/install/lio_sam/share/lio_sam/environment/pythonpath.dsv
[58.735s] -- Symlinking: /home/ngin/LAB/Resfes24/Robot_LiDAR3d/install/lio_sam/lib/python3.8/site-packages/lio_sam/__init__.py
[58.742s] -- Symlinking: /home/ngin/LAB/Resfes24/Robot_LiDAR3d/install/lio_sam/lib/python3.8/site-packages/lio_sam/msg/__init__.py
[58.748s] -- Symlinking: /home/ngin/LAB/Resfes24/Robot_LiDAR3d/install/lio_sam/lib/python3.8/site-packages/lio_sam/msg/_cloud_info.py
[58.755s] -- Symlinking: /home/ngin/LAB/Resfes24/Robot_LiDAR3d/install/lio_sam/lib/python3.8/site-packages/lio_sam/srv/__init__.py
[58.762s] -- Symlinking: /home/ngin/LAB/Resfes24/Robot_LiDAR3d/install/lio_sam/lib/python3.8/site-packages/lio_sam/srv/_save_map.py
[58.769s] -- Symlinking: /home/ngin/LAB/Resfes24/Robot_LiDAR3d/install/lio_sam/lib/python3.8/site-packages/lio_sam/lio_sam_s__rosidl_typesupport_fastrtps_c.cpython-38-x86_64-linux-gnu.so
[58.779s] -- Symlinking: /home/ngin/LAB/Resfes24/Robot_LiDAR3d/install/lio_sam/lib/python3.8/site-packages/lio_sam/lio_sam_s__rosidl_typesupport_introspection_c.cpython-38-x86_64-linux-gnu.so
[58.785s] -- Symlinking: /home/ngin/LAB/Resfes24/Robot_LiDAR3d/install/lio_sam/lib/python3.8/site-packages/lio_sam/lio_sam_s__rosidl_typesupport_c.cpython-38-x86_64-linux-gnu.so
[58.790s] -- Symlinking: /home/ngin/LAB/Resfes24/Robot_LiDAR3d/install/lio_sam/lib/liblio_sam__python.so
[58.796s] -- Symlinking: /home/ngin/LAB/Resfes24/Robot_LiDAR3d/install/lio_sam/share/lio_sam/msg/CloudInfo.idl
[58.802s] -- Symlinking: /home/ngin/LAB/Resfes24/Robot_LiDAR3d/install/lio_sam/share/lio_sam/srv/SaveMap.idl
[58.807s] -- Symlinking: /home/ngin/LAB/Resfes24/Robot_LiDAR3d/install/lio_sam/share/lio_sam/msg/CloudInfo.msg
[58.813s] -- Symlinking: /home/ngin/LAB/Resfes24/Robot_LiDAR3d/install/lio_sam/share/lio_sam/srv/SaveMap.srv
[58.818s] -- Symlinking: /home/ngin/LAB/Resfes24/Robot_LiDAR3d/install/lio_sam/share/lio_sam/srv/SaveMap_Request.msg
[58.823s] -- Symlinking: /home/ngin/LAB/Resfes24/Robot_LiDAR3d/install/lio_sam/share/lio_sam/srv/SaveMap_Response.msg
[58.829s] -- Symlinking: /home/ngin/LAB/Resfes24/Robot_LiDAR3d/install/lio_sam/share/lio_sam//launch/run.launch.py
[58.839s] -- Symlinking: /home/ngin/LAB/Resfes24/Robot_LiDAR3d/install/lio_sam/share/lio_sam//config/doc/demo.gif
[58.850s] -- Symlinking: /home/ngin/LAB/Resfes24/Robot_LiDAR3d/install/lio_sam/share/lio_sam//config/doc/device-boat.png
[58.855s] -- Symlinking: /home/ngin/LAB/Resfes24/Robot_LiDAR3d/install/lio_sam/share/lio_sam//config/doc/device-hand-2.png
[58.861s] -- Symlinking: /home/ngin/LAB/Resfes24/Robot_LiDAR3d/install/lio_sam/share/lio_sam//config/doc/device-hand.png
[58.865s] -- Symlinking: /home/ngin/LAB/Resfes24/Robot_LiDAR3d/install/lio_sam/share/lio_sam//config/doc/device-jackal.png
[58.871s] -- Symlinking: /home/ngin/LAB/Resfes24/Robot_LiDAR3d/install/lio_sam/share/lio_sam//config/doc/gps-demo.gif
[58.876s] -- Symlinking: /home/ngin/LAB/Resfes24/Robot_LiDAR3d/install/lio_sam/share/lio_sam//config/doc/imu-debug.gif
[58.881s] -- Symlinking: /home/ngin/LAB/Resfes24/Robot_LiDAR3d/install/lio_sam/share/lio_sam//config/doc/imu-transform.png
[58.887s] -- Symlinking: /home/ngin/LAB/Resfes24/Robot_LiDAR3d/install/lio_sam/share/lio_sam//config/doc/kitti-demo.gif
[58.893s] -- Symlinking: /home/ngin/LAB/Resfes24/Robot_LiDAR3d/install/lio_sam/share/lio_sam//config/doc/kitti-map.png
[58.899s] -- Symlinking: /home/ngin/LAB/Resfes24/Robot_LiDAR3d/install/lio_sam/share/lio_sam//config/doc/kitti2bag/README.md
[58.905s] -- Symlinking: /home/ngin/LAB/Resfes24/Robot_LiDAR3d/install/lio_sam/share/lio_sam//config/doc/kitti2bag/kitti2bag.py
[58.912s] -- Symlinking: /home/ngin/LAB/Resfes24/Robot_LiDAR3d/install/lio_sam/share/lio_sam//config/doc/loop-closure-2.gif
[58.918s] -- Symlinking: /home/ngin/LAB/Resfes24/Robot_LiDAR3d/install/lio_sam/share/lio_sam//config/doc/loop-closure.gif
[58.925s] -- Symlinking: /home/ngin/LAB/Resfes24/Robot_LiDAR3d/install/lio_sam/share/lio_sam//config/doc/ouster-demo.gif
[58.931s] -- Symlinking: /home/ngin/LAB/Resfes24/Robot_LiDAR3d/install/lio_sam/share/lio_sam//config/doc/ouster-device.jpg
[58.937s] -- Symlinking: /home/ngin/LAB/Resfes24/Robot_LiDAR3d/install/lio_sam/share/lio_sam//config/doc/paper.pdf
[58.944s] -- Symlinking: /home/ngin/LAB/Resfes24/Robot_LiDAR3d/install/lio_sam/share/lio_sam//config/doc/system.png
[58.950s] -- Symlinking: /home/ngin/LAB/Resfes24/Robot_LiDAR3d/install/lio_sam/share/lio_sam//config/params.yaml
[58.956s] -- Symlinking: /home/ngin/LAB/Resfes24/Robot_LiDAR3d/install/lio_sam/share/lio_sam//config/robot.urdf.xacro
[58.963s] -- Symlinking: /home/ngin/LAB/Resfes24/Robot_LiDAR3d/install/lio_sam/share/lio_sam//config/rviz2.rviz
[58.970s] -- Symlinking: /home/ngin/LAB/Resfes24/Robot_LiDAR3d/install/lio_sam/lib/lio_sam/lio_sam_imageProjection
[58.977s] -- Symlinking: /home/ngin/LAB/Resfes24/Robot_LiDAR3d/install/lio_sam/lib/lio_sam/lio_sam_imuPreintegration
[58.984s] -- Symlinking: /home/ngin/LAB/Resfes24/Robot_LiDAR3d/install/lio_sam/lib/lio_sam/lio_sam_featureExtraction
[58.992s] -- Symlinking: /home/ngin/LAB/Resfes24/Robot_LiDAR3d/install/lio_sam/lib/lio_sam/lio_sam_mapOptimization
[58.999s] -- Symlinking: /home/ngin/LAB/Resfes24/Robot_LiDAR3d/install/lio_sam/include/lio_sam/utility.hpp
[59.007s] -- Symlinking: /home/ngin/LAB/Resfes24/Robot_LiDAR3d/install/lio_sam/share/ament_index/resource_index/package_run_dependencies/lio_sam
[59.015s] -- Symlinking: /home/ngin/LAB/Resfes24/Robot_LiDAR3d/install/lio_sam/share/ament_index/resource_index/parent_prefix_path/lio_sam
[59.023s] -- Symlinking: /home/ngin/LAB/Resfes24/Robot_LiDAR3d/install/lio_sam/share/lio_sam/environment/ament_prefix_path.sh
[59.032s] -- Symlinking: /home/ngin/LAB/Resfes24/Robot_LiDAR3d/install/lio_sam/share/lio_sam/environment/ament_prefix_path.dsv
[59.041s] -- Symlinking: /home/ngin/LAB/Resfes24/Robot_LiDAR3d/install/lio_sam/share/lio_sam/environment/path.sh
[59.050s] -- Symlinking: /home/ngin/LAB/Resfes24/Robot_LiDAR3d/install/lio_sam/share/lio_sam/environment/path.dsv
[59.059s] -- Symlinking: /home/ngin/LAB/Resfes24/Robot_LiDAR3d/install/lio_sam/share/lio_sam/local_setup.bash
[59.068s] -- Symlinking: /home/ngin/LAB/Resfes24/Robot_LiDAR3d/install/lio_sam/share/lio_sam/local_setup.sh
[59.075s] -- Symlinking: /home/ngin/LAB/Resfes24/Robot_LiDAR3d/install/lio_sam/share/lio_sam/local_setup.zsh
[59.081s] -- Symlinking: /home/ngin/LAB/Resfes24/Robot_LiDAR3d/install/lio_sam/share/lio_sam/local_setup.dsv
[59.089s] -- Symlinking: /home/ngin/LAB/Resfes24/Robot_LiDAR3d/install/lio_sam/share/lio_sam/package.dsv
[59.095s] -- Symlinking: /home/ngin/LAB/Resfes24/Robot_LiDAR3d/install/lio_sam/share/ament_index/resource_index/packages/lio_sam
[59.103s] -- Symlinking: /home/ngin/LAB/Resfes24/Robot_LiDAR3d/install/lio_sam/share/lio_sam/cmake/rosidl_cmake-extras.cmake
[59.111s] -- Symlinking: /home/ngin/LAB/Resfes24/Robot_LiDAR3d/install/lio_sam/share/lio_sam/cmake/ament_cmake_export_dependencies-extras.cmake
[59.118s] -- Symlinking: /home/ngin/LAB/Resfes24/Robot_LiDAR3d/install/lio_sam/share/lio_sam/cmake/ament_cmake_export_libraries-extras.cmake
[59.125s] -- Symlinking: /home/ngin/LAB/Resfes24/Robot_LiDAR3d/install/lio_sam/share/lio_sam/cmake/ament_cmake_export_targets-extras.cmake
[59.133s] -- Symlinking: /home/ngin/LAB/Resfes24/Robot_LiDAR3d/install/lio_sam/share/lio_sam/cmake/ament_cmake_export_include_directories-extras.cmake
[59.140s] -- Symlinking: /home/ngin/LAB/Resfes24/Robot_LiDAR3d/install/lio_sam/share/lio_sam/cmake/rosidl_cmake_export_typesupport_libraries-extras.cmake
[59.147s] -- Symlinking: /home/ngin/LAB/Resfes24/Robot_LiDAR3d/install/lio_sam/share/lio_sam/cmake/rosidl_cmake_export_typesupport_targets-extras.cmake
[59.154s] -- Symlinking: /home/ngin/LAB/Resfes24/Robot_LiDAR3d/install/lio_sam/share/lio_sam/cmake/lio_samConfig.cmake
[59.161s] -- Symlinking: /home/ngin/LAB/Resfes24/Robot_LiDAR3d/install/lio_sam/share/lio_sam/cmake/lio_samConfig-version.cmake
[59.169s] -- Symlinking: /home/ngin/LAB/Resfes24/Robot_LiDAR3d/install/lio_sam/share/lio_sam/package.xml
[59.178s] -- Installing: /home/ngin/LAB/Resfes24/Robot_LiDAR3d/install/lio_sam/lib/liblio_sam__rosidl_generator_c.so
[59.178s] -- Set runtime path of "/home/ngin/LAB/Resfes24/Robot_LiDAR3d/install/lio_sam/lib/liblio_sam__rosidl_generator_c.so" to ""
[59.179s] -- Installing: /home/ngin/LAB/Resfes24/Robot_LiDAR3d/install/lio_sam/lib/liblio_sam__rosidl_typesupport_introspection_c.so
[59.179s] -- Set runtime path of "/home/ngin/LAB/Resfes24/Robot_LiDAR3d/install/lio_sam/lib/liblio_sam__rosidl_typesupport_introspection_c.so" to ""
[59.179s] -- Installing: /home/ngin/LAB/Resfes24/Robot_LiDAR3d/install/lio_sam/lib/liblio_sam__rosidl_typesupport_c.so
[59.179s] -- Set runtime path of "/home/ngin/LAB/Resfes24/Robot_LiDAR3d/install/lio_sam/lib/liblio_sam__rosidl_typesupport_c.so" to ""
[59.179s] -- Installing: /home/ngin/LAB/Resfes24/Robot_LiDAR3d/install/lio_sam/lib/liblio_sam__rosidl_typesupport_introspection_cpp.so
[59.180s] -- Set runtime path of "/home/ngin/LAB/Resfes24/Robot_LiDAR3d/install/lio_sam/lib/liblio_sam__rosidl_typesupport_introspection_cpp.so" to ""
[59.180s] -- Installing: /home/ngin/LAB/Resfes24/Robot_LiDAR3d/install/lio_sam/lib/liblio_sam__rosidl_typesupport_cpp.so
[59.180s] -- Set runtime path of "/home/ngin/LAB/Resfes24/Robot_LiDAR3d/install/lio_sam/lib/liblio_sam__rosidl_typesupport_cpp.so" to ""
[59.204s] Compiling '/home/ngin/LAB/Resfes24/Robot_LiDAR3d/install/lio_sam/lib/python3.8/site-packages/lio_sam/__init__.py'...
[59.207s] -- Installing: /home/ngin/LAB/Resfes24/Robot_LiDAR3d/install/lio_sam/share/lio_sam/cmake/lio_sam__rosidl_generator_cExport.cmake
[59.208s] -- Installing: /home/ngin/LAB/Resfes24/Robot_LiDAR3d/install/lio_sam/share/lio_sam/cmake/lio_sam__rosidl_generator_cExport-release.cmake
[59.208s] -- Installing: /home/ngin/LAB/Resfes24/Robot_LiDAR3d/install/lio_sam/share/lio_sam/cmake/lio_sam__rosidl_typesupport_introspection_cExport.cmake
[59.208s] -- Installing: /home/ngin/LAB/Resfes24/Robot_LiDAR3d/install/lio_sam/share/lio_sam/cmake/lio_sam__rosidl_typesupport_introspection_cExport-release.cmake
[59.208s] -- Installing: /home/ngin/LAB/Resfes24/Robot_LiDAR3d/install/lio_sam/share/lio_sam/cmake/lio_sam__rosidl_typesupport_cExport.cmake
[59.208s] -- Installing: /home/ngin/LAB/Resfes24/Robot_LiDAR3d/install/lio_sam/share/lio_sam/cmake/lio_sam__rosidl_typesupport_cExport-release.cmake
[59.208s] -- Installing: /home/ngin/LAB/Resfes24/Robot_LiDAR3d/install/lio_sam/share/lio_sam/cmake/lio_sam__rosidl_generator_cppExport.cmake
[59.208s] -- Installing: /home/ngin/LAB/Resfes24/Robot_LiDAR3d/install/lio_sam/share/lio_sam/cmake/lio_sam__rosidl_typesupport_introspection_cppExport.cmake
[59.209s] -- Installing: /home/ngin/LAB/Resfes24/Robot_LiDAR3d/install/lio_sam/share/lio_sam/cmake/lio_sam__rosidl_typesupport_introspection_cppExport-release.cmake
[59.209s] -- Installing: /home/ngin/LAB/Resfes24/Robot_LiDAR3d/install/lio_sam/share/lio_sam/cmake/lio_sam__rosidl_typesupport_cppExport.cmake
[59.209s] -- Installing: /home/ngin/LAB/Resfes24/Robot_LiDAR3d/install/lio_sam/share/lio_sam/cmake/lio_sam__rosidl_typesupport_cppExport-release.cmake
[59.211s] Invoked command in '/home/ngin/LAB/Resfes24/Robot_LiDAR3d/build/lio_sam' returned '0': CMAKE_PREFIX_PATH=${CMAKE_PREFIX_PATH}:/home/ngin/LAB/Resfes24/Robot_LiDAR3d/install/joy_tester:/opt/ros/foxy /usr/bin/cmake --install /home/ngin/LAB/Resfes24/Robot_LiDAR3d/build/lio_sam
