[0.141s] DEBUG:colcon:Command line arguments: ['/usr/bin/colcon', 'build', '--symlink-install']
[0.141s] DEBUG:colcon:Parsed command line arguments: Namespace(allow_overriding=[], ament_cmake_args=None, base_paths=['.'], build_base='build', catkin_cmake_args=None, catkin_skip_building_tests=False, cmake_args=None, cmake_clean_cache=False, cmake_clean_first=False, cmake_force_configure=False, cmake_target=None, cmake_target_skip_unavailable=False, continue_on_error=False, event_handlers=None, executor='parallel', ignore_user_meta=False, install_base='install', log_base=None, log_level=None, main=<bound method BuildVerb.main of <colcon_core.verb.build.BuildVerb object at 0x7f23decfc850>>, merge_install=False, metas=['./colcon.meta'], packages_above=None, packages_above_and_dependencies=None, packages_above_depth=None, packages_end=None, packages_ignore=None, packages_ignore_regex=None, packages_select=None, packages_select_build_failed=False, packages_select_by_dep=None, packages_select_regex=None, packages_select_test_failures=False, packages_skip=None, packages_skip_build_finished=False, packages_skip_by_dep=None, packages_skip_regex=None, packages_skip_test_passed=False, packages_skip_up_to=None, packages_start=None, packages_up_to=None, packages_up_to_regex=None, parallel_workers=12, paths=None, symlink_install=True, test_result_base=None, verb_extension=<colcon_core.verb.build.BuildVerb object at 0x7f23decfc850>, verb_name='build', verb_parser=<colcon_defaults.argument_parser.defaults.DefaultArgumentsDecorator object at 0x7f23debae4c0>)
[0.271s] Level 1:colcon.colcon_core.package_discovery:discover_packages(colcon_meta) check parameters
[0.271s] Level 1:colcon.colcon_core.package_discovery:discover_packages(recursive) check parameters
[0.271s] Level 1:colcon.colcon_core.package_discovery:discover_packages(ignore) check parameters
[0.271s] Level 1:colcon.colcon_core.package_discovery:discover_packages(path) check parameters
[0.271s] Level 1:colcon.colcon_core.package_discovery:discover_packages(colcon_meta) discover
[0.271s] Level 1:colcon.colcon_core.package_discovery:discover_packages(recursive) discover
[0.271s] INFO:colcon.colcon_core.package_discovery:Crawling recursively for packages in '/home/ngin/LAB/Resfes24/Robot_LiDAR3d'
[0.271s] Level 1:colcon.colcon_core.package_identification:_identify(.) by extensions ['ignore', 'ignore_ament_install']
[0.271s] Level 1:colcon.colcon_core.package_identification:_identify(.) by extension 'ignore'
[0.271s] Level 1:colcon.colcon_core.package_identification:_identify(.) by extension 'ignore_ament_install'
[0.271s] Level 1:colcon.colcon_core.package_identification:_identify(.) by extensions ['colcon_pkg']
[0.271s] Level 1:colcon.colcon_core.package_identification:_identify(.) by extension 'colcon_pkg'
[0.271s] Level 1:colcon.colcon_core.package_identification:_identify(.) by extensions ['colcon_meta']
[0.271s] Level 1:colcon.colcon_core.package_identification:_identify(.) by extension 'colcon_meta'
[0.271s] Level 1:colcon.colcon_core.package_identification:_identify(.) by extensions ['ros']
[0.271s] Level 1:colcon.colcon_core.package_identification:_identify(.) by extension 'ros'
[0.279s] Level 1:colcon.colcon_core.package_identification:_identify(.) by extensions ['cmake', 'python']
[0.279s] Level 1:colcon.colcon_core.package_identification:_identify(.) by extension 'cmake'
[0.279s] Level 1:colcon.colcon_core.package_identification:_identify(.) by extension 'python'
[0.279s] Level 1:colcon.colcon_core.package_identification:_identify(.) by extensions ['python_setup_py']
[0.279s] Level 1:colcon.colcon_core.package_identification:_identify(.) by extension 'python_setup_py'
[0.279s] Level 1:colcon.colcon_core.package_identification:_identify(build) by extensions ['ignore', 'ignore_ament_install']
[0.280s] Level 1:colcon.colcon_core.package_identification:_identify(build) by extension 'ignore'
[0.280s] Level 1:colcon.colcon_core.package_identification:_identify(build) ignored
[0.280s] Level 1:colcon.colcon_core.package_identification:_identify(install) by extensions ['ignore', 'ignore_ament_install']
[0.280s] Level 1:colcon.colcon_core.package_identification:_identify(install) by extension 'ignore'
[0.280s] Level 1:colcon.colcon_core.package_identification:_identify(install) ignored
[0.280s] Level 1:colcon.colcon_core.package_identification:_identify(log) by extensions ['ignore', 'ignore_ament_install']
[0.280s] Level 1:colcon.colcon_core.package_identification:_identify(log) by extension 'ignore'
[0.280s] Level 1:colcon.colcon_core.package_identification:_identify(log) ignored
[0.280s] Level 1:colcon.colcon_core.package_identification:_identify(src) by extensions ['ignore', 'ignore_ament_install']
[0.280s] Level 1:colcon.colcon_core.package_identification:_identify(src) by extension 'ignore'
[0.280s] Level 1:colcon.colcon_core.package_identification:_identify(src) by extension 'ignore_ament_install'
[0.280s] Level 1:colcon.colcon_core.package_identification:_identify(src) by extensions ['colcon_pkg']
[0.280s] Level 1:colcon.colcon_core.package_identification:_identify(src) by extension 'colcon_pkg'
[0.280s] Level 1:colcon.colcon_core.package_identification:_identify(src) by extensions ['colcon_meta']
[0.280s] Level 1:colcon.colcon_core.package_identification:_identify(src) by extension 'colcon_meta'
[0.280s] Level 1:colcon.colcon_core.package_identification:_identify(src) by extensions ['ros']
[0.280s] Level 1:colcon.colcon_core.package_identification:_identify(src) by extension 'ros'
[0.280s] Level 1:colcon.colcon_core.package_identification:_identify(src) by extensions ['cmake', 'python']
[0.280s] Level 1:colcon.colcon_core.package_identification:_identify(src) by extension 'cmake'
[0.280s] Level 1:colcon.colcon_core.package_identification:_identify(src) by extension 'python'
[0.280s] Level 1:colcon.colcon_core.package_identification:_identify(src) by extensions ['python_setup_py']
[0.280s] Level 1:colcon.colcon_core.package_identification:_identify(src) by extension 'python_setup_py'
[0.281s] Level 1:colcon.colcon_core.package_identification:_identify(src/pochita) by extensions ['ignore', 'ignore_ament_install']
[0.281s] Level 1:colcon.colcon_core.package_identification:_identify(src/pochita) by extension 'ignore'
[0.281s] Level 1:colcon.colcon_core.package_identification:_identify(src/pochita) by extension 'ignore_ament_install'
[0.281s] Level 1:colcon.colcon_core.package_identification:_identify(src/pochita) by extensions ['colcon_pkg']
[0.281s] Level 1:colcon.colcon_core.package_identification:_identify(src/pochita) by extension 'colcon_pkg'
[0.281s] Level 1:colcon.colcon_core.package_identification:_identify(src/pochita) by extensions ['colcon_meta']
[0.281s] Level 1:colcon.colcon_core.package_identification:_identify(src/pochita) by extension 'colcon_meta'
[0.281s] Level 1:colcon.colcon_core.package_identification:_identify(src/pochita) by extensions ['ros']
[0.281s] Level 1:colcon.colcon_core.package_identification:_identify(src/pochita) by extension 'ros'
[0.282s] DEBUG:colcon.colcon_core.package_identification:Package 'src/pochita' with type 'ros.ament_cmake' and name 'pochita'
[0.282s] Level 1:colcon.colcon_core.package_discovery:discover_packages(recursive) using defaults
[0.282s] Level 1:colcon.colcon_core.package_discovery:discover_packages(ignore) discover
[0.282s] Level 1:colcon.colcon_core.package_discovery:discover_packages(ignore) using defaults
[0.282s] Level 1:colcon.colcon_core.package_discovery:discover_packages(path) discover
[0.283s] Level 1:colcon.colcon_core.package_discovery:discover_packages(path) using defaults
[0.293s] Level 1:colcon.colcon_core.package_discovery:discover_packages(prefix_path) check parameters
[0.293s] Level 1:colcon.colcon_core.package_discovery:discover_packages(prefix_path) discover
[0.294s] WARNING:colcon.colcon_ros.prefix_path.ament:The path '/home/ngin/LAB/Resfes24/Robot_LiDAR3d/install/pochita' in the environment variable AMENT_PREFIX_PATH doesn't exist
[0.294s] WARNING:colcon.colcon_ros.prefix_path.ament:The path '/home/ngin/LAB/Resfes24/Robot_LiDAR3d/install/lio_sam' in the environment variable AMENT_PREFIX_PATH doesn't exist
[0.294s] WARNING:colcon.colcon_ros.prefix_path.ament:The path '/home/ngin/LAB/Resfes24/Robot_LiDAR3d/install/joy_tester' in the environment variable AMENT_PREFIX_PATH doesn't exist
[0.294s] WARNING:colcon.colcon_ros.prefix_path.catkin:The path '/home/ngin/LAB/Resfes24/Robot_LiDAR3d/install/pochita' in the environment variable CMAKE_PREFIX_PATH doesn't exist
[0.294s] WARNING:colcon.colcon_ros.prefix_path.catkin:The path '/home/ngin/LAB/Resfes24/Robot_LiDAR3d/install/lio_sam' in the environment variable CMAKE_PREFIX_PATH doesn't exist
[0.295s] DEBUG:colcon.colcon_installed_package_information.package_discovery:Found 0 installed packages in /home/ngin/LAB/Resfes24/Robot_LiDAR3d/install
[0.296s] DEBUG:colcon.colcon_installed_package_information.package_discovery:Found 286 installed packages in /opt/ros/foxy
[0.306s] Level 1:colcon.colcon_core.package_discovery:discover_packages(prefix_path) using defaults
[0.352s] Level 5:colcon.colcon_core.verb:set package 'pochita' build argument 'cmake_args' from command line to 'None'
[0.352s] Level 5:colcon.colcon_core.verb:set package 'pochita' build argument 'cmake_target' from command line to 'None'
[0.352s] Level 5:colcon.colcon_core.verb:set package 'pochita' build argument 'cmake_target_skip_unavailable' from command line to 'False'
[0.352s] Level 5:colcon.colcon_core.verb:set package 'pochita' build argument 'cmake_clean_cache' from command line to 'False'
[0.352s] Level 5:colcon.colcon_core.verb:set package 'pochita' build argument 'cmake_clean_first' from command line to 'False'
[0.352s] Level 5:colcon.colcon_core.verb:set package 'pochita' build argument 'cmake_force_configure' from command line to 'False'
[0.352s] Level 5:colcon.colcon_core.verb:set package 'pochita' build argument 'ament_cmake_args' from command line to 'None'
[0.352s] Level 5:colcon.colcon_core.verb:set package 'pochita' build argument 'catkin_cmake_args' from command line to 'None'
[0.352s] Level 5:colcon.colcon_core.verb:set package 'pochita' build argument 'catkin_skip_building_tests' from command line to 'False'
[0.352s] DEBUG:colcon.colcon_core.verb:Building package 'pochita' with the following arguments: {'ament_cmake_args': None, 'build_base': '/home/ngin/LAB/Resfes24/Robot_LiDAR3d/build/pochita', 'catkin_cmake_args': None, 'catkin_skip_building_tests': False, 'cmake_args': None, 'cmake_clean_cache': False, 'cmake_clean_first': False, 'cmake_force_configure': False, 'cmake_target': None, 'cmake_target_skip_unavailable': False, 'install_base': '/home/ngin/LAB/Resfes24/Robot_LiDAR3d/install/pochita', 'merge_install': False, 'path': '/home/ngin/LAB/Resfes24/Robot_LiDAR3d/src/pochita', 'symlink_install': True, 'test_result_base': None}
[0.352s] INFO:colcon.colcon_core.executor:Executing jobs using 'parallel' executor
[0.353s] DEBUG:colcon.colcon_parallel_executor.executor.parallel:run_until_complete
[0.353s] INFO:colcon.colcon_ros.task.ament_cmake.build:Building ROS package in '/home/ngin/LAB/Resfes24/Robot_LiDAR3d/src/pochita' with build type 'ament_cmake'
[0.353s] INFO:colcon.colcon_cmake.task.cmake.build:Building CMake package in '/home/ngin/LAB/Resfes24/Robot_LiDAR3d/src/pochita'
[0.355s] INFO:colcon.colcon_core.plugin_system:Skipping extension 'colcon_core.shell.bat': Not used on non-Windows systems
[0.355s] INFO:colcon.colcon_core.shell:Skip shell extension 'powershell' for command environment: Not usable outside of PowerShell
[0.355s] DEBUG:colcon.colcon_core.shell:Skip shell extension 'dsv' for command environment
[0.362s] DEBUG:colcon.colcon_core.event_handler.log_command:Invoking command in '/home/ngin/LAB/Resfes24/Robot_LiDAR3d/build/pochita': CMAKE_PREFIX_PATH=${CMAKE_PREFIX_PATH}:/home/ngin/LAB/Resfes24/Robot_LiDAR3d/install/joy_tester:/opt/ros/foxy /usr/bin/cmake /home/ngin/LAB/Resfes24/Robot_LiDAR3d/src/pochita -DAMENT_CMAKE_SYMLINK_INSTALL=1 -DCMAKE_INSTALL_PREFIX=/home/ngin/LAB/Resfes24/Robot_LiDAR3d/install/pochita
[1.220s] DEBUG:colcon.colcon_core.event_handler.log_command:Invoked command in '/home/ngin/LAB/Resfes24/Robot_LiDAR3d/build/pochita' returned '0': CMAKE_PREFIX_PATH=${CMAKE_PREFIX_PATH}:/home/ngin/LAB/Resfes24/Robot_LiDAR3d/install/joy_tester:/opt/ros/foxy /usr/bin/cmake /home/ngin/LAB/Resfes24/Robot_LiDAR3d/src/pochita -DAMENT_CMAKE_SYMLINK_INSTALL=1 -DCMAKE_INSTALL_PREFIX=/home/ngin/LAB/Resfes24/Robot_LiDAR3d/install/pochita
[1.223s] DEBUG:colcon.colcon_core.event_handler.log_command:Invoking command in '/home/ngin/LAB/Resfes24/Robot_LiDAR3d/build/pochita': CMAKE_PREFIX_PATH=${CMAKE_PREFIX_PATH}:/home/ngin/LAB/Resfes24/Robot_LiDAR3d/install/joy_tester:/opt/ros/foxy /usr/bin/cmake --build /home/ngin/LAB/Resfes24/Robot_LiDAR3d/build/pochita -- -j12 -l12
[1.258s] DEBUG:colcon.colcon_core.event_handler.log_command:Invoked command in '/home/ngin/LAB/Resfes24/Robot_LiDAR3d/build/pochita' returned '0': CMAKE_PREFIX_PATH=${CMAKE_PREFIX_PATH}:/home/ngin/LAB/Resfes24/Robot_LiDAR3d/install/joy_tester:/opt/ros/foxy /usr/bin/cmake --build /home/ngin/LAB/Resfes24/Robot_LiDAR3d/build/pochita -- -j12 -l12
[1.294s] DEBUG:colcon.colcon_core.event_handler.log_command:Invoking command in '/home/ngin/LAB/Resfes24/Robot_LiDAR3d/build/pochita': CMAKE_PREFIX_PATH=${CMAKE_PREFIX_PATH}:/home/ngin/LAB/Resfes24/Robot_LiDAR3d/install/joy_tester:/opt/ros/foxy /usr/bin/cmake --install /home/ngin/LAB/Resfes24/Robot_LiDAR3d/build/pochita
[1.571s] Level 1:colcon.colcon_core.environment:create_environment_scripts_only(pochita)
[1.571s] DEBUG:colcon.colcon_core.event_handler.log_command:Invoked command in '/home/ngin/LAB/Resfes24/Robot_LiDAR3d/build/pochita' returned '0': CMAKE_PREFIX_PATH=${CMAKE_PREFIX_PATH}:/home/ngin/LAB/Resfes24/Robot_LiDAR3d/install/joy_tester:/opt/ros/foxy /usr/bin/cmake --install /home/ngin/LAB/Resfes24/Robot_LiDAR3d/build/pochita
[1.574s] Level 1:colcon.colcon_core.environment:checking '/home/ngin/LAB/Resfes24/Robot_LiDAR3d/install/pochita' for CMake module files
[1.575s] Level 1:colcon.colcon_core.environment:checking '/home/ngin/LAB/Resfes24/Robot_LiDAR3d/install/pochita' for CMake config files
[1.576s] Level 1:colcon.colcon_core.shell:create_environment_hook('pochita', 'cmake_prefix_path')
[1.576s] INFO:colcon.colcon_core.shell:Creating environment hook '/home/ngin/LAB/Resfes24/Robot_LiDAR3d/install/pochita/share/pochita/hook/cmake_prefix_path.ps1'
[1.577s] INFO:colcon.colcon_core.shell:Creating environment descriptor '/home/ngin/LAB/Resfes24/Robot_LiDAR3d/install/pochita/share/pochita/hook/cmake_prefix_path.dsv'
[1.578s] INFO:colcon.colcon_core.shell:Creating environment hook '/home/ngin/LAB/Resfes24/Robot_LiDAR3d/install/pochita/share/pochita/hook/cmake_prefix_path.sh'
[1.578s] Level 1:colcon.colcon_core.environment:checking '/home/ngin/LAB/Resfes24/Robot_LiDAR3d/install/pochita/bin'
[1.578s] Level 1:colcon.colcon_core.environment:checking '/home/ngin/LAB/Resfes24/Robot_LiDAR3d/install/pochita/lib/pkgconfig/pochita.pc'
[1.578s] Level 1:colcon.colcon_core.environment:checking '/home/ngin/LAB/Resfes24/Robot_LiDAR3d/install/pochita/lib/python3.8/site-packages'
[1.579s] Level 1:colcon.colcon_core.environment:checking '/home/ngin/LAB/Resfes24/Robot_LiDAR3d/install/pochita/bin'
[1.579s] INFO:colcon.colcon_core.shell:Creating package script '/home/ngin/LAB/Resfes24/Robot_LiDAR3d/install/pochita/share/pochita/package.ps1'
[1.580s] INFO:colcon.colcon_core.shell:Creating package descriptor '/home/ngin/LAB/Resfes24/Robot_LiDAR3d/install/pochita/share/pochita/package.dsv'
[1.580s] INFO:colcon.colcon_core.shell:Creating package script '/home/ngin/LAB/Resfes24/Robot_LiDAR3d/install/pochita/share/pochita/package.sh'
[1.582s] INFO:colcon.colcon_core.shell:Creating package script '/home/ngin/LAB/Resfes24/Robot_LiDAR3d/install/pochita/share/pochita/package.bash'
[1.583s] INFO:colcon.colcon_core.shell:Creating package script '/home/ngin/LAB/Resfes24/Robot_LiDAR3d/install/pochita/share/pochita/package.zsh'
[1.583s] Level 1:colcon.colcon_core.environment:create_file_with_runtime_dependencies(/home/ngin/LAB/Resfes24/Robot_LiDAR3d/install/pochita/share/colcon-core/packages/pochita)
[1.606s] Level 1:colcon.colcon_core.environment:create_environment_scripts_only(pochita)
[1.607s] Level 1:colcon.colcon_core.environment:checking '/home/ngin/LAB/Resfes24/Robot_LiDAR3d/install/pochita' for CMake module files
[1.608s] Level 1:colcon.colcon_core.environment:checking '/home/ngin/LAB/Resfes24/Robot_LiDAR3d/install/pochita' for CMake config files
[1.609s] Level 1:colcon.colcon_core.shell:create_environment_hook('pochita', 'cmake_prefix_path')
[1.609s] INFO:colcon.colcon_core.shell:Creating environment hook '/home/ngin/LAB/Resfes24/Robot_LiDAR3d/install/pochita/share/pochita/hook/cmake_prefix_path.ps1'
[1.610s] INFO:colcon.colcon_core.shell:Creating environment descriptor '/home/ngin/LAB/Resfes24/Robot_LiDAR3d/install/pochita/share/pochita/hook/cmake_prefix_path.dsv'
[1.611s] INFO:colcon.colcon_core.shell:Creating environment hook '/home/ngin/LAB/Resfes24/Robot_LiDAR3d/install/pochita/share/pochita/hook/cmake_prefix_path.sh'
[1.612s] Level 1:colcon.colcon_core.environment:checking '/home/ngin/LAB/Resfes24/Robot_LiDAR3d/install/pochita/bin'
[1.612s] Level 1:colcon.colcon_core.environment:checking '/home/ngin/LAB/Resfes24/Robot_LiDAR3d/install/pochita/lib/pkgconfig/pochita.pc'
[1.612s] Level 1:colcon.colcon_core.environment:checking '/home/ngin/LAB/Resfes24/Robot_LiDAR3d/install/pochita/lib/python3.8/site-packages'
[1.612s] Level 1:colcon.colcon_core.environment:checking '/home/ngin/LAB/Resfes24/Robot_LiDAR3d/install/pochita/bin'
[1.612s] INFO:colcon.colcon_core.shell:Creating package script '/home/ngin/LAB/Resfes24/Robot_LiDAR3d/install/pochita/share/pochita/package.ps1'
[1.613s] INFO:colcon.colcon_core.shell:Creating package descriptor '/home/ngin/LAB/Resfes24/Robot_LiDAR3d/install/pochita/share/pochita/package.dsv'
[1.613s] INFO:colcon.colcon_core.shell:Creating package script '/home/ngin/LAB/Resfes24/Robot_LiDAR3d/install/pochita/share/pochita/package.sh'
[1.614s] INFO:colcon.colcon_core.shell:Creating package script '/home/ngin/LAB/Resfes24/Robot_LiDAR3d/install/pochita/share/pochita/package.bash'
[1.614s] INFO:colcon.colcon_core.shell:Creating package script '/home/ngin/LAB/Resfes24/Robot_LiDAR3d/install/pochita/share/pochita/package.zsh'
[1.614s] Level 1:colcon.colcon_core.environment:create_file_with_runtime_dependencies(/home/ngin/LAB/Resfes24/Robot_LiDAR3d/install/pochita/share/colcon-core/packages/pochita)
[1.615s] DEBUG:colcon.colcon_parallel_executor.executor.parallel:closing loop
[1.615s] DEBUG:colcon.colcon_parallel_executor.executor.parallel:loop closed
[1.615s] DEBUG:colcon.colcon_parallel_executor.executor.parallel:run_until_complete finished with '0'
[1.615s] DEBUG:colcon.colcon_core.event_reactor:joining thread
[1.621s] INFO:colcon.colcon_core.plugin_system:Skipping extension 'colcon_notification.desktop_notification.terminal_notifier': Not used on non-Darwin systems
[1.621s] INFO:colcon.colcon_core.plugin_system:Skipping extension 'colcon_notification.desktop_notification.win32': Not used on non-Windows systems
[1.621s] INFO:colcon.colcon_notification.desktop_notification:Sending desktop notification using 'notify2'
[1.637s] DEBUG:colcon.colcon_core.event_reactor:joined thread
[1.637s] INFO:colcon.colcon_core.shell:Creating prefix script '/home/ngin/LAB/Resfes24/Robot_LiDAR3d/install/local_setup.ps1'
[1.638s] INFO:colcon.colcon_core.shell:Creating prefix util module '/home/ngin/LAB/Resfes24/Robot_LiDAR3d/install/_local_setup_util_ps1.py'
[1.639s] INFO:colcon.colcon_core.shell:Creating prefix chain script '/home/ngin/LAB/Resfes24/Robot_LiDAR3d/install/setup.ps1'
[1.640s] INFO:colcon.colcon_core.shell:Creating prefix script '/home/ngin/LAB/Resfes24/Robot_LiDAR3d/install/local_setup.sh'
[1.640s] INFO:colcon.colcon_core.shell:Creating prefix util module '/home/ngin/LAB/Resfes24/Robot_LiDAR3d/install/_local_setup_util_sh.py'
[1.640s] INFO:colcon.colcon_core.shell:Creating prefix chain script '/home/ngin/LAB/Resfes24/Robot_LiDAR3d/install/setup.sh'
[1.642s] INFO:colcon.colcon_core.shell:Creating prefix script '/home/ngin/LAB/Resfes24/Robot_LiDAR3d/install/local_setup.bash'
[1.642s] INFO:colcon.colcon_core.shell:Creating prefix chain script '/home/ngin/LAB/Resfes24/Robot_LiDAR3d/install/setup.bash'
[1.643s] INFO:colcon.colcon_core.shell:Creating prefix script '/home/ngin/LAB/Resfes24/Robot_LiDAR3d/install/local_setup.zsh'
[1.644s] INFO:colcon.colcon_core.shell:Creating prefix chain script '/home/ngin/LAB/Resfes24/Robot_LiDAR3d/install/setup.zsh'
