[0.165s] DEBUG:colcon:Command line arguments: ['/usr/bin/colcon', 'build', '--symlink-install']
[0.165s] DEBUG:colcon:Parsed command line arguments: Namespace(allow_overriding=[], ament_cmake_args=None, base_paths=['.'], build_base='build', catkin_cmake_args=None, catkin_skip_building_tests=False, cmake_args=None, cmake_clean_cache=False, cmake_clean_first=False, cmake_force_configure=False, cmake_target=None, cmake_target_skip_unavailable=False, continue_on_error=False, event_handlers=None, executor='parallel', ignore_user_meta=False, install_base='install', log_base=None, log_level=None, main=<bound method BuildVerb.main of <colcon_core.verb.build.BuildVerb object at 0x7ff72e31a820>>, merge_install=False, metas=['./colcon.meta'], packages_above=None, packages_above_and_dependencies=None, packages_above_depth=None, packages_end=None, packages_ignore=None, packages_ignore_regex=None, packages_select=None, packages_select_build_failed=False, packages_select_by_dep=None, packages_select_regex=None, packages_select_test_failures=False, packages_skip=None, packages_skip_build_finished=False, packages_skip_by_dep=None, packages_skip_regex=None, packages_skip_test_passed=False, packages_skip_up_to=None, packages_start=None, packages_up_to=None, packages_up_to_regex=None, parallel_workers=12, paths=None, symlink_install=True, test_result_base=None, verb_extension=<colcon_core.verb.build.BuildVerb object at 0x7ff72e31a820>, verb_name='build', verb_parser=<colcon_defaults.argument_parser.defaults.DefaultArgumentsDecorator object at 0x7ff72e1cc490>)
[0.281s] Level 1:colcon.colcon_core.package_discovery:discover_packages(colcon_meta) check parameters
[0.281s] Level 1:colcon.colcon_core.package_discovery:discover_packages(recursive) check parameters
[0.281s] Level 1:colcon.colcon_core.package_discovery:discover_packages(ignore) check parameters
[0.281s] Level 1:colcon.colcon_core.package_discovery:discover_packages(path) check parameters
[0.281s] Level 1:colcon.colcon_core.package_discovery:discover_packages(colcon_meta) discover
[0.281s] Level 1:colcon.colcon_core.package_discovery:discover_packages(recursive) discover
[0.281s] INFO:colcon.colcon_core.package_discovery:Crawling recursively for packages in '/home/ngin/LAB/Resfes24/Robot_LiDAR3d'
[0.281s] Level 1:colcon.colcon_core.package_identification:_identify(.) by extensions ['ignore', 'ignore_ament_install']
[0.282s] Level 1:colcon.colcon_core.package_identification:_identify(.) by extension 'ignore'
[0.282s] Level 1:colcon.colcon_core.package_identification:_identify(.) by extension 'ignore_ament_install'
[0.282s] Level 1:colcon.colcon_core.package_identification:_identify(.) by extensions ['colcon_pkg']
[0.282s] Level 1:colcon.colcon_core.package_identification:_identify(.) by extension 'colcon_pkg'
[0.282s] Level 1:colcon.colcon_core.package_identification:_identify(.) by extensions ['colcon_meta']
[0.282s] Level 1:colcon.colcon_core.package_identification:_identify(.) by extension 'colcon_meta'
[0.282s] Level 1:colcon.colcon_core.package_identification:_identify(.) by extensions ['ros']
[0.282s] Level 1:colcon.colcon_core.package_identification:_identify(.) by extension 'ros'
[0.289s] Level 1:colcon.colcon_core.package_identification:_identify(.) by extensions ['cmake', 'python']
[0.289s] Level 1:colcon.colcon_core.package_identification:_identify(.) by extension 'cmake'
[0.289s] Level 1:colcon.colcon_core.package_identification:_identify(.) by extension 'python'
[0.289s] Level 1:colcon.colcon_core.package_identification:_identify(.) by extensions ['python_setup_py']
[0.289s] Level 1:colcon.colcon_core.package_identification:_identify(.) by extension 'python_setup_py'
[0.289s] Level 1:colcon.colcon_core.package_identification:_identify(build) by extensions ['ignore', 'ignore_ament_install']
[0.289s] Level 1:colcon.colcon_core.package_identification:_identify(build) by extension 'ignore'
[0.289s] Level 1:colcon.colcon_core.package_identification:_identify(build) ignored
[0.289s] Level 1:colcon.colcon_core.package_identification:_identify(install) by extensions ['ignore', 'ignore_ament_install']
[0.290s] Level 1:colcon.colcon_core.package_identification:_identify(install) by extension 'ignore'
[0.290s] Level 1:colcon.colcon_core.package_identification:_identify(install) ignored
[0.290s] Level 1:colcon.colcon_core.package_identification:_identify(log) by extensions ['ignore', 'ignore_ament_install']
[0.290s] Level 1:colcon.colcon_core.package_identification:_identify(log) by extension 'ignore'
[0.290s] Level 1:colcon.colcon_core.package_identification:_identify(log) ignored
[0.290s] Level 1:colcon.colcon_core.package_identification:_identify(src) by extensions ['ignore', 'ignore_ament_install']
[0.290s] Level 1:colcon.colcon_core.package_identification:_identify(src) by extension 'ignore'
[0.290s] Level 1:colcon.colcon_core.package_identification:_identify(src) by extension 'ignore_ament_install'
[0.290s] Level 1:colcon.colcon_core.package_identification:_identify(src) by extensions ['colcon_pkg']
[0.290s] Level 1:colcon.colcon_core.package_identification:_identify(src) by extension 'colcon_pkg'
[0.290s] Level 1:colcon.colcon_core.package_identification:_identify(src) by extensions ['colcon_meta']
[0.290s] Level 1:colcon.colcon_core.package_identification:_identify(src) by extension 'colcon_meta'
[0.290s] Level 1:colcon.colcon_core.package_identification:_identify(src) by extensions ['ros']
[0.290s] Level 1:colcon.colcon_core.package_identification:_identify(src) by extension 'ros'
[0.290s] Level 1:colcon.colcon_core.package_identification:_identify(src) by extensions ['cmake', 'python']
[0.290s] Level 1:colcon.colcon_core.package_identification:_identify(src) by extension 'cmake'
[0.290s] Level 1:colcon.colcon_core.package_identification:_identify(src) by extension 'python'
[0.290s] Level 1:colcon.colcon_core.package_identification:_identify(src) by extensions ['python_setup_py']
[0.290s] Level 1:colcon.colcon_core.package_identification:_identify(src) by extension 'python_setup_py'
[0.290s] Level 1:colcon.colcon_core.package_identification:_identify(src/LIO-SAM) by extensions ['ignore', 'ignore_ament_install']
[0.290s] Level 1:colcon.colcon_core.package_identification:_identify(src/LIO-SAM) by extension 'ignore'
[0.290s] Level 1:colcon.colcon_core.package_identification:_identify(src/LIO-SAM) by extension 'ignore_ament_install'
[0.291s] Level 1:colcon.colcon_core.package_identification:_identify(src/LIO-SAM) by extensions ['colcon_pkg']
[0.291s] Level 1:colcon.colcon_core.package_identification:_identify(src/LIO-SAM) by extension 'colcon_pkg'
[0.291s] Level 1:colcon.colcon_core.package_identification:_identify(src/LIO-SAM) by extensions ['colcon_meta']
[0.291s] Level 1:colcon.colcon_core.package_identification:_identify(src/LIO-SAM) by extension 'colcon_meta'
[0.291s] Level 1:colcon.colcon_core.package_identification:_identify(src/LIO-SAM) by extensions ['ros']
[0.291s] Level 1:colcon.colcon_core.package_identification:_identify(src/LIO-SAM) by extension 'ros'
[0.292s] DEBUG:colcon.colcon_core.package_identification:Package 'src/LIO-SAM' with type 'ros.ament_cmake' and name 'lio_sam'
[0.293s] Level 1:colcon.colcon_core.package_identification:_identify(src/pochita) by extensions ['ignore', 'ignore_ament_install']
[0.293s] Level 1:colcon.colcon_core.package_identification:_identify(src/pochita) by extension 'ignore'
[0.293s] Level 1:colcon.colcon_core.package_identification:_identify(src/pochita) by extension 'ignore_ament_install'
[0.293s] Level 1:colcon.colcon_core.package_identification:_identify(src/pochita) by extensions ['colcon_pkg']
[0.293s] Level 1:colcon.colcon_core.package_identification:_identify(src/pochita) by extension 'colcon_pkg'
[0.293s] Level 1:colcon.colcon_core.package_identification:_identify(src/pochita) by extensions ['colcon_meta']
[0.293s] Level 1:colcon.colcon_core.package_identification:_identify(src/pochita) by extension 'colcon_meta'
[0.293s] Level 1:colcon.colcon_core.package_identification:_identify(src/pochita) by extensions ['ros']
[0.293s] Level 1:colcon.colcon_core.package_identification:_identify(src/pochita) by extension 'ros'
[0.293s] DEBUG:colcon.colcon_core.package_identification:Package 'src/pochita' with type 'ros.ament_cmake' and name 'pochita'
[0.293s] Level 1:colcon.colcon_core.package_discovery:discover_packages(recursive) using defaults
[0.293s] Level 1:colcon.colcon_core.package_discovery:discover_packages(ignore) discover
[0.293s] Level 1:colcon.colcon_core.package_discovery:discover_packages(ignore) using defaults
[0.293s] Level 1:colcon.colcon_core.package_discovery:discover_packages(path) discover
[0.293s] Level 1:colcon.colcon_core.package_discovery:discover_packages(path) using defaults
[0.306s] Level 1:colcon.colcon_core.package_discovery:discover_packages(prefix_path) check parameters
[0.306s] Level 1:colcon.colcon_core.package_discovery:discover_packages(prefix_path) discover
[0.308s] DEBUG:colcon.colcon_installed_package_information.package_discovery:Found 1 installed packages in /home/ngin/LAB/Resfes24/Robot_LiDAR3d/install
[0.309s] DEBUG:colcon.colcon_installed_package_information.package_discovery:Found 286 installed packages in /opt/ros/foxy
[0.317s] Level 1:colcon.colcon_core.package_discovery:discover_packages(prefix_path) using defaults
[0.368s] Level 5:colcon.colcon_core.verb:set package 'lio_sam' build argument 'cmake_args' from command line to 'None'
[0.368s] Level 5:colcon.colcon_core.verb:set package 'lio_sam' build argument 'cmake_target' from command line to 'None'
[0.368s] Level 5:colcon.colcon_core.verb:set package 'lio_sam' build argument 'cmake_target_skip_unavailable' from command line to 'False'
[0.368s] Level 5:colcon.colcon_core.verb:set package 'lio_sam' build argument 'cmake_clean_cache' from command line to 'False'
[0.368s] Level 5:colcon.colcon_core.verb:set package 'lio_sam' build argument 'cmake_clean_first' from command line to 'False'
[0.368s] Level 5:colcon.colcon_core.verb:set package 'lio_sam' build argument 'cmake_force_configure' from command line to 'False'
[0.368s] Level 5:colcon.colcon_core.verb:set package 'lio_sam' build argument 'ament_cmake_args' from command line to 'None'
[0.368s] Level 5:colcon.colcon_core.verb:set package 'lio_sam' build argument 'catkin_cmake_args' from command line to 'None'
[0.368s] Level 5:colcon.colcon_core.verb:set package 'lio_sam' build argument 'catkin_skip_building_tests' from command line to 'False'
[0.368s] DEBUG:colcon.colcon_core.verb:Building package 'lio_sam' with the following arguments: {'ament_cmake_args': None, 'build_base': '/home/ngin/LAB/Resfes24/Robot_LiDAR3d/build/lio_sam', 'catkin_cmake_args': None, 'catkin_skip_building_tests': False, 'cmake_args': None, 'cmake_clean_cache': False, 'cmake_clean_first': False, 'cmake_force_configure': False, 'cmake_target': None, 'cmake_target_skip_unavailable': False, 'install_base': '/home/ngin/LAB/Resfes24/Robot_LiDAR3d/install/lio_sam', 'merge_install': False, 'path': '/home/ngin/LAB/Resfes24/Robot_LiDAR3d/src/LIO-SAM', 'symlink_install': True, 'test_result_base': None}
[0.369s] Level 5:colcon.colcon_core.verb:set package 'pochita' build argument 'cmake_args' from command line to 'None'
[0.369s] Level 5:colcon.colcon_core.verb:set package 'pochita' build argument 'cmake_target' from command line to 'None'
[0.369s] Level 5:colcon.colcon_core.verb:set package 'pochita' build argument 'cmake_target_skip_unavailable' from command line to 'False'
[0.369s] Level 5:colcon.colcon_core.verb:set package 'pochita' build argument 'cmake_clean_cache' from command line to 'False'
[0.369s] Level 5:colcon.colcon_core.verb:set package 'pochita' build argument 'cmake_clean_first' from command line to 'False'
[0.369s] Level 5:colcon.colcon_core.verb:set package 'pochita' build argument 'cmake_force_configure' from command line to 'False'
[0.369s] Level 5:colcon.colcon_core.verb:set package 'pochita' build argument 'ament_cmake_args' from command line to 'None'
[0.369s] Level 5:colcon.colcon_core.verb:set package 'pochita' build argument 'catkin_cmake_args' from command line to 'None'
[0.369s] Level 5:colcon.colcon_core.verb:set package 'pochita' build argument 'catkin_skip_building_tests' from command line to 'False'
[0.369s] DEBUG:colcon.colcon_core.verb:Building package 'pochita' with the following arguments: {'ament_cmake_args': None, 'build_base': '/home/ngin/LAB/Resfes24/Robot_LiDAR3d/build/pochita', 'catkin_cmake_args': None, 'catkin_skip_building_tests': False, 'cmake_args': None, 'cmake_clean_cache': False, 'cmake_clean_first': False, 'cmake_force_configure': False, 'cmake_target': None, 'cmake_target_skip_unavailable': False, 'install_base': '/home/ngin/LAB/Resfes24/Robot_LiDAR3d/install/pochita', 'merge_install': False, 'path': '/home/ngin/LAB/Resfes24/Robot_LiDAR3d/src/pochita', 'symlink_install': True, 'test_result_base': None}
[0.369s] INFO:colcon.colcon_core.executor:Executing jobs using 'parallel' executor
[0.369s] DEBUG:colcon.colcon_parallel_executor.executor.parallel:run_until_complete
[0.370s] INFO:colcon.colcon_ros.task.ament_cmake.build:Building ROS package in '/home/ngin/LAB/Resfes24/Robot_LiDAR3d/src/LIO-SAM' with build type 'ament_cmake'
[0.370s] INFO:colcon.colcon_cmake.task.cmake.build:Building CMake package in '/home/ngin/LAB/Resfes24/Robot_LiDAR3d/src/LIO-SAM'
[0.373s] INFO:colcon.colcon_core.plugin_system:Skipping extension 'colcon_core.shell.bat': Not used on non-Windows systems
[0.373s] INFO:colcon.colcon_core.shell:Skip shell extension 'powershell' for command environment: Not usable outside of PowerShell
[0.373s] DEBUG:colcon.colcon_core.shell:Skip shell extension 'dsv' for command environment
[0.376s] INFO:colcon.colcon_ros.task.ament_cmake.build:Building ROS package in '/home/ngin/LAB/Resfes24/Robot_LiDAR3d/src/pochita' with build type 'ament_cmake'
[0.376s] INFO:colcon.colcon_cmake.task.cmake.build:Building CMake package in '/home/ngin/LAB/Resfes24/Robot_LiDAR3d/src/pochita'
[0.376s] INFO:colcon.colcon_core.shell:Skip shell extension 'powershell' for command environment: Not usable outside of PowerShell
[0.376s] DEBUG:colcon.colcon_core.shell:Skip shell extension 'dsv' for command environment
[0.383s] DEBUG:colcon.colcon_core.event_handler.log_command:Invoking command in '/home/ngin/LAB/Resfes24/Robot_LiDAR3d/build/lio_sam': CMAKE_PREFIX_PATH=${CMAKE_PREFIX_PATH}:/opt/ros/foxy /usr/bin/cmake /home/ngin/LAB/Resfes24/Robot_LiDAR3d/src/LIO-SAM -DAMENT_CMAKE_SYMLINK_INSTALL=1 -DCMAKE_INSTALL_PREFIX=/home/ngin/LAB/Resfes24/Robot_LiDAR3d/install/lio_sam
[0.388s] DEBUG:colcon.colcon_core.event_handler.log_command:Invoking command in '/home/ngin/LAB/Resfes24/Robot_LiDAR3d/build/pochita': CMAKE_PREFIX_PATH=${CMAKE_PREFIX_PATH}:/opt/ros/foxy /usr/bin/cmake --build /home/ngin/LAB/Resfes24/Robot_LiDAR3d/build/pochita -- -j12 -l12
[0.421s] DEBUG:colcon.colcon_core.event_handler.log_command:Invoked command in '/home/ngin/LAB/Resfes24/Robot_LiDAR3d/build/pochita' returned '0': CMAKE_PREFIX_PATH=${CMAKE_PREFIX_PATH}:/opt/ros/foxy /usr/bin/cmake --build /home/ngin/LAB/Resfes24/Robot_LiDAR3d/build/pochita -- -j12 -l12
[0.450s] DEBUG:colcon.colcon_core.event_handler.log_command:Invoking command in '/home/ngin/LAB/Resfes24/Robot_LiDAR3d/build/pochita': CMAKE_PREFIX_PATH=${CMAKE_PREFIX_PATH}:/opt/ros/foxy /usr/bin/cmake --install /home/ngin/LAB/Resfes24/Robot_LiDAR3d/build/pochita
[0.469s] Level 1:colcon.colcon_core.environment:create_environment_scripts_only(pochita)
[0.469s] DEBUG:colcon.colcon_core.event_handler.log_command:Invoked command in '/home/ngin/LAB/Resfes24/Robot_LiDAR3d/build/pochita' returned '0': CMAKE_PREFIX_PATH=${CMAKE_PREFIX_PATH}:/opt/ros/foxy /usr/bin/cmake --install /home/ngin/LAB/Resfes24/Robot_LiDAR3d/build/pochita
[0.473s] Level 1:colcon.colcon_core.environment:checking '/home/ngin/LAB/Resfes24/Robot_LiDAR3d/install/pochita' for CMake module files
[0.473s] Level 1:colcon.colcon_core.environment:checking '/home/ngin/LAB/Resfes24/Robot_LiDAR3d/install/pochita' for CMake config files
[0.474s] Level 1:colcon.colcon_core.shell:create_environment_hook('pochita', 'cmake_prefix_path')
[0.474s] INFO:colcon.colcon_core.shell:Creating environment hook '/home/ngin/LAB/Resfes24/Robot_LiDAR3d/install/pochita/share/pochita/hook/cmake_prefix_path.ps1'
[0.475s] INFO:colcon.colcon_core.shell:Creating environment descriptor '/home/ngin/LAB/Resfes24/Robot_LiDAR3d/install/pochita/share/pochita/hook/cmake_prefix_path.dsv'
[0.475s] INFO:colcon.colcon_core.shell:Creating environment hook '/home/ngin/LAB/Resfes24/Robot_LiDAR3d/install/pochita/share/pochita/hook/cmake_prefix_path.sh'
[0.476s] Level 1:colcon.colcon_core.environment:checking '/home/ngin/LAB/Resfes24/Robot_LiDAR3d/install/pochita/bin'
[0.476s] Level 1:colcon.colcon_core.environment:checking '/home/ngin/LAB/Resfes24/Robot_LiDAR3d/install/pochita/lib/pkgconfig/pochita.pc'
[0.476s] Level 1:colcon.colcon_core.environment:checking '/home/ngin/LAB/Resfes24/Robot_LiDAR3d/install/pochita/lib/python3.8/site-packages'
[0.477s] Level 1:colcon.colcon_core.environment:checking '/home/ngin/LAB/Resfes24/Robot_LiDAR3d/install/pochita/bin'
[0.477s] INFO:colcon.colcon_core.shell:Creating package script '/home/ngin/LAB/Resfes24/Robot_LiDAR3d/install/pochita/share/pochita/package.ps1'
[0.478s] INFO:colcon.colcon_core.shell:Creating package descriptor '/home/ngin/LAB/Resfes24/Robot_LiDAR3d/install/pochita/share/pochita/package.dsv'
[0.478s] INFO:colcon.colcon_core.shell:Creating package script '/home/ngin/LAB/Resfes24/Robot_LiDAR3d/install/pochita/share/pochita/package.sh'
[0.479s] INFO:colcon.colcon_core.shell:Creating package script '/home/ngin/LAB/Resfes24/Robot_LiDAR3d/install/pochita/share/pochita/package.bash'
[0.480s] INFO:colcon.colcon_core.shell:Creating package script '/home/ngin/LAB/Resfes24/Robot_LiDAR3d/install/pochita/share/pochita/package.zsh'
[0.481s] Level 1:colcon.colcon_core.environment:create_file_with_runtime_dependencies(/home/ngin/LAB/Resfes24/Robot_LiDAR3d/install/pochita/share/colcon-core/packages/pochita)
[0.498s] Level 1:colcon.colcon_core.environment:create_environment_scripts_only(pochita)
[0.499s] Level 1:colcon.colcon_core.environment:checking '/home/ngin/LAB/Resfes24/Robot_LiDAR3d/install/pochita' for CMake module files
[0.499s] Level 1:colcon.colcon_core.environment:checking '/home/ngin/LAB/Resfes24/Robot_LiDAR3d/install/pochita' for CMake config files
[0.500s] Level 1:colcon.colcon_core.shell:create_environment_hook('pochita', 'cmake_prefix_path')
[0.500s] INFO:colcon.colcon_core.shell:Creating environment hook '/home/ngin/LAB/Resfes24/Robot_LiDAR3d/install/pochita/share/pochita/hook/cmake_prefix_path.ps1'
[0.501s] INFO:colcon.colcon_core.shell:Creating environment descriptor '/home/ngin/LAB/Resfes24/Robot_LiDAR3d/install/pochita/share/pochita/hook/cmake_prefix_path.dsv'
[0.501s] INFO:colcon.colcon_core.shell:Creating environment hook '/home/ngin/LAB/Resfes24/Robot_LiDAR3d/install/pochita/share/pochita/hook/cmake_prefix_path.sh'
[0.502s] Level 1:colcon.colcon_core.environment:checking '/home/ngin/LAB/Resfes24/Robot_LiDAR3d/install/pochita/bin'
[0.502s] Level 1:colcon.colcon_core.environment:checking '/home/ngin/LAB/Resfes24/Robot_LiDAR3d/install/pochita/lib/pkgconfig/pochita.pc'
[0.503s] Level 1:colcon.colcon_core.environment:checking '/home/ngin/LAB/Resfes24/Robot_LiDAR3d/install/pochita/lib/python3.8/site-packages'
[0.503s] Level 1:colcon.colcon_core.environment:checking '/home/ngin/LAB/Resfes24/Robot_LiDAR3d/install/pochita/bin'
[0.503s] INFO:colcon.colcon_core.shell:Creating package script '/home/ngin/LAB/Resfes24/Robot_LiDAR3d/install/pochita/share/pochita/package.ps1'
[0.504s] INFO:colcon.colcon_core.shell:Creating package descriptor '/home/ngin/LAB/Resfes24/Robot_LiDAR3d/install/pochita/share/pochita/package.dsv'
[0.505s] INFO:colcon.colcon_core.shell:Creating package script '/home/ngin/LAB/Resfes24/Robot_LiDAR3d/install/pochita/share/pochita/package.sh'
[0.505s] INFO:colcon.colcon_core.shell:Creating package script '/home/ngin/LAB/Resfes24/Robot_LiDAR3d/install/pochita/share/pochita/package.bash'
[0.506s] INFO:colcon.colcon_core.shell:Creating package script '/home/ngin/LAB/Resfes24/Robot_LiDAR3d/install/pochita/share/pochita/package.zsh'
[0.506s] Level 1:colcon.colcon_core.environment:create_file_with_runtime_dependencies(/home/ngin/LAB/Resfes24/Robot_LiDAR3d/install/pochita/share/colcon-core/packages/pochita)
[4.062s] DEBUG:colcon.colcon_core.event_handler.log_command:Invoked command in '/home/ngin/LAB/Resfes24/Robot_LiDAR3d/build/lio_sam' returned '1': CMAKE_PREFIX_PATH=${CMAKE_PREFIX_PATH}:/opt/ros/foxy /usr/bin/cmake /home/ngin/LAB/Resfes24/Robot_LiDAR3d/src/LIO-SAM -DAMENT_CMAKE_SYMLINK_INSTALL=1 -DCMAKE_INSTALL_PREFIX=/home/ngin/LAB/Resfes24/Robot_LiDAR3d/install/lio_sam
[4.073s] Level 1:colcon.colcon_core.environment:create_environment_scripts_only(lio_sam)
[4.073s] Level 1:colcon.colcon_core.environment:checking '/home/ngin/LAB/Resfes24/Robot_LiDAR3d/install/lio_sam' for CMake module files
[4.074s] Level 1:colcon.colcon_core.environment:checking '/home/ngin/LAB/Resfes24/Robot_LiDAR3d/install/lio_sam' for CMake config files
[4.074s] Level 1:colcon.colcon_core.environment:checking '/home/ngin/LAB/Resfes24/Robot_LiDAR3d/install/lio_sam/bin'
[4.074s] Level 1:colcon.colcon_core.environment:checking '/home/ngin/LAB/Resfes24/Robot_LiDAR3d/install/lio_sam/lib/pkgconfig/lio_sam.pc'
[4.074s] Level 1:colcon.colcon_core.environment:checking '/home/ngin/LAB/Resfes24/Robot_LiDAR3d/install/lio_sam/lib/python3.8/site-packages'
[4.074s] Level 1:colcon.colcon_core.environment:checking '/home/ngin/LAB/Resfes24/Robot_LiDAR3d/install/lio_sam/bin'
[4.074s] INFO:colcon.colcon_core.shell:Creating package script '/home/ngin/LAB/Resfes24/Robot_LiDAR3d/install/lio_sam/share/lio_sam/package.ps1'
[4.075s] INFO:colcon.colcon_core.shell:Creating package descriptor '/home/ngin/LAB/Resfes24/Robot_LiDAR3d/install/lio_sam/share/lio_sam/package.dsv'
[4.077s] INFO:colcon.colcon_core.shell:Creating package script '/home/ngin/LAB/Resfes24/Robot_LiDAR3d/install/lio_sam/share/lio_sam/package.sh'
[4.077s] INFO:colcon.colcon_core.shell:Creating package script '/home/ngin/LAB/Resfes24/Robot_LiDAR3d/install/lio_sam/share/lio_sam/package.bash'
[4.078s] INFO:colcon.colcon_core.shell:Creating package script '/home/ngin/LAB/Resfes24/Robot_LiDAR3d/install/lio_sam/share/lio_sam/package.zsh'
[4.079s] Level 1:colcon.colcon_core.environment:create_file_with_runtime_dependencies(/home/ngin/LAB/Resfes24/Robot_LiDAR3d/install/lio_sam/share/colcon-core/packages/lio_sam)
[4.090s] DEBUG:colcon.colcon_parallel_executor.executor.parallel:closing loop
[4.090s] DEBUG:colcon.colcon_parallel_executor.executor.parallel:loop closed
[4.090s] DEBUG:colcon.colcon_parallel_executor.executor.parallel:run_until_complete finished with '1'
[4.090s] DEBUG:colcon.colcon_core.event_reactor:joining thread
[4.100s] INFO:colcon.colcon_core.plugin_system:Skipping extension 'colcon_notification.desktop_notification.terminal_notifier': Not used on non-Darwin systems
[4.100s] INFO:colcon.colcon_core.plugin_system:Skipping extension 'colcon_notification.desktop_notification.win32': Not used on non-Windows systems
[4.101s] INFO:colcon.colcon_notification.desktop_notification:Sending desktop notification using 'notify2'
[4.115s] DEBUG:colcon.colcon_core.event_reactor:joined thread
[4.116s] INFO:colcon.colcon_core.shell:Creating prefix script '/home/ngin/LAB/Resfes24/Robot_LiDAR3d/install/local_setup.ps1'
[4.118s] INFO:colcon.colcon_core.shell:Creating prefix util module '/home/ngin/LAB/Resfes24/Robot_LiDAR3d/install/_local_setup_util_ps1.py'
[4.120s] INFO:colcon.colcon_core.shell:Creating prefix chain script '/home/ngin/LAB/Resfes24/Robot_LiDAR3d/install/setup.ps1'
[4.121s] INFO:colcon.colcon_core.shell:Creating prefix script '/home/ngin/LAB/Resfes24/Robot_LiDAR3d/install/local_setup.sh'
[4.123s] INFO:colcon.colcon_core.shell:Creating prefix util module '/home/ngin/LAB/Resfes24/Robot_LiDAR3d/install/_local_setup_util_sh.py'
[4.124s] INFO:colcon.colcon_core.shell:Creating prefix chain script '/home/ngin/LAB/Resfes24/Robot_LiDAR3d/install/setup.sh'
[4.126s] INFO:colcon.colcon_core.shell:Creating prefix script '/home/ngin/LAB/Resfes24/Robot_LiDAR3d/install/local_setup.bash'
[4.127s] INFO:colcon.colcon_core.shell:Creating prefix chain script '/home/ngin/LAB/Resfes24/Robot_LiDAR3d/install/setup.bash'
[4.129s] INFO:colcon.colcon_core.shell:Creating prefix script '/home/ngin/LAB/Resfes24/Robot_LiDAR3d/install/local_setup.zsh'
[4.129s] INFO:colcon.colcon_core.shell:Creating prefix chain script '/home/ngin/LAB/Resfes24/Robot_LiDAR3d/install/setup.zsh'
