[0.178s] Invoking command in '/home/ngin/LAB/Resfes24/Robot_LiDAR3d/build/lio_sam': CMAKE_PREFIX_PATH=/opt/ros/foxy /usr/bin/cmake --build /home/ngin/LAB/Resfes24/Robot_LiDAR3d/build/lio_sam -- -j12 -l12
[0.217s] [  6%] Built target lio_sam__cpp
[0.217s] [ 10%] Built target lio_sam__rosidl_generator_c
[0.239s] [ 19%] Built target lio_sam__rosidl_typesupport_cpp
[0.239s] [ 27%] Built target lio_sam__rosidl_typesupport_introspection_c
[0.239s] [ 36%] Built target lio_sam__rosidl_typesupport_fastrtps_cpp
[0.239s] [ 44%] Built target lio_sam__rosidl_typesupport_c
[0.239s] [ 53%] Built target lio_sam__rosidl_typesupport_introspection_cpp
[0.262s] [ 61%] Built target lio_sam__rosidl_typesupport_fastrtps_c
[0.275s] [ 65%] Built target lio_sam_imuPreintegration
[0.275s] [ 65%] Built target lio_sam
[0.287s] [ 70%] Built target lio_sam_mapOptimization
[0.287s] [ 74%] Built target lio_sam_featureExtraction
[0.291s] [ 80%] Built target lio_sam__py
[0.291s] [ 80%] Built target lio_sam_imageProjection
[0.311s] [ 87%] Built target lio_sam__python
[0.331s] [ 95%] Built target lio_sam__rosidl_typesupport_fastrtps_c__pyext
[0.331s] [ 95%] Built target lio_sam__rosidl_typesupport_introspection_c__pyext
[0.331s] [100%] Built target lio_sam__rosidl_typesupport_c__pyext
[0.339s] Invoked command in '/home/ngin/LAB/Resfes24/Robot_LiDAR3d/build/lio_sam' returned '0': CMAKE_PREFIX_PATH=/opt/ros/foxy /usr/bin/cmake --build /home/ngin/LAB/Resfes24/Robot_LiDAR3d/build/lio_sam -- -j12 -l12
[0.385s] Invoking command in '/home/ngin/LAB/Resfes24/Robot_LiDAR3d/build/lio_sam': CMAKE_PREFIX_PATH=/opt/ros/foxy /usr/bin/cmake --install /home/ngin/LAB/Resfes24/Robot_LiDAR3d/build/lio_sam
[0.391s] -- Install configuration: "Release"
[0.391s] -- Execute custom install script
[0.391s] -- Up-to-date symlink: /home/ngin/LAB/Resfes24/Robot_LiDAR3d/install/lio_sam/share/ament_index/resource_index/rosidl_interfaces/lio_sam
[0.392s] -- Up-to-date symlink: /home/ngin/LAB/Resfes24/Robot_LiDAR3d/install/lio_sam/include/lio_sam/msg/cloud_info.h
[0.392s] -- Up-to-date symlink: /home/ngin/LAB/Resfes24/Robot_LiDAR3d/install/lio_sam/include/lio_sam/msg/detail/cloud_info__functions.h
[0.392s] -- Up-to-date symlink: /home/ngin/LAB/Resfes24/Robot_LiDAR3d/install/lio_sam/include/lio_sam/msg/detail/cloud_info__struct.h
[0.392s] -- Up-to-date symlink: /home/ngin/LAB/Resfes24/Robot_LiDAR3d/install/lio_sam/include/lio_sam/msg/detail/cloud_info__type_support.h
[0.392s] -- Up-to-date symlink: /home/ngin/LAB/Resfes24/Robot_LiDAR3d/install/lio_sam/include/lio_sam/msg/rosidl_generator_c__visibility_control.h
[0.392s] -- Up-to-date symlink: /home/ngin/LAB/Resfes24/Robot_LiDAR3d/install/lio_sam/include/lio_sam/srv/detail/save_map__functions.h
[0.393s] -- Up-to-date symlink: /home/ngin/LAB/Resfes24/Robot_LiDAR3d/install/lio_sam/include/lio_sam/srv/detail/save_map__struct.h
[0.393s] -- Up-to-date symlink: /home/ngin/LAB/Resfes24/Robot_LiDAR3d/install/lio_sam/include/lio_sam/srv/detail/save_map__type_support.h
[0.393s] -- Up-to-date symlink: /home/ngin/LAB/Resfes24/Robot_LiDAR3d/install/lio_sam/include/lio_sam/srv/save_map.h
[0.393s] -- Up-to-date symlink: /home/ngin/LAB/Resfes24/Robot_LiDAR3d/install/lio_sam/share/lio_sam/environment/library_path.sh
[0.393s] -- Up-to-date symlink: /home/ngin/LAB/Resfes24/Robot_LiDAR3d/install/lio_sam/share/lio_sam/environment/library_path.dsv
[0.394s] -- Up-to-date symlink: /home/ngin/LAB/Resfes24/Robot_LiDAR3d/install/lio_sam/include/lio_sam/msg/detail/cloud_info__rosidl_typesupport_fastrtps_c.h
[0.394s] -- Up-to-date symlink: /home/ngin/LAB/Resfes24/Robot_LiDAR3d/install/lio_sam/include/lio_sam/msg/rosidl_typesupport_fastrtps_c__visibility_control.h
[0.394s] -- Up-to-date symlink: /home/ngin/LAB/Resfes24/Robot_LiDAR3d/install/lio_sam/include/lio_sam/srv/detail/save_map__rosidl_typesupport_fastrtps_c.h
[0.394s] -- Up-to-date symlink: /home/ngin/LAB/Resfes24/Robot_LiDAR3d/install/lio_sam/lib/liblio_sam__rosidl_typesupport_fastrtps_c.so
[0.394s] -- Up-to-date symlink: /home/ngin/LAB/Resfes24/Robot_LiDAR3d/install/lio_sam/include/lio_sam/msg/detail/cloud_info__rosidl_typesupport_fastrtps_cpp.hpp
[0.395s] -- Up-to-date symlink: /home/ngin/LAB/Resfes24/Robot_LiDAR3d/install/lio_sam/include/lio_sam/msg/rosidl_typesupport_fastrtps_cpp__visibility_control.h
[0.395s] -- Up-to-date symlink: /home/ngin/LAB/Resfes24/Robot_LiDAR3d/install/lio_sam/include/lio_sam/srv/detail/save_map__rosidl_typesupport_fastrtps_cpp.hpp
[0.395s] -- Up-to-date symlink: /home/ngin/LAB/Resfes24/Robot_LiDAR3d/install/lio_sam/lib/liblio_sam__rosidl_typesupport_fastrtps_cpp.so
[0.395s] -- Up-to-date symlink: /home/ngin/LAB/Resfes24/Robot_LiDAR3d/install/lio_sam/include/lio_sam/msg/detail/cloud_info__rosidl_typesupport_introspection_c.h
[0.395s] -- Up-to-date symlink: /home/ngin/LAB/Resfes24/Robot_LiDAR3d/install/lio_sam/include/lio_sam/msg/rosidl_typesupport_introspection_c__visibility_control.h
[0.395s] -- Up-to-date symlink: /home/ngin/LAB/Resfes24/Robot_LiDAR3d/install/lio_sam/include/lio_sam/srv/detail/save_map__rosidl_typesupport_introspection_c.h
[0.396s] -- Up-to-date symlink: /home/ngin/LAB/Resfes24/Robot_LiDAR3d/install/lio_sam/include/lio_sam/msg/cloud_info.hpp
[0.396s] -- Up-to-date symlink: /home/ngin/LAB/Resfes24/Robot_LiDAR3d/install/lio_sam/include/lio_sam/msg/detail/cloud_info__builder.hpp
[0.396s] -- Up-to-date symlink: /home/ngin/LAB/Resfes24/Robot_LiDAR3d/install/lio_sam/include/lio_sam/msg/detail/cloud_info__struct.hpp
[0.396s] -- Up-to-date symlink: /home/ngin/LAB/Resfes24/Robot_LiDAR3d/install/lio_sam/include/lio_sam/msg/detail/cloud_info__traits.hpp
[0.396s] -- Up-to-date symlink: /home/ngin/LAB/Resfes24/Robot_LiDAR3d/install/lio_sam/include/lio_sam/msg/detail/cloud_info__type_support.hpp
[0.396s] -- Up-to-date symlink: /home/ngin/LAB/Resfes24/Robot_LiDAR3d/install/lio_sam/include/lio_sam/msg/rosidl_generator_cpp__visibility_control.hpp
[0.397s] -- Up-to-date symlink: /home/ngin/LAB/Resfes24/Robot_LiDAR3d/install/lio_sam/include/lio_sam/srv/detail/save_map__builder.hpp
[0.397s] -- Up-to-date symlink: /home/ngin/LAB/Resfes24/Robot_LiDAR3d/install/lio_sam/include/lio_sam/srv/detail/save_map__struct.hpp
[0.397s] -- Up-to-date symlink: /home/ngin/LAB/Resfes24/Robot_LiDAR3d/install/lio_sam/include/lio_sam/srv/detail/save_map__traits.hpp
[0.397s] -- Up-to-date symlink: /home/ngin/LAB/Resfes24/Robot_LiDAR3d/install/lio_sam/include/lio_sam/srv/detail/save_map__type_support.hpp
[0.397s] -- Up-to-date symlink: /home/ngin/LAB/Resfes24/Robot_LiDAR3d/install/lio_sam/include/lio_sam/srv/save_map.hpp
[0.397s] -- Up-to-date symlink: /home/ngin/LAB/Resfes24/Robot_LiDAR3d/install/lio_sam/include/lio_sam/msg/detail/cloud_info__rosidl_typesupport_introspection_cpp.hpp
[0.397s] -- Up-to-date symlink: /home/ngin/LAB/Resfes24/Robot_LiDAR3d/install/lio_sam/include/lio_sam/srv/detail/save_map__rosidl_typesupport_introspection_cpp.hpp
[0.398s] -- Up-to-date symlink: /home/ngin/LAB/Resfes24/Robot_LiDAR3d/install/lio_sam/share/lio_sam/environment/pythonpath.sh
[0.398s] -- Up-to-date symlink: /home/ngin/LAB/Resfes24/Robot_LiDAR3d/install/lio_sam/share/lio_sam/environment/pythonpath.dsv
[0.398s] -- Up-to-date symlink: /home/ngin/LAB/Resfes24/Robot_LiDAR3d/install/lio_sam/lib/python3.8/site-packages/lio_sam/__init__.py
[0.398s] -- Up-to-date symlink: /home/ngin/LAB/Resfes24/Robot_LiDAR3d/install/lio_sam/lib/python3.8/site-packages/lio_sam/msg/__init__.py
[0.398s] -- Up-to-date symlink: /home/ngin/LAB/Resfes24/Robot_LiDAR3d/install/lio_sam/lib/python3.8/site-packages/lio_sam/msg/_cloud_info.py
[0.399s] -- Up-to-date symlink: /home/ngin/LAB/Resfes24/Robot_LiDAR3d/install/lio_sam/lib/python3.8/site-packages/lio_sam/srv/__init__.py
[0.399s] -- Up-to-date symlink: /home/ngin/LAB/Resfes24/Robot_LiDAR3d/install/lio_sam/lib/python3.8/site-packages/lio_sam/srv/_save_map.py
[0.399s] -- Up-to-date symlink: /home/ngin/LAB/Resfes24/Robot_LiDAR3d/install/lio_sam/lib/python3.8/site-packages/lio_sam/lio_sam_s__rosidl_typesupport_fastrtps_c.cpython-38-x86_64-linux-gnu.so
[0.399s] -- Up-to-date symlink: /home/ngin/LAB/Resfes24/Robot_LiDAR3d/install/lio_sam/lib/python3.8/site-packages/lio_sam/lio_sam_s__rosidl_typesupport_introspection_c.cpython-38-x86_64-linux-gnu.so
[0.399s] -- Up-to-date symlink: /home/ngin/LAB/Resfes24/Robot_LiDAR3d/install/lio_sam/lib/python3.8/site-packages/lio_sam/lio_sam_s__rosidl_typesupport_c.cpython-38-x86_64-linux-gnu.so
[0.400s] -- Up-to-date symlink: /home/ngin/LAB/Resfes24/Robot_LiDAR3d/install/lio_sam/lib/liblio_sam__python.so
[0.400s] -- Up-to-date symlink: /home/ngin/LAB/Resfes24/Robot_LiDAR3d/install/lio_sam/share/lio_sam/msg/CloudInfo.idl
[0.400s] -- Up-to-date symlink: /home/ngin/LAB/Resfes24/Robot_LiDAR3d/install/lio_sam/share/lio_sam/srv/SaveMap.idl
[0.400s] -- Up-to-date symlink: /home/ngin/LAB/Resfes24/Robot_LiDAR3d/install/lio_sam/share/lio_sam/msg/CloudInfo.msg
[0.400s] -- Up-to-date symlink: /home/ngin/LAB/Resfes24/Robot_LiDAR3d/install/lio_sam/share/lio_sam/srv/SaveMap.srv
[0.401s] -- Up-to-date symlink: /home/ngin/LAB/Resfes24/Robot_LiDAR3d/install/lio_sam/share/lio_sam/srv/SaveMap_Request.msg
[0.401s] -- Up-to-date symlink: /home/ngin/LAB/Resfes24/Robot_LiDAR3d/install/lio_sam/share/lio_sam/srv/SaveMap_Response.msg
[0.401s] -- Up-to-date symlink: /home/ngin/LAB/Resfes24/Robot_LiDAR3d/install/lio_sam/share/lio_sam//launch/run.launch.py
[0.401s] -- Up-to-date symlink: /home/ngin/LAB/Resfes24/Robot_LiDAR3d/install/lio_sam/share/lio_sam//config/doc/demo.gif
[0.401s] -- Up-to-date symlink: /home/ngin/LAB/Resfes24/Robot_LiDAR3d/install/lio_sam/share/lio_sam//config/doc/device-boat.png
[0.402s] -- Up-to-date symlink: /home/ngin/LAB/Resfes24/Robot_LiDAR3d/install/lio_sam/share/lio_sam//config/doc/device-hand-2.png
[0.402s] -- Up-to-date symlink: /home/ngin/LAB/Resfes24/Robot_LiDAR3d/install/lio_sam/share/lio_sam//config/doc/device-hand.png
[0.402s] -- Up-to-date symlink: /home/ngin/LAB/Resfes24/Robot_LiDAR3d/install/lio_sam/share/lio_sam//config/doc/device-jackal.png
[0.402s] -- Up-to-date symlink: /home/ngin/LAB/Resfes24/Robot_LiDAR3d/install/lio_sam/share/lio_sam//config/doc/gps-demo.gif
[0.402s] -- Up-to-date symlink: /home/ngin/LAB/Resfes24/Robot_LiDAR3d/install/lio_sam/share/lio_sam//config/doc/imu-debug.gif
[0.402s] -- Up-to-date symlink: /home/ngin/LAB/Resfes24/Robot_LiDAR3d/install/lio_sam/share/lio_sam//config/doc/imu-transform.png
[0.402s] -- Up-to-date symlink: /home/ngin/LAB/Resfes24/Robot_LiDAR3d/install/lio_sam/share/lio_sam//config/doc/kitti-demo.gif
[0.402s] -- Up-to-date symlink: /home/ngin/LAB/Resfes24/Robot_LiDAR3d/install/lio_sam/share/lio_sam//config/doc/kitti-map.png
[0.402s] -- Up-to-date symlink: /home/ngin/LAB/Resfes24/Robot_LiDAR3d/install/lio_sam/share/lio_sam//config/doc/kitti2bag/README.md
[0.403s] -- Up-to-date symlink: /home/ngin/LAB/Resfes24/Robot_LiDAR3d/install/lio_sam/share/lio_sam//config/doc/kitti2bag/kitti2bag.py
[0.403s] -- Up-to-date symlink: /home/ngin/LAB/Resfes24/Robot_LiDAR3d/install/lio_sam/share/lio_sam//config/doc/loop-closure-2.gif
[0.403s] -- Up-to-date symlink: /home/ngin/LAB/Resfes24/Robot_LiDAR3d/install/lio_sam/share/lio_sam//config/doc/loop-closure.gif
[0.403s] -- Up-to-date symlink: /home/ngin/LAB/Resfes24/Robot_LiDAR3d/install/lio_sam/share/lio_sam//config/doc/ouster-demo.gif
[0.403s] -- Up-to-date symlink: /home/ngin/LAB/Resfes24/Robot_LiDAR3d/install/lio_sam/share/lio_sam//config/doc/ouster-device.jpg
[0.403s] -- Up-to-date symlink: /home/ngin/LAB/Resfes24/Robot_LiDAR3d/install/lio_sam/share/lio_sam//config/doc/paper.pdf
[0.403s] -- Up-to-date symlink: /home/ngin/LAB/Resfes24/Robot_LiDAR3d/install/lio_sam/share/lio_sam//config/doc/system.png
[0.403s] -- Up-to-date symlink: /home/ngin/LAB/Resfes24/Robot_LiDAR3d/install/lio_sam/share/lio_sam//config/params.yaml
[0.403s] -- Up-to-date symlink: /home/ngin/LAB/Resfes24/Robot_LiDAR3d/install/lio_sam/share/lio_sam//config/robot.urdf.xacro
[0.403s] -- Up-to-date symlink: /home/ngin/LAB/Resfes24/Robot_LiDAR3d/install/lio_sam/share/lio_sam//config/rviz2.rviz
[0.404s] -- Up-to-date symlink: /home/ngin/LAB/Resfes24/Robot_LiDAR3d/install/lio_sam/lib/lio_sam/lio_sam_imageProjection
[0.404s] -- Up-to-date symlink: /home/ngin/LAB/Resfes24/Robot_LiDAR3d/install/lio_sam/lib/lio_sam/lio_sam_imuPreintegration
[0.404s] -- Up-to-date symlink: /home/ngin/LAB/Resfes24/Robot_LiDAR3d/install/lio_sam/lib/lio_sam/lio_sam_featureExtraction
[0.404s] -- Up-to-date symlink: /home/ngin/LAB/Resfes24/Robot_LiDAR3d/install/lio_sam/lib/lio_sam/lio_sam_mapOptimization
[0.405s] -- Up-to-date symlink: /home/ngin/LAB/Resfes24/Robot_LiDAR3d/install/lio_sam/include/lio_sam/utility.hpp
[0.405s] -- Up-to-date symlink: /home/ngin/LAB/Resfes24/Robot_LiDAR3d/install/lio_sam/share/ament_index/resource_index/package_run_dependencies/lio_sam
[0.405s] -- Up-to-date symlink: /home/ngin/LAB/Resfes24/Robot_LiDAR3d/install/lio_sam/share/ament_index/resource_index/parent_prefix_path/lio_sam
[0.405s] -- Up-to-date symlink: /home/ngin/LAB/Resfes24/Robot_LiDAR3d/install/lio_sam/share/lio_sam/environment/ament_prefix_path.sh
[0.406s] -- Up-to-date symlink: /home/ngin/LAB/Resfes24/Robot_LiDAR3d/install/lio_sam/share/lio_sam/environment/ament_prefix_path.dsv
[0.406s] -- Up-to-date symlink: /home/ngin/LAB/Resfes24/Robot_LiDAR3d/install/lio_sam/share/lio_sam/environment/path.sh
[0.406s] -- Up-to-date symlink: /home/ngin/LAB/Resfes24/Robot_LiDAR3d/install/lio_sam/share/lio_sam/environment/path.dsv
[0.406s] -- Up-to-date symlink: /home/ngin/LAB/Resfes24/Robot_LiDAR3d/install/lio_sam/share/lio_sam/local_setup.bash
[0.406s] -- Up-to-date symlink: /home/ngin/LAB/Resfes24/Robot_LiDAR3d/install/lio_sam/share/lio_sam/local_setup.sh
[0.406s] -- Up-to-date symlink: /home/ngin/LAB/Resfes24/Robot_LiDAR3d/install/lio_sam/share/lio_sam/local_setup.zsh
[0.406s] -- Up-to-date symlink: /home/ngin/LAB/Resfes24/Robot_LiDAR3d/install/lio_sam/share/lio_sam/local_setup.dsv
[0.407s] -- Symlinking: /home/ngin/LAB/Resfes24/Robot_LiDAR3d/install/lio_sam/share/lio_sam/package.dsv
[0.414s] -- Up-to-date symlink: /home/ngin/LAB/Resfes24/Robot_LiDAR3d/install/lio_sam/share/ament_index/resource_index/packages/lio_sam
[0.414s] -- Up-to-date symlink: /home/ngin/LAB/Resfes24/Robot_LiDAR3d/install/lio_sam/share/lio_sam/cmake/rosidl_cmake-extras.cmake
[0.414s] -- Up-to-date symlink: /home/ngin/LAB/Resfes24/Robot_LiDAR3d/install/lio_sam/share/lio_sam/cmake/ament_cmake_export_dependencies-extras.cmake
[0.415s] -- Up-to-date symlink: /home/ngin/LAB/Resfes24/Robot_LiDAR3d/install/lio_sam/share/lio_sam/cmake/ament_cmake_export_libraries-extras.cmake
[0.415s] -- Up-to-date symlink: /home/ngin/LAB/Resfes24/Robot_LiDAR3d/install/lio_sam/share/lio_sam/cmake/ament_cmake_export_targets-extras.cmake
[0.415s] -- Up-to-date symlink: /home/ngin/LAB/Resfes24/Robot_LiDAR3d/install/lio_sam/share/lio_sam/cmake/ament_cmake_export_include_directories-extras.cmake
[0.415s] -- Up-to-date symlink: /home/ngin/LAB/Resfes24/Robot_LiDAR3d/install/lio_sam/share/lio_sam/cmake/rosidl_cmake_export_typesupport_libraries-extras.cmake
[0.415s] -- Up-to-date symlink: /home/ngin/LAB/Resfes24/Robot_LiDAR3d/install/lio_sam/share/lio_sam/cmake/rosidl_cmake_export_typesupport_targets-extras.cmake
[0.416s] -- Up-to-date symlink: /home/ngin/LAB/Resfes24/Robot_LiDAR3d/install/lio_sam/share/lio_sam/cmake/lio_samConfig.cmake
[0.416s] -- Up-to-date symlink: /home/ngin/LAB/Resfes24/Robot_LiDAR3d/install/lio_sam/share/lio_sam/cmake/lio_samConfig-version.cmake
[0.416s] -- Up-to-date symlink: /home/ngin/LAB/Resfes24/Robot_LiDAR3d/install/lio_sam/share/lio_sam/package.xml
[0.416s] -- Up-to-date: /home/ngin/LAB/Resfes24/Robot_LiDAR3d/install/lio_sam/lib/liblio_sam__rosidl_generator_c.so
[0.417s] -- Up-to-date: /home/ngin/LAB/Resfes24/Robot_LiDAR3d/install/lio_sam/lib/liblio_sam__rosidl_typesupport_introspection_c.so
[0.417s] -- Up-to-date: /home/ngin/LAB/Resfes24/Robot_LiDAR3d/install/lio_sam/lib/liblio_sam__rosidl_typesupport_c.so
[0.417s] -- Up-to-date: /home/ngin/LAB/Resfes24/Robot_LiDAR3d/install/lio_sam/lib/liblio_sam__rosidl_typesupport_introspection_cpp.so
[0.417s] -- Up-to-date: /home/ngin/LAB/Resfes24/Robot_LiDAR3d/install/lio_sam/lib/liblio_sam__rosidl_typesupport_cpp.so
[0.440s] -- Up-to-date: /home/ngin/LAB/Resfes24/Robot_LiDAR3d/install/lio_sam/share/lio_sam/cmake/lio_sam__rosidl_generator_cExport.cmake
[0.440s] -- Up-to-date: /home/ngin/LAB/Resfes24/Robot_LiDAR3d/install/lio_sam/share/lio_sam/cmake/lio_sam__rosidl_generator_cExport-release.cmake
[0.440s] -- Up-to-date: /home/ngin/LAB/Resfes24/Robot_LiDAR3d/install/lio_sam/share/lio_sam/cmake/lio_sam__rosidl_typesupport_introspection_cExport.cmake
[0.441s] -- Up-to-date: /home/ngin/LAB/Resfes24/Robot_LiDAR3d/install/lio_sam/share/lio_sam/cmake/lio_sam__rosidl_typesupport_introspection_cExport-release.cmake
[0.441s] -- Up-to-date: /home/ngin/LAB/Resfes24/Robot_LiDAR3d/install/lio_sam/share/lio_sam/cmake/lio_sam__rosidl_typesupport_cExport.cmake
[0.441s] -- Up-to-date: /home/ngin/LAB/Resfes24/Robot_LiDAR3d/install/lio_sam/share/lio_sam/cmake/lio_sam__rosidl_typesupport_cExport-release.cmake
[0.441s] -- Up-to-date: /home/ngin/LAB/Resfes24/Robot_LiDAR3d/install/lio_sam/share/lio_sam/cmake/lio_sam__rosidl_generator_cppExport.cmake
[0.441s] -- Up-to-date: /home/ngin/LAB/Resfes24/Robot_LiDAR3d/install/lio_sam/share/lio_sam/cmake/lio_sam__rosidl_typesupport_introspection_cppExport.cmake
[0.441s] -- Up-to-date: /home/ngin/LAB/Resfes24/Robot_LiDAR3d/install/lio_sam/share/lio_sam/cmake/lio_sam__rosidl_typesupport_introspection_cppExport-release.cmake
[0.441s] -- Up-to-date: /home/ngin/LAB/Resfes24/Robot_LiDAR3d/install/lio_sam/share/lio_sam/cmake/lio_sam__rosidl_typesupport_cppExport.cmake
[0.441s] -- Up-to-date: /home/ngin/LAB/Resfes24/Robot_LiDAR3d/install/lio_sam/share/lio_sam/cmake/lio_sam__rosidl_typesupport_cppExport-release.cmake
[0.443s] Invoked command in '/home/ngin/LAB/Resfes24/Robot_LiDAR3d/build/lio_sam' returned '0': CMAKE_PREFIX_PATH=/opt/ros/foxy /usr/bin/cmake --install /home/ngin/LAB/Resfes24/Robot_LiDAR3d/build/lio_sam
