[0.021s] Invoking command in '/home/ngin/LAB/Resfes24/Robot_LiDAR3d/build/lio_sam': CMAKE_PREFIX_PATH=${CMAKE_PREFIX_PATH}:/opt/ros/foxy /usr/bin/cmake /home/ngin/LAB/Resfes24/Robot_LiDAR3d/src/LIO-SAM -DAMENT_CMAKE_SYMLINK_INSTALL=1 -DCMAKE_INSTALL_PREFIX=/home/ngin/LAB/Resfes24/Robot_LiDAR3d/install/lio_sam
[0.029s] -- Found ament_cmake: 0.9.12 (/opt/ros/foxy/share/ament_cmake/cmake)
[0.045s] -- Found PythonInterp: /usr/bin/python3 (found suitable version "3.8.10", minimum required is "3") 
[0.045s] -- Using PYTHON_EXECUTABLE: /usr/bin/python3
[0.170s] -- Override CMake install command with custom implementation using symlinks instead of copying resources
[0.178s] -- Found rosidl_default_generators: 1.0.1 (/opt/ros/foxy/share/rosidl_default_generators/cmake)
[0.180s] -- Using all available rosidl_typesupport_c: rosidl_typesupport_fastrtps_c;rosidl_typesupport_introspection_c
[0.183s] -- Found rosidl_adapter: 1.3.1 (/opt/ros/foxy/share/rosidl_adapter/cmake)
[0.286s] -- Using all available rosidl_typesupport_cpp: rosidl_typesupport_fastrtps_cpp;rosidl_typesupport_introspection_cpp
[0.302s] -- Found rclcpp: 2.4.3 (/opt/ros/foxy/share/rclcpp/cmake)
[0.343s] -- Found rmw_implementation_cmake: 1.0.4 (/opt/ros/foxy/share/rmw_implementation_cmake/cmake)
[0.343s] -- Using RMW implementation 'rmw_fastrtps_cpp' as default
[0.455s] -- Found rclpy: 1.0.13 (/opt/ros/foxy/share/rclpy/cmake)
[0.455s] -- Found cv_bridge: 3.0.7 (/opt/ros/foxy/share/cv_bridge/cmake)
[0.565s] -- Found nav_msgs: 2.0.5 (/opt/ros/foxy/share/nav_msgs/cmake)
[0.622s] -- Found visualization_msgs: 2.0.5 (/opt/ros/foxy/share/visualization_msgs/cmake)
[0.689s] -- Found pcl_msgs: 1.0.0 (/opt/ros/foxy/share/pcl_msgs/cmake)
[0.771s] -- Found tf2: 0.13.14 (/opt/ros/foxy/share/tf2/cmake)
[0.778s] -- Found tf2_geometry_msgs: 0.13.14 (/opt/ros/foxy/share/tf2_geometry_msgs/cmake)
[0.782s] -- Found eigen3_cmake_module: 0.1.1 (/opt/ros/foxy/share/eigen3_cmake_module/cmake)
[1.054s] -- Found tf2_sensor_msgs: 0.13.14 (/opt/ros/foxy/share/tf2_sensor_msgs/cmake)
[1.067s] -- Found tf2_eigen: 0.13.14 (/opt/ros/foxy/share/tf2_eigen/cmake)
[1.080s] -- Found Eigen: /usr/include/eigen3 (Required is at least version "3.1") 
[1.081s] -- Eigen found (include: /usr/include/eigen3, version: 3.3.7)
[1.088s] -- Found Boost: /usr/include (found suitable version "1.71.0", minimum required is "1.55.0") found components: system filesystem date_time iostreams regex 
[1.142s] -- The imported target "vtkParseOGLExt" references the file
[1.142s]    "/usr/bin/vtkParseOGLExt-7.1"
[1.143s] but this file does not exist.  Possible reasons include:
[1.143s] * The file was deleted, renamed, or moved to another location.
[1.143s] * An install or uninstall procedure did not complete successfully.
[1.143s] * The installation package was faulty and contained
[1.143s]    "/usr/lib/cmake/vtk-7.1/VTKTargets.cmake"
[1.143s] but not all the files it references.
[1.143s] 
[1.143s] -- The imported target "vtkRenderingPythonTkWidgets" references the file
[1.144s]    "/usr/lib/x86_64-linux-gnu/libvtkRenderingPythonTkWidgets.so"
[1.144s] but this file does not exist.  Possible reasons include:
[1.144s] * The file was deleted, renamed, or moved to another location.
[1.144s] * An install or uninstall procedure did not complete successfully.
[1.144s] * The installation package was faulty and contained
[1.144s]    "/usr/lib/cmake/vtk-7.1/VTKTargets.cmake"
[1.144s] but not all the files it references.
[1.144s] 
[1.144s] -- The imported target "vtk" references the file
[1.144s]    "/usr/bin/vtk"
[1.144s] but this file does not exist.  Possible reasons include:
[1.144s] * The file was deleted, renamed, or moved to another location.
[1.145s] * An install or uninstall procedure did not complete successfully.
[1.145s] * The installation package was faulty and contained
[1.145s]    "/usr/lib/cmake/vtk-7.1/VTKTargets.cmake"
[1.145s] but not all the files it references.
[1.145s] 
[1.145s] -- The imported target "pvtk" references the file
[1.145s]    "/usr/bin/pvtk"
[1.145s] but this file does not exist.  Possible reasons include:
[1.145s] * The file was deleted, renamed, or moved to another location.
[1.145s] * An install or uninstall procedure did not complete successfully.
[1.145s] * The installation package was faulty and contained
[1.146s]    "/usr/lib/cmake/vtk-7.1/VTKTargets.cmake"
[1.146s] but not all the files it references.
[1.146s] 
[1.160s] -- OpenNI found (include: /usr/include/ni, lib: /usr/lib/libOpenNI.so)
[1.165s] -- OpenNI2 found (include: /usr/include/openni2, lib: /usr/lib/libOpenNI2.so)
[1.165s] ** WARNING ** io features related to pcap will be disabled
[1.165s] ** WARNING ** io features related to png will be disabled
[1.174s] ** WARNING ** io features related to libusb-1.0 will be disabled
[1.178s] -- OpenNI found (include: /usr/include/ni, lib: /usr/lib/libOpenNI.so)
[1.184s] -- OpenNI2 found (include: /usr/include/openni2, lib: /usr/lib/libOpenNI2.so)
[1.195s] -- QHULL found (include: /usr/include, lib: optimized;/usr/lib/x86_64-linux-gnu/libqhull.so;debug;/usr/lib/x86_64-linux-gnu/libqhull.so)
[1.199s] -- OpenNI found (include: /usr/include/ni, lib: /usr/lib/libOpenNI.so)
[1.208s] -- looking for PCL_COMMON
[1.208s] -- looking for PCL_KDTREE
[1.209s] -- looking for PCL_OCTREE
[1.209s] -- looking for PCL_SEARCH
[1.209s] -- looking for PCL_SAMPLE_CONSENSUS
[1.210s] -- looking for PCL_FILTERS
[1.210s] -- looking for PCL_2D
[1.210s] -- looking for PCL_GEOMETRY
[1.211s] -- looking for PCL_IO
[1.211s] -- looking for PCL_FEATURES
[1.211s] -- looking for PCL_ML
[1.212s] -- looking for PCL_SEGMENTATION
[1.212s] -- looking for PCL_VISUALIZATION
[1.213s] -- looking for PCL_SURFACE
[1.213s] -- looking for PCL_REGISTRATION
[1.213s] -- looking for PCL_KEYPOINTS
[1.214s] -- looking for PCL_TRACKING
[1.214s] -- looking for PCL_RECOGNITION
[1.215s] -- looking for PCL_STEREO
[1.215s] -- looking for PCL_APPS
[1.216s] -- looking for PCL_IN_HAND_SCANNER
[1.216s] -- looking for PCL_POINT_CLOUD_EDITOR
[1.216s] -- looking for PCL_OUTOFCORE
[1.217s] -- looking for PCL_PEOPLE
[1.230s] -- Found Boost: /usr/include (found suitable version "1.71.0", minimum required is "1.65") found components: serialization system filesystem thread program_options date_time timer chrono regex atomic 
[1.231s] -- GTSAM include directory:  /usr/lib/cmake/GTSAM/../../../include
[1.235s] -- Found Eigen: /usr/include/eigen3  
[1.235s] -- Eigen found (include: /usr/include/eigen3, version: 3.3.7)
[1.259s] -- Found PythonInterp: /usr/bin/python3 (found version "3.8.10") 
[1.429s] -- Found ament_cmake_ros: 0.9.2 (/opt/ros/foxy/share/ament_cmake_ros/cmake)
[1.639s] -- Using all available rosidl_typesupport_c: rosidl_typesupport_fastrtps_c;rosidl_typesupport_introspection_c
[1.746s] -- Using all available rosidl_typesupport_cpp: rosidl_typesupport_fastrtps_cpp;rosidl_typesupport_introspection_cpp
[1.771s] -- Found PythonInterp: /usr/bin/python3 (found suitable version "3.8.10", minimum required is "3.5") 
[1.771s] -- Found python_cmake_module: 0.8.1 (/opt/ros/foxy/share/python_cmake_module/cmake)
[1.796s] -- Using PYTHON_EXECUTABLE: /usr/bin/python3
[1.796s] -- Using PYTHON_INCLUDE_DIRS: /usr/include/python3.8
[1.797s] -- Using PYTHON_LIBRARIES: /usr/lib/x86_64-linux-gnu/libpython3.8.so
[1.962s] -- Found ament_lint_auto: 0.9.8 (/opt/ros/foxy/share/ament_lint_auto/cmake)
[1.970s] -- Added test 'copyright' to check source files copyright and LICENSE
[1.972s] -- Added test 'cppcheck' to perform static code analysis on C / C++ code
[1.975s] -- Configured cppcheck include dirs: /home/ngin/LAB/Resfes24/Robot_LiDAR3d/src/LIO-SAM/include/lio_sam
[1.975s] -- Configured cppcheck exclude dirs and/or files: 
[1.977s] -- Added test 'cpplint' to check C / C++ code against the Google style
[1.977s] -- Configured cpplint exclude dirs and/or files: 
[1.977s] -- Added test 'flake8' to check Python code syntax and style conventions
[1.978s] -- Added test 'lint_cmake' to check CMake code style
[1.979s] -- Added test 'pep257' to check Python code against some of the style conventions in PEP 257
[1.980s] -- Added test 'uncrustify' to check C / C++ code style
[1.981s] -- Configured uncrustify additional arguments: 
[1.981s] -- Added test 'xmllint' to check XML markup files
[1.985s] -- Configuring done
[2.174s] -- Generating done
[2.177s] -- Build files have been written to: /home/ngin/LAB/Resfes24/Robot_LiDAR3d/build/lio_sam
