[0.184s] Invoking command in '/home/ngin/LAB/Resfes24/Robot_LiDAR3d/build/lio_sam': CMAKE_PREFIX_PATH=/opt/ros/foxy /usr/bin/cmake --build /home/ngin/LAB/Resfes24/Robot_LiDAR3d/build/lio_sam -- -j12 -l12
[0.250s] [  2%] Built target lio_sam__cpp
[0.261s] [ 10%] Built target lio_sam__rosidl_generator_c
[0.271s] [ 19%] Built target lio_sam__rosidl_typesupport_cpp
[0.273s] [ 27%] Built target lio_sam__rosidl_typesupport_introspection_cpp
[0.276s] [ 36%] Built target lio_sam__rosidl_typesupport_fastrtps_cpp
[0.284s] [ 44%] Built target lio_sam__rosidl_typesupport_introspection_c
[0.285s] [ 53%] Built target lio_sam__rosidl_typesupport_c
[0.302s] [ 61%] Built target lio_sam__rosidl_typesupport_fastrtps_c
[0.322s] [ 61%] Built target lio_sam
[0.339s] [ 74%] Built target lio_sam_imageProjection
[0.339s] [ 74%] Built target lio_sam_featureExtraction
[0.339s] [ 74%] Built target lio_sam_imuPreintegration
[0.342s] [ 76%] Built target lio_sam__py
[0.344s] [ 80%] Built target lio_sam_mapOptimization
[0.366s] [ 87%] Built target lio_sam__python
[0.388s] [ 93%] Built target lio_sam__rosidl_typesupport_c__pyext
[0.388s] [ 95%] Built target lio_sam__rosidl_typesupport_fastrtps_c__pyext
[0.389s] [100%] Built target lio_sam__rosidl_typesupport_introspection_c__pyext
[0.398s] Invoked command in '/home/ngin/LAB/Resfes24/Robot_LiDAR3d/build/lio_sam' returned '0': CMAKE_PREFIX_PATH=/opt/ros/foxy /usr/bin/cmake --build /home/ngin/LAB/Resfes24/Robot_LiDAR3d/build/lio_sam -- -j12 -l12
[0.454s] Invoking command in '/home/ngin/LAB/Resfes24/Robot_LiDAR3d/build/lio_sam': CMAKE_PREFIX_PATH=/opt/ros/foxy /usr/bin/cmake --install /home/ngin/LAB/Resfes24/Robot_LiDAR3d/build/lio_sam
[0.463s] -- Install configuration: "Release"
[0.463s] -- Execute custom install script
[0.464s] -- Up-to-date symlink: /home/ngin/LAB/Resfes24/Robot_LiDAR3d/install/lio_sam/share/ament_index/resource_index/rosidl_interfaces/lio_sam
[0.464s] -- Up-to-date symlink: /home/ngin/LAB/Resfes24/Robot_LiDAR3d/install/lio_sam/include/lio_sam/msg/cloud_info.h
[0.464s] -- Up-to-date symlink: /home/ngin/LAB/Resfes24/Robot_LiDAR3d/install/lio_sam/include/lio_sam/msg/detail/cloud_info__functions.h
[0.464s] -- Up-to-date symlink: /home/ngin/LAB/Resfes24/Robot_LiDAR3d/install/lio_sam/include/lio_sam/msg/detail/cloud_info__struct.h
[0.465s] -- Up-to-date symlink: /home/ngin/LAB/Resfes24/Robot_LiDAR3d/install/lio_sam/include/lio_sam/msg/detail/cloud_info__type_support.h
[0.465s] -- Up-to-date symlink: /home/ngin/LAB/Resfes24/Robot_LiDAR3d/install/lio_sam/include/lio_sam/msg/rosidl_generator_c__visibility_control.h
[0.465s] -- Up-to-date symlink: /home/ngin/LAB/Resfes24/Robot_LiDAR3d/install/lio_sam/include/lio_sam/srv/detail/save_map__functions.h
[0.465s] -- Up-to-date symlink: /home/ngin/LAB/Resfes24/Robot_LiDAR3d/install/lio_sam/include/lio_sam/srv/detail/save_map__struct.h
[0.465s] -- Up-to-date symlink: /home/ngin/LAB/Resfes24/Robot_LiDAR3d/install/lio_sam/include/lio_sam/srv/detail/save_map__type_support.h
[0.465s] -- Up-to-date symlink: /home/ngin/LAB/Resfes24/Robot_LiDAR3d/install/lio_sam/include/lio_sam/srv/save_map.h
[0.465s] -- Up-to-date symlink: /home/ngin/LAB/Resfes24/Robot_LiDAR3d/install/lio_sam/share/lio_sam/environment/library_path.sh
[0.466s] -- Up-to-date symlink: /home/ngin/LAB/Resfes24/Robot_LiDAR3d/install/lio_sam/share/lio_sam/environment/library_path.dsv
[0.466s] -- Up-to-date symlink: /home/ngin/LAB/Resfes24/Robot_LiDAR3d/install/lio_sam/include/lio_sam/msg/detail/cloud_info__rosidl_typesupport_fastrtps_c.h
[0.466s] -- Up-to-date symlink: /home/ngin/LAB/Resfes24/Robot_LiDAR3d/install/lio_sam/include/lio_sam/msg/rosidl_typesupport_fastrtps_c__visibility_control.h
[0.466s] -- Up-to-date symlink: /home/ngin/LAB/Resfes24/Robot_LiDAR3d/install/lio_sam/include/lio_sam/srv/detail/save_map__rosidl_typesupport_fastrtps_c.h
[0.467s] -- Up-to-date symlink: /home/ngin/LAB/Resfes24/Robot_LiDAR3d/install/lio_sam/lib/liblio_sam__rosidl_typesupport_fastrtps_c.so
[0.467s] -- Up-to-date symlink: /home/ngin/LAB/Resfes24/Robot_LiDAR3d/install/lio_sam/include/lio_sam/msg/detail/cloud_info__rosidl_typesupport_fastrtps_cpp.hpp
[0.468s] -- Up-to-date symlink: /home/ngin/LAB/Resfes24/Robot_LiDAR3d/install/lio_sam/include/lio_sam/msg/rosidl_typesupport_fastrtps_cpp__visibility_control.h
[0.468s] -- Up-to-date symlink: /home/ngin/LAB/Resfes24/Robot_LiDAR3d/install/lio_sam/include/lio_sam/srv/detail/save_map__rosidl_typesupport_fastrtps_cpp.hpp
[0.468s] -- Up-to-date symlink: /home/ngin/LAB/Resfes24/Robot_LiDAR3d/install/lio_sam/lib/liblio_sam__rosidl_typesupport_fastrtps_cpp.so
[0.468s] -- Up-to-date symlink: /home/ngin/LAB/Resfes24/Robot_LiDAR3d/install/lio_sam/include/lio_sam/msg/detail/cloud_info__rosidl_typesupport_introspection_c.h
[0.468s] -- Up-to-date symlink: /home/ngin/LAB/Resfes24/Robot_LiDAR3d/install/lio_sam/include/lio_sam/msg/rosidl_typesupport_introspection_c__visibility_control.h
[0.469s] -- Up-to-date symlink: /home/ngin/LAB/Resfes24/Robot_LiDAR3d/install/lio_sam/include/lio_sam/srv/detail/save_map__rosidl_typesupport_introspection_c.h
[0.469s] -- Up-to-date symlink: /home/ngin/LAB/Resfes24/Robot_LiDAR3d/install/lio_sam/include/lio_sam/msg/cloud_info.hpp
[0.469s] -- Up-to-date symlink: /home/ngin/LAB/Resfes24/Robot_LiDAR3d/install/lio_sam/include/lio_sam/msg/detail/cloud_info__builder.hpp
[0.469s] -- Up-to-date symlink: /home/ngin/LAB/Resfes24/Robot_LiDAR3d/install/lio_sam/include/lio_sam/msg/detail/cloud_info__struct.hpp
[0.469s] -- Up-to-date symlink: /home/ngin/LAB/Resfes24/Robot_LiDAR3d/install/lio_sam/include/lio_sam/msg/detail/cloud_info__traits.hpp
[0.469s] -- Up-to-date symlink: /home/ngin/LAB/Resfes24/Robot_LiDAR3d/install/lio_sam/include/lio_sam/msg/detail/cloud_info__type_support.hpp
[0.470s] -- Up-to-date symlink: /home/ngin/LAB/Resfes24/Robot_LiDAR3d/install/lio_sam/include/lio_sam/msg/rosidl_generator_cpp__visibility_control.hpp
[0.470s] -- Up-to-date symlink: /home/ngin/LAB/Resfes24/Robot_LiDAR3d/install/lio_sam/include/lio_sam/srv/detail/save_map__builder.hpp
[0.470s] -- Up-to-date symlink: /home/ngin/LAB/Resfes24/Robot_LiDAR3d/install/lio_sam/include/lio_sam/srv/detail/save_map__struct.hpp
[0.470s] -- Up-to-date symlink: /home/ngin/LAB/Resfes24/Robot_LiDAR3d/install/lio_sam/include/lio_sam/srv/detail/save_map__traits.hpp
[0.470s] -- Up-to-date symlink: /home/ngin/LAB/Resfes24/Robot_LiDAR3d/install/lio_sam/include/lio_sam/srv/detail/save_map__type_support.hpp
[0.470s] -- Up-to-date symlink: /home/ngin/LAB/Resfes24/Robot_LiDAR3d/install/lio_sam/include/lio_sam/srv/save_map.hpp
[0.471s] -- Up-to-date symlink: /home/ngin/LAB/Resfes24/Robot_LiDAR3d/install/lio_sam/include/lio_sam/msg/detail/cloud_info__rosidl_typesupport_introspection_cpp.hpp
[0.471s] -- Up-to-date symlink: /home/ngin/LAB/Resfes24/Robot_LiDAR3d/install/lio_sam/include/lio_sam/srv/detail/save_map__rosidl_typesupport_introspection_cpp.hpp
[0.471s] -- Up-to-date symlink: /home/ngin/LAB/Resfes24/Robot_LiDAR3d/install/lio_sam/share/lio_sam/environment/pythonpath.sh
[0.471s] -- Up-to-date symlink: /home/ngin/LAB/Resfes24/Robot_LiDAR3d/install/lio_sam/share/lio_sam/environment/pythonpath.dsv
[0.471s] -- Up-to-date symlink: /home/ngin/LAB/Resfes24/Robot_LiDAR3d/install/lio_sam/lib/python3.8/site-packages/lio_sam/__init__.py
[0.472s] -- Up-to-date symlink: /home/ngin/LAB/Resfes24/Robot_LiDAR3d/install/lio_sam/lib/python3.8/site-packages/lio_sam/msg/__init__.py
[0.472s] -- Up-to-date symlink: /home/ngin/LAB/Resfes24/Robot_LiDAR3d/install/lio_sam/lib/python3.8/site-packages/lio_sam/msg/_cloud_info.py
[0.472s] -- Up-to-date symlink: /home/ngin/LAB/Resfes24/Robot_LiDAR3d/install/lio_sam/lib/python3.8/site-packages/lio_sam/srv/__init__.py
[0.472s] -- Up-to-date symlink: /home/ngin/LAB/Resfes24/Robot_LiDAR3d/install/lio_sam/lib/python3.8/site-packages/lio_sam/srv/_save_map.py
[0.473s] -- Up-to-date symlink: /home/ngin/LAB/Resfes24/Robot_LiDAR3d/install/lio_sam/lib/python3.8/site-packages/lio_sam/lio_sam_s__rosidl_typesupport_fastrtps_c.cpython-38-x86_64-linux-gnu.so
[0.473s] -- Up-to-date symlink: /home/ngin/LAB/Resfes24/Robot_LiDAR3d/install/lio_sam/lib/python3.8/site-packages/lio_sam/lio_sam_s__rosidl_typesupport_introspection_c.cpython-38-x86_64-linux-gnu.so
[0.473s] -- Up-to-date symlink: /home/ngin/LAB/Resfes24/Robot_LiDAR3d/install/lio_sam/lib/python3.8/site-packages/lio_sam/lio_sam_s__rosidl_typesupport_c.cpython-38-x86_64-linux-gnu.so
[0.474s] -- Up-to-date symlink: /home/ngin/LAB/Resfes24/Robot_LiDAR3d/install/lio_sam/lib/liblio_sam__python.so
[0.474s] -- Up-to-date symlink: /home/ngin/LAB/Resfes24/Robot_LiDAR3d/install/lio_sam/share/lio_sam/msg/CloudInfo.idl
[0.474s] -- Up-to-date symlink: /home/ngin/LAB/Resfes24/Robot_LiDAR3d/install/lio_sam/share/lio_sam/srv/SaveMap.idl
[0.474s] -- Up-to-date symlink: /home/ngin/LAB/Resfes24/Robot_LiDAR3d/install/lio_sam/share/lio_sam/msg/CloudInfo.msg
[0.475s] -- Up-to-date symlink: /home/ngin/LAB/Resfes24/Robot_LiDAR3d/install/lio_sam/share/lio_sam/srv/SaveMap.srv
[0.475s] -- Up-to-date symlink: /home/ngin/LAB/Resfes24/Robot_LiDAR3d/install/lio_sam/share/lio_sam/srv/SaveMap_Request.msg
[0.475s] -- Up-to-date symlink: /home/ngin/LAB/Resfes24/Robot_LiDAR3d/install/lio_sam/share/lio_sam/srv/SaveMap_Response.msg
[0.475s] -- Up-to-date symlink: /home/ngin/LAB/Resfes24/Robot_LiDAR3d/install/lio_sam/share/lio_sam//launch/run.launch.py
[0.476s] -- Up-to-date symlink: /home/ngin/LAB/Resfes24/Robot_LiDAR3d/install/lio_sam/share/lio_sam//config/doc/demo.gif
[0.476s] -- Up-to-date symlink: /home/ngin/LAB/Resfes24/Robot_LiDAR3d/install/lio_sam/share/lio_sam//config/doc/device-boat.png
[0.476s] -- Up-to-date symlink: /home/ngin/LAB/Resfes24/Robot_LiDAR3d/install/lio_sam/share/lio_sam//config/doc/device-hand-2.png
[0.476s] -- Up-to-date symlink: /home/ngin/LAB/Resfes24/Robot_LiDAR3d/install/lio_sam/share/lio_sam//config/doc/device-hand.png
[0.476s] -- Up-to-date symlink: /home/ngin/LAB/Resfes24/Robot_LiDAR3d/install/lio_sam/share/lio_sam//config/doc/device-jackal.png
[0.476s] -- Up-to-date symlink: /home/ngin/LAB/Resfes24/Robot_LiDAR3d/install/lio_sam/share/lio_sam//config/doc/gps-demo.gif
[0.476s] -- Up-to-date symlink: /home/ngin/LAB/Resfes24/Robot_LiDAR3d/install/lio_sam/share/lio_sam//config/doc/imu-debug.gif
[0.476s] -- Up-to-date symlink: /home/ngin/LAB/Resfes24/Robot_LiDAR3d/install/lio_sam/share/lio_sam//config/doc/imu-transform.png
[0.477s] -- Up-to-date symlink: /home/ngin/LAB/Resfes24/Robot_LiDAR3d/install/lio_sam/share/lio_sam//config/doc/kitti-demo.gif
[0.477s] -- Up-to-date symlink: /home/ngin/LAB/Resfes24/Robot_LiDAR3d/install/lio_sam/share/lio_sam//config/doc/kitti-map.png
[0.477s] -- Up-to-date symlink: /home/ngin/LAB/Resfes24/Robot_LiDAR3d/install/lio_sam/share/lio_sam//config/doc/kitti2bag/README.md
[0.477s] -- Up-to-date symlink: /home/ngin/LAB/Resfes24/Robot_LiDAR3d/install/lio_sam/share/lio_sam//config/doc/kitti2bag/kitti2bag.py
[0.477s] -- Up-to-date symlink: /home/ngin/LAB/Resfes24/Robot_LiDAR3d/install/lio_sam/share/lio_sam//config/doc/loop-closure-2.gif
[0.477s] -- Up-to-date symlink: /home/ngin/LAB/Resfes24/Robot_LiDAR3d/install/lio_sam/share/lio_sam//config/doc/loop-closure.gif
[0.477s] -- Up-to-date symlink: /home/ngin/LAB/Resfes24/Robot_LiDAR3d/install/lio_sam/share/lio_sam//config/doc/ouster-demo.gif
[0.477s] -- Up-to-date symlink: /home/ngin/LAB/Resfes24/Robot_LiDAR3d/install/lio_sam/share/lio_sam//config/doc/ouster-device.jpg
[0.477s] -- Up-to-date symlink: /home/ngin/LAB/Resfes24/Robot_LiDAR3d/install/lio_sam/share/lio_sam//config/doc/paper.pdf
[0.478s] -- Up-to-date symlink: /home/ngin/LAB/Resfes24/Robot_LiDAR3d/install/lio_sam/share/lio_sam//config/doc/system.png
[0.478s] -- Up-to-date symlink: /home/ngin/LAB/Resfes24/Robot_LiDAR3d/install/lio_sam/share/lio_sam//config/params.yaml
[0.478s] -- Up-to-date symlink: /home/ngin/LAB/Resfes24/Robot_LiDAR3d/install/lio_sam/share/lio_sam//config/robot.urdf.xacro
[0.478s] -- Up-to-date symlink: /home/ngin/LAB/Resfes24/Robot_LiDAR3d/install/lio_sam/share/lio_sam//config/rviz2.rviz
[0.478s] -- Up-to-date symlink: /home/ngin/LAB/Resfes24/Robot_LiDAR3d/install/lio_sam/lib/lio_sam/lio_sam_imageProjection
[0.479s] -- Up-to-date symlink: /home/ngin/LAB/Resfes24/Robot_LiDAR3d/install/lio_sam/lib/lio_sam/lio_sam_imuPreintegration
[0.479s] -- Up-to-date symlink: /home/ngin/LAB/Resfes24/Robot_LiDAR3d/install/lio_sam/lib/lio_sam/lio_sam_featureExtraction
[0.480s] -- Up-to-date symlink: /home/ngin/LAB/Resfes24/Robot_LiDAR3d/install/lio_sam/lib/lio_sam/lio_sam_mapOptimization
[0.480s] -- Up-to-date symlink: /home/ngin/LAB/Resfes24/Robot_LiDAR3d/install/lio_sam/include/lio_sam/utility.hpp
[0.480s] -- Up-to-date symlink: /home/ngin/LAB/Resfes24/Robot_LiDAR3d/install/lio_sam/share/ament_index/resource_index/package_run_dependencies/lio_sam
[0.481s] -- Up-to-date symlink: /home/ngin/LAB/Resfes24/Robot_LiDAR3d/install/lio_sam/share/ament_index/resource_index/parent_prefix_path/lio_sam
[0.481s] -- Up-to-date symlink: /home/ngin/LAB/Resfes24/Robot_LiDAR3d/install/lio_sam/share/lio_sam/environment/ament_prefix_path.sh
[0.481s] -- Up-to-date symlink: /home/ngin/LAB/Resfes24/Robot_LiDAR3d/install/lio_sam/share/lio_sam/environment/ament_prefix_path.dsv
[0.481s] -- Up-to-date symlink: /home/ngin/LAB/Resfes24/Robot_LiDAR3d/install/lio_sam/share/lio_sam/environment/path.sh
[0.482s] -- Up-to-date symlink: /home/ngin/LAB/Resfes24/Robot_LiDAR3d/install/lio_sam/share/lio_sam/environment/path.dsv
[0.482s] -- Up-to-date symlink: /home/ngin/LAB/Resfes24/Robot_LiDAR3d/install/lio_sam/share/lio_sam/local_setup.bash
[0.482s] -- Up-to-date symlink: /home/ngin/LAB/Resfes24/Robot_LiDAR3d/install/lio_sam/share/lio_sam/local_setup.sh
[0.482s] -- Up-to-date symlink: /home/ngin/LAB/Resfes24/Robot_LiDAR3d/install/lio_sam/share/lio_sam/local_setup.zsh
[0.482s] -- Up-to-date symlink: /home/ngin/LAB/Resfes24/Robot_LiDAR3d/install/lio_sam/share/lio_sam/local_setup.dsv
[0.483s] -- Symlinking: /home/ngin/LAB/Resfes24/Robot_LiDAR3d/install/lio_sam/share/lio_sam/package.dsv
[0.491s] -- Up-to-date symlink: /home/ngin/LAB/Resfes24/Robot_LiDAR3d/install/lio_sam/share/ament_index/resource_index/packages/lio_sam
[0.491s] -- Up-to-date symlink: /home/ngin/LAB/Resfes24/Robot_LiDAR3d/install/lio_sam/share/lio_sam/cmake/rosidl_cmake-extras.cmake
[0.491s] -- Up-to-date symlink: /home/ngin/LAB/Resfes24/Robot_LiDAR3d/install/lio_sam/share/lio_sam/cmake/ament_cmake_export_dependencies-extras.cmake
[0.492s] -- Up-to-date symlink: /home/ngin/LAB/Resfes24/Robot_LiDAR3d/install/lio_sam/share/lio_sam/cmake/ament_cmake_export_libraries-extras.cmake
[0.492s] -- Up-to-date symlink: /home/ngin/LAB/Resfes24/Robot_LiDAR3d/install/lio_sam/share/lio_sam/cmake/ament_cmake_export_targets-extras.cmake
[0.492s] -- Up-to-date symlink: /home/ngin/LAB/Resfes24/Robot_LiDAR3d/install/lio_sam/share/lio_sam/cmake/ament_cmake_export_include_directories-extras.cmake
[0.492s] -- Up-to-date symlink: /home/ngin/LAB/Resfes24/Robot_LiDAR3d/install/lio_sam/share/lio_sam/cmake/rosidl_cmake_export_typesupport_libraries-extras.cmake
[0.492s] -- Up-to-date symlink: /home/ngin/LAB/Resfes24/Robot_LiDAR3d/install/lio_sam/share/lio_sam/cmake/rosidl_cmake_export_typesupport_targets-extras.cmake
[0.493s] -- Up-to-date symlink: /home/ngin/LAB/Resfes24/Robot_LiDAR3d/install/lio_sam/share/lio_sam/cmake/lio_samConfig.cmake
[0.493s] -- Up-to-date symlink: /home/ngin/LAB/Resfes24/Robot_LiDAR3d/install/lio_sam/share/lio_sam/cmake/lio_samConfig-version.cmake
[0.493s] -- Up-to-date symlink: /home/ngin/LAB/Resfes24/Robot_LiDAR3d/install/lio_sam/share/lio_sam/package.xml
[0.493s] -- Up-to-date: /home/ngin/LAB/Resfes24/Robot_LiDAR3d/install/lio_sam/lib/liblio_sam__rosidl_generator_c.so
[0.494s] -- Up-to-date: /home/ngin/LAB/Resfes24/Robot_LiDAR3d/install/lio_sam/lib/liblio_sam__rosidl_typesupport_introspection_c.so
[0.494s] -- Up-to-date: /home/ngin/LAB/Resfes24/Robot_LiDAR3d/install/lio_sam/lib/liblio_sam__rosidl_typesupport_c.so
[0.495s] -- Up-to-date: /home/ngin/LAB/Resfes24/Robot_LiDAR3d/install/lio_sam/lib/liblio_sam__rosidl_typesupport_introspection_cpp.so
[0.496s] -- Up-to-date: /home/ngin/LAB/Resfes24/Robot_LiDAR3d/install/lio_sam/lib/liblio_sam__rosidl_typesupport_cpp.so
[0.520s] -- Up-to-date: /home/ngin/LAB/Resfes24/Robot_LiDAR3d/install/lio_sam/share/lio_sam/cmake/lio_sam__rosidl_generator_cExport.cmake
[0.521s] -- Up-to-date: /home/ngin/LAB/Resfes24/Robot_LiDAR3d/install/lio_sam/share/lio_sam/cmake/lio_sam__rosidl_generator_cExport-release.cmake
[0.521s] -- Up-to-date: /home/ngin/LAB/Resfes24/Robot_LiDAR3d/install/lio_sam/share/lio_sam/cmake/lio_sam__rosidl_typesupport_introspection_cExport.cmake
[0.521s] -- Up-to-date: /home/ngin/LAB/Resfes24/Robot_LiDAR3d/install/lio_sam/share/lio_sam/cmake/lio_sam__rosidl_typesupport_introspection_cExport-release.cmake
[0.521s] -- Up-to-date: /home/ngin/LAB/Resfes24/Robot_LiDAR3d/install/lio_sam/share/lio_sam/cmake/lio_sam__rosidl_typesupport_cExport.cmake
[0.521s] -- Up-to-date: /home/ngin/LAB/Resfes24/Robot_LiDAR3d/install/lio_sam/share/lio_sam/cmake/lio_sam__rosidl_typesupport_cExport-release.cmake
[0.522s] -- Up-to-date: /home/ngin/LAB/Resfes24/Robot_LiDAR3d/install/lio_sam/share/lio_sam/cmake/lio_sam__rosidl_generator_cppExport.cmake
[0.522s] -- Up-to-date: /home/ngin/LAB/Resfes24/Robot_LiDAR3d/install/lio_sam/share/lio_sam/cmake/lio_sam__rosidl_typesupport_introspection_cppExport.cmake
[0.522s] -- Up-to-date: /home/ngin/LAB/Resfes24/Robot_LiDAR3d/install/lio_sam/share/lio_sam/cmake/lio_sam__rosidl_typesupport_introspection_cppExport-release.cmake
[0.522s] -- Up-to-date: /home/ngin/LAB/Resfes24/Robot_LiDAR3d/install/lio_sam/share/lio_sam/cmake/lio_sam__rosidl_typesupport_cppExport.cmake
[0.522s] -- Up-to-date: /home/ngin/LAB/Resfes24/Robot_LiDAR3d/install/lio_sam/share/lio_sam/cmake/lio_sam__rosidl_typesupport_cppExport-release.cmake
[0.525s] Invoked command in '/home/ngin/LAB/Resfes24/Robot_LiDAR3d/build/lio_sam' returned '0': CMAKE_PREFIX_PATH=/opt/ros/foxy /usr/bin/cmake --install /home/ngin/LAB/Resfes24/Robot_LiDAR3d/build/lio_sam
