[0.012s] Invoking command in '/home/ngin/LAB/Resfes24/Robot_LiDAR3d/build/lio_sam': CMAKE_PREFIX_PATH=${CMAKE_PREFIX_PATH}:/opt/ros/foxy /usr/bin/cmake --build /home/ngin/LAB/Resfes24/Robot_LiDAR3d/build/lio_sam -- -j12 -l12
[0.056s] [  2%] Built target lio_sam__cpp
[0.057s] [ 10%] Built target lio_sam__rosidl_generator_c
[0.073s] [ 36%] Built target lio_sam__rosidl_typesupport_cpp
[0.073s] [ 36%] Built target lio_sam__rosidl_typesupport_c
[0.073s] [ 36%] Built target lio_sam__rosidl_typesupport_introspection_cpp
[0.076s] [ 44%] Built target lio_sam__rosidl_typesupport_fastrtps_cpp
[0.078s] [ 53%] Built target lio_sam__rosidl_typesupport_introspection_c
[0.100s] [ 61%] Built target lio_sam__rosidl_typesupport_fastrtps_c
[0.107s] [ 70%] Built target lio_sam_featureExtraction
[0.107s] [ 70%] Built target lio_sam_imuPreintegration
[0.112s] [ 74%] Built target lio_sam_mapOptimization
[0.113s] [ 78%] Built target lio_sam_imageProjection
[0.113s] [ 78%] Built target lio_sam
[0.129s] [ 80%] Built target lio_sam__py
[0.153s] [ 87%] Built target lio_sam__python
[0.173s] [100%] Built target lio_sam__rosidl_typesupport_fastrtps_c__pyext
[0.173s] [100%] Built target lio_sam__rosidl_typesupport_c__pyext
[0.173s] [100%] Built target lio_sam__rosidl_typesupport_introspection_c__pyext
[0.180s] Invoked command in '/home/ngin/LAB/Resfes24/Robot_LiDAR3d/build/lio_sam' returned '0': CMAKE_PREFIX_PATH=${CMAKE_PREFIX_PATH}:/opt/ros/foxy /usr/bin/cmake --build /home/ngin/LAB/Resfes24/Robot_LiDAR3d/build/lio_sam -- -j12 -l12
[0.224s] Invoking command in '/home/ngin/LAB/Resfes24/Robot_LiDAR3d/build/lio_sam': CMAKE_PREFIX_PATH=${CMAKE_PREFIX_PATH}:/opt/ros/foxy /usr/bin/cmake --install /home/ngin/LAB/Resfes24/Robot_LiDAR3d/build/lio_sam
[0.232s] -- Install configuration: "Release"
[0.232s] -- Execute custom install script
[0.233s] -- Up-to-date symlink: /home/ngin/LAB/Resfes24/Robot_LiDAR3d/install/lio_sam/share/ament_index/resource_index/rosidl_interfaces/lio_sam
[0.233s] -- Up-to-date symlink: /home/ngin/LAB/Resfes24/Robot_LiDAR3d/install/lio_sam/include/lio_sam/msg/cloud_info.h
[0.233s] -- Up-to-date symlink: /home/ngin/LAB/Resfes24/Robot_LiDAR3d/install/lio_sam/include/lio_sam/msg/detail/cloud_info__functions.h
[0.234s] -- Up-to-date symlink: /home/ngin/LAB/Resfes24/Robot_LiDAR3d/install/lio_sam/include/lio_sam/msg/detail/cloud_info__struct.h
[0.234s] -- Up-to-date symlink: /home/ngin/LAB/Resfes24/Robot_LiDAR3d/install/lio_sam/include/lio_sam/msg/detail/cloud_info__type_support.h
[0.234s] -- Up-to-date symlink: /home/ngin/LAB/Resfes24/Robot_LiDAR3d/install/lio_sam/include/lio_sam/msg/rosidl_generator_c__visibility_control.h
[0.234s] -- Up-to-date symlink: /home/ngin/LAB/Resfes24/Robot_LiDAR3d/install/lio_sam/include/lio_sam/srv/detail/save_map__functions.h
[0.234s] -- Up-to-date symlink: /home/ngin/LAB/Resfes24/Robot_LiDAR3d/install/lio_sam/include/lio_sam/srv/detail/save_map__struct.h
[0.234s] -- Up-to-date symlink: /home/ngin/LAB/Resfes24/Robot_LiDAR3d/install/lio_sam/include/lio_sam/srv/detail/save_map__type_support.h
[0.234s] -- Up-to-date symlink: /home/ngin/LAB/Resfes24/Robot_LiDAR3d/install/lio_sam/include/lio_sam/srv/save_map.h
[0.234s] -- Up-to-date symlink: /home/ngin/LAB/Resfes24/Robot_LiDAR3d/install/lio_sam/share/lio_sam/environment/library_path.sh
[0.235s] -- Up-to-date symlink: /home/ngin/LAB/Resfes24/Robot_LiDAR3d/install/lio_sam/share/lio_sam/environment/library_path.dsv
[0.235s] -- Up-to-date symlink: /home/ngin/LAB/Resfes24/Robot_LiDAR3d/install/lio_sam/include/lio_sam/msg/detail/cloud_info__rosidl_typesupport_fastrtps_c.h
[0.235s] -- Up-to-date symlink: /home/ngin/LAB/Resfes24/Robot_LiDAR3d/install/lio_sam/include/lio_sam/msg/rosidl_typesupport_fastrtps_c__visibility_control.h
[0.235s] -- Up-to-date symlink: /home/ngin/LAB/Resfes24/Robot_LiDAR3d/install/lio_sam/include/lio_sam/srv/detail/save_map__rosidl_typesupport_fastrtps_c.h
[0.235s] -- Up-to-date symlink: /home/ngin/LAB/Resfes24/Robot_LiDAR3d/install/lio_sam/lib/liblio_sam__rosidl_typesupport_fastrtps_c.so
[0.236s] -- Up-to-date symlink: /home/ngin/LAB/Resfes24/Robot_LiDAR3d/install/lio_sam/include/lio_sam/msg/detail/cloud_info__rosidl_typesupport_fastrtps_cpp.hpp
[0.236s] -- Up-to-date symlink: /home/ngin/LAB/Resfes24/Robot_LiDAR3d/install/lio_sam/include/lio_sam/msg/rosidl_typesupport_fastrtps_cpp__visibility_control.h
[0.236s] -- Up-to-date symlink: /home/ngin/LAB/Resfes24/Robot_LiDAR3d/install/lio_sam/include/lio_sam/srv/detail/save_map__rosidl_typesupport_fastrtps_cpp.hpp
[0.236s] -- Up-to-date symlink: /home/ngin/LAB/Resfes24/Robot_LiDAR3d/install/lio_sam/lib/liblio_sam__rosidl_typesupport_fastrtps_cpp.so
[0.237s] -- Up-to-date symlink: /home/ngin/LAB/Resfes24/Robot_LiDAR3d/install/lio_sam/include/lio_sam/msg/detail/cloud_info__rosidl_typesupport_introspection_c.h
[0.237s] -- Up-to-date symlink: /home/ngin/LAB/Resfes24/Robot_LiDAR3d/install/lio_sam/include/lio_sam/msg/rosidl_typesupport_introspection_c__visibility_control.h
[0.237s] -- Up-to-date symlink: /home/ngin/LAB/Resfes24/Robot_LiDAR3d/install/lio_sam/include/lio_sam/srv/detail/save_map__rosidl_typesupport_introspection_c.h
[0.237s] -- Up-to-date symlink: /home/ngin/LAB/Resfes24/Robot_LiDAR3d/install/lio_sam/include/lio_sam/msg/cloud_info.hpp
[0.237s] -- Up-to-date symlink: /home/ngin/LAB/Resfes24/Robot_LiDAR3d/install/lio_sam/include/lio_sam/msg/detail/cloud_info__builder.hpp
[0.238s] -- Up-to-date symlink: /home/ngin/LAB/Resfes24/Robot_LiDAR3d/install/lio_sam/include/lio_sam/msg/detail/cloud_info__struct.hpp
[0.238s] -- Up-to-date symlink: /home/ngin/LAB/Resfes24/Robot_LiDAR3d/install/lio_sam/include/lio_sam/msg/detail/cloud_info__traits.hpp
[0.238s] -- Up-to-date symlink: /home/ngin/LAB/Resfes24/Robot_LiDAR3d/install/lio_sam/include/lio_sam/msg/detail/cloud_info__type_support.hpp
[0.238s] -- Up-to-date symlink: /home/ngin/LAB/Resfes24/Robot_LiDAR3d/install/lio_sam/include/lio_sam/msg/rosidl_generator_cpp__visibility_control.hpp
[0.238s] -- Up-to-date symlink: /home/ngin/LAB/Resfes24/Robot_LiDAR3d/install/lio_sam/include/lio_sam/srv/detail/save_map__builder.hpp
[0.238s] -- Up-to-date symlink: /home/ngin/LAB/Resfes24/Robot_LiDAR3d/install/lio_sam/include/lio_sam/srv/detail/save_map__struct.hpp
[0.238s] -- Up-to-date symlink: /home/ngin/LAB/Resfes24/Robot_LiDAR3d/install/lio_sam/include/lio_sam/srv/detail/save_map__traits.hpp
[0.238s] -- Up-to-date symlink: /home/ngin/LAB/Resfes24/Robot_LiDAR3d/install/lio_sam/include/lio_sam/srv/detail/save_map__type_support.hpp
[0.238s] -- Up-to-date symlink: /home/ngin/LAB/Resfes24/Robot_LiDAR3d/install/lio_sam/include/lio_sam/srv/save_map.hpp
[0.239s] -- Up-to-date symlink: /home/ngin/LAB/Resfes24/Robot_LiDAR3d/install/lio_sam/include/lio_sam/msg/detail/cloud_info__rosidl_typesupport_introspection_cpp.hpp
[0.239s] -- Up-to-date symlink: /home/ngin/LAB/Resfes24/Robot_LiDAR3d/install/lio_sam/include/lio_sam/srv/detail/save_map__rosidl_typesupport_introspection_cpp.hpp
[0.239s] -- Up-to-date symlink: /home/ngin/LAB/Resfes24/Robot_LiDAR3d/install/lio_sam/share/lio_sam/environment/pythonpath.sh
[0.239s] -- Up-to-date symlink: /home/ngin/LAB/Resfes24/Robot_LiDAR3d/install/lio_sam/share/lio_sam/environment/pythonpath.dsv
[0.239s] -- Up-to-date symlink: /home/ngin/LAB/Resfes24/Robot_LiDAR3d/install/lio_sam/lib/python3.8/site-packages/lio_sam/__init__.py
[0.240s] -- Up-to-date symlink: /home/ngin/LAB/Resfes24/Robot_LiDAR3d/install/lio_sam/lib/python3.8/site-packages/lio_sam/msg/__init__.py
[0.240s] -- Up-to-date symlink: /home/ngin/LAB/Resfes24/Robot_LiDAR3d/install/lio_sam/lib/python3.8/site-packages/lio_sam/msg/_cloud_info.py
[0.240s] -- Up-to-date symlink: /home/ngin/LAB/Resfes24/Robot_LiDAR3d/install/lio_sam/lib/python3.8/site-packages/lio_sam/srv/__init__.py
[0.240s] -- Up-to-date symlink: /home/ngin/LAB/Resfes24/Robot_LiDAR3d/install/lio_sam/lib/python3.8/site-packages/lio_sam/srv/_save_map.py
[0.240s] -- Up-to-date symlink: /home/ngin/LAB/Resfes24/Robot_LiDAR3d/install/lio_sam/lib/python3.8/site-packages/lio_sam/lio_sam_s__rosidl_typesupport_fastrtps_c.cpython-38-x86_64-linux-gnu.so
[0.241s] -- Up-to-date symlink: /home/ngin/LAB/Resfes24/Robot_LiDAR3d/install/lio_sam/lib/python3.8/site-packages/lio_sam/lio_sam_s__rosidl_typesupport_introspection_c.cpython-38-x86_64-linux-gnu.so
[0.241s] -- Up-to-date symlink: /home/ngin/LAB/Resfes24/Robot_LiDAR3d/install/lio_sam/lib/python3.8/site-packages/lio_sam/lio_sam_s__rosidl_typesupport_c.cpython-38-x86_64-linux-gnu.so
[0.241s] -- Up-to-date symlink: /home/ngin/LAB/Resfes24/Robot_LiDAR3d/install/lio_sam/lib/liblio_sam__python.so
[0.241s] -- Up-to-date symlink: /home/ngin/LAB/Resfes24/Robot_LiDAR3d/install/lio_sam/share/lio_sam/msg/CloudInfo.idl
[0.241s] -- Up-to-date symlink: /home/ngin/LAB/Resfes24/Robot_LiDAR3d/install/lio_sam/share/lio_sam/srv/SaveMap.idl
[0.242s] -- Up-to-date symlink: /home/ngin/LAB/Resfes24/Robot_LiDAR3d/install/lio_sam/share/lio_sam/msg/CloudInfo.msg
[0.242s] -- Up-to-date symlink: /home/ngin/LAB/Resfes24/Robot_LiDAR3d/install/lio_sam/share/lio_sam/srv/SaveMap.srv
[0.242s] -- Up-to-date symlink: /home/ngin/LAB/Resfes24/Robot_LiDAR3d/install/lio_sam/share/lio_sam/srv/SaveMap_Request.msg
[0.242s] -- Up-to-date symlink: /home/ngin/LAB/Resfes24/Robot_LiDAR3d/install/lio_sam/share/lio_sam/srv/SaveMap_Response.msg
[0.242s] -- Up-to-date symlink: /home/ngin/LAB/Resfes24/Robot_LiDAR3d/install/lio_sam/share/lio_sam//launch/run.launch.py
[0.243s] -- Up-to-date symlink: /home/ngin/LAB/Resfes24/Robot_LiDAR3d/install/lio_sam/share/lio_sam//config/doc/demo.gif
[0.243s] -- Up-to-date symlink: /home/ngin/LAB/Resfes24/Robot_LiDAR3d/install/lio_sam/share/lio_sam//config/doc/device-boat.png
[0.243s] -- Up-to-date symlink: /home/ngin/LAB/Resfes24/Robot_LiDAR3d/install/lio_sam/share/lio_sam//config/doc/device-hand-2.png
[0.243s] -- Up-to-date symlink: /home/ngin/LAB/Resfes24/Robot_LiDAR3d/install/lio_sam/share/lio_sam//config/doc/device-hand.png
[0.243s] -- Up-to-date symlink: /home/ngin/LAB/Resfes24/Robot_LiDAR3d/install/lio_sam/share/lio_sam//config/doc/device-jackal.png
[0.243s] -- Up-to-date symlink: /home/ngin/LAB/Resfes24/Robot_LiDAR3d/install/lio_sam/share/lio_sam//config/doc/gps-demo.gif
[0.243s] -- Up-to-date symlink: /home/ngin/LAB/Resfes24/Robot_LiDAR3d/install/lio_sam/share/lio_sam//config/doc/imu-debug.gif
[0.243s] -- Up-to-date symlink: /home/ngin/LAB/Resfes24/Robot_LiDAR3d/install/lio_sam/share/lio_sam//config/doc/imu-transform.png
[0.244s] -- Up-to-date symlink: /home/ngin/LAB/Resfes24/Robot_LiDAR3d/install/lio_sam/share/lio_sam//config/doc/kitti-demo.gif
[0.244s] -- Up-to-date symlink: /home/ngin/LAB/Resfes24/Robot_LiDAR3d/install/lio_sam/share/lio_sam//config/doc/kitti-map.png
[0.244s] -- Up-to-date symlink: /home/ngin/LAB/Resfes24/Robot_LiDAR3d/install/lio_sam/share/lio_sam//config/doc/kitti2bag/README.md
[0.244s] -- Up-to-date symlink: /home/ngin/LAB/Resfes24/Robot_LiDAR3d/install/lio_sam/share/lio_sam//config/doc/kitti2bag/kitti2bag.py
[0.244s] -- Up-to-date symlink: /home/ngin/LAB/Resfes24/Robot_LiDAR3d/install/lio_sam/share/lio_sam//config/doc/loop-closure-2.gif
[0.244s] -- Up-to-date symlink: /home/ngin/LAB/Resfes24/Robot_LiDAR3d/install/lio_sam/share/lio_sam//config/doc/loop-closure.gif
[0.244s] -- Up-to-date symlink: /home/ngin/LAB/Resfes24/Robot_LiDAR3d/install/lio_sam/share/lio_sam//config/doc/ouster-demo.gif
[0.244s] -- Up-to-date symlink: /home/ngin/LAB/Resfes24/Robot_LiDAR3d/install/lio_sam/share/lio_sam//config/doc/ouster-device.jpg
[0.244s] -- Up-to-date symlink: /home/ngin/LAB/Resfes24/Robot_LiDAR3d/install/lio_sam/share/lio_sam//config/doc/paper.pdf
[0.244s] -- Up-to-date symlink: /home/ngin/LAB/Resfes24/Robot_LiDAR3d/install/lio_sam/share/lio_sam//config/doc/system.png
[0.245s] -- Up-to-date symlink: /home/ngin/LAB/Resfes24/Robot_LiDAR3d/install/lio_sam/share/lio_sam//config/params.yaml
[0.245s] -- Up-to-date symlink: /home/ngin/LAB/Resfes24/Robot_LiDAR3d/install/lio_sam/share/lio_sam//config/robot.urdf.xacro
[0.245s] -- Up-to-date symlink: /home/ngin/LAB/Resfes24/Robot_LiDAR3d/install/lio_sam/share/lio_sam//config/rviz2.rviz
[0.245s] -- Up-to-date symlink: /home/ngin/LAB/Resfes24/Robot_LiDAR3d/install/lio_sam/lib/lio_sam/lio_sam_imageProjection
[0.245s] -- Up-to-date symlink: /home/ngin/LAB/Resfes24/Robot_LiDAR3d/install/lio_sam/lib/lio_sam/lio_sam_imuPreintegration
[0.246s] -- Up-to-date symlink: /home/ngin/LAB/Resfes24/Robot_LiDAR3d/install/lio_sam/lib/lio_sam/lio_sam_featureExtraction
[0.246s] -- Up-to-date symlink: /home/ngin/LAB/Resfes24/Robot_LiDAR3d/install/lio_sam/lib/lio_sam/lio_sam_mapOptimization
[0.246s] -- Up-to-date symlink: /home/ngin/LAB/Resfes24/Robot_LiDAR3d/install/lio_sam/include/lio_sam/utility.hpp
[0.246s] -- Up-to-date symlink: /home/ngin/LAB/Resfes24/Robot_LiDAR3d/install/lio_sam/share/ament_index/resource_index/package_run_dependencies/lio_sam
[0.246s] -- Up-to-date symlink: /home/ngin/LAB/Resfes24/Robot_LiDAR3d/install/lio_sam/share/ament_index/resource_index/parent_prefix_path/lio_sam
[0.247s] -- Up-to-date symlink: /home/ngin/LAB/Resfes24/Robot_LiDAR3d/install/lio_sam/share/lio_sam/environment/ament_prefix_path.sh
[0.247s] -- Up-to-date symlink: /home/ngin/LAB/Resfes24/Robot_LiDAR3d/install/lio_sam/share/lio_sam/environment/ament_prefix_path.dsv
[0.247s] -- Up-to-date symlink: /home/ngin/LAB/Resfes24/Robot_LiDAR3d/install/lio_sam/share/lio_sam/environment/path.sh
[0.247s] -- Up-to-date symlink: /home/ngin/LAB/Resfes24/Robot_LiDAR3d/install/lio_sam/share/lio_sam/environment/path.dsv
[0.247s] -- Up-to-date symlink: /home/ngin/LAB/Resfes24/Robot_LiDAR3d/install/lio_sam/share/lio_sam/local_setup.bash
[0.247s] -- Up-to-date symlink: /home/ngin/LAB/Resfes24/Robot_LiDAR3d/install/lio_sam/share/lio_sam/local_setup.sh
[0.248s] -- Up-to-date symlink: /home/ngin/LAB/Resfes24/Robot_LiDAR3d/install/lio_sam/share/lio_sam/local_setup.zsh
[0.248s] -- Up-to-date symlink: /home/ngin/LAB/Resfes24/Robot_LiDAR3d/install/lio_sam/share/lio_sam/local_setup.dsv
[0.248s] -- Symlinking: /home/ngin/LAB/Resfes24/Robot_LiDAR3d/install/lio_sam/share/lio_sam/package.dsv
[0.255s] -- Up-to-date symlink: /home/ngin/LAB/Resfes24/Robot_LiDAR3d/install/lio_sam/share/ament_index/resource_index/packages/lio_sam
[0.255s] -- Up-to-date symlink: /home/ngin/LAB/Resfes24/Robot_LiDAR3d/install/lio_sam/share/lio_sam/cmake/rosidl_cmake-extras.cmake
[0.255s] -- Up-to-date symlink: /home/ngin/LAB/Resfes24/Robot_LiDAR3d/install/lio_sam/share/lio_sam/cmake/ament_cmake_export_dependencies-extras.cmake
[0.255s] -- Up-to-date symlink: /home/ngin/LAB/Resfes24/Robot_LiDAR3d/install/lio_sam/share/lio_sam/cmake/ament_cmake_export_libraries-extras.cmake
[0.256s] -- Up-to-date symlink: /home/ngin/LAB/Resfes24/Robot_LiDAR3d/install/lio_sam/share/lio_sam/cmake/ament_cmake_export_targets-extras.cmake
[0.256s] -- Up-to-date symlink: /home/ngin/LAB/Resfes24/Robot_LiDAR3d/install/lio_sam/share/lio_sam/cmake/ament_cmake_export_include_directories-extras.cmake
[0.256s] -- Up-to-date symlink: /home/ngin/LAB/Resfes24/Robot_LiDAR3d/install/lio_sam/share/lio_sam/cmake/rosidl_cmake_export_typesupport_libraries-extras.cmake
[0.256s] -- Up-to-date symlink: /home/ngin/LAB/Resfes24/Robot_LiDAR3d/install/lio_sam/share/lio_sam/cmake/rosidl_cmake_export_typesupport_targets-extras.cmake
[0.256s] -- Up-to-date symlink: /home/ngin/LAB/Resfes24/Robot_LiDAR3d/install/lio_sam/share/lio_sam/cmake/lio_samConfig.cmake
[0.257s] -- Up-to-date symlink: /home/ngin/LAB/Resfes24/Robot_LiDAR3d/install/lio_sam/share/lio_sam/cmake/lio_samConfig-version.cmake
[0.257s] -- Up-to-date symlink: /home/ngin/LAB/Resfes24/Robot_LiDAR3d/install/lio_sam/share/lio_sam/package.xml
[0.257s] -- Up-to-date: /home/ngin/LAB/Resfes24/Robot_LiDAR3d/install/lio_sam/lib/liblio_sam__rosidl_generator_c.so
[0.257s] -- Up-to-date: /home/ngin/LAB/Resfes24/Robot_LiDAR3d/install/lio_sam/lib/liblio_sam__rosidl_typesupport_introspection_c.so
[0.258s] -- Up-to-date: /home/ngin/LAB/Resfes24/Robot_LiDAR3d/install/lio_sam/lib/liblio_sam__rosidl_typesupport_c.so
[0.258s] -- Up-to-date: /home/ngin/LAB/Resfes24/Robot_LiDAR3d/install/lio_sam/lib/liblio_sam__rosidl_typesupport_introspection_cpp.so
[0.258s] -- Up-to-date: /home/ngin/LAB/Resfes24/Robot_LiDAR3d/install/lio_sam/lib/liblio_sam__rosidl_typesupport_cpp.so
[0.280s] -- Up-to-date: /home/ngin/LAB/Resfes24/Robot_LiDAR3d/install/lio_sam/share/lio_sam/cmake/lio_sam__rosidl_generator_cExport.cmake
[0.280s] -- Up-to-date: /home/ngin/LAB/Resfes24/Robot_LiDAR3d/install/lio_sam/share/lio_sam/cmake/lio_sam__rosidl_generator_cExport-release.cmake
[0.280s] -- Up-to-date: /home/ngin/LAB/Resfes24/Robot_LiDAR3d/install/lio_sam/share/lio_sam/cmake/lio_sam__rosidl_typesupport_introspection_cExport.cmake
[0.280s] -- Up-to-date: /home/ngin/LAB/Resfes24/Robot_LiDAR3d/install/lio_sam/share/lio_sam/cmake/lio_sam__rosidl_typesupport_introspection_cExport-release.cmake
[0.281s] -- Up-to-date: /home/ngin/LAB/Resfes24/Robot_LiDAR3d/install/lio_sam/share/lio_sam/cmake/lio_sam__rosidl_typesupport_cExport.cmake
[0.281s] -- Up-to-date: /home/ngin/LAB/Resfes24/Robot_LiDAR3d/install/lio_sam/share/lio_sam/cmake/lio_sam__rosidl_typesupport_cExport-release.cmake
[0.281s] -- Up-to-date: /home/ngin/LAB/Resfes24/Robot_LiDAR3d/install/lio_sam/share/lio_sam/cmake/lio_sam__rosidl_generator_cppExport.cmake
[0.281s] -- Up-to-date: /home/ngin/LAB/Resfes24/Robot_LiDAR3d/install/lio_sam/share/lio_sam/cmake/lio_sam__rosidl_typesupport_introspection_cppExport.cmake
[0.281s] -- Up-to-date: /home/ngin/LAB/Resfes24/Robot_LiDAR3d/install/lio_sam/share/lio_sam/cmake/lio_sam__rosidl_typesupport_introspection_cppExport-release.cmake
[0.281s] -- Up-to-date: /home/ngin/LAB/Resfes24/Robot_LiDAR3d/install/lio_sam/share/lio_sam/cmake/lio_sam__rosidl_typesupport_cppExport.cmake
[0.281s] -- Up-to-date: /home/ngin/LAB/Resfes24/Robot_LiDAR3d/install/lio_sam/share/lio_sam/cmake/lio_sam__rosidl_typesupport_cppExport-release.cmake
[0.286s] Invoked command in '/home/ngin/LAB/Resfes24/Robot_LiDAR3d/build/lio_sam' returned '0': CMAKE_PREFIX_PATH=${CMAKE_PREFIX_PATH}:/opt/ros/foxy /usr/bin/cmake --install /home/ngin/LAB/Resfes24/Robot_LiDAR3d/build/lio_sam
