-- Found ament_cmake: 0.9.12 (/opt/ros/foxy/share/ament_cmake/cmake)
-- Using PYTHON_EXECUTABLE: /usr/bin/python3
-- Override CMake install command with custom implementation using symlinks instead of copying resources
-- Found ament_lint_auto: 0.9.8 (/opt/ros/foxy/share/ament_lint_auto/cmake)
-- Added test 'copyright' to check source files copyright and LICENSE
-- Added test 'flake8' to check Python code syntax and style conventions
-- Added test 'lint_cmake' to check CMake code style
-- Added test 'pep257' to check Python code against some of the style conventions in PEP 257
-- Added test 'xmllint' to check XML markup files
-- Configuring done
-- Generating done
-- Build files have been written to: /home/ngin/LAB/Resfes24/Robot_LiDAR3d/build/pochita
-- Install configuration: "Release"
-- Execute custom install script
-- Up-to-date symlink: /home/ngin/LAB/Resfes24/Robot_LiDAR3d/install/pochita/share/pochita/config/config.rviz
-- Up-to-date symlink: /home/ngin/LAB/Resfes24/Robot_LiDAR3d/install/pochita/share/pochita/config/ekf.yaml
-- Up-to-date symlink: /home/ngin/LAB/Resfes24/Robot_LiDAR3d/install/pochita/share/pochita/config/empty.yaml
-- Up-to-date symlink: /home/ngin/LAB/Resfes24/Robot_LiDAR3d/install/pochita/share/pochita/config/joystick.yaml
-- Up-to-date symlink: /home/ngin/LAB/Resfes24/Robot_LiDAR3d/install/pochita/share/pochita/config/mapper_params_online_async.yaml
-- Up-to-date symlink: /home/ngin/LAB/Resfes24/Robot_LiDAR3d/install/pochita/share/pochita/description/camera.xacro
-- Up-to-date symlink: /home/ngin/LAB/Resfes24/Robot_LiDAR3d/install/pochita/share/pochita/description/gazebo_control.xacro
-- Up-to-date symlink: /home/ngin/LAB/Resfes24/Robot_LiDAR3d/install/pochita/share/pochita/description/imu.xacro
-- Up-to-date symlink: /home/ngin/LAB/Resfes24/Robot_LiDAR3d/install/pochita/share/pochita/description/inertial_macros.xacro
-- Up-to-date symlink: /home/ngin/LAB/Resfes24/Robot_LiDAR3d/install/pochita/share/pochita/description/lidar.xacro
-- Up-to-date symlink: /home/ngin/LAB/Resfes24/Robot_LiDAR3d/install/pochita/share/pochita/description/materials.xacro
-- Up-to-date symlink: /home/ngin/LAB/Resfes24/Robot_LiDAR3d/install/pochita/share/pochita/description/robot.urdf.xacro
-- Up-to-date symlink: /home/ngin/LAB/Resfes24/Robot_LiDAR3d/install/pochita/share/pochita/description/robot_core.xacro
-- Up-to-date symlink: /home/ngin/LAB/Resfes24/Robot_LiDAR3d/install/pochita/share/pochita/description/velodyne.xacro
-- Up-to-date symlink: /home/ngin/LAB/Resfes24/Robot_LiDAR3d/install/pochita/share/pochita/launch/full_launch.launch.py
-- Up-to-date symlink: /home/ngin/LAB/Resfes24/Robot_LiDAR3d/install/pochita/share/pochita/launch/joystick.launch.py
-- Up-to-date symlink: /home/ngin/LAB/Resfes24/Robot_LiDAR3d/install/pochita/share/pochita/launch/launch_sim.launch.py
-- Up-to-date symlink: /home/ngin/LAB/Resfes24/Robot_LiDAR3d/install/pochita/share/pochita/launch/rsp.launch.py
-- Up-to-date symlink: /home/ngin/LAB/Resfes24/Robot_LiDAR3d/install/pochita/share/pochita/worlds/House/house.sdf
-- Up-to-date symlink: /home/ngin/LAB/Resfes24/Robot_LiDAR3d/install/pochita/share/pochita/worlds/House/model.config
-- Up-to-date symlink: /home/ngin/LAB/Resfes24/Robot_LiDAR3d/install/pochita/share/pochita/worlds/empty.world
-- Up-to-date symlink: /home/ngin/LAB/Resfes24/Robot_LiDAR3d/install/pochita/share/pochita/worlds/house.sdf
-- Up-to-date symlink: /home/ngin/LAB/Resfes24/Robot_LiDAR3d/install/pochita/share/pochita/worlds/obstacles.world
-- Up-to-date symlink: /home/ngin/LAB/Resfes24/Robot_LiDAR3d/install/pochita/share/ament_index/resource_index/package_run_dependencies/pochita
-- Up-to-date symlink: /home/ngin/LAB/Resfes24/Robot_LiDAR3d/install/pochita/share/ament_index/resource_index/parent_prefix_path/pochita
-- Up-to-date symlink: /home/ngin/LAB/Resfes24/Robot_LiDAR3d/install/pochita/share/pochita/environment/ament_prefix_path.sh
-- Up-to-date symlink: /home/ngin/LAB/Resfes24/Robot_LiDAR3d/install/pochita/share/pochita/environment/ament_prefix_path.dsv
-- Up-to-date symlink: /home/ngin/LAB/Resfes24/Robot_LiDAR3d/install/pochita/share/pochita/environment/path.sh
-- Up-to-date symlink: /home/ngin/LAB/Resfes24/Robot_LiDAR3d/install/pochita/share/pochita/environment/path.dsv
-- Up-to-date symlink: /home/ngin/LAB/Resfes24/Robot_LiDAR3d/install/pochita/share/pochita/local_setup.bash
-- Up-to-date symlink: /home/ngin/LAB/Resfes24/Robot_LiDAR3d/install/pochita/share/pochita/local_setup.sh
-- Up-to-date symlink: /home/ngin/LAB/Resfes24/Robot_LiDAR3d/install/pochita/share/pochita/local_setup.zsh
-- Up-to-date symlink: /home/ngin/LAB/Resfes24/Robot_LiDAR3d/install/pochita/share/pochita/local_setup.dsv
-- Symlinking: /home/ngin/LAB/Resfes24/Robot_LiDAR3d/install/pochita/share/pochita/package.dsv
-- Up-to-date symlink: /home/ngin/LAB/Resfes24/Robot_LiDAR3d/install/pochita/share/ament_index/resource_index/packages/pochita
-- Up-to-date symlink: /home/ngin/LAB/Resfes24/Robot_LiDAR3d/install/pochita/share/pochita/cmake/pochitaConfig.cmake
-- Up-to-date symlink: /home/ngin/LAB/Resfes24/Robot_LiDAR3d/install/pochita/share/pochita/cmake/pochitaConfig-version.cmake
-- Up-to-date symlink: /home/ngin/LAB/Resfes24/Robot_LiDAR3d/install/pochita/share/pochita/package.xml
