In file included from [01m[K/usr/include/boost/preprocessor/tuple/elem.hpp:23[m[K,
                 from [01m[K/usr/include/boost/preprocessor/arithmetic/add.hpp:21[m[K,
                 from [01m[K/usr/include/boost/mpl/aux_/preprocessor/def_params_tail.hpp:66[m[K,
                 from [01m[K/usr/include/boost/mpl/aux_/na_spec.hpp:28[m[K,
                 from [01m[K/usr/include/boost/mpl/not.hpp:20[m[K,
                 from [01m[K/usr/include/boost/mpl/assert.hpp:17[m[K,
                 from [01m[K/usr/include/pcl-1.10/pcl/point_traits.h:48[m[K,
                 from [01m[K/usr/include/pcl-1.10/pcl/point_cloud.h:50[m[K,
                 from [01m[K/usr/include/pcl-1.10/pcl/kdtree/kdtree.h:43[m[K,
                 from [01m[K/usr/include/pcl-1.10/pcl/kdtree/kdtree_flann.h:43[m[K,
                 from [01m[K/home/ngin/LAB/Resfes24/Robot_LiDAR3d/src/lio_sam/include/lio_sam/utility.hpp:21[m[K,
                 from [01m[K/home/ngin/LAB/Resfes24/Robot_LiDAR3d/src/lio_sam/src/imageProjection.cpp:1[m[K:
[01m[K/home/ngin/LAB/Resfes24/Robot_LiDAR3d/src/lio_sam/src/imageProjection.cpp:14:6:[m[K [01;35m[Kwarning: [m[K‘[01m[Kusing uint16_t = uint16_t[m[K’ is deprecated: use std::uint16_t instead of pcl::uint16_t [[01;35m[K-Wdeprecated-declarations[m[K]
   14 |     ([01;35m[Kuint16_t[m[K, ring, ring) (float, time, time)
      |      [01;35m[K^~~~~~~~[m[K
In file included from [01m[K/usr/include/pcl-1.10/pcl/kdtree/kdtree.h:42[m[K,
                 from [01m[K/usr/include/pcl-1.10/pcl/kdtree/kdtree_flann.h:43[m[K,
                 from [01m[K/home/ngin/LAB/Resfes24/Robot_LiDAR3d/src/lio_sam/include/lio_sam/utility.hpp:21[m[K,
                 from [01m[K/home/ngin/LAB/Resfes24/Robot_LiDAR3d/src/lio_sam/src/imageProjection.cpp:1[m[K:
[01m[K/usr/include/pcl-1.10/pcl/pcl_macros.h:94:9:[m[K [01;36m[Knote: [m[Kdeclared here
   94 |   using [01;36m[Kuint16_t[m[K [[deprecated("use std::uint16_t instead of pcl::uint16_t")]] = std::uint16_t;
      |         [01;36m[K^~~~~~~~[m[K
In file included from [01m[K/usr/include/boost/preprocessor/tuple/elem.hpp:23[m[K,
                 from [01m[K/usr/include/boost/preprocessor/arithmetic/add.hpp:21[m[K,
                 from [01m[K/usr/include/boost/mpl/aux_/preprocessor/def_params_tail.hpp:66[m[K,
                 from [01m[K/usr/include/boost/mpl/aux_/na_spec.hpp:28[m[K,
                 from [01m[K/usr/include/boost/mpl/not.hpp:20[m[K,
                 from [01m[K/usr/include/boost/mpl/assert.hpp:17[m[K,
                 from [01m[K/usr/include/pcl-1.10/pcl/point_traits.h:48[m[K,
                 from [01m[K/usr/include/pcl-1.10/pcl/point_cloud.h:50[m[K,
                 from [01m[K/usr/include/pcl-1.10/pcl/kdtree/kdtree.h:43[m[K,
                 from [01m[K/usr/include/pcl-1.10/pcl/kdtree/kdtree_flann.h:43[m[K,
                 from [01m[K/home/ngin/LAB/Resfes24/Robot_LiDAR3d/src/lio_sam/include/lio_sam/utility.hpp:21[m[K,
                 from [01m[K/home/ngin/LAB/Resfes24/Robot_LiDAR3d/src/lio_sam/src/imageProjection.cpp:1[m[K:
[01m[K/home/ngin/LAB/Resfes24/Robot_LiDAR3d/src/lio_sam/src/imageProjection.cpp:29:6:[m[K [01;35m[Kwarning: [m[K‘[01m[Kusing uint32_t = uint32_t[m[K’ is deprecated: use std::uint32_t instead of pcl::uint32_t [[01;35m[K-Wdeprecated-declarations[m[K]
   29 |     ([01;35m[Kuint32_t[m[K, t, t) (uint16_t, reflectivity, reflectivity)
      |      [01;35m[K^~~~~~~~[m[K
In file included from [01m[K/usr/include/pcl-1.10/pcl/kdtree/kdtree.h:42[m[K,
                 from [01m[K/usr/include/pcl-1.10/pcl/kdtree/kdtree_flann.h:43[m[K,
                 from [01m[K/home/ngin/LAB/Resfes24/Robot_LiDAR3d/src/lio_sam/include/lio_sam/utility.hpp:21[m[K,
                 from [01m[K/home/ngin/LAB/Resfes24/Robot_LiDAR3d/src/lio_sam/src/imageProjection.cpp:1[m[K:
[01m[K/usr/include/pcl-1.10/pcl/pcl_macros.h:96:9:[m[K [01;36m[Knote: [m[Kdeclared here
   96 |   using [01;36m[Kuint32_t[m[K [[deprecated("use std::uint32_t instead of pcl::uint32_t")]] = std::uint32_t;
      |         [01;36m[K^~~~~~~~[m[K
In file included from [01m[K/usr/include/boost/preprocessor/tuple/elem.hpp:23[m[K,
                 from [01m[K/usr/include/boost/preprocessor/arithmetic/add.hpp:21[m[K,
                 from [01m[K/usr/include/boost/mpl/aux_/preprocessor/def_params_tail.hpp:66[m[K,
                 from [01m[K/usr/include/boost/mpl/aux_/na_spec.hpp:28[m[K,
                 from [01m[K/usr/include/boost/mpl/not.hpp:20[m[K,
                 from [01m[K/usr/include/boost/mpl/assert.hpp:17[m[K,
                 from [01m[K/usr/include/pcl-1.10/pcl/point_traits.h:48[m[K,
                 from [01m[K/usr/include/pcl-1.10/pcl/point_cloud.h:50[m[K,
                 from [01m[K/usr/include/pcl-1.10/pcl/kdtree/kdtree.h:43[m[K,
                 from [01m[K/usr/include/pcl-1.10/pcl/kdtree/kdtree_flann.h:43[m[K,
                 from [01m[K/home/ngin/LAB/Resfes24/Robot_LiDAR3d/src/lio_sam/include/lio_sam/utility.hpp:21[m[K,
                 from [01m[K/home/ngin/LAB/Resfes24/Robot_LiDAR3d/src/lio_sam/src/imageProjection.cpp:1[m[K:
[01m[K/home/ngin/LAB/Resfes24/Robot_LiDAR3d/src/lio_sam/src/imageProjection.cpp:29:23:[m[K [01;35m[Kwarning: [m[K‘[01m[Kusing uint16_t = uint16_t[m[K’ is deprecated: use std::uint16_t instead of pcl::uint16_t [[01;35m[K-Wdeprecated-declarations[m[K]
   29 |     (uint32_t, t, t) ([01;35m[Kuint16_t[m[K, reflectivity, reflectivity)
      |                       [01;35m[K^~~~~~~~[m[K
In file included from [01m[K/usr/include/pcl-1.10/pcl/kdtree/kdtree.h:42[m[K,
                 from [01m[K/usr/include/pcl-1.10/pcl/kdtree/kdtree_flann.h:43[m[K,
                 from [01m[K/home/ngin/LAB/Resfes24/Robot_LiDAR3d/src/lio_sam/include/lio_sam/utility.hpp:21[m[K,
                 from [01m[K/home/ngin/LAB/Resfes24/Robot_LiDAR3d/src/lio_sam/src/imageProjection.cpp:1[m[K:
[01m[K/usr/include/pcl-1.10/pcl/pcl_macros.h:94:9:[m[K [01;36m[Knote: [m[Kdeclared here
   94 |   using [01;36m[Kuint16_t[m[K [[deprecated("use std::uint16_t instead of pcl::uint16_t")]] = std::uint16_t;
      |         [01;36m[K^~~~~~~~[m[K
In file included from [01m[K/usr/include/boost/preprocessor/tuple/elem.hpp:23[m[K,
                 from [01m[K/usr/include/boost/preprocessor/arithmetic/add.hpp:21[m[K,
                 from [01m[K/usr/include/boost/mpl/aux_/preprocessor/def_params_tail.hpp:66[m[K,
                 from [01m[K/usr/include/boost/mpl/aux_/na_spec.hpp:28[m[K,
                 from [01m[K/usr/include/boost/mpl/not.hpp:20[m[K,
                 from [01m[K/usr/include/boost/mpl/assert.hpp:17[m[K,
                 from [01m[K/usr/include/pcl-1.10/pcl/point_traits.h:48[m[K,
                 from [01m[K/usr/include/pcl-1.10/pcl/point_cloud.h:50[m[K,
                 from [01m[K/usr/include/pcl-1.10/pcl/kdtree/kdtree.h:43[m[K,
                 from [01m[K/usr/include/pcl-1.10/pcl/kdtree/kdtree_flann.h:43[m[K,
                 from [01m[K/home/ngin/LAB/Resfes24/Robot_LiDAR3d/src/lio_sam/include/lio_sam/utility.hpp:21[m[K,
                 from [01m[K/home/ngin/LAB/Resfes24/Robot_LiDAR3d/src/lio_sam/src/imageProjection.cpp:1[m[K:
[01m[K/home/ngin/LAB/Resfes24/Robot_LiDAR3d/src/lio_sam/src/imageProjection.cpp:30:6:[m[K [01;35m[Kwarning: [m[K‘[01m[Kusing uint8_t = uint8_t[m[K’ is deprecated: use std::uint8_t instead of pcl::uint8_t [[01;35m[K-Wdeprecated-declarations[m[K]
   30 |     ([01;35m[Kuint8_t[m[K, ring, ring) (uint16_t, noise, noise) (uint32_t, range, range)
      |      [01;35m[K^~~~~~~[m[K
In file included from [01m[K/usr/include/pcl-1.10/pcl/kdtree/kdtree.h:42[m[K,
                 from [01m[K/usr/include/pcl-1.10/pcl/kdtree/kdtree_flann.h:43[m[K,
                 from [01m[K/home/ngin/LAB/Resfes24/Robot_LiDAR3d/src/lio_sam/include/lio_sam/utility.hpp:21[m[K,
                 from [01m[K/home/ngin/LAB/Resfes24/Robot_LiDAR3d/src/lio_sam/src/imageProjection.cpp:1[m[K:
[01m[K/usr/include/pcl-1.10/pcl/pcl_macros.h:92:9:[m[K [01;36m[Knote: [m[Kdeclared here
   92 |   using [01;36m[Kuint8_t[m[K [[deprecated("use std::uint8_t instead of pcl::uint8_t")]] = std::uint8_t;
      |         [01;36m[K^~~~~~~[m[K
In file included from [01m[K/usr/include/boost/preprocessor/tuple/elem.hpp:23[m[K,
                 from [01m[K/usr/include/boost/preprocessor/arithmetic/add.hpp:21[m[K,
                 from [01m[K/usr/include/boost/mpl/aux_/preprocessor/def_params_tail.hpp:66[m[K,
                 from [01m[K/usr/include/boost/mpl/aux_/na_spec.hpp:28[m[K,
                 from [01m[K/usr/include/boost/mpl/not.hpp:20[m[K,
                 from [01m[K/usr/include/boost/mpl/assert.hpp:17[m[K,
                 from [01m[K/usr/include/pcl-1.10/pcl/point_traits.h:48[m[K,
                 from [01m[K/usr/include/pcl-1.10/pcl/point_cloud.h:50[m[K,
                 from [01m[K/usr/include/pcl-1.10/pcl/kdtree/kdtree.h:43[m[K,
                 from [01m[K/usr/include/pcl-1.10/pcl/kdtree/kdtree_flann.h:43[m[K,
                 from [01m[K/home/ngin/LAB/Resfes24/Robot_LiDAR3d/src/lio_sam/include/lio_sam/utility.hpp:21[m[K,
                 from [01m[K/home/ngin/LAB/Resfes24/Robot_LiDAR3d/src/lio_sam/src/imageProjection.cpp:1[m[K:
[01m[K/home/ngin/LAB/Resfes24/Robot_LiDAR3d/src/lio_sam/src/imageProjection.cpp:30:28:[m[K [01;35m[Kwarning: [m[K‘[01m[Kusing uint16_t = uint16_t[m[K’ is deprecated: use std::uint16_t instead of pcl::uint16_t [[01;35m[K-Wdeprecated-declarations[m[K]
   30 |     (uint8_t, ring, ring) ([01;35m[Kuint16_t[m[K, noise, noise) (uint32_t, range, range)
      |                            [01;35m[K^~~~~~~~[m[K
In file included from [01m[K/usr/include/pcl-1.10/pcl/kdtree/kdtree.h:42[m[K,
                 from [01m[K/usr/include/pcl-1.10/pcl/kdtree/kdtree_flann.h:43[m[K,
                 from [01m[K/home/ngin/LAB/Resfes24/Robot_LiDAR3d/src/lio_sam/include/lio_sam/utility.hpp:21[m[K,
                 from [01m[K/home/ngin/LAB/Resfes24/Robot_LiDAR3d/src/lio_sam/src/imageProjection.cpp:1[m[K:
[01m[K/usr/include/pcl-1.10/pcl/pcl_macros.h:94:9:[m[K [01;36m[Knote: [m[Kdeclared here
   94 |   using [01;36m[Kuint16_t[m[K [[deprecated("use std::uint16_t instead of pcl::uint16_t")]] = std::uint16_t;
      |         [01;36m[K^~~~~~~~[m[K
In file included from [01m[K/usr/include/boost/preprocessor/tuple/elem.hpp:23[m[K,
                 from [01m[K/usr/include/boost/preprocessor/arithmetic/add.hpp:21[m[K,
                 from [01m[K/usr/include/boost/mpl/aux_/preprocessor/def_params_tail.hpp:66[m[K,
                 from [01m[K/usr/include/boost/mpl/aux_/na_spec.hpp:28[m[K,
                 from [01m[K/usr/include/boost/mpl/not.hpp:20[m[K,
                 from [01m[K/usr/include/boost/mpl/assert.hpp:17[m[K,
                 from [01m[K/usr/include/pcl-1.10/pcl/point_traits.h:48[m[K,
                 from [01m[K/usr/include/pcl-1.10/pcl/point_cloud.h:50[m[K,
                 from [01m[K/usr/include/pcl-1.10/pcl/kdtree/kdtree.h:43[m[K,
                 from [01m[K/usr/include/pcl-1.10/pcl/kdtree/kdtree_flann.h:43[m[K,
                 from [01m[K/home/ngin/LAB/Resfes24/Robot_LiDAR3d/src/lio_sam/include/lio_sam/utility.hpp:21[m[K,
                 from [01m[K/home/ngin/LAB/Resfes24/Robot_LiDAR3d/src/lio_sam/src/imageProjection.cpp:1[m[K:
[01m[K/home/ngin/LAB/Resfes24/Robot_LiDAR3d/src/lio_sam/src/imageProjection.cpp:30:53:[m[K [01;35m[Kwarning: [m[K‘[01m[Kusing uint32_t = uint32_t[m[K’ is deprecated: use std::uint32_t instead of pcl::uint32_t [[01;35m[K-Wdeprecated-declarations[m[K]
   30 |     (uint8_t, ring, ring) (uint16_t, noise, noise) ([01;35m[Kuint32_t[m[K, range, range)
      |                                                     [01;35m[K^~~~~~~~[m[K
In file included from [01m[K/usr/include/pcl-1.10/pcl/kdtree/kdtree.h:42[m[K,
                 from [01m[K/usr/include/pcl-1.10/pcl/kdtree/kdtree_flann.h:43[m[K,
                 from [01m[K/home/ngin/LAB/Resfes24/Robot_LiDAR3d/src/lio_sam/include/lio_sam/utility.hpp:21[m[K,
                 from [01m[K/home/ngin/LAB/Resfes24/Robot_LiDAR3d/src/lio_sam/src/imageProjection.cpp:1[m[K:
[01m[K/usr/include/pcl-1.10/pcl/pcl_macros.h:96:9:[m[K [01;36m[Knote: [m[Kdeclared here
   96 |   using [01;36m[Kuint32_t[m[K [[deprecated("use std::uint32_t instead of pcl::uint32_t")]] = std::uint32_t;
      |         [01;36m[K^~~~~~~~[m[K
