[0.170s] Invoking command in '/home/ngin/LAB/Resfes24/Robot_LiDAR3d/build/lio_sam': CMAKE_PREFIX_PATH=/opt/ros/foxy /usr/bin/cmake --build /home/ngin/LAB/Resfes24/Robot_LiDAR3d/build/lio_sam -- -j12 -l12
[0.249s] [  2%] Built target lio_sam__cpp
[0.262s] [ 10%] Built target lio_sam__rosidl_generator_c
[0.270s] [ 19%] Built target lio_sam__rosidl_typesupport_cpp
[0.271s] [ 27%] Built target lio_sam__rosidl_typesupport_introspection_cpp
[0.273s] [ 36%] Built target lio_sam__rosidl_typesupport_fastrtps_cpp
[0.285s] [ 44%] Built target lio_sam__rosidl_typesupport_introspection_c
[0.286s] [ 53%] Built target lio_sam__rosidl_typesupport_c
[0.301s] [ 61%] Built target lio_sam__rosidl_typesupport_fastrtps_c
[0.310s] [35m[1mScanning dependencies of target lio_sam_imageProjection[0m
[0.323s] [ 61%] Built target lio_sam
[0.339s] [ 65%] Built target lio_sam_imuPreintegration
[0.339s] [ 70%] Built target lio_sam_mapOptimization
[0.339s] [ 74%] Built target lio_sam_featureExtraction
[0.344s] [ 76%] Built target lio_sam__py
[0.367s] [ 78%] [32mBuilding CXX object CMakeFiles/lio_sam_imageProjection.dir/src/imageProjection.cpp.o[0m
[0.367s] [ 85%] Built target lio_sam__python
[0.389s] [ 97%] Built target lio_sam__rosidl_typesupport_fastrtps_c__pyext
[0.389s] [ 97%] Built target lio_sam__rosidl_typesupport_introspection_c__pyext
[0.389s] [ 97%] Built target lio_sam__rosidl_typesupport_c__pyext
[6.514s] In file included from [01m[K/usr/include/boost/preprocessor/tuple/elem.hpp:23[m[K,
[6.514s]                  from [01m[K/usr/include/boost/preprocessor/arithmetic/add.hpp:21[m[K,
[6.514s]                  from [01m[K/usr/include/boost/mpl/aux_/preprocessor/def_params_tail.hpp:66[m[K,
[6.514s]                  from [01m[K/usr/include/boost/mpl/aux_/na_spec.hpp:28[m[K,
[6.514s]                  from [01m[K/usr/include/boost/mpl/not.hpp:20[m[K,
[6.514s]                  from [01m[K/usr/include/boost/mpl/assert.hpp:17[m[K,
[6.514s]                  from [01m[K/usr/include/pcl-1.10/pcl/point_traits.h:48[m[K,
[6.514s]                  from [01m[K/usr/include/pcl-1.10/pcl/point_cloud.h:50[m[K,
[6.514s]                  from [01m[K/usr/include/pcl-1.10/pcl/kdtree/kdtree.h:43[m[K,
[6.515s]                  from [01m[K/usr/include/pcl-1.10/pcl/kdtree/kdtree_flann.h:43[m[K,
[6.515s]                  from [01m[K/home/ngin/LAB/Resfes24/Robot_LiDAR3d/src/lio_sam/include/lio_sam/utility.hpp:21[m[K,
[6.515s]                  from [01m[K/home/ngin/LAB/Resfes24/Robot_LiDAR3d/src/lio_sam/src/imageProjection.cpp:1[m[K:
[6.515s] [01m[K/home/ngin/LAB/Resfes24/Robot_LiDAR3d/src/lio_sam/src/imageProjection.cpp:14:6:[m[K [01;35m[Kwarning: [m[K‘[01m[Kusing uint16_t = uint16_t[m[K’ is deprecated: use std::uint16_t instead of pcl::uint16_t [[01;35m[K-Wdeprecated-declarations[m[K]
[6.515s]    14 |     ([01;35m[Kuint16_t[m[K, ring, ring) (float, time, time)
[6.515s]       |      [01;35m[K^~~~~~~~[m[K
[6.515s] In file included from [01m[K/usr/include/pcl-1.10/pcl/kdtree/kdtree.h:42[m[K,
[6.515s]                  from [01m[K/usr/include/pcl-1.10/pcl/kdtree/kdtree_flann.h:43[m[K,
[6.515s]                  from [01m[K/home/ngin/LAB/Resfes24/Robot_LiDAR3d/src/lio_sam/include/lio_sam/utility.hpp:21[m[K,
[6.515s]                  from [01m[K/home/ngin/LAB/Resfes24/Robot_LiDAR3d/src/lio_sam/src/imageProjection.cpp:1[m[K:
[6.515s] [01m[K/usr/include/pcl-1.10/pcl/pcl_macros.h:94:9:[m[K [01;36m[Knote: [m[Kdeclared here
[6.515s]    94 |   using [01;36m[Kuint16_t[m[K [[deprecated("use std::uint16_t instead of pcl::uint16_t")]] = std::uint16_t;
[6.515s]       |         [01;36m[K^~~~~~~~[m[K
[6.520s] In file included from [01m[K/usr/include/boost/preprocessor/tuple/elem.hpp:23[m[K,
[6.520s]                  from [01m[K/usr/include/boost/preprocessor/arithmetic/add.hpp:21[m[K,
[6.520s]                  from [01m[K/usr/include/boost/mpl/aux_/preprocessor/def_params_tail.hpp:66[m[K,
[6.520s]                  from [01m[K/usr/include/boost/mpl/aux_/na_spec.hpp:28[m[K,
[6.521s]                  from [01m[K/usr/include/boost/mpl/not.hpp:20[m[K,
[6.521s]                  from [01m[K/usr/include/boost/mpl/assert.hpp:17[m[K,
[6.521s]                  from [01m[K/usr/include/pcl-1.10/pcl/point_traits.h:48[m[K,
[6.521s]                  from [01m[K/usr/include/pcl-1.10/pcl/point_cloud.h:50[m[K,
[6.521s]                  from [01m[K/usr/include/pcl-1.10/pcl/kdtree/kdtree.h:43[m[K,
[6.521s]                  from [01m[K/usr/include/pcl-1.10/pcl/kdtree/kdtree_flann.h:43[m[K,
[6.521s]                  from [01m[K/home/ngin/LAB/Resfes24/Robot_LiDAR3d/src/lio_sam/include/lio_sam/utility.hpp:21[m[K,
[6.521s]                  from [01m[K/home/ngin/LAB/Resfes24/Robot_LiDAR3d/src/lio_sam/src/imageProjection.cpp:1[m[K:
[6.521s] [01m[K/home/ngin/LAB/Resfes24/Robot_LiDAR3d/src/lio_sam/src/imageProjection.cpp:29:6:[m[K [01;35m[Kwarning: [m[K‘[01m[Kusing uint32_t = uint32_t[m[K’ is deprecated: use std::uint32_t instead of pcl::uint32_t [[01;35m[K-Wdeprecated-declarations[m[K]
[6.521s]    29 |     ([01;35m[Kuint32_t[m[K, t, t) (uint16_t, reflectivity, reflectivity)
[6.522s]       |      [01;35m[K^~~~~~~~[m[K
[6.522s] In file included from [01m[K/usr/include/pcl-1.10/pcl/kdtree/kdtree.h:42[m[K,
[6.522s]                  from [01m[K/usr/include/pcl-1.10/pcl/kdtree/kdtree_flann.h:43[m[K,
[6.522s]                  from [01m[K/home/ngin/LAB/Resfes24/Robot_LiDAR3d/src/lio_sam/include/lio_sam/utility.hpp:21[m[K,
[6.522s]                  from [01m[K/home/ngin/LAB/Resfes24/Robot_LiDAR3d/src/lio_sam/src/imageProjection.cpp:1[m[K:
[6.522s] [01m[K/usr/include/pcl-1.10/pcl/pcl_macros.h:96:9:[m[K [01;36m[Knote: [m[Kdeclared here
[6.522s]    96 |   using [01;36m[Kuint32_t[m[K [[deprecated("use std::uint32_t instead of pcl::uint32_t")]] = std::uint32_t;
[6.522s]       |         [01;36m[K^~~~~~~~[m[K
[6.522s] In file included from [01m[K/usr/include/boost/preprocessor/tuple/elem.hpp:23[m[K,
[6.522s]                  from [01m[K/usr/include/boost/preprocessor/arithmetic/add.hpp:21[m[K,
[6.522s]                  from [01m[K/usr/include/boost/mpl/aux_/preprocessor/def_params_tail.hpp:66[m[K,
[6.522s]                  from [01m[K/usr/include/boost/mpl/aux_/na_spec.hpp:28[m[K,
[6.522s]                  from [01m[K/usr/include/boost/mpl/not.hpp:20[m[K,
[6.522s]                  from [01m[K/usr/include/boost/mpl/assert.hpp:17[m[K,
[6.522s]                  from [01m[K/usr/include/pcl-1.10/pcl/point_traits.h:48[m[K,
[6.522s]                  from [01m[K/usr/include/pcl-1.10/pcl/point_cloud.h:50[m[K,
[6.522s]                  from [01m[K/usr/include/pcl-1.10/pcl/kdtree/kdtree.h:43[m[K,
[6.522s]                  from [01m[K/usr/include/pcl-1.10/pcl/kdtree/kdtree_flann.h:43[m[K,
[6.522s]                  from [01m[K/home/ngin/LAB/Resfes24/Robot_LiDAR3d/src/lio_sam/include/lio_sam/utility.hpp:21[m[K,
[6.523s]                  from [01m[K/home/ngin/LAB/Resfes24/Robot_LiDAR3d/src/lio_sam/src/imageProjection.cpp:1[m[K:
[6.523s] [01m[K/home/ngin/LAB/Resfes24/Robot_LiDAR3d/src/lio_sam/src/imageProjection.cpp:29:23:[m[K [01;35m[Kwarning: [m[K‘[01m[Kusing uint16_t = uint16_t[m[K’ is deprecated: use std::uint16_t instead of pcl::uint16_t [[01;35m[K-Wdeprecated-declarations[m[K]
[6.523s]    29 |     (uint32_t, t, t) ([01;35m[Kuint16_t[m[K, reflectivity, reflectivity)
[6.523s]       |                       [01;35m[K^~~~~~~~[m[K
[6.523s] In file included from [01m[K/usr/include/pcl-1.10/pcl/kdtree/kdtree.h:42[m[K,
[6.523s]                  from [01m[K/usr/include/pcl-1.10/pcl/kdtree/kdtree_flann.h:43[m[K,
[6.523s]                  from [01m[K/home/ngin/LAB/Resfes24/Robot_LiDAR3d/src/lio_sam/include/lio_sam/utility.hpp:21[m[K,
[6.523s]                  from [01m[K/home/ngin/LAB/Resfes24/Robot_LiDAR3d/src/lio_sam/src/imageProjection.cpp:1[m[K:
[6.523s] [01m[K/usr/include/pcl-1.10/pcl/pcl_macros.h:94:9:[m[K [01;36m[Knote: [m[Kdeclared here
[6.523s]    94 |   using [01;36m[Kuint16_t[m[K [[deprecated("use std::uint16_t instead of pcl::uint16_t")]] = std::uint16_t;
[6.523s]       |         [01;36m[K^~~~~~~~[m[K
[6.523s] In file included from [01m[K/usr/include/boost/preprocessor/tuple/elem.hpp:23[m[K,
[6.523s]                  from [01m[K/usr/include/boost/preprocessor/arithmetic/add.hpp:21[m[K,
[6.523s]                  from [01m[K/usr/include/boost/mpl/aux_/preprocessor/def_params_tail.hpp:66[m[K,
[6.523s]                  from [01m[K/usr/include/boost/mpl/aux_/na_spec.hpp:28[m[K,
[6.523s]                  from [01m[K/usr/include/boost/mpl/not.hpp:20[m[K,
[6.523s]                  from [01m[K/usr/include/boost/mpl/assert.hpp:17[m[K,
[6.523s]                  from [01m[K/usr/include/pcl-1.10/pcl/point_traits.h:48[m[K,
[6.523s]                  from [01m[K/usr/include/pcl-1.10/pcl/point_cloud.h:50[m[K,
[6.524s]                  from [01m[K/usr/include/pcl-1.10/pcl/kdtree/kdtree.h:43[m[K,
[6.524s]                  from [01m[K/usr/include/pcl-1.10/pcl/kdtree/kdtree_flann.h:43[m[K,
[6.524s]                  from [01m[K/home/ngin/LAB/Resfes24/Robot_LiDAR3d/src/lio_sam/include/lio_sam/utility.hpp:21[m[K,
[6.524s]                  from [01m[K/home/ngin/LAB/Resfes24/Robot_LiDAR3d/src/lio_sam/src/imageProjection.cpp:1[m[K:
[6.524s] [01m[K/home/ngin/LAB/Resfes24/Robot_LiDAR3d/src/lio_sam/src/imageProjection.cpp:30:6:[m[K [01;35m[Kwarning: [m[K‘[01m[Kusing uint8_t = uint8_t[m[K’ is deprecated: use std::uint8_t instead of pcl::uint8_t [[01;35m[K-Wdeprecated-declarations[m[K]
[6.524s]    30 |     ([01;35m[Kuint8_t[m[K, ring, ring) (uint16_t, noise, noise) (uint32_t, range, range)
[6.524s]       |      [01;35m[K^~~~~~~[m[K
[6.524s] In file included from [01m[K/usr/include/pcl-1.10/pcl/kdtree/kdtree.h:42[m[K,
[6.524s]                  from [01m[K/usr/include/pcl-1.10/pcl/kdtree/kdtree_flann.h:43[m[K,
[6.524s]                  from [01m[K/home/ngin/LAB/Resfes24/Robot_LiDAR3d/src/lio_sam/include/lio_sam/utility.hpp:21[m[K,
[6.524s]                  from [01m[K/home/ngin/LAB/Resfes24/Robot_LiDAR3d/src/lio_sam/src/imageProjection.cpp:1[m[K:
[6.524s] [01m[K/usr/include/pcl-1.10/pcl/pcl_macros.h:92:9:[m[K [01;36m[Knote: [m[Kdeclared here
[6.524s]    92 |   using [01;36m[Kuint8_t[m[K [[deprecated("use std::uint8_t instead of pcl::uint8_t")]] = std::uint8_t;
[6.524s]       |         [01;36m[K^~~~~~~[m[K
[6.524s] In file included from [01m[K/usr/include/boost/preprocessor/tuple/elem.hpp:23[m[K,
[6.524s]                  from [01m[K/usr/include/boost/preprocessor/arithmetic/add.hpp:21[m[K,
[6.524s]                  from [01m[K/usr/include/boost/mpl/aux_/preprocessor/def_params_tail.hpp:66[m[K,
[6.524s]                  from [01m[K/usr/include/boost/mpl/aux_/na_spec.hpp:28[m[K,
[6.524s]                  from [01m[K/usr/include/boost/mpl/not.hpp:20[m[K,
[6.524s]                  from [01m[K/usr/include/boost/mpl/assert.hpp:17[m[K,
[6.525s]                  from [01m[K/usr/include/pcl-1.10/pcl/point_traits.h:48[m[K,
[6.525s]                  from [01m[K/usr/include/pcl-1.10/pcl/point_cloud.h:50[m[K,
[6.525s]                  from [01m[K/usr/include/pcl-1.10/pcl/kdtree/kdtree.h:43[m[K,
[6.525s]                  from [01m[K/usr/include/pcl-1.10/pcl/kdtree/kdtree_flann.h:43[m[K,
[6.525s]                  from [01m[K/home/ngin/LAB/Resfes24/Robot_LiDAR3d/src/lio_sam/include/lio_sam/utility.hpp:21[m[K,
[6.525s]                  from [01m[K/home/ngin/LAB/Resfes24/Robot_LiDAR3d/src/lio_sam/src/imageProjection.cpp:1[m[K:
[6.525s] [01m[K/home/ngin/LAB/Resfes24/Robot_LiDAR3d/src/lio_sam/src/imageProjection.cpp:30:28:[m[K [01;35m[Kwarning: [m[K‘[01m[Kusing uint16_t = uint16_t[m[K’ is deprecated: use std::uint16_t instead of pcl::uint16_t [[01;35m[K-Wdeprecated-declarations[m[K]
[6.525s]    30 |     (uint8_t, ring, ring) ([01;35m[Kuint16_t[m[K, noise, noise) (uint32_t, range, range)
[6.525s]       |                            [01;35m[K^~~~~~~~[m[K
[6.525s] In file included from [01m[K/usr/include/pcl-1.10/pcl/kdtree/kdtree.h:42[m[K,
[6.525s]                  from [01m[K/usr/include/pcl-1.10/pcl/kdtree/kdtree_flann.h:43[m[K,
[6.525s]                  from [01m[K/home/ngin/LAB/Resfes24/Robot_LiDAR3d/src/lio_sam/include/lio_sam/utility.hpp:21[m[K,
[6.525s]                  from [01m[K/home/ngin/LAB/Resfes24/Robot_LiDAR3d/src/lio_sam/src/imageProjection.cpp:1[m[K:
[6.525s] [01m[K/usr/include/pcl-1.10/pcl/pcl_macros.h:94:9:[m[K [01;36m[Knote: [m[Kdeclared here
[6.525s]    94 |   using [01;36m[Kuint16_t[m[K [[deprecated("use std::uint16_t instead of pcl::uint16_t")]] = std::uint16_t;
[6.525s]       |         [01;36m[K^~~~~~~~[m[K
[6.525s] In file included from [01m[K/usr/include/boost/preprocessor/tuple/elem.hpp:23[m[K,
[6.525s]                  from [01m[K/usr/include/boost/preprocessor/arithmetic/add.hpp:21[m[K,
[6.525s]                  from [01m[K/usr/include/boost/mpl/aux_/preprocessor/def_params_tail.hpp:66[m[K,
[6.526s]                  from [01m[K/usr/include/boost/mpl/aux_/na_spec.hpp:28[m[K,
[6.526s]                  from [01m[K/usr/include/boost/mpl/not.hpp:20[m[K,
[6.526s]                  from [01m[K/usr/include/boost/mpl/assert.hpp:17[m[K,
[6.526s]                  from [01m[K/usr/include/pcl-1.10/pcl/point_traits.h:48[m[K,
[6.526s]                  from [01m[K/usr/include/pcl-1.10/pcl/point_cloud.h:50[m[K,
[6.526s]                  from [01m[K/usr/include/pcl-1.10/pcl/kdtree/kdtree.h:43[m[K,
[6.526s]                  from [01m[K/usr/include/pcl-1.10/pcl/kdtree/kdtree_flann.h:43[m[K,
[6.526s]                  from [01m[K/home/ngin/LAB/Resfes24/Robot_LiDAR3d/src/lio_sam/include/lio_sam/utility.hpp:21[m[K,
[6.526s]                  from [01m[K/home/ngin/LAB/Resfes24/Robot_LiDAR3d/src/lio_sam/src/imageProjection.cpp:1[m[K:
[6.526s] [01m[K/home/ngin/LAB/Resfes24/Robot_LiDAR3d/src/lio_sam/src/imageProjection.cpp:30:53:[m[K [01;35m[Kwarning: [m[K‘[01m[Kusing uint32_t = uint32_t[m[K’ is deprecated: use std::uint32_t instead of pcl::uint32_t [[01;35m[K-Wdeprecated-declarations[m[K]
[6.526s]    30 |     (uint8_t, ring, ring) (uint16_t, noise, noise) ([01;35m[Kuint32_t[m[K, range, range)
[6.526s]       |                                                     [01;35m[K^~~~~~~~[m[K
[6.526s] In file included from [01m[K/usr/include/pcl-1.10/pcl/kdtree/kdtree.h:42[m[K,
[6.526s]                  from [01m[K/usr/include/pcl-1.10/pcl/kdtree/kdtree_flann.h:43[m[K,
[6.526s]                  from [01m[K/home/ngin/LAB/Resfes24/Robot_LiDAR3d/src/lio_sam/include/lio_sam/utility.hpp:21[m[K,
[6.526s]                  from [01m[K/home/ngin/LAB/Resfes24/Robot_LiDAR3d/src/lio_sam/src/imageProjection.cpp:1[m[K:
[6.526s] [01m[K/usr/include/pcl-1.10/pcl/pcl_macros.h:96:9:[m[K [01;36m[Knote: [m[Kdeclared here
[6.526s]    96 |   using [01;36m[Kuint32_t[m[K [[deprecated("use std::uint32_t instead of pcl::uint32_t")]] = std::uint32_t;
[6.526s]       |         [01;36m[K^~~~~~~~[m[K
[22.110s] [100%] [32m[1mLinking CXX executable lio_sam_imageProjection[0m
[22.690s] [100%] Built target lio_sam_imageProjection
[22.699s] Invoked command in '/home/ngin/LAB/Resfes24/Robot_LiDAR3d/build/lio_sam' returned '0': CMAKE_PREFIX_PATH=/opt/ros/foxy /usr/bin/cmake --build /home/ngin/LAB/Resfes24/Robot_LiDAR3d/build/lio_sam -- -j12 -l12
[22.743s] Invoking command in '/home/ngin/LAB/Resfes24/Robot_LiDAR3d/build/lio_sam': CMAKE_PREFIX_PATH=/opt/ros/foxy /usr/bin/cmake --install /home/ngin/LAB/Resfes24/Robot_LiDAR3d/build/lio_sam
[22.748s] -- Install configuration: "Release"
[22.749s] -- Execute custom install script
[22.750s] -- Up-to-date symlink: /home/ngin/LAB/Resfes24/Robot_LiDAR3d/install/lio_sam/share/ament_index/resource_index/rosidl_interfaces/lio_sam
[22.751s] -- Up-to-date symlink: /home/ngin/LAB/Resfes24/Robot_LiDAR3d/install/lio_sam/include/lio_sam/msg/cloud_info.h
[22.751s] -- Up-to-date symlink: /home/ngin/LAB/Resfes24/Robot_LiDAR3d/install/lio_sam/include/lio_sam/msg/detail/cloud_info__functions.h
[22.751s] -- Up-to-date symlink: /home/ngin/LAB/Resfes24/Robot_LiDAR3d/install/lio_sam/include/lio_sam/msg/detail/cloud_info__struct.h
[22.752s] -- Up-to-date symlink: /home/ngin/LAB/Resfes24/Robot_LiDAR3d/install/lio_sam/include/lio_sam/msg/detail/cloud_info__type_support.h
[22.752s] -- Up-to-date symlink: /home/ngin/LAB/Resfes24/Robot_LiDAR3d/install/lio_sam/include/lio_sam/msg/rosidl_generator_c__visibility_control.h
[22.752s] -- Up-to-date symlink: /home/ngin/LAB/Resfes24/Robot_LiDAR3d/install/lio_sam/include/lio_sam/srv/detail/save_map__functions.h
[22.753s] -- Up-to-date symlink: /home/ngin/LAB/Resfes24/Robot_LiDAR3d/install/lio_sam/include/lio_sam/srv/detail/save_map__struct.h
[22.753s] -- Up-to-date symlink: /home/ngin/LAB/Resfes24/Robot_LiDAR3d/install/lio_sam/include/lio_sam/srv/detail/save_map__type_support.h
[22.753s] -- Up-to-date symlink: /home/ngin/LAB/Resfes24/Robot_LiDAR3d/install/lio_sam/include/lio_sam/srv/save_map.h
[22.754s] -- Up-to-date symlink: /home/ngin/LAB/Resfes24/Robot_LiDAR3d/install/lio_sam/share/lio_sam/environment/library_path.sh
[22.754s] -- Up-to-date symlink: /home/ngin/LAB/Resfes24/Robot_LiDAR3d/install/lio_sam/share/lio_sam/environment/library_path.dsv
[22.755s] -- Up-to-date symlink: /home/ngin/LAB/Resfes24/Robot_LiDAR3d/install/lio_sam/include/lio_sam/msg/detail/cloud_info__rosidl_typesupport_fastrtps_c.h
[22.755s] -- Up-to-date symlink: /home/ngin/LAB/Resfes24/Robot_LiDAR3d/install/lio_sam/include/lio_sam/msg/rosidl_typesupport_fastrtps_c__visibility_control.h
[22.755s] -- Up-to-date symlink: /home/ngin/LAB/Resfes24/Robot_LiDAR3d/install/lio_sam/include/lio_sam/srv/detail/save_map__rosidl_typesupport_fastrtps_c.h
[22.755s] -- Up-to-date symlink: /home/ngin/LAB/Resfes24/Robot_LiDAR3d/install/lio_sam/lib/liblio_sam__rosidl_typesupport_fastrtps_c.so
[22.756s] -- Up-to-date symlink: /home/ngin/LAB/Resfes24/Robot_LiDAR3d/install/lio_sam/include/lio_sam/msg/detail/cloud_info__rosidl_typesupport_fastrtps_cpp.hpp
[22.756s] -- Up-to-date symlink: /home/ngin/LAB/Resfes24/Robot_LiDAR3d/install/lio_sam/include/lio_sam/msg/rosidl_typesupport_fastrtps_cpp__visibility_control.h
[22.756s] -- Up-to-date symlink: /home/ngin/LAB/Resfes24/Robot_LiDAR3d/install/lio_sam/include/lio_sam/srv/detail/save_map__rosidl_typesupport_fastrtps_cpp.hpp
[22.757s] -- Up-to-date symlink: /home/ngin/LAB/Resfes24/Robot_LiDAR3d/install/lio_sam/lib/liblio_sam__rosidl_typesupport_fastrtps_cpp.so
[22.757s] -- Up-to-date symlink: /home/ngin/LAB/Resfes24/Robot_LiDAR3d/install/lio_sam/include/lio_sam/msg/detail/cloud_info__rosidl_typesupport_introspection_c.h
[22.757s] -- Up-to-date symlink: /home/ngin/LAB/Resfes24/Robot_LiDAR3d/install/lio_sam/include/lio_sam/msg/rosidl_typesupport_introspection_c__visibility_control.h
[22.757s] -- Up-to-date symlink: /home/ngin/LAB/Resfes24/Robot_LiDAR3d/install/lio_sam/include/lio_sam/srv/detail/save_map__rosidl_typesupport_introspection_c.h
[22.758s] -- Up-to-date symlink: /home/ngin/LAB/Resfes24/Robot_LiDAR3d/install/lio_sam/include/lio_sam/msg/cloud_info.hpp
[22.758s] -- Up-to-date symlink: /home/ngin/LAB/Resfes24/Robot_LiDAR3d/install/lio_sam/include/lio_sam/msg/detail/cloud_info__builder.hpp
[22.758s] -- Up-to-date symlink: /home/ngin/LAB/Resfes24/Robot_LiDAR3d/install/lio_sam/include/lio_sam/msg/detail/cloud_info__struct.hpp
[22.758s] -- Up-to-date symlink: /home/ngin/LAB/Resfes24/Robot_LiDAR3d/install/lio_sam/include/lio_sam/msg/detail/cloud_info__traits.hpp
[22.758s] -- Up-to-date symlink: /home/ngin/LAB/Resfes24/Robot_LiDAR3d/install/lio_sam/include/lio_sam/msg/detail/cloud_info__type_support.hpp
[22.758s] -- Up-to-date symlink: /home/ngin/LAB/Resfes24/Robot_LiDAR3d/install/lio_sam/include/lio_sam/msg/rosidl_generator_cpp__visibility_control.hpp
[22.758s] -- Up-to-date symlink: /home/ngin/LAB/Resfes24/Robot_LiDAR3d/install/lio_sam/include/lio_sam/srv/detail/save_map__builder.hpp
[22.759s] -- Up-to-date symlink: /home/ngin/LAB/Resfes24/Robot_LiDAR3d/install/lio_sam/include/lio_sam/srv/detail/save_map__struct.hpp
[22.759s] -- Up-to-date symlink: /home/ngin/LAB/Resfes24/Robot_LiDAR3d/install/lio_sam/include/lio_sam/srv/detail/save_map__traits.hpp
[22.759s] -- Up-to-date symlink: /home/ngin/LAB/Resfes24/Robot_LiDAR3d/install/lio_sam/include/lio_sam/srv/detail/save_map__type_support.hpp
[22.759s] -- Up-to-date symlink: /home/ngin/LAB/Resfes24/Robot_LiDAR3d/install/lio_sam/include/lio_sam/srv/save_map.hpp
[22.759s] -- Up-to-date symlink: /home/ngin/LAB/Resfes24/Robot_LiDAR3d/install/lio_sam/include/lio_sam/msg/detail/cloud_info__rosidl_typesupport_introspection_cpp.hpp
[22.760s] -- Up-to-date symlink: /home/ngin/LAB/Resfes24/Robot_LiDAR3d/install/lio_sam/include/lio_sam/srv/detail/save_map__rosidl_typesupport_introspection_cpp.hpp
[22.760s] -- Up-to-date symlink: /home/ngin/LAB/Resfes24/Robot_LiDAR3d/install/lio_sam/share/lio_sam/environment/pythonpath.sh
[22.760s] -- Up-to-date symlink: /home/ngin/LAB/Resfes24/Robot_LiDAR3d/install/lio_sam/share/lio_sam/environment/pythonpath.dsv
[22.760s] -- Up-to-date symlink: /home/ngin/LAB/Resfes24/Robot_LiDAR3d/install/lio_sam/lib/python3.8/site-packages/lio_sam/__init__.py
[22.761s] -- Up-to-date symlink: /home/ngin/LAB/Resfes24/Robot_LiDAR3d/install/lio_sam/lib/python3.8/site-packages/lio_sam/msg/__init__.py
[22.761s] -- Up-to-date symlink: /home/ngin/LAB/Resfes24/Robot_LiDAR3d/install/lio_sam/lib/python3.8/site-packages/lio_sam/msg/_cloud_info.py
[22.761s] -- Up-to-date symlink: /home/ngin/LAB/Resfes24/Robot_LiDAR3d/install/lio_sam/lib/python3.8/site-packages/lio_sam/srv/__init__.py
[22.761s] -- Up-to-date symlink: /home/ngin/LAB/Resfes24/Robot_LiDAR3d/install/lio_sam/lib/python3.8/site-packages/lio_sam/srv/_save_map.py
[22.762s] -- Up-to-date symlink: /home/ngin/LAB/Resfes24/Robot_LiDAR3d/install/lio_sam/lib/python3.8/site-packages/lio_sam/lio_sam_s__rosidl_typesupport_fastrtps_c.cpython-38-x86_64-linux-gnu.so
[22.762s] -- Up-to-date symlink: /home/ngin/LAB/Resfes24/Robot_LiDAR3d/install/lio_sam/lib/python3.8/site-packages/lio_sam/lio_sam_s__rosidl_typesupport_introspection_c.cpython-38-x86_64-linux-gnu.so
[22.763s] -- Up-to-date symlink: /home/ngin/LAB/Resfes24/Robot_LiDAR3d/install/lio_sam/lib/python3.8/site-packages/lio_sam/lio_sam_s__rosidl_typesupport_c.cpython-38-x86_64-linux-gnu.so
[22.763s] -- Up-to-date symlink: /home/ngin/LAB/Resfes24/Robot_LiDAR3d/install/lio_sam/lib/liblio_sam__python.so
[22.763s] -- Up-to-date symlink: /home/ngin/LAB/Resfes24/Robot_LiDAR3d/install/lio_sam/share/lio_sam/msg/CloudInfo.idl
[22.764s] -- Up-to-date symlink: /home/ngin/LAB/Resfes24/Robot_LiDAR3d/install/lio_sam/share/lio_sam/srv/SaveMap.idl
[22.764s] -- Up-to-date symlink: /home/ngin/LAB/Resfes24/Robot_LiDAR3d/install/lio_sam/share/lio_sam/msg/CloudInfo.msg
[22.764s] -- Up-to-date symlink: /home/ngin/LAB/Resfes24/Robot_LiDAR3d/install/lio_sam/share/lio_sam/srv/SaveMap.srv
[22.764s] -- Up-to-date symlink: /home/ngin/LAB/Resfes24/Robot_LiDAR3d/install/lio_sam/share/lio_sam/srv/SaveMap_Request.msg
[22.764s] -- Up-to-date symlink: /home/ngin/LAB/Resfes24/Robot_LiDAR3d/install/lio_sam/share/lio_sam/srv/SaveMap_Response.msg
[22.765s] -- Up-to-date symlink: /home/ngin/LAB/Resfes24/Robot_LiDAR3d/install/lio_sam/share/lio_sam//launch/run.launch.py
[22.766s] -- Up-to-date symlink: /home/ngin/LAB/Resfes24/Robot_LiDAR3d/install/lio_sam/share/lio_sam//config/doc/demo.gif
[22.766s] -- Up-to-date symlink: /home/ngin/LAB/Resfes24/Robot_LiDAR3d/install/lio_sam/share/lio_sam//config/doc/device-boat.png
[22.766s] -- Up-to-date symlink: /home/ngin/LAB/Resfes24/Robot_LiDAR3d/install/lio_sam/share/lio_sam//config/doc/device-hand-2.png
[22.766s] -- Up-to-date symlink: /home/ngin/LAB/Resfes24/Robot_LiDAR3d/install/lio_sam/share/lio_sam//config/doc/device-hand.png
[22.767s] -- Up-to-date symlink: /home/ngin/LAB/Resfes24/Robot_LiDAR3d/install/lio_sam/share/lio_sam//config/doc/device-jackal.png
[22.767s] -- Up-to-date symlink: /home/ngin/LAB/Resfes24/Robot_LiDAR3d/install/lio_sam/share/lio_sam//config/doc/gps-demo.gif
[22.767s] -- Up-to-date symlink: /home/ngin/LAB/Resfes24/Robot_LiDAR3d/install/lio_sam/share/lio_sam//config/doc/imu-debug.gif
[22.767s] -- Up-to-date symlink: /home/ngin/LAB/Resfes24/Robot_LiDAR3d/install/lio_sam/share/lio_sam//config/doc/imu-transform.png
[22.767s] -- Up-to-date symlink: /home/ngin/LAB/Resfes24/Robot_LiDAR3d/install/lio_sam/share/lio_sam//config/doc/kitti-demo.gif
[22.767s] -- Up-to-date symlink: /home/ngin/LAB/Resfes24/Robot_LiDAR3d/install/lio_sam/share/lio_sam//config/doc/kitti-map.png
[22.767s] -- Up-to-date symlink: /home/ngin/LAB/Resfes24/Robot_LiDAR3d/install/lio_sam/share/lio_sam//config/doc/kitti2bag/README.md
[22.768s] -- Up-to-date symlink: /home/ngin/LAB/Resfes24/Robot_LiDAR3d/install/lio_sam/share/lio_sam//config/doc/kitti2bag/kitti2bag.py
[22.768s] -- Up-to-date symlink: /home/ngin/LAB/Resfes24/Robot_LiDAR3d/install/lio_sam/share/lio_sam//config/doc/loop-closure-2.gif
[22.768s] -- Up-to-date symlink: /home/ngin/LAB/Resfes24/Robot_LiDAR3d/install/lio_sam/share/lio_sam//config/doc/loop-closure.gif
[22.768s] -- Up-to-date symlink: /home/ngin/LAB/Resfes24/Robot_LiDAR3d/install/lio_sam/share/lio_sam//config/doc/ouster-demo.gif
[22.768s] -- Up-to-date symlink: /home/ngin/LAB/Resfes24/Robot_LiDAR3d/install/lio_sam/share/lio_sam//config/doc/ouster-device.jpg
[22.768s] -- Up-to-date symlink: /home/ngin/LAB/Resfes24/Robot_LiDAR3d/install/lio_sam/share/lio_sam//config/doc/paper.pdf
[22.768s] -- Up-to-date symlink: /home/ngin/LAB/Resfes24/Robot_LiDAR3d/install/lio_sam/share/lio_sam//config/doc/system.png
[22.769s] -- Up-to-date symlink: /home/ngin/LAB/Resfes24/Robot_LiDAR3d/install/lio_sam/share/lio_sam//config/params.yaml
[22.769s] -- Up-to-date symlink: /home/ngin/LAB/Resfes24/Robot_LiDAR3d/install/lio_sam/share/lio_sam//config/robot.urdf.xacro
[22.769s] -- Up-to-date symlink: /home/ngin/LAB/Resfes24/Robot_LiDAR3d/install/lio_sam/share/lio_sam//config/rviz2.rviz
[22.769s] -- Up-to-date symlink: /home/ngin/LAB/Resfes24/Robot_LiDAR3d/install/lio_sam/lib/lio_sam/lio_sam_imageProjection
[22.770s] -- Up-to-date symlink: /home/ngin/LAB/Resfes24/Robot_LiDAR3d/install/lio_sam/lib/lio_sam/lio_sam_imuPreintegration
[22.770s] -- Up-to-date symlink: /home/ngin/LAB/Resfes24/Robot_LiDAR3d/install/lio_sam/lib/lio_sam/lio_sam_featureExtraction
[22.771s] -- Up-to-date symlink: /home/ngin/LAB/Resfes24/Robot_LiDAR3d/install/lio_sam/lib/lio_sam/lio_sam_mapOptimization
[22.771s] -- Up-to-date symlink: /home/ngin/LAB/Resfes24/Robot_LiDAR3d/install/lio_sam/include/lio_sam/utility.hpp
[22.771s] -- Up-to-date symlink: /home/ngin/LAB/Resfes24/Robot_LiDAR3d/install/lio_sam/share/ament_index/resource_index/package_run_dependencies/lio_sam
[22.772s] -- Up-to-date symlink: /home/ngin/LAB/Resfes24/Robot_LiDAR3d/install/lio_sam/share/ament_index/resource_index/parent_prefix_path/lio_sam
[22.772s] -- Up-to-date symlink: /home/ngin/LAB/Resfes24/Robot_LiDAR3d/install/lio_sam/share/lio_sam/environment/ament_prefix_path.sh
[22.772s] -- Up-to-date symlink: /home/ngin/LAB/Resfes24/Robot_LiDAR3d/install/lio_sam/share/lio_sam/environment/ament_prefix_path.dsv
[22.772s] -- Up-to-date symlink: /home/ngin/LAB/Resfes24/Robot_LiDAR3d/install/lio_sam/share/lio_sam/environment/path.sh
[22.772s] -- Up-to-date symlink: /home/ngin/LAB/Resfes24/Robot_LiDAR3d/install/lio_sam/share/lio_sam/environment/path.dsv
[22.773s] -- Up-to-date symlink: /home/ngin/LAB/Resfes24/Robot_LiDAR3d/install/lio_sam/share/lio_sam/local_setup.bash
[22.773s] -- Up-to-date symlink: /home/ngin/LAB/Resfes24/Robot_LiDAR3d/install/lio_sam/share/lio_sam/local_setup.sh
[22.773s] -- Up-to-date symlink: /home/ngin/LAB/Resfes24/Robot_LiDAR3d/install/lio_sam/share/lio_sam/local_setup.zsh
[22.774s] -- Up-to-date symlink: /home/ngin/LAB/Resfes24/Robot_LiDAR3d/install/lio_sam/share/lio_sam/local_setup.dsv
[22.774s] -- Symlinking: /home/ngin/LAB/Resfes24/Robot_LiDAR3d/install/lio_sam/share/lio_sam/package.dsv
[22.783s] -- Up-to-date symlink: /home/ngin/LAB/Resfes24/Robot_LiDAR3d/install/lio_sam/share/ament_index/resource_index/packages/lio_sam
[22.783s] -- Up-to-date symlink: /home/ngin/LAB/Resfes24/Robot_LiDAR3d/install/lio_sam/share/lio_sam/cmake/rosidl_cmake-extras.cmake
[22.784s] -- Up-to-date symlink: /home/ngin/LAB/Resfes24/Robot_LiDAR3d/install/lio_sam/share/lio_sam/cmake/ament_cmake_export_dependencies-extras.cmake
[22.784s] -- Up-to-date symlink: /home/ngin/LAB/Resfes24/Robot_LiDAR3d/install/lio_sam/share/lio_sam/cmake/ament_cmake_export_libraries-extras.cmake
[22.784s] -- Up-to-date symlink: /home/ngin/LAB/Resfes24/Robot_LiDAR3d/install/lio_sam/share/lio_sam/cmake/ament_cmake_export_targets-extras.cmake
[22.784s] -- Up-to-date symlink: /home/ngin/LAB/Resfes24/Robot_LiDAR3d/install/lio_sam/share/lio_sam/cmake/ament_cmake_export_include_directories-extras.cmake
[22.784s] -- Up-to-date symlink: /home/ngin/LAB/Resfes24/Robot_LiDAR3d/install/lio_sam/share/lio_sam/cmake/rosidl_cmake_export_typesupport_libraries-extras.cmake
[22.785s] -- Up-to-date symlink: /home/ngin/LAB/Resfes24/Robot_LiDAR3d/install/lio_sam/share/lio_sam/cmake/rosidl_cmake_export_typesupport_targets-extras.cmake
[22.785s] -- Up-to-date symlink: /home/ngin/LAB/Resfes24/Robot_LiDAR3d/install/lio_sam/share/lio_sam/cmake/lio_samConfig.cmake
[22.785s] -- Up-to-date symlink: /home/ngin/LAB/Resfes24/Robot_LiDAR3d/install/lio_sam/share/lio_sam/cmake/lio_samConfig-version.cmake
[22.785s] -- Up-to-date symlink: /home/ngin/LAB/Resfes24/Robot_LiDAR3d/install/lio_sam/share/lio_sam/package.xml
[22.786s] -- Up-to-date: /home/ngin/LAB/Resfes24/Robot_LiDAR3d/install/lio_sam/lib/liblio_sam__rosidl_generator_c.so
[22.786s] -- Up-to-date: /home/ngin/LAB/Resfes24/Robot_LiDAR3d/install/lio_sam/lib/liblio_sam__rosidl_typesupport_introspection_c.so
[22.787s] -- Up-to-date: /home/ngin/LAB/Resfes24/Robot_LiDAR3d/install/lio_sam/lib/liblio_sam__rosidl_typesupport_c.so
[22.787s] -- Up-to-date: /home/ngin/LAB/Resfes24/Robot_LiDAR3d/install/lio_sam/lib/liblio_sam__rosidl_typesupport_introspection_cpp.so
[22.788s] -- Up-to-date: /home/ngin/LAB/Resfes24/Robot_LiDAR3d/install/lio_sam/lib/liblio_sam__rosidl_typesupport_cpp.so
[22.816s] -- Up-to-date: /home/ngin/LAB/Resfes24/Robot_LiDAR3d/install/lio_sam/share/lio_sam/cmake/lio_sam__rosidl_generator_cExport.cmake
[22.816s] -- Up-to-date: /home/ngin/LAB/Resfes24/Robot_LiDAR3d/install/lio_sam/share/lio_sam/cmake/lio_sam__rosidl_generator_cExport-release.cmake
[22.817s] -- Up-to-date: /home/ngin/LAB/Resfes24/Robot_LiDAR3d/install/lio_sam/share/lio_sam/cmake/lio_sam__rosidl_typesupport_introspection_cExport.cmake
[22.817s] -- Up-to-date: /home/ngin/LAB/Resfes24/Robot_LiDAR3d/install/lio_sam/share/lio_sam/cmake/lio_sam__rosidl_typesupport_introspection_cExport-release.cmake
[22.817s] -- Up-to-date: /home/ngin/LAB/Resfes24/Robot_LiDAR3d/install/lio_sam/share/lio_sam/cmake/lio_sam__rosidl_typesupport_cExport.cmake
[22.817s] -- Up-to-date: /home/ngin/LAB/Resfes24/Robot_LiDAR3d/install/lio_sam/share/lio_sam/cmake/lio_sam__rosidl_typesupport_cExport-release.cmake
[22.818s] -- Up-to-date: /home/ngin/LAB/Resfes24/Robot_LiDAR3d/install/lio_sam/share/lio_sam/cmake/lio_sam__rosidl_generator_cppExport.cmake
[22.818s] -- Up-to-date: /home/ngin/LAB/Resfes24/Robot_LiDAR3d/install/lio_sam/share/lio_sam/cmake/lio_sam__rosidl_typesupport_introspection_cppExport.cmake
[22.818s] -- Up-to-date: /home/ngin/LAB/Resfes24/Robot_LiDAR3d/install/lio_sam/share/lio_sam/cmake/lio_sam__rosidl_typesupport_introspection_cppExport-release.cmake
[22.818s] -- Up-to-date: /home/ngin/LAB/Resfes24/Robot_LiDAR3d/install/lio_sam/share/lio_sam/cmake/lio_sam__rosidl_typesupport_cppExport.cmake
[22.819s] -- Up-to-date: /home/ngin/LAB/Resfes24/Robot_LiDAR3d/install/lio_sam/share/lio_sam/cmake/lio_sam__rosidl_typesupport_cppExport-release.cmake
[22.821s] Invoked command in '/home/ngin/LAB/Resfes24/Robot_LiDAR3d/build/lio_sam' returned '0': CMAKE_PREFIX_PATH=/opt/ros/foxy /usr/bin/cmake --install /home/ngin/LAB/Resfes24/Robot_LiDAR3d/build/lio_sam
