[0.012s] Invoking command in '/home/ngin/LAB/Resfes24/Robot_LiDAR3d/build/lio_sam': CMAKE_PREFIX_PATH=${CMAKE_PREFIX_PATH}:/opt/ros/foxy /usr/bin/cmake /home/ngin/LAB/Resfes24/Robot_LiDAR3d/src/LIO-SAM -DAMENT_CMAKE_SYMLINK_INSTALL=1 -DCMAKE_INSTALL_PREFIX=/home/ngin/LAB/Resfes24/Robot_LiDAR3d/install/lio_sam
[0.023s] -- Found ament_cmake: 0.9.12 (/opt/ros/foxy/share/ament_cmake/cmake)
[0.040s] -- Found PythonInterp: /usr/bin/python3 (found suitable version "3.8.10", minimum required is "3") 
[0.040s] -- Using PYTHON_EXECUTABLE: /usr/bin/python3
[0.177s] -- Override CMake install command with custom implementation using symlinks instead of copying resources
[0.182s] -- Found rosidl_default_generators: 1.0.1 (/opt/ros/foxy/share/rosidl_default_generators/cmake)
[0.184s] -- Using all available rosidl_typesupport_c: rosidl_typesupport_fastrtps_c;rosidl_typesupport_introspection_c
[0.186s] -- Found rosidl_adapter: 1.3.1 (/opt/ros/foxy/share/rosidl_adapter/cmake)
[0.285s] -- Using all available rosidl_typesupport_cpp: rosidl_typesupport_fastrtps_cpp;rosidl_typesupport_introspection_cpp
[0.300s] -- Found rclcpp: 2.4.3 (/opt/ros/foxy/share/rclcpp/cmake)
[0.335s] -- Found rmw_implementation_cmake: 1.0.4 (/opt/ros/foxy/share/rmw_implementation_cmake/cmake)
[0.336s] -- Using RMW implementation 'rmw_fastrtps_cpp' as default
[0.450s] -- Found rclpy: 1.0.13 (/opt/ros/foxy/share/rclpy/cmake)
[0.450s] -- Found cv_bridge: 3.0.7 (/opt/ros/foxy/share/cv_bridge/cmake)
[0.573s] -- Found nav_msgs: 2.0.5 (/opt/ros/foxy/share/nav_msgs/cmake)
[0.638s] -- Found visualization_msgs: 2.0.5 (/opt/ros/foxy/share/visualization_msgs/cmake)
[0.688s] -- Found pcl_msgs: 1.0.0 (/opt/ros/foxy/share/pcl_msgs/cmake)
[0.770s] -- Found tf2: 0.13.14 (/opt/ros/foxy/share/tf2/cmake)
[0.777s] -- Found tf2_geometry_msgs: 0.13.14 (/opt/ros/foxy/share/tf2_geometry_msgs/cmake)
[0.781s] -- Found eigen3_cmake_module: 0.1.1 (/opt/ros/foxy/share/eigen3_cmake_module/cmake)
[1.046s] -- Found tf2_sensor_msgs: 0.13.14 (/opt/ros/foxy/share/tf2_sensor_msgs/cmake)
[1.057s] -- Found tf2_eigen: 0.13.14 (/opt/ros/foxy/share/tf2_eigen/cmake)
[1.071s] -- Found Eigen: /usr/include/eigen3 (Required is at least version "3.1") 
[1.071s] -- Eigen found (include: /usr/include/eigen3, version: 3.3.7)
[1.078s] -- Found Boost: /usr/include (found suitable version "1.71.0", minimum required is "1.55.0") found components: system filesystem date_time iostreams regex 
[1.133s] -- The imported target "vtkParseOGLExt" references the file
[1.133s]    "/usr/bin/vtkParseOGLExt-7.1"
[1.133s] but this file does not exist.  Possible reasons include:
[1.133s] * The file was deleted, renamed, or moved to another location.
[1.133s] * An install or uninstall procedure did not complete successfully.
[1.133s] * The installation package was faulty and contained
[1.133s]    "/usr/lib/cmake/vtk-7.1/VTKTargets.cmake"
[1.133s] but not all the files it references.
[1.133s] 
[1.134s] -- The imported target "vtkRenderingPythonTkWidgets" references the file
[1.134s]    "/usr/lib/x86_64-linux-gnu/libvtkRenderingPythonTkWidgets.so"
[1.134s] but this file does not exist.  Possible reasons include:
[1.134s] * The file was deleted, renamed, or moved to another location.
[1.134s] * An install or uninstall procedure did not complete successfully.
[1.134s] * The installation package was faulty and contained
[1.134s]    "/usr/lib/cmake/vtk-7.1/VTKTargets.cmake"
[1.134s] but not all the files it references.
[1.134s] 
[1.134s] -- The imported target "vtk" references the file
[1.134s]    "/usr/bin/vtk"
[1.135s] but this file does not exist.  Possible reasons include:
[1.135s] * The file was deleted, renamed, or moved to another location.
[1.135s] * An install or uninstall procedure did not complete successfully.
[1.135s] * The installation package was faulty and contained
[1.135s]    "/usr/lib/cmake/vtk-7.1/VTKTargets.cmake"
[1.135s] but not all the files it references.
[1.135s] 
[1.135s] -- The imported target "pvtk" references the file
[1.135s]    "/usr/bin/pvtk"
[1.135s] but this file does not exist.  Possible reasons include:
[1.135s] * The file was deleted, renamed, or moved to another location.
[1.135s] * An install or uninstall procedure did not complete successfully.
[1.135s] * The installation package was faulty and contained
[1.135s]    "/usr/lib/cmake/vtk-7.1/VTKTargets.cmake"
[1.135s] but not all the files it references.
[1.135s] 
[1.150s] -- OpenNI found (include: /usr/include/ni, lib: /usr/lib/libOpenNI.so)
[1.159s] -- OpenNI2 found (include: /usr/include/openni2, lib: /usr/lib/libOpenNI2.so)
[1.159s] ** WARNING ** io features related to pcap will be disabled
[1.159s] ** WARNING ** io features related to png will be disabled
[1.168s] ** WARNING ** io features related to libusb-1.0 will be disabled
[1.172s] -- OpenNI found (include: /usr/include/ni, lib: /usr/lib/libOpenNI.so)
[1.177s] -- OpenNI2 found (include: /usr/include/openni2, lib: /usr/lib/libOpenNI2.so)
[1.187s] -- QHULL found (include: /usr/include, lib: optimized;/usr/lib/x86_64-linux-gnu/libqhull.so;debug;/usr/lib/x86_64-linux-gnu/libqhull.so)
[1.191s] -- OpenNI found (include: /usr/include/ni, lib: /usr/lib/libOpenNI.so)
[1.200s] -- looking for PCL_COMMON
[1.200s] -- looking for PCL_KDTREE
[1.201s] -- looking for PCL_OCTREE
[1.201s] -- looking for PCL_SEARCH
[1.202s] -- looking for PCL_SAMPLE_CONSENSUS
[1.202s] -- looking for PCL_FILTERS
[1.202s] -- looking for PCL_2D
[1.202s] -- looking for PCL_GEOMETRY
[1.203s] -- looking for PCL_IO
[1.203s] -- looking for PCL_FEATURES
[1.203s] -- looking for PCL_ML
[1.204s] -- looking for PCL_SEGMENTATION
[1.204s] -- looking for PCL_VISUALIZATION
[1.205s] -- looking for PCL_SURFACE
[1.205s] -- looking for PCL_REGISTRATION
[1.205s] -- looking for PCL_KEYPOINTS
[1.206s] -- looking for PCL_TRACKING
[1.206s] -- looking for PCL_RECOGNITION
[1.207s] -- looking for PCL_STEREO
[1.207s] -- looking for PCL_APPS
[1.208s] -- looking for PCL_IN_HAND_SCANNER
[1.208s] -- looking for PCL_POINT_CLOUD_EDITOR
[1.209s] -- looking for PCL_OUTOFCORE
[1.209s] -- looking for PCL_PEOPLE
[1.222s] -- Found Boost: /usr/include (found suitable version "1.71.0", minimum required is "1.65") found components: serialization system filesystem thread program_options date_time timer chrono regex atomic 
[1.224s] -- GTSAM include directory:  /usr/lib/cmake/GTSAM/../../../include
[1.228s] -- Found Eigen: /usr/include/eigen3  
[1.228s] -- Eigen found (include: /usr/include/eigen3, version: 3.3.7)
[1.229s] -- Found OpenMP_C: -fopenmp  
[1.229s] -- Found OpenMP_CXX: -fopenmp  
[1.229s] -- Found OpenMP: TRUE   
[1.246s] -- Found PythonInterp: /usr/bin/python3 (found version "3.8.10") 
[1.392s] -- Found ament_cmake_ros: 0.9.2 (/opt/ros/foxy/share/ament_cmake_ros/cmake)
[1.606s] -- Using all available rosidl_typesupport_c: rosidl_typesupport_fastrtps_c;rosidl_typesupport_introspection_c
[1.717s] -- Using all available rosidl_typesupport_cpp: rosidl_typesupport_fastrtps_cpp;rosidl_typesupport_introspection_cpp
[1.737s] -- Found PythonInterp: /usr/bin/python3 (found suitable version "3.8.10", minimum required is "3.5") 
[1.737s] -- Found python_cmake_module: 0.8.1 (/opt/ros/foxy/share/python_cmake_module/cmake)
[1.756s] -- Using PYTHON_EXECUTABLE: /usr/bin/python3
[1.756s] -- Using PYTHON_INCLUDE_DIRS: /usr/include/python3.8
[1.757s] -- Using PYTHON_LIBRARIES: /usr/lib/x86_64-linux-gnu/libpython3.8.so
[1.919s] -- Found ament_lint_auto: 0.9.8 (/opt/ros/foxy/share/ament_lint_auto/cmake)
[1.946s] -- Added test 'copyright' to check source files copyright and LICENSE
[1.949s] -- Added test 'cppcheck' to perform static code analysis on C / C++ code
[1.952s] -- Configured cppcheck include dirs: /home/ngin/LAB/Resfes24/Robot_LiDAR3d/src/LIO-SAM/include/lio_sam
[1.952s] -- Configured cppcheck exclude dirs and/or files: 
[1.954s] -- Added test 'cpplint' to check C / C++ code against the Google style
[1.954s] -- Configured cpplint exclude dirs and/or files: 
[1.955s] -- Added test 'flake8' to check Python code syntax and style conventions
[1.956s] -- Added test 'lint_cmake' to check CMake code style
[1.956s] -- Added test 'pep257' to check Python code against some of the style conventions in PEP 257
[1.959s] -- Added test 'uncrustify' to check C / C++ code style
[1.959s] -- Configured uncrustify additional arguments: 
[1.959s] -- Added test 'xmllint' to check XML markup files
[1.964s] -- Configuring done
[2.182s] -- Generating done
[2.184s] -- Build files have been written to: /home/ngin/LAB/Resfes24/Robot_LiDAR3d/build/lio_sam
[2.196s] Invoked command in '/home/ngin/LAB/Resfes24/Robot_LiDAR3d/build/lio_sam' returned '0': CMAKE_PREFIX_PATH=${CMAKE_PREFIX_PATH}:/opt/ros/foxy /usr/bin/cmake /home/ngin/LAB/Resfes24/Robot_LiDAR3d/src/LIO-SAM -DAMENT_CMAKE_SYMLINK_INSTALL=1 -DCMAKE_INSTALL_PREFIX=/home/ngin/LAB/Resfes24/Robot_LiDAR3d/install/lio_sam
[2.198s] Invoking command in '/home/ngin/LAB/Resfes24/Robot_LiDAR3d/build/lio_sam': CMAKE_PREFIX_PATH=${CMAKE_PREFIX_PATH}:/opt/ros/foxy /usr/bin/cmake --build /home/ngin/LAB/Resfes24/Robot_LiDAR3d/build/lio_sam -- -j12 -l12
[2.234s] [  2%] [34m[1mGenerating C code for ROS interfaces[0m
[2.234s] [35m[1mScanning dependencies of target lio_sam__cpp[0m
[2.243s] [  4%] [34m[1mGenerating C++ code for ROS interfaces[0m
[2.515s] [  4%] Built target lio_sam__cpp
[2.524s] [ 10%] [34m[1mGenerating C++ introspection for ROS interfaces[0m
[2.524s] [ 10%] [34m[1mGenerating C++ type support for eProsima Fast-RTPS[0m
[2.524s] [ 10%] [34m[1mGenerating C++ type support dispatch for ROS interfaces[0m
[2.537s] [35m[1mScanning dependencies of target lio_sam__rosidl_generator_c[0m
[2.555s] [ 12%] [32mBuilding C object CMakeFiles/lio_sam__rosidl_generator_c.dir/rosidl_generator_c/lio_sam/srv/detail/save_map__functions.c.o[0m
[2.555s] [ 14%] [32mBuilding C object CMakeFiles/lio_sam__rosidl_generator_c.dir/rosidl_generator_c/lio_sam/msg/detail/cloud_info__functions.c.o[0m
[2.652s] [ 17%] [32m[1mLinking C shared library liblio_sam__rosidl_generator_c.so[0m
[2.687s] [ 17%] Built target lio_sam__rosidl_generator_c
[2.694s] [ 19%] [34m[1mGenerating C type support dispatch for ROS interfaces[0m
[2.695s] [ 21%] [34m[1mGenerating C introspection for ROS interfaces[0m
[2.777s] [35m[1mScanning dependencies of target lio_sam__rosidl_typesupport_introspection_cpp[0m
[2.792s] [ 23%] [32mBuilding CXX object CMakeFiles/lio_sam__rosidl_typesupport_introspection_cpp.dir/rosidl_typesupport_introspection_cpp/lio_sam/srv/detail/save_map__type_support.cpp.o[0m
[2.793s] [ 25%] [32mBuilding CXX object CMakeFiles/lio_sam__rosidl_typesupport_introspection_cpp.dir/rosidl_typesupport_introspection_cpp/lio_sam/msg/detail/cloud_info__type_support.cpp.o[0m
[2.817s] [35m[1mScanning dependencies of target lio_sam__rosidl_typesupport_cpp[0m
[2.830s] [ 29%] [32mBuilding CXX object CMakeFiles/lio_sam__rosidl_typesupport_cpp.dir/rosidl_typesupport_cpp/lio_sam/msg/cloud_info__type_support.cpp.o[0m
[2.830s] [ 29%] [32mBuilding CXX object CMakeFiles/lio_sam__rosidl_typesupport_cpp.dir/rosidl_typesupport_cpp/lio_sam/srv/save_map__type_support.cpp.o[0m
[2.885s] [35m[1mScanning dependencies of target lio_sam__rosidl_typesupport_fastrtps_cpp[0m
[2.911s] [ 34%] [32mBuilding CXX object CMakeFiles/lio_sam__rosidl_typesupport_fastrtps_cpp.dir/rosidl_typesupport_fastrtps_cpp/lio_sam/msg/detail/dds_fastrtps/cloud_info__type_support.cpp.o[0m
[2.911s] [ 34%] [32mBuilding CXX object CMakeFiles/lio_sam__rosidl_typesupport_fastrtps_cpp.dir/rosidl_typesupport_fastrtps_cpp/lio_sam/srv/detail/dds_fastrtps/save_map__type_support.cpp.o[0m
[3.007s] [35m[1mScanning dependencies of target lio_sam__rosidl_typesupport_introspection_c[0m
[3.025s] [35m[1mScanning dependencies of target lio_sam__rosidl_typesupport_c[0m
[3.036s] [ 36%] [32mBuilding C object CMakeFiles/lio_sam__rosidl_typesupport_introspection_c.dir/rosidl_typesupport_introspection_c/lio_sam/msg/detail/cloud_info__type_support.c.o[0m
[3.039s] [ 38%] [32mBuilding C object CMakeFiles/lio_sam__rosidl_typesupport_introspection_c.dir/rosidl_typesupport_introspection_c/lio_sam/srv/detail/save_map__type_support.c.o[0m
[3.043s] [ 40%] [32mBuilding CXX object CMakeFiles/lio_sam__rosidl_typesupport_c.dir/rosidl_typesupport_c/lio_sam/srv/save_map__type_support.cpp.o[0m
[3.043s] [ 42%] [32mBuilding CXX object CMakeFiles/lio_sam__rosidl_typesupport_c.dir/rosidl_typesupport_c/lio_sam/msg/cloud_info__type_support.cpp.o[0m
[3.081s] [ 44%] [32m[1mLinking CXX shared library liblio_sam__rosidl_typesupport_c.so[0m
[3.082s] [ 46%] [32m[1mLinking C shared library liblio_sam__rosidl_typesupport_introspection_c.so[0m
[3.114s] [ 46%] Built target lio_sam__rosidl_typesupport_c
[3.115s] [ 46%] Built target lio_sam__rosidl_typesupport_introspection_c
[3.141s] [ 48%] [32m[1mLinking CXX shared library liblio_sam__rosidl_typesupport_cpp.so[0m
[3.178s] [ 48%] Built target lio_sam__rosidl_typesupport_cpp
[3.187s] [35m[1mScanning dependencies of target lio_sam_imuPreintegration[0m
[3.187s] [35m[1mScanning dependencies of target lio_sam_mapOptimization[0m
[3.188s] [35m[1mScanning dependencies of target lio_sam_imageProjection[0m
[3.188s] [35m[1mScanning dependencies of target lio_sam_featureExtraction[0m
[3.265s] [ 51%] [32m[1mLinking CXX shared library liblio_sam__rosidl_typesupport_introspection_cpp.so[0m
[3.329s] [ 51%] Built target lio_sam__rosidl_typesupport_introspection_cpp
[3.420s] [ 53%] [32mBuilding CXX object CMakeFiles/lio_sam_mapOptimization.dir/src/mapOptmization.cpp.o[0m
[3.421s] [ 55%] [32mBuilding CXX object CMakeFiles/lio_sam_imuPreintegration.dir/src/imuPreintegration.cpp.o[0m
[3.422s] [ 57%] [32mBuilding CXX object CMakeFiles/lio_sam_imageProjection.dir/src/imageProjection.cpp.o[0m
[3.423s] [ 59%] [32mBuilding CXX object CMakeFiles/lio_sam_featureExtraction.dir/src/featureExtraction.cpp.o[0m
[3.451s] [ 61%] [32m[1mLinking CXX shared library liblio_sam__rosidl_typesupport_fastrtps_cpp.so[0m
[3.516s] [ 61%] Built target lio_sam__rosidl_typesupport_fastrtps_cpp
[3.526s] [ 63%] [34m[1mGenerating C type support for eProsima Fast-RTPS[0m
[3.828s] [35m[1mScanning dependencies of target lio_sam__rosidl_typesupport_fastrtps_c[0m
[3.850s] [ 68%] [32mBuilding CXX object CMakeFiles/lio_sam__rosidl_typesupport_fastrtps_c.dir/rosidl_typesupport_fastrtps_c/lio_sam/msg/detail/cloud_info__type_support_c.cpp.o[0m
[3.850s] [ 68%] [32mBuilding CXX object CMakeFiles/lio_sam__rosidl_typesupport_fastrtps_c.dir/rosidl_typesupport_fastrtps_c/lio_sam/srv/detail/save_map__type_support_c.cpp.o[0m
[4.250s] [ 70%] [32m[1mLinking CXX shared library liblio_sam__rosidl_typesupport_fastrtps_c.so[0m
[4.317s] [ 70%] Built target lio_sam__rosidl_typesupport_fastrtps_c
[4.325s] [35m[1mScanning dependencies of target lio_sam[0m
[4.333s] [ 70%] Built target lio_sam
[4.342s] [35m[1mScanning dependencies of target lio_sam__py[0m
[4.351s] [ 72%] [34m[1mGenerating Python code for ROS interfaces[0m
[4.905s] [ 72%] Built target lio_sam__py
[4.912s] [35m[1mScanning dependencies of target lio_sam__python[0m
[4.947s] [ 76%] [32mBuilding C object CMakeFiles/lio_sam__python.dir/rosidl_generator_py/lio_sam/srv/_save_map_s.c.o[0m
[4.947s] [ 76%] [32mBuilding C object CMakeFiles/lio_sam__python.dir/rosidl_generator_py/lio_sam/msg/_cloud_info_s.c.o[0m
[5.128s] [ 78%] [32m[1mLinking C shared library rosidl_generator_py/lio_sam/liblio_sam__python.so[0m
[5.164s] [ 78%] Built target lio_sam__python
[5.171s] [35m[1mScanning dependencies of target lio_sam__rosidl_typesupport_fastrtps_c__pyext[0m
[5.172s] [35m[1mScanning dependencies of target lio_sam__rosidl_typesupport_introspection_c__pyext[0m
[5.173s] [35m[1mScanning dependencies of target lio_sam__rosidl_typesupport_c__pyext[0m
[5.191s] [ 80%] [32mBuilding C object CMakeFiles/lio_sam__rosidl_typesupport_introspection_c__pyext.dir/rosidl_generator_py/lio_sam/_lio_sam_s.ep.rosidl_typesupport_introspection_c.c.o[0m
[5.191s] [ 82%] [32mBuilding C object CMakeFiles/lio_sam__rosidl_typesupport_fastrtps_c__pyext.dir/rosidl_generator_py/lio_sam/_lio_sam_s.ep.rosidl_typesupport_fastrtps_c.c.o[0m
[5.191s] [ 85%] [32mBuilding C object CMakeFiles/lio_sam__rosidl_typesupport_c__pyext.dir/rosidl_generator_py/lio_sam/_lio_sam_s.ep.rosidl_typesupport_c.c.o[0m
[5.286s] [ 89%] [32m[1mLinking C shared library rosidl_generator_py/lio_sam/lio_sam_s__rosidl_typesupport_c.cpython-38-x86_64-linux-gnu.so[0m
[5.286s] [ 89%] [32m[1mLinking C shared library rosidl_generator_py/lio_sam/lio_sam_s__rosidl_typesupport_introspection_c.cpython-38-x86_64-linux-gnu.so[0m
[5.316s] [ 89%] Built target lio_sam__rosidl_typesupport_c__pyext
[5.316s] [ 89%] Built target lio_sam__rosidl_typesupport_introspection_c__pyext
[5.345s] [ 91%] [32m[1mLinking CXX shared library rosidl_generator_py/lio_sam/lio_sam_s__rosidl_typesupport_fastrtps_c.cpython-38-x86_64-linux-gnu.so[0m
[5.397s] [ 91%] Built target lio_sam__rosidl_typesupport_fastrtps_c__pyext
[9.998s] In file included from [01m[K/usr/include/boost/preprocessor/tuple/elem.hpp:23[m[K,
[9.998s]                  from [01m[K/usr/include/boost/preprocessor/arithmetic/add.hpp:21[m[K,
[9.998s]                  from [01m[K/usr/include/boost/mpl/aux_/preprocessor/def_params_tail.hpp:66[m[K,
[9.998s]                  from [01m[K/usr/include/boost/mpl/aux_/na_spec.hpp:28[m[K,
[9.998s]                  from [01m[K/usr/include/boost/mpl/not.hpp:20[m[K,
[9.998s]                  from [01m[K/usr/include/boost/mpl/assert.hpp:17[m[K,
[9.998s]                  from [01m[K/usr/include/pcl-1.10/pcl/point_traits.h:48[m[K,
[9.998s]                  from [01m[K/usr/include/pcl-1.10/pcl/point_cloud.h:50[m[K,
[9.998s]                  from [01m[K/usr/include/pcl-1.10/pcl/kdtree/kdtree.h:43[m[K,
[9.998s]                  from [01m[K/usr/include/pcl-1.10/pcl/kdtree/kdtree_flann.h:43[m[K,
[9.999s]                  from [01m[K/home/ngin/LAB/Resfes24/Robot_LiDAR3d/src/LIO-SAM/include/lio_sam/utility.hpp:21[m[K,
[9.999s]                  from [01m[K/home/ngin/LAB/Resfes24/Robot_LiDAR3d/src/LIO-SAM/src/imageProjection.cpp:1[m[K:
[9.999s] [01m[K/home/ngin/LAB/Resfes24/Robot_LiDAR3d/src/LIO-SAM/src/imageProjection.cpp:14:6:[m[K [01;35m[Kwarning: [m[K‘[01m[Kusing uint16_t = uint16_t[m[K’ is deprecated: use std::uint16_t instead of pcl::uint16_t [[01;35m[K-Wdeprecated-declarations[m[K]
[9.999s]    14 |     ([01;35m[Kuint16_t[m[K, ring, ring) (float, time, time)
[9.999s]       |      [01;35m[K^~~~~~~~[m[K
[9.999s] In file included from [01m[K/usr/include/pcl-1.10/pcl/kdtree/kdtree.h:42[m[K,
[9.999s]                  from [01m[K/usr/include/pcl-1.10/pcl/kdtree/kdtree_flann.h:43[m[K,
[9.999s]                  from [01m[K/home/ngin/LAB/Resfes24/Robot_LiDAR3d/src/LIO-SAM/include/lio_sam/utility.hpp:21[m[K,
[9.999s]                  from [01m[K/home/ngin/LAB/Resfes24/Robot_LiDAR3d/src/LIO-SAM/src/imageProjection.cpp:1[m[K:
[9.999s] [01m[K/usr/include/pcl-1.10/pcl/pcl_macros.h:94:9:[m[K [01;36m[Knote: [m[Kdeclared here
[9.999s]    94 |   using [01;36m[Kuint16_t[m[K [[deprecated("use std::uint16_t instead of pcl::uint16_t")]] = std::uint16_t;
[10.000s]       |         [01;36m[K^~~~~~~~[m[K
[10.005s] In file included from [01m[K/usr/include/boost/preprocessor/tuple/elem.hpp:23[m[K,
[10.005s]                  from [01m[K/usr/include/boost/preprocessor/arithmetic/add.hpp:21[m[K,
[10.005s]                  from [01m[K/usr/include/boost/mpl/aux_/preprocessor/def_params_tail.hpp:66[m[K,
[10.005s]                  from [01m[K/usr/include/boost/mpl/aux_/na_spec.hpp:28[m[K,
[10.005s]                  from [01m[K/usr/include/boost/mpl/not.hpp:20[m[K,
[10.005s]                  from [01m[K/usr/include/boost/mpl/assert.hpp:17[m[K,
[10.005s]                  from [01m[K/usr/include/pcl-1.10/pcl/point_traits.h:48[m[K,
[10.006s]                  from [01m[K/usr/include/pcl-1.10/pcl/point_cloud.h:50[m[K,
[10.006s]                  from [01m[K/usr/include/pcl-1.10/pcl/kdtree/kdtree.h:43[m[K,
[10.006s]                  from [01m[K/usr/include/pcl-1.10/pcl/kdtree/kdtree_flann.h:43[m[K,
[10.006s]                  from [01m[K/home/ngin/LAB/Resfes24/Robot_LiDAR3d/src/LIO-SAM/include/lio_sam/utility.hpp:21[m[K,
[10.006s]                  from [01m[K/home/ngin/LAB/Resfes24/Robot_LiDAR3d/src/LIO-SAM/src/imageProjection.cpp:1[m[K:
[10.006s] [01m[K/home/ngin/LAB/Resfes24/Robot_LiDAR3d/src/LIO-SAM/src/imageProjection.cpp:29:6:[m[K [01;35m[Kwarning: [m[K‘[01m[Kusing uint32_t = uint32_t[m[K’ is deprecated: use std::uint32_t instead of pcl::uint32_t [[01;35m[K-Wdeprecated-declarations[m[K]
[10.006s]    29 |     ([01;35m[Kuint32_t[m[K, t, t) (uint16_t, reflectivity, reflectivity)
[10.007s]       |      [01;35m[K^~~~~~~~[m[K
[10.007s] In file included from [01m[K/usr/include/pcl-1.10/pcl/kdtree/kdtree.h:42[m[K,
[10.007s]                  from [01m[K/usr/include/pcl-1.10/pcl/kdtree/kdtree_flann.h:43[m[K,
[10.007s]                  from [01m[K/home/ngin/LAB/Resfes24/Robot_LiDAR3d/src/LIO-SAM/include/lio_sam/utility.hpp:21[m[K,
[10.007s]                  from [01m[K/home/ngin/LAB/Resfes24/Robot_LiDAR3d/src/LIO-SAM/src/imageProjection.cpp:1[m[K:
[10.007s] [01m[K/usr/include/pcl-1.10/pcl/pcl_macros.h:96:9:[m[K [01;36m[Knote: [m[Kdeclared here
[10.007s]    96 |   using [01;36m[Kuint32_t[m[K [[deprecated("use std::uint32_t instead of pcl::uint32_t")]] = std::uint32_t;
[10.007s]       |         [01;36m[K^~~~~~~~[m[K
[10.007s] In file included from [01m[K/usr/include/boost/preprocessor/tuple/elem.hpp:23[m[K,
[10.007s]                  from [01m[K/usr/include/boost/preprocessor/arithmetic/add.hpp:21[m[K,
[10.008s]                  from [01m[K/usr/include/boost/mpl/aux_/preprocessor/def_params_tail.hpp:66[m[K,
[10.008s]                  from [01m[K/usr/include/boost/mpl/aux_/na_spec.hpp:28[m[K,
[10.008s]                  from [01m[K/usr/include/boost/mpl/not.hpp:20[m[K,
[10.008s]                  from [01m[K/usr/include/boost/mpl/assert.hpp:17[m[K,
[10.008s]                  from [01m[K/usr/include/pcl-1.10/pcl/point_traits.h:48[m[K,
[10.008s]                  from [01m[K/usr/include/pcl-1.10/pcl/point_cloud.h:50[m[K,
[10.008s]                  from [01m[K/usr/include/pcl-1.10/pcl/kdtree/kdtree.h:43[m[K,
[10.008s]                  from [01m[K/usr/include/pcl-1.10/pcl/kdtree/kdtree_flann.h:43[m[K,
[10.008s]                  from [01m[K/home/ngin/LAB/Resfes24/Robot_LiDAR3d/src/LIO-SAM/include/lio_sam/utility.hpp:21[m[K,
[10.008s]                  from [01m[K/home/ngin/LAB/Resfes24/Robot_LiDAR3d/src/LIO-SAM/src/imageProjection.cpp:1[m[K:
[10.008s] [01m[K/home/ngin/LAB/Resfes24/Robot_LiDAR3d/src/LIO-SAM/src/imageProjection.cpp:29:23:[m[K [01;35m[Kwarning: [m[K‘[01m[Kusing uint16_t = uint16_t[m[K’ is deprecated: use std::uint16_t instead of pcl::uint16_t [[01;35m[K-Wdeprecated-declarations[m[K]
[10.008s]    29 |     (uint32_t, t, t) ([01;35m[Kuint16_t[m[K, reflectivity, reflectivity)
[10.009s]       |                       [01;35m[K^~~~~~~~[m[K
[10.009s] In file included from [01m[K/usr/include/pcl-1.10/pcl/kdtree/kdtree.h:42[m[K,
[10.009s]                  from [01m[K/usr/include/pcl-1.10/pcl/kdtree/kdtree_flann.h:43[m[K,
[10.009s]                  from [01m[K/home/ngin/LAB/Resfes24/Robot_LiDAR3d/src/LIO-SAM/include/lio_sam/utility.hpp:21[m[K,
[10.009s]                  from [01m[K/home/ngin/LAB/Resfes24/Robot_LiDAR3d/src/LIO-SAM/src/imageProjection.cpp:1[m[K:
[10.009s] [01m[K/usr/include/pcl-1.10/pcl/pcl_macros.h:94:9:[m[K [01;36m[Knote: [m[Kdeclared here
[10.009s]    94 |   using [01;36m[Kuint16_t[m[K [[deprecated("use std::uint16_t instead of pcl::uint16_t")]] = std::uint16_t;
[10.009s]       |         [01;36m[K^~~~~~~~[m[K
[10.009s] In file included from [01m[K/usr/include/boost/preprocessor/tuple/elem.hpp:23[m[K,
[10.009s]                  from [01m[K/usr/include/boost/preprocessor/arithmetic/add.hpp:21[m[K,
[10.009s]                  from [01m[K/usr/include/boost/mpl/aux_/preprocessor/def_params_tail.hpp:66[m[K,
[10.010s]                  from [01m[K/usr/include/boost/mpl/aux_/na_spec.hpp:28[m[K,
[10.010s]                  from [01m[K/usr/include/boost/mpl/not.hpp:20[m[K,
[10.010s]                  from [01m[K/usr/include/boost/mpl/assert.hpp:17[m[K,
[10.010s]                  from [01m[K/usr/include/pcl-1.10/pcl/point_traits.h:48[m[K,
[10.010s]                  from [01m[K/usr/include/pcl-1.10/pcl/point_cloud.h:50[m[K,
[10.010s]                  from [01m[K/usr/include/pcl-1.10/pcl/kdtree/kdtree.h:43[m[K,
[10.010s]                  from [01m[K/usr/include/pcl-1.10/pcl/kdtree/kdtree_flann.h:43[m[K,
[10.010s]                  from [01m[K/home/ngin/LAB/Resfes24/Robot_LiDAR3d/src/LIO-SAM/include/lio_sam/utility.hpp:21[m[K,
[10.010s]                  from [01m[K/home/ngin/LAB/Resfes24/Robot_LiDAR3d/src/LIO-SAM/src/imageProjection.cpp:1[m[K:
[10.010s] [01m[K/home/ngin/LAB/Resfes24/Robot_LiDAR3d/src/LIO-SAM/src/imageProjection.cpp:30:6:[m[K [01;35m[Kwarning: [m[K‘[01m[Kusing uint8_t = uint8_t[m[K’ is deprecated: use std::uint8_t instead of pcl::uint8_t [[01;35m[K-Wdeprecated-declarations[m[K]
[10.011s]    30 |     ([01;35m[Kuint8_t[m[K, ring, ring) (uint16_t, noise, noise) (uint32_t, range, range)
[10.011s]       |      [01;35m[K^~~~~~~[m[K
[10.011s] In file included from [01m[K/usr/include/pcl-1.10/pcl/kdtree/kdtree.h:42[m[K,
[10.011s]                  from [01m[K/usr/include/pcl-1.10/pcl/kdtree/kdtree_flann.h:43[m[K,
[10.011s]                  from [01m[K/home/ngin/LAB/Resfes24/Robot_LiDAR3d/src/LIO-SAM/include/lio_sam/utility.hpp:21[m[K,
[10.011s]                  from [01m[K/home/ngin/LAB/Resfes24/Robot_LiDAR3d/src/LIO-SAM/src/imageProjection.cpp:1[m[K:
[10.011s] [01m[K/usr/include/pcl-1.10/pcl/pcl_macros.h:92:9:[m[K [01;36m[Knote: [m[Kdeclared here
[10.011s]    92 |   using [01;36m[Kuint8_t[m[K [[deprecated("use std::uint8_t instead of pcl::uint8_t")]] = std::uint8_t;
[10.011s]       |         [01;36m[K^~~~~~~[m[K
[10.011s] In file included from [01m[K/usr/include/boost/preprocessor/tuple/elem.hpp:23[m[K,
[10.011s]                  from [01m[K/usr/include/boost/preprocessor/arithmetic/add.hpp:21[m[K,
[10.011s]                  from [01m[K/usr/include/boost/mpl/aux_/preprocessor/def_params_tail.hpp:66[m[K,
[10.012s]                  from [01m[K/usr/include/boost/mpl/aux_/na_spec.hpp:28[m[K,
[10.012s]                  from [01m[K/usr/include/boost/mpl/not.hpp:20[m[K,
[10.012s]                  from [01m[K/usr/include/boost/mpl/assert.hpp:17[m[K,
[10.012s]                  from [01m[K/usr/include/pcl-1.10/pcl/point_traits.h:48[m[K,
[10.012s]                  from [01m[K/usr/include/pcl-1.10/pcl/point_cloud.h:50[m[K,
[10.012s]                  from [01m[K/usr/include/pcl-1.10/pcl/kdtree/kdtree.h:43[m[K,
[10.012s]                  from [01m[K/usr/include/pcl-1.10/pcl/kdtree/kdtree_flann.h:43[m[K,
[10.012s]                  from [01m[K/home/ngin/LAB/Resfes24/Robot_LiDAR3d/src/LIO-SAM/include/lio_sam/utility.hpp:21[m[K,
[10.012s]                  from [01m[K/home/ngin/LAB/Resfes24/Robot_LiDAR3d/src/LIO-SAM/src/imageProjection.cpp:1[m[K:
[10.012s] [01m[K/home/ngin/LAB/Resfes24/Robot_LiDAR3d/src/LIO-SAM/src/imageProjection.cpp:30:28:[m[K [01;35m[Kwarning: [m[K‘[01m[Kusing uint16_t = uint16_t[m[K’ is deprecated: use std::uint16_t instead of pcl::uint16_t [[01;35m[K-Wdeprecated-declarations[m[K]
[10.012s]    30 |     (uint8_t, ring, ring) ([01;35m[Kuint16_t[m[K, noise, noise) (uint32_t, range, range)
[10.013s]       |                            [01;35m[K^~~~~~~~[m[K
[10.013s] In file included from [01m[K/usr/include/pcl-1.10/pcl/kdtree/kdtree.h:42[m[K,
[10.013s]                  from [01m[K/usr/include/pcl-1.10/pcl/kdtree/kdtree_flann.h:43[m[K,
[10.013s]                  from [01m[K/home/ngin/LAB/Resfes24/Robot_LiDAR3d/src/LIO-SAM/include/lio_sam/utility.hpp:21[m[K,
[10.013s]                  from [01m[K/home/ngin/LAB/Resfes24/Robot_LiDAR3d/src/LIO-SAM/src/imageProjection.cpp:1[m[K:
[10.013s] [01m[K/usr/include/pcl-1.10/pcl/pcl_macros.h:94:9:[m[K [01;36m[Knote: [m[Kdeclared here
[10.013s]    94 |   using [01;36m[Kuint16_t[m[K [[deprecated("use std::uint16_t instead of pcl::uint16_t")]] = std::uint16_t;
[10.013s]       |         [01;36m[K^~~~~~~~[m[K
[10.013s] In file included from [01m[K/usr/include/boost/preprocessor/tuple/elem.hpp:23[m[K,
[10.013s]                  from [01m[K/usr/include/boost/preprocessor/arithmetic/add.hpp:21[m[K,
[10.013s]                  from [01m[K/usr/include/boost/mpl/aux_/preprocessor/def_params_tail.hpp:66[m[K,
[10.014s]                  from [01m[K/usr/include/boost/mpl/aux_/na_spec.hpp:28[m[K,
[10.014s]                  from [01m[K/usr/include/boost/mpl/not.hpp:20[m[K,
[10.014s]                  from [01m[K/usr/include/boost/mpl/assert.hpp:17[m[K,
[10.014s]                  from [01m[K/usr/include/pcl-1.10/pcl/point_traits.h:48[m[K,
[10.014s]                  from [01m[K/usr/include/pcl-1.10/pcl/point_cloud.h:50[m[K,
[10.014s]                  from [01m[K/usr/include/pcl-1.10/pcl/kdtree/kdtree.h:43[m[K,
[10.014s]                  from [01m[K/usr/include/pcl-1.10/pcl/kdtree/kdtree_flann.h:43[m[K,
[10.014s]                  from [01m[K/home/ngin/LAB/Resfes24/Robot_LiDAR3d/src/LIO-SAM/include/lio_sam/utility.hpp:21[m[K,
[10.014s]                  from [01m[K/home/ngin/LAB/Resfes24/Robot_LiDAR3d/src/LIO-SAM/src/imageProjection.cpp:1[m[K:
[10.014s] [01m[K/home/ngin/LAB/Resfes24/Robot_LiDAR3d/src/LIO-SAM/src/imageProjection.cpp:30:53:[m[K [01;35m[Kwarning: [m[K‘[01m[Kusing uint32_t = uint32_t[m[K’ is deprecated: use std::uint32_t instead of pcl::uint32_t [[01;35m[K-Wdeprecated-declarations[m[K]
[10.015s]    30 |     (uint8_t, ring, ring) (uint16_t, noise, noise) ([01;35m[Kuint32_t[m[K, range, range)
[10.015s]       |                                                     [01;35m[K^~~~~~~~[m[K
[10.015s] In file included from [01m[K/usr/include/pcl-1.10/pcl/kdtree/kdtree.h:42[m[K,
[10.015s]                  from [01m[K/usr/include/pcl-1.10/pcl/kdtree/kdtree_flann.h:43[m[K,
[10.015s]                  from [01m[K/home/ngin/LAB/Resfes24/Robot_LiDAR3d/src/LIO-SAM/include/lio_sam/utility.hpp:21[m[K,
[10.015s]                  from [01m[K/home/ngin/LAB/Resfes24/Robot_LiDAR3d/src/LIO-SAM/src/imageProjection.cpp:1[m[K:
[10.015s] [01m[K/usr/include/pcl-1.10/pcl/pcl_macros.h:96:9:[m[K [01;36m[Knote: [m[Kdeclared here
[10.015s]    96 |   using [01;36m[Kuint32_t[m[K [[deprecated("use std::uint32_t instead of pcl::uint32_t")]] = std::uint32_t;
[10.015s]       |         [01;36m[K^~~~~~~~[m[K
[24.682s] [ 93%] [32m[1mLinking CXX executable lio_sam_featureExtraction[0m
[25.424s] [ 93%] Built target lio_sam_featureExtraction
[27.989s] [ 95%] [32m[1mLinking CXX executable lio_sam_imageProjection[0m
[28.346s] [ 95%] Built target lio_sam_imageProjection
[38.685s] [ 97%] [32m[1mLinking CXX executable lio_sam_imuPreintegration[0m
[39.425s] [ 97%] Built target lio_sam_imuPreintegration
[50.569s] [100%] [32m[1mLinking CXX executable lio_sam_mapOptimization[0m
[51.150s] [100%] Built target lio_sam_mapOptimization
[51.163s] Invoked command in '/home/ngin/LAB/Resfes24/Robot_LiDAR3d/build/lio_sam' returned '0': CMAKE_PREFIX_PATH=${CMAKE_PREFIX_PATH}:/opt/ros/foxy /usr/bin/cmake --build /home/ngin/LAB/Resfes24/Robot_LiDAR3d/build/lio_sam -- -j12 -l12
[51.210s] Invoking command in '/home/ngin/LAB/Resfes24/Robot_LiDAR3d/build/lio_sam': CMAKE_PREFIX_PATH=${CMAKE_PREFIX_PATH}:/opt/ros/foxy /usr/bin/cmake --install /home/ngin/LAB/Resfes24/Robot_LiDAR3d/build/lio_sam
[51.217s] -- Install configuration: "Release"
[51.217s] -- Execute custom install script
[51.217s] -- Symlinking: /home/ngin/LAB/Resfes24/Robot_LiDAR3d/install/lio_sam/share/ament_index/resource_index/rosidl_interfaces/lio_sam
[51.224s] -- Symlinking: /home/ngin/LAB/Resfes24/Robot_LiDAR3d/install/lio_sam/include/lio_sam/msg/cloud_info.h
[51.231s] -- Symlinking: /home/ngin/LAB/Resfes24/Robot_LiDAR3d/install/lio_sam/include/lio_sam/msg/detail/cloud_info__functions.h
[51.237s] -- Symlinking: /home/ngin/LAB/Resfes24/Robot_LiDAR3d/install/lio_sam/include/lio_sam/msg/detail/cloud_info__struct.h
[51.243s] -- Symlinking: /home/ngin/LAB/Resfes24/Robot_LiDAR3d/install/lio_sam/include/lio_sam/msg/detail/cloud_info__type_support.h
[51.248s] -- Symlinking: /home/ngin/LAB/Resfes24/Robot_LiDAR3d/install/lio_sam/include/lio_sam/msg/rosidl_generator_c__visibility_control.h
[51.253s] -- Symlinking: /home/ngin/LAB/Resfes24/Robot_LiDAR3d/install/lio_sam/include/lio_sam/srv/detail/save_map__functions.h
[51.257s] -- Symlinking: /home/ngin/LAB/Resfes24/Robot_LiDAR3d/install/lio_sam/include/lio_sam/srv/detail/save_map__struct.h
[51.262s] -- Symlinking: /home/ngin/LAB/Resfes24/Robot_LiDAR3d/install/lio_sam/include/lio_sam/srv/detail/save_map__type_support.h
[51.267s] -- Symlinking: /home/ngin/LAB/Resfes24/Robot_LiDAR3d/install/lio_sam/include/lio_sam/srv/save_map.h
[51.273s] -- Symlinking: /home/ngin/LAB/Resfes24/Robot_LiDAR3d/install/lio_sam/share/lio_sam/environment/library_path.sh
[51.279s] -- Symlinking: /home/ngin/LAB/Resfes24/Robot_LiDAR3d/install/lio_sam/share/lio_sam/environment/library_path.dsv
[51.284s] -- Symlinking: /home/ngin/LAB/Resfes24/Robot_LiDAR3d/install/lio_sam/include/lio_sam/msg/detail/cloud_info__rosidl_typesupport_fastrtps_c.h
[51.290s] -- Symlinking: /home/ngin/LAB/Resfes24/Robot_LiDAR3d/install/lio_sam/include/lio_sam/msg/rosidl_typesupport_fastrtps_c__visibility_control.h
[51.296s] -- Symlinking: /home/ngin/LAB/Resfes24/Robot_LiDAR3d/install/lio_sam/include/lio_sam/srv/detail/save_map__rosidl_typesupport_fastrtps_c.h
[51.301s] -- Symlinking: /home/ngin/LAB/Resfes24/Robot_LiDAR3d/install/lio_sam/lib/liblio_sam__rosidl_typesupport_fastrtps_c.so
[51.308s] -- Symlinking: /home/ngin/LAB/Resfes24/Robot_LiDAR3d/install/lio_sam/include/lio_sam/msg/detail/cloud_info__rosidl_typesupport_fastrtps_cpp.hpp
[51.314s] -- Symlinking: /home/ngin/LAB/Resfes24/Robot_LiDAR3d/install/lio_sam/include/lio_sam/msg/rosidl_typesupport_fastrtps_cpp__visibility_control.h
[51.319s] -- Symlinking: /home/ngin/LAB/Resfes24/Robot_LiDAR3d/install/lio_sam/include/lio_sam/srv/detail/save_map__rosidl_typesupport_fastrtps_cpp.hpp
[51.324s] -- Symlinking: /home/ngin/LAB/Resfes24/Robot_LiDAR3d/install/lio_sam/lib/liblio_sam__rosidl_typesupport_fastrtps_cpp.so
[51.329s] -- Symlinking: /home/ngin/LAB/Resfes24/Robot_LiDAR3d/install/lio_sam/include/lio_sam/msg/detail/cloud_info__rosidl_typesupport_introspection_c.h
[51.335s] -- Symlinking: /home/ngin/LAB/Resfes24/Robot_LiDAR3d/install/lio_sam/include/lio_sam/msg/rosidl_typesupport_introspection_c__visibility_control.h
[51.340s] -- Symlinking: /home/ngin/LAB/Resfes24/Robot_LiDAR3d/install/lio_sam/include/lio_sam/srv/detail/save_map__rosidl_typesupport_introspection_c.h
[51.345s] -- Symlinking: /home/ngin/LAB/Resfes24/Robot_LiDAR3d/install/lio_sam/include/lio_sam/msg/cloud_info.hpp
[51.350s] -- Symlinking: /home/ngin/LAB/Resfes24/Robot_LiDAR3d/install/lio_sam/include/lio_sam/msg/detail/cloud_info__builder.hpp
[51.355s] -- Symlinking: /home/ngin/LAB/Resfes24/Robot_LiDAR3d/install/lio_sam/include/lio_sam/msg/detail/cloud_info__struct.hpp
[51.362s] -- Symlinking: /home/ngin/LAB/Resfes24/Robot_LiDAR3d/install/lio_sam/include/lio_sam/msg/detail/cloud_info__traits.hpp
[51.369s] -- Symlinking: /home/ngin/LAB/Resfes24/Robot_LiDAR3d/install/lio_sam/include/lio_sam/msg/detail/cloud_info__type_support.hpp
[51.375s] -- Symlinking: /home/ngin/LAB/Resfes24/Robot_LiDAR3d/install/lio_sam/include/lio_sam/msg/rosidl_generator_cpp__visibility_control.hpp
[51.382s] -- Symlinking: /home/ngin/LAB/Resfes24/Robot_LiDAR3d/install/lio_sam/include/lio_sam/srv/detail/save_map__builder.hpp
[51.388s] -- Symlinking: /home/ngin/LAB/Resfes24/Robot_LiDAR3d/install/lio_sam/include/lio_sam/srv/detail/save_map__struct.hpp
[51.395s] -- Symlinking: /home/ngin/LAB/Resfes24/Robot_LiDAR3d/install/lio_sam/include/lio_sam/srv/detail/save_map__traits.hpp
[51.400s] -- Symlinking: /home/ngin/LAB/Resfes24/Robot_LiDAR3d/install/lio_sam/include/lio_sam/srv/detail/save_map__type_support.hpp
[51.406s] -- Symlinking: /home/ngin/LAB/Resfes24/Robot_LiDAR3d/install/lio_sam/include/lio_sam/srv/save_map.hpp
[51.411s] -- Symlinking: /home/ngin/LAB/Resfes24/Robot_LiDAR3d/install/lio_sam/include/lio_sam/msg/detail/cloud_info__rosidl_typesupport_introspection_cpp.hpp
[51.416s] -- Symlinking: /home/ngin/LAB/Resfes24/Robot_LiDAR3d/install/lio_sam/include/lio_sam/srv/detail/save_map__rosidl_typesupport_introspection_cpp.hpp
[51.422s] -- Symlinking: /home/ngin/LAB/Resfes24/Robot_LiDAR3d/install/lio_sam/share/lio_sam/environment/pythonpath.sh
[51.427s] -- Symlinking: /home/ngin/LAB/Resfes24/Robot_LiDAR3d/install/lio_sam/share/lio_sam/environment/pythonpath.dsv
[51.432s] -- Symlinking: /home/ngin/LAB/Resfes24/Robot_LiDAR3d/install/lio_sam/lib/python3.8/site-packages/lio_sam/__init__.py
[51.438s] -- Symlinking: /home/ngin/LAB/Resfes24/Robot_LiDAR3d/install/lio_sam/lib/python3.8/site-packages/lio_sam/msg/__init__.py
[51.443s] -- Symlinking: /home/ngin/LAB/Resfes24/Robot_LiDAR3d/install/lio_sam/lib/python3.8/site-packages/lio_sam/msg/_cloud_info.py
[51.449s] -- Symlinking: /home/ngin/LAB/Resfes24/Robot_LiDAR3d/install/lio_sam/lib/python3.8/site-packages/lio_sam/srv/__init__.py
[51.455s] -- Symlinking: /home/ngin/LAB/Resfes24/Robot_LiDAR3d/install/lio_sam/lib/python3.8/site-packages/lio_sam/srv/_save_map.py
[51.461s] -- Symlinking: /home/ngin/LAB/Resfes24/Robot_LiDAR3d/install/lio_sam/lib/python3.8/site-packages/lio_sam/lio_sam_s__rosidl_typesupport_fastrtps_c.cpython-38-x86_64-linux-gnu.so
[51.467s] -- Symlinking: /home/ngin/LAB/Resfes24/Robot_LiDAR3d/install/lio_sam/lib/python3.8/site-packages/lio_sam/lio_sam_s__rosidl_typesupport_introspection_c.cpython-38-x86_64-linux-gnu.so
[51.473s] -- Symlinking: /home/ngin/LAB/Resfes24/Robot_LiDAR3d/install/lio_sam/lib/python3.8/site-packages/lio_sam/lio_sam_s__rosidl_typesupport_c.cpython-38-x86_64-linux-gnu.so
[51.478s] -- Symlinking: /home/ngin/LAB/Resfes24/Robot_LiDAR3d/install/lio_sam/lib/liblio_sam__python.so
[51.483s] -- Symlinking: /home/ngin/LAB/Resfes24/Robot_LiDAR3d/install/lio_sam/share/lio_sam/msg/CloudInfo.idl
[51.489s] -- Symlinking: /home/ngin/LAB/Resfes24/Robot_LiDAR3d/install/lio_sam/share/lio_sam/srv/SaveMap.idl
[51.494s] -- Symlinking: /home/ngin/LAB/Resfes24/Robot_LiDAR3d/install/lio_sam/share/lio_sam/msg/CloudInfo.msg
[51.499s] -- Symlinking: /home/ngin/LAB/Resfes24/Robot_LiDAR3d/install/lio_sam/share/lio_sam/srv/SaveMap.srv
[51.504s] -- Symlinking: /home/ngin/LAB/Resfes24/Robot_LiDAR3d/install/lio_sam/share/lio_sam/srv/SaveMap_Request.msg
[51.510s] -- Symlinking: /home/ngin/LAB/Resfes24/Robot_LiDAR3d/install/lio_sam/share/lio_sam/srv/SaveMap_Response.msg
[51.515s] -- Symlinking: /home/ngin/LAB/Resfes24/Robot_LiDAR3d/install/lio_sam/share/lio_sam//launch/run.launch.py
[51.521s] -- Symlinking: /home/ngin/LAB/Resfes24/Robot_LiDAR3d/install/lio_sam/share/lio_sam//config/doc/demo.gif
[51.527s] -- Symlinking: /home/ngin/LAB/Resfes24/Robot_LiDAR3d/install/lio_sam/share/lio_sam//config/doc/device-boat.png
[51.532s] -- Symlinking: /home/ngin/LAB/Resfes24/Robot_LiDAR3d/install/lio_sam/share/lio_sam//config/doc/device-hand-2.png
[51.539s] -- Symlinking: /home/ngin/LAB/Resfes24/Robot_LiDAR3d/install/lio_sam/share/lio_sam//config/doc/device-hand.png
[51.546s] -- Symlinking: /home/ngin/LAB/Resfes24/Robot_LiDAR3d/install/lio_sam/share/lio_sam//config/doc/device-jackal.png
[51.552s] -- Symlinking: /home/ngin/LAB/Resfes24/Robot_LiDAR3d/install/lio_sam/share/lio_sam//config/doc/gps-demo.gif
[51.557s] -- Symlinking: /home/ngin/LAB/Resfes24/Robot_LiDAR3d/install/lio_sam/share/lio_sam//config/doc/imu-debug.gif
[51.562s] -- Symlinking: /home/ngin/LAB/Resfes24/Robot_LiDAR3d/install/lio_sam/share/lio_sam//config/doc/imu-transform.png
[51.567s] -- Symlinking: /home/ngin/LAB/Resfes24/Robot_LiDAR3d/install/lio_sam/share/lio_sam//config/doc/kitti-demo.gif
[51.572s] -- Symlinking: /home/ngin/LAB/Resfes24/Robot_LiDAR3d/install/lio_sam/share/lio_sam//config/doc/kitti-map.png
[51.577s] -- Symlinking: /home/ngin/LAB/Resfes24/Robot_LiDAR3d/install/lio_sam/share/lio_sam//config/doc/kitti2bag/README.md
[51.582s] -- Symlinking: /home/ngin/LAB/Resfes24/Robot_LiDAR3d/install/lio_sam/share/lio_sam//config/doc/kitti2bag/kitti2bag.py
[51.587s] -- Symlinking: /home/ngin/LAB/Resfes24/Robot_LiDAR3d/install/lio_sam/share/lio_sam//config/doc/loop-closure-2.gif
[51.592s] -- Symlinking: /home/ngin/LAB/Resfes24/Robot_LiDAR3d/install/lio_sam/share/lio_sam//config/doc/loop-closure.gif
[51.597s] -- Symlinking: /home/ngin/LAB/Resfes24/Robot_LiDAR3d/install/lio_sam/share/lio_sam//config/doc/ouster-demo.gif
[51.602s] -- Symlinking: /home/ngin/LAB/Resfes24/Robot_LiDAR3d/install/lio_sam/share/lio_sam//config/doc/ouster-device.jpg
[51.607s] -- Symlinking: /home/ngin/LAB/Resfes24/Robot_LiDAR3d/install/lio_sam/share/lio_sam//config/doc/paper.pdf
[51.613s] -- Symlinking: /home/ngin/LAB/Resfes24/Robot_LiDAR3d/install/lio_sam/share/lio_sam//config/doc/system.png
[51.618s] -- Symlinking: /home/ngin/LAB/Resfes24/Robot_LiDAR3d/install/lio_sam/share/lio_sam//config/params.yaml
[51.623s] -- Symlinking: /home/ngin/LAB/Resfes24/Robot_LiDAR3d/install/lio_sam/share/lio_sam//config/robot.urdf.xacro
[51.628s] -- Symlinking: /home/ngin/LAB/Resfes24/Robot_LiDAR3d/install/lio_sam/share/lio_sam//config/rviz2.rviz
[51.634s] -- Symlinking: /home/ngin/LAB/Resfes24/Robot_LiDAR3d/install/lio_sam/lib/lio_sam/lio_sam_imageProjection
[51.640s] -- Symlinking: /home/ngin/LAB/Resfes24/Robot_LiDAR3d/install/lio_sam/lib/lio_sam/lio_sam_imuPreintegration
[51.644s] -- Symlinking: /home/ngin/LAB/Resfes24/Robot_LiDAR3d/install/lio_sam/lib/lio_sam/lio_sam_featureExtraction
[51.649s] -- Symlinking: /home/ngin/LAB/Resfes24/Robot_LiDAR3d/install/lio_sam/lib/lio_sam/lio_sam_mapOptimization
[51.655s] -- Symlinking: /home/ngin/LAB/Resfes24/Robot_LiDAR3d/install/lio_sam/include/lio_sam/utility.hpp
[51.661s] -- Symlinking: /home/ngin/LAB/Resfes24/Robot_LiDAR3d/install/lio_sam/share/ament_index/resource_index/package_run_dependencies/lio_sam
[51.666s] -- Symlinking: /home/ngin/LAB/Resfes24/Robot_LiDAR3d/install/lio_sam/share/ament_index/resource_index/parent_prefix_path/lio_sam
[51.671s] -- Symlinking: /home/ngin/LAB/Resfes24/Robot_LiDAR3d/install/lio_sam/share/lio_sam/environment/ament_prefix_path.sh
[51.676s] -- Symlinking: /home/ngin/LAB/Resfes24/Robot_LiDAR3d/install/lio_sam/share/lio_sam/environment/ament_prefix_path.dsv
[51.681s] -- Symlinking: /home/ngin/LAB/Resfes24/Robot_LiDAR3d/install/lio_sam/share/lio_sam/environment/path.sh
[51.687s] -- Symlinking: /home/ngin/LAB/Resfes24/Robot_LiDAR3d/install/lio_sam/share/lio_sam/environment/path.dsv
[51.692s] -- Symlinking: /home/ngin/LAB/Resfes24/Robot_LiDAR3d/install/lio_sam/share/lio_sam/local_setup.bash
[51.698s] -- Symlinking: /home/ngin/LAB/Resfes24/Robot_LiDAR3d/install/lio_sam/share/lio_sam/local_setup.sh
[51.704s] -- Symlinking: /home/ngin/LAB/Resfes24/Robot_LiDAR3d/install/lio_sam/share/lio_sam/local_setup.zsh
[51.709s] -- Symlinking: /home/ngin/LAB/Resfes24/Robot_LiDAR3d/install/lio_sam/share/lio_sam/local_setup.dsv
[51.714s] -- Symlinking: /home/ngin/LAB/Resfes24/Robot_LiDAR3d/install/lio_sam/share/lio_sam/package.dsv
[51.719s] -- Symlinking: /home/ngin/LAB/Resfes24/Robot_LiDAR3d/install/lio_sam/share/ament_index/resource_index/packages/lio_sam
[51.725s] -- Symlinking: /home/ngin/LAB/Resfes24/Robot_LiDAR3d/install/lio_sam/share/lio_sam/cmake/rosidl_cmake-extras.cmake
[51.730s] -- Symlinking: /home/ngin/LAB/Resfes24/Robot_LiDAR3d/install/lio_sam/share/lio_sam/cmake/ament_cmake_export_dependencies-extras.cmake
[51.735s] -- Symlinking: /home/ngin/LAB/Resfes24/Robot_LiDAR3d/install/lio_sam/share/lio_sam/cmake/ament_cmake_export_libraries-extras.cmake
[51.740s] -- Symlinking: /home/ngin/LAB/Resfes24/Robot_LiDAR3d/install/lio_sam/share/lio_sam/cmake/ament_cmake_export_targets-extras.cmake
[51.746s] -- Symlinking: /home/ngin/LAB/Resfes24/Robot_LiDAR3d/install/lio_sam/share/lio_sam/cmake/ament_cmake_export_include_directories-extras.cmake
[51.751s] -- Symlinking: /home/ngin/LAB/Resfes24/Robot_LiDAR3d/install/lio_sam/share/lio_sam/cmake/rosidl_cmake_export_typesupport_libraries-extras.cmake
[51.757s] -- Symlinking: /home/ngin/LAB/Resfes24/Robot_LiDAR3d/install/lio_sam/share/lio_sam/cmake/rosidl_cmake_export_typesupport_targets-extras.cmake
[51.762s] -- Symlinking: /home/ngin/LAB/Resfes24/Robot_LiDAR3d/install/lio_sam/share/lio_sam/cmake/lio_samConfig.cmake
[51.767s] -- Symlinking: /home/ngin/LAB/Resfes24/Robot_LiDAR3d/install/lio_sam/share/lio_sam/cmake/lio_samConfig-version.cmake
[51.772s] -- Symlinking: /home/ngin/LAB/Resfes24/Robot_LiDAR3d/install/lio_sam/share/lio_sam/package.xml
[51.778s] -- Installing: /home/ngin/LAB/Resfes24/Robot_LiDAR3d/install/lio_sam/lib/liblio_sam__rosidl_generator_c.so
[51.779s] -- Set runtime path of "/home/ngin/LAB/Resfes24/Robot_LiDAR3d/install/lio_sam/lib/liblio_sam__rosidl_generator_c.so" to ""
[51.779s] -- Installing: /home/ngin/LAB/Resfes24/Robot_LiDAR3d/install/lio_sam/lib/liblio_sam__rosidl_typesupport_introspection_c.so
[51.779s] -- Set runtime path of "/home/ngin/LAB/Resfes24/Robot_LiDAR3d/install/lio_sam/lib/liblio_sam__rosidl_typesupport_introspection_c.so" to ""
[51.779s] -- Installing: /home/ngin/LAB/Resfes24/Robot_LiDAR3d/install/lio_sam/lib/liblio_sam__rosidl_typesupport_c.so
[51.779s] -- Set runtime path of "/home/ngin/LAB/Resfes24/Robot_LiDAR3d/install/lio_sam/lib/liblio_sam__rosidl_typesupport_c.so" to ""
[51.779s] -- Installing: /home/ngin/LAB/Resfes24/Robot_LiDAR3d/install/lio_sam/lib/liblio_sam__rosidl_typesupport_introspection_cpp.so
[51.780s] -- Set runtime path of "/home/ngin/LAB/Resfes24/Robot_LiDAR3d/install/lio_sam/lib/liblio_sam__rosidl_typesupport_introspection_cpp.so" to ""
[51.780s] -- Installing: /home/ngin/LAB/Resfes24/Robot_LiDAR3d/install/lio_sam/lib/liblio_sam__rosidl_typesupport_cpp.so
[51.780s] -- Set runtime path of "/home/ngin/LAB/Resfes24/Robot_LiDAR3d/install/lio_sam/lib/liblio_sam__rosidl_typesupport_cpp.so" to ""
[51.799s] Compiling '/home/ngin/LAB/Resfes24/Robot_LiDAR3d/install/lio_sam/lib/python3.8/site-packages/lio_sam/__init__.py'...
[51.802s] -- Installing: /home/ngin/LAB/Resfes24/Robot_LiDAR3d/install/lio_sam/share/lio_sam/cmake/lio_sam__rosidl_generator_cExport.cmake
[51.802s] -- Installing: /home/ngin/LAB/Resfes24/Robot_LiDAR3d/install/lio_sam/share/lio_sam/cmake/lio_sam__rosidl_generator_cExport-release.cmake
[51.802s] -- Installing: /home/ngin/LAB/Resfes24/Robot_LiDAR3d/install/lio_sam/share/lio_sam/cmake/lio_sam__rosidl_typesupport_introspection_cExport.cmake
[51.802s] -- Installing: /home/ngin/LAB/Resfes24/Robot_LiDAR3d/install/lio_sam/share/lio_sam/cmake/lio_sam__rosidl_typesupport_introspection_cExport-release.cmake
[51.802s] -- Installing: /home/ngin/LAB/Resfes24/Robot_LiDAR3d/install/lio_sam/share/lio_sam/cmake/lio_sam__rosidl_typesupport_cExport.cmake
[51.803s] -- Installing: /home/ngin/LAB/Resfes24/Robot_LiDAR3d/install/lio_sam/share/lio_sam/cmake/lio_sam__rosidl_typesupport_cExport-release.cmake
[51.803s] -- Installing: /home/ngin/LAB/Resfes24/Robot_LiDAR3d/install/lio_sam/share/lio_sam/cmake/lio_sam__rosidl_generator_cppExport.cmake
[51.803s] -- Installing: /home/ngin/LAB/Resfes24/Robot_LiDAR3d/install/lio_sam/share/lio_sam/cmake/lio_sam__rosidl_typesupport_introspection_cppExport.cmake
[51.803s] -- Installing: /home/ngin/LAB/Resfes24/Robot_LiDAR3d/install/lio_sam/share/lio_sam/cmake/lio_sam__rosidl_typesupport_introspection_cppExport-release.cmake
[51.803s] -- Installing: /home/ngin/LAB/Resfes24/Robot_LiDAR3d/install/lio_sam/share/lio_sam/cmake/lio_sam__rosidl_typesupport_cppExport.cmake
[51.803s] -- Installing: /home/ngin/LAB/Resfes24/Robot_LiDAR3d/install/lio_sam/share/lio_sam/cmake/lio_sam__rosidl_typesupport_cppExport-release.cmake
[51.805s] Invoked command in '/home/ngin/LAB/Resfes24/Robot_LiDAR3d/build/lio_sam' returned '0': CMAKE_PREFIX_PATH=${CMAKE_PREFIX_PATH}:/opt/ros/foxy /usr/bin/cmake --install /home/ngin/LAB/Resfes24/Robot_LiDAR3d/build/lio_sam
