[0.186s] Invoking command in '/home/ngin/LAB/Resfes24/Robot_LiDAR3d/build/pochita': CMAKE_PREFIX_PATH=${CMAKE_PREFIX_PATH}:/home/ngin/LAB/Resfes24/Robot_LiDAR3d/install/joy_tester:/opt/ros/foxy /usr/bin/cmake /home/ngin/LAB/Resfes24/Robot_LiDAR3d/src/pochita -DAMENT_CMAKE_SYMLINK_INSTALL=1 -DCMAKE_INSTALL_PREFIX=/home/ngin/LAB/Resfes24/Robot_LiDAR3d/install/pochita
[0.229s] -- The C compiler identification is GNU 9.4.0
[0.275s] -- The CXX compiler identification is GNU 9.4.0
[0.280s] -- Check for working C compiler: /usr/bin/cc
[0.329s] -- Check for working C compiler: /usr/bin/cc -- works
[0.330s] -- Detecting C compiler ABI info
[0.381s] -- Detecting C compiler ABI info - done
[0.389s] -- Detecting C compile features
[0.389s] -- Detecting C compile features - done
[0.391s] -- Check for working CXX compiler: /usr/bin/c++
[0.465s] -- Check for working CXX compiler: /usr/bin/c++ -- works
[0.466s] -- Detecting CXX compiler ABI info
[0.534s] -- Detecting CXX compiler ABI info - done
[0.543s] -- Detecting CXX compile features
[0.543s] -- Detecting CXX compile features - done
[0.546s] -- Found ament_cmake: 0.9.12 (/opt/ros/foxy/share/ament_cmake/cmake)
[0.568s] -- Found PythonInterp: /usr/bin/python3 (found suitable version "3.8.10", minimum required is "3") 
[0.569s] -- Using PYTHON_EXECUTABLE: /usr/bin/python3
[0.705s] -- Override CMake install command with custom implementation using symlinks instead of copying resources
[0.724s] -- Found ament_lint_auto: 0.9.8 (/opt/ros/foxy/share/ament_lint_auto/cmake)
[0.790s] -- Added test 'copyright' to check source files copyright and LICENSE
[0.805s] -- Added test 'flake8' to check Python code syntax and style conventions
[0.806s] -- Added test 'lint_cmake' to check CMake code style
[0.807s] -- Added test 'pep257' to check Python code against some of the style conventions in PEP 257
[0.811s] -- Added test 'xmllint' to check XML markup files
[0.813s] -- Configuring done
[0.815s] -- Generating done
[0.816s] -- Build files have been written to: /home/ngin/LAB/Resfes24/Robot_LiDAR3d/build/pochita
[0.820s] Invoked command in '/home/ngin/LAB/Resfes24/Robot_LiDAR3d/build/pochita' returned '0': CMAKE_PREFIX_PATH=${CMAKE_PREFIX_PATH}:/home/ngin/LAB/Resfes24/Robot_LiDAR3d/install/joy_tester:/opt/ros/foxy /usr/bin/cmake /home/ngin/LAB/Resfes24/Robot_LiDAR3d/src/pochita -DAMENT_CMAKE_SYMLINK_INSTALL=1 -DCMAKE_INSTALL_PREFIX=/home/ngin/LAB/Resfes24/Robot_LiDAR3d/install/pochita
[0.823s] Invoking command in '/home/ngin/LAB/Resfes24/Robot_LiDAR3d/build/pochita': CMAKE_PREFIX_PATH=${CMAKE_PREFIX_PATH}:/home/ngin/LAB/Resfes24/Robot_LiDAR3d/install/joy_tester:/opt/ros/foxy /usr/bin/cmake --build /home/ngin/LAB/Resfes24/Robot_LiDAR3d/build/pochita -- -j12 -l12
[0.857s] Invoked command in '/home/ngin/LAB/Resfes24/Robot_LiDAR3d/build/pochita' returned '0': CMAKE_PREFIX_PATH=${CMAKE_PREFIX_PATH}:/home/ngin/LAB/Resfes24/Robot_LiDAR3d/install/joy_tester:/opt/ros/foxy /usr/bin/cmake --build /home/ngin/LAB/Resfes24/Robot_LiDAR3d/build/pochita -- -j12 -l12
[0.875s] Invoking command in '/home/ngin/LAB/Resfes24/Robot_LiDAR3d/build/pochita': CMAKE_PREFIX_PATH=${CMAKE_PREFIX_PATH}:/home/ngin/LAB/Resfes24/Robot_LiDAR3d/install/joy_tester:/opt/ros/foxy /usr/bin/cmake --install /home/ngin/LAB/Resfes24/Robot_LiDAR3d/build/pochita
[0.883s] -- Install configuration: ""
[0.884s] -- Execute custom install script
[0.884s] -- Symlinking: /home/ngin/LAB/Resfes24/Robot_LiDAR3d/install/pochita/share/pochita/config/config.rviz
[0.893s] -- Symlinking: /home/ngin/LAB/Resfes24/Robot_LiDAR3d/install/pochita/share/pochita/config/ekf.yaml
[0.900s] -- Symlinking: /home/ngin/LAB/Resfes24/Robot_LiDAR3d/install/pochita/share/pochita/config/empty.yaml
[0.908s] -- Symlinking: /home/ngin/LAB/Resfes24/Robot_LiDAR3d/install/pochita/share/pochita/config/joystick.yaml
[0.917s] -- Symlinking: /home/ngin/LAB/Resfes24/Robot_LiDAR3d/install/pochita/share/pochita/config/mapper_params_online_async.yaml
[0.925s] -- Symlinking: /home/ngin/LAB/Resfes24/Robot_LiDAR3d/install/pochita/share/pochita/description/camera.xacro
[0.933s] -- Symlinking: /home/ngin/LAB/Resfes24/Robot_LiDAR3d/install/pochita/share/pochita/description/gazebo_control.xacro
[0.941s] -- Symlinking: /home/ngin/LAB/Resfes24/Robot_LiDAR3d/install/pochita/share/pochita/description/imu.xacro
[0.949s] -- Symlinking: /home/ngin/LAB/Resfes24/Robot_LiDAR3d/install/pochita/share/pochita/description/inertial_macros.xacro
[0.958s] -- Symlinking: /home/ngin/LAB/Resfes24/Robot_LiDAR3d/install/pochita/share/pochita/description/lidar.xacro
[0.965s] -- Symlinking: /home/ngin/LAB/Resfes24/Robot_LiDAR3d/install/pochita/share/pochita/description/materials.xacro
[0.975s] -- Symlinking: /home/ngin/LAB/Resfes24/Robot_LiDAR3d/install/pochita/share/pochita/description/robot.urdf.xacro
[0.982s] -- Symlinking: /home/ngin/LAB/Resfes24/Robot_LiDAR3d/install/pochita/share/pochita/description/robot_core.xacro
[0.990s] -- Symlinking: /home/ngin/LAB/Resfes24/Robot_LiDAR3d/install/pochita/share/pochita/launch/full_launch.launch.py
[0.997s] -- Symlinking: /home/ngin/LAB/Resfes24/Robot_LiDAR3d/install/pochita/share/pochita/launch/joystick.launch.py
[1.007s] -- Symlinking: /home/ngin/LAB/Resfes24/Robot_LiDAR3d/install/pochita/share/pochita/launch/launch_sim.launch.py
[1.014s] -- Symlinking: /home/ngin/LAB/Resfes24/Robot_LiDAR3d/install/pochita/share/pochita/launch/rsp.launch.py
[1.022s] -- Symlinking: /home/ngin/LAB/Resfes24/Robot_LiDAR3d/install/pochita/share/pochita/worlds/empty.world
[1.029s] -- Symlinking: /home/ngin/LAB/Resfes24/Robot_LiDAR3d/install/pochita/share/pochita/worlds/obstacles.world
[1.036s] -- Symlinking: /home/ngin/LAB/Resfes24/Robot_LiDAR3d/install/pochita/share/ament_index/resource_index/package_run_dependencies/pochita
[1.044s] -- Symlinking: /home/ngin/LAB/Resfes24/Robot_LiDAR3d/install/pochita/share/ament_index/resource_index/parent_prefix_path/pochita
[1.052s] -- Symlinking: /home/ngin/LAB/Resfes24/Robot_LiDAR3d/install/pochita/share/pochita/environment/ament_prefix_path.sh
[1.060s] -- Symlinking: /home/ngin/LAB/Resfes24/Robot_LiDAR3d/install/pochita/share/pochita/environment/ament_prefix_path.dsv
[1.068s] -- Symlinking: /home/ngin/LAB/Resfes24/Robot_LiDAR3d/install/pochita/share/pochita/environment/path.sh
[1.077s] -- Symlinking: /home/ngin/LAB/Resfes24/Robot_LiDAR3d/install/pochita/share/pochita/environment/path.dsv
[1.085s] -- Symlinking: /home/ngin/LAB/Resfes24/Robot_LiDAR3d/install/pochita/share/pochita/local_setup.bash
[1.093s] -- Symlinking: /home/ngin/LAB/Resfes24/Robot_LiDAR3d/install/pochita/share/pochita/local_setup.sh
[1.102s] -- Symlinking: /home/ngin/LAB/Resfes24/Robot_LiDAR3d/install/pochita/share/pochita/local_setup.zsh
[1.111s] -- Symlinking: /home/ngin/LAB/Resfes24/Robot_LiDAR3d/install/pochita/share/pochita/local_setup.dsv
[1.118s] -- Symlinking: /home/ngin/LAB/Resfes24/Robot_LiDAR3d/install/pochita/share/pochita/package.dsv
[1.127s] -- Symlinking: /home/ngin/LAB/Resfes24/Robot_LiDAR3d/install/pochita/share/ament_index/resource_index/packages/pochita
[1.135s] -- Symlinking: /home/ngin/LAB/Resfes24/Robot_LiDAR3d/install/pochita/share/pochita/cmake/pochitaConfig.cmake
[1.142s] -- Symlinking: /home/ngin/LAB/Resfes24/Robot_LiDAR3d/install/pochita/share/pochita/cmake/pochitaConfig-version.cmake
[1.150s] -- Symlinking: /home/ngin/LAB/Resfes24/Robot_LiDAR3d/install/pochita/share/pochita/package.xml
[1.160s] Invoked command in '/home/ngin/LAB/Resfes24/Robot_LiDAR3d/build/pochita' returned '0': CMAKE_PREFIX_PATH=${CMAKE_PREFIX_PATH}:/home/ngin/LAB/Resfes24/Robot_LiDAR3d/install/joy_tester:/opt/ros/foxy /usr/bin/cmake --install /home/ngin/LAB/Resfes24/Robot_LiDAR3d/build/pochita
