[0.013s] Invoking command in '/home/ngin/LAB/Resfes24/Robot_LiDAR3d/build/lio_sam': CMAKE_PREFIX_PATH=${CMAKE_PREFIX_PATH}:/opt/ros/foxy /usr/bin/cmake /home/ngin/LAB/Resfes24/Robot_LiDAR3d/src/LIO-SAM -DAMENT_CMAKE_SYMLINK_INSTALL=1 -DCMAKE_INSTALL_PREFIX=/home/ngin/LAB/Resfes24/Robot_LiDAR3d/install/lio_sam
[0.109s] -- The C compiler identification is GNU 9.4.0
[0.201s] -- The CXX compiler identification is GNU 9.4.0
[0.210s] -- Check for working C compiler: /usr/bin/cc
[0.283s] -- Check for working C compiler: /usr/bin/cc -- works
[0.284s] -- Detecting C compiler ABI info
[0.361s] -- Detecting C compiler ABI info - done
[0.372s] -- Detecting C compile features
[0.372s] -- Detecting C compile features - done
[0.375s] -- Check for working CXX compiler: /usr/bin/c++
[0.455s] -- Check for working CXX compiler: /usr/bin/c++ -- works
[0.457s] -- Detecting CXX compiler ABI info
[0.539s] -- Detecting CXX compiler ABI info - done
[0.551s] -- Detecting CXX compile features
[0.552s] -- Detecting CXX compile features - done
[0.555s] -- Found ament_cmake: 0.9.12 (/opt/ros/foxy/share/ament_cmake/cmake)
[0.582s] -- Found PythonInterp: /usr/bin/python3 (found suitable version "3.8.10", minimum required is "3") 
[0.582s] -- Using PYTHON_EXECUTABLE: /usr/bin/python3
[0.715s] -- Override CMake install command with custom implementation using symlinks instead of copying resources
[0.750s] -- Found rosidl_default_generators: 1.0.1 (/opt/ros/foxy/share/rosidl_default_generators/cmake)
[0.754s] -- Using all available rosidl_typesupport_c: rosidl_typesupport_fastrtps_c;rosidl_typesupport_introspection_c
[0.761s] -- Found rosidl_adapter: 1.3.1 (/opt/ros/foxy/share/rosidl_adapter/cmake)
[0.846s] -- Found OpenSSL: /usr/lib/x86_64-linux-gnu/libcrypto.so (found version "1.1.1f")  
[0.867s] -- Found FastRTPS: /opt/ros/foxy/include  
[0.932s] -- Using all available rosidl_typesupport_cpp: rosidl_typesupport_fastrtps_cpp;rosidl_typesupport_introspection_cpp
[0.956s] -- Found rclcpp: 2.4.3 (/opt/ros/foxy/share/rclcpp/cmake)
[1.017s] -- Found rmw_implementation_cmake: 1.0.4 (/opt/ros/foxy/share/rmw_implementation_cmake/cmake)
[1.019s] -- Using RMW implementation 'rmw_fastrtps_cpp' as default
[1.021s] -- Looking for pthread.h
[1.100s] -- Looking for pthread.h - found
[1.100s] -- Performing Test CMAKE_HAVE_LIBC_PTHREAD
[1.168s] -- Performing Test CMAKE_HAVE_LIBC_PTHREAD - Failed
[1.168s] -- Looking for pthread_create in pthreads
[1.238s] -- Looking for pthread_create in pthreads - not found
[1.238s] -- Looking for pthread_create in pthread
[1.304s] -- Looking for pthread_create in pthread - found
[1.307s] -- Found Threads: TRUE  
[1.431s] -- Found rclpy: 1.0.13 (/opt/ros/foxy/share/rclpy/cmake)
[1.433s] -- Found cv_bridge: 3.0.7 (/opt/ros/foxy/share/cv_bridge/cmake)
[1.547s] -- Found nav_msgs: 2.0.5 (/opt/ros/foxy/share/nav_msgs/cmake)
[1.601s] -- Found visualization_msgs: 2.0.5 (/opt/ros/foxy/share/visualization_msgs/cmake)
[1.656s] -- Found pcl_msgs: 1.0.0 (/opt/ros/foxy/share/pcl_msgs/cmake)
[1.744s] -- Found tf2: 0.13.14 (/opt/ros/foxy/share/tf2/cmake)
[1.754s] -- Found tf2_geometry_msgs: 0.13.14 (/opt/ros/foxy/share/tf2_geometry_msgs/cmake)
[1.763s] -- Found eigen3_cmake_module: 0.1.1 (/opt/ros/foxy/share/eigen3_cmake_module/cmake)
[1.766s] -- Found Eigen3: TRUE (found version "3.3.7") 
[2.069s] -- Found tf2_sensor_msgs: 0.13.14 (/opt/ros/foxy/share/tf2_sensor_msgs/cmake)
[2.082s] -- Found tf2_eigen: 0.13.14 (/opt/ros/foxy/share/tf2_eigen/cmake)
[2.091s] -- Found OpenCV: /usr (found version "4.2.0") 
[2.101s] -- Checking for module 'eigen3'
[2.126s] --   Found eigen3, version 3.3.7
[2.161s] -- Found Eigen: /usr/include/eigen3 (Required is at least version "3.1") 
[2.162s] -- Eigen found (include: /usr/include/eigen3, version: 3.3.7)
[2.205s] -- Found Boost: /usr/include (found suitable version "1.71.0", minimum required is "1.55.0") found components: system filesystem date_time iostreams regex 
[2.216s] -- Checking for module 'flann'
[2.227s] --   Found flann, version 1.9.1
[2.263s] -- Found FLANN: /usr/lib/x86_64-linux-gnu/libflann_cpp.so  
[2.310s] -- The imported target "vtkParseOGLExt" references the file
[2.310s]    "/usr/bin/vtkParseOGLExt-7.1"
[2.311s] but this file does not exist.  Possible reasons include:
[2.311s] * The file was deleted, renamed, or moved to another location.
[2.311s] * An install or uninstall procedure did not complete successfully.
[2.311s] * The installation package was faulty and contained
[2.311s]    "/usr/lib/cmake/vtk-7.1/VTKTargets.cmake"
[2.311s] but not all the files it references.
[2.311s] 
[2.311s] -- The imported target "vtkRenderingPythonTkWidgets" references the file
[2.311s]    "/usr/lib/x86_64-linux-gnu/libvtkRenderingPythonTkWidgets.so"
[2.311s] but this file does not exist.  Possible reasons include:
[2.311s] * The file was deleted, renamed, or moved to another location.
[2.311s] * An install or uninstall procedure did not complete successfully.
[2.312s] * The installation package was faulty and contained
[2.312s]    "/usr/lib/cmake/vtk-7.1/VTKTargets.cmake"
[2.312s] but not all the files it references.
[2.312s] 
[2.312s] -- The imported target "vtk" references the file
[2.312s]    "/usr/bin/vtk"
[2.312s] but this file does not exist.  Possible reasons include:
[2.312s] * The file was deleted, renamed, or moved to another location.
[2.312s] * An install or uninstall procedure did not complete successfully.
[2.312s] * The installation package was faulty and contained
[2.312s]    "/usr/lib/cmake/vtk-7.1/VTKTargets.cmake"
[2.312s] but not all the files it references.
[2.313s] 
[2.313s] -- The imported target "pvtk" references the file
[2.313s]    "/usr/bin/pvtk"
[2.313s] but this file does not exist.  Possible reasons include:
[2.313s] * The file was deleted, renamed, or moved to another location.
[2.313s] * An install or uninstall procedure did not complete successfully.
[2.313s] * The installation package was faulty and contained
[2.313s]    "/usr/lib/cmake/vtk-7.1/VTKTargets.cmake"
[2.313s] but not all the files it references.
[2.313s] 
[2.334s] -- Checking for module 'libusb-1.0'
[2.349s] --   Found libusb-1.0, version 1.0.23
[2.389s] -- Found USB_10: /usr/lib/x86_64-linux-gnu/libusb-1.0.so  
[2.438s] -- Found OpenNI: /usr/lib/libOpenNI.so  
[2.438s] -- OpenNI found (include: /usr/include/ni, lib: /usr/lib/libOpenNI.so)
[2.485s] -- Found OpenNI2: /usr/lib/libOpenNI2.so  
[2.485s] -- OpenNI2 found (include: /usr/include/openni2, lib: /usr/lib/libOpenNI2.so)
[2.485s] ** WARNING ** io features related to pcap will be disabled
[2.486s] ** WARNING ** io features related to png will be disabled
[2.495s] -- Found libusb-1.0: /usr/include  
[2.495s] ** WARNING ** io features related to libusb-1.0 will be disabled
[2.500s] -- OpenNI found (include: /usr/include/ni, lib: /usr/lib/libOpenNI.so)
[2.504s] -- OpenNI2 found (include: /usr/include/openni2, lib: /usr/lib/libOpenNI2.so)
[2.523s] -- Found Qhull: optimized;/usr/lib/x86_64-linux-gnu/libqhull.so;debug;/usr/lib/x86_64-linux-gnu/libqhull.so  
[2.523s] -- QHULL found (include: /usr/include, lib: optimized;/usr/lib/x86_64-linux-gnu/libqhull.so;debug;/usr/lib/x86_64-linux-gnu/libqhull.so)
[2.527s] -- OpenNI found (include: /usr/include/ni, lib: /usr/lib/libOpenNI.so)
[2.536s] -- looking for PCL_COMMON
[2.537s] -- Found PCL_COMMON: /usr/lib/x86_64-linux-gnu/libpcl_common.so  
[2.537s] -- looking for PCL_KDTREE
[2.538s] -- Found PCL_KDTREE: /usr/lib/x86_64-linux-gnu/libpcl_kdtree.so  
[2.538s] -- looking for PCL_OCTREE
[2.539s] -- Found PCL_OCTREE: /usr/lib/x86_64-linux-gnu/libpcl_octree.so  
[2.539s] -- looking for PCL_SEARCH
[2.539s] -- Found PCL_SEARCH: /usr/lib/x86_64-linux-gnu/libpcl_search.so  
[2.540s] -- looking for PCL_SAMPLE_CONSENSUS
[2.540s] -- Found PCL_SAMPLE_CONSENSUS: /usr/lib/x86_64-linux-gnu/libpcl_sample_consensus.so  
[2.541s] -- looking for PCL_FILTERS
[2.542s] -- Found PCL_FILTERS: /usr/lib/x86_64-linux-gnu/libpcl_filters.so  
[2.542s] -- looking for PCL_2D
[2.543s] -- Found PCL_2D: /usr/include/pcl-1.10  
[2.544s] -- looking for PCL_GEOMETRY
[2.545s] -- Found PCL_GEOMETRY: /usr/include/pcl-1.10  
[2.545s] -- looking for PCL_IO
[2.545s] -- Found PCL_IO: /usr/lib/x86_64-linux-gnu/libpcl_io.so  
[2.546s] -- looking for PCL_FEATURES
[2.546s] -- Found PCL_FEATURES: /usr/lib/x86_64-linux-gnu/libpcl_features.so  
[2.547s] -- looking for PCL_ML
[2.547s] -- Found PCL_ML: /usr/lib/x86_64-linux-gnu/libpcl_ml.so  
[2.547s] -- looking for PCL_SEGMENTATION
[2.548s] -- Found PCL_SEGMENTATION: /usr/lib/x86_64-linux-gnu/libpcl_segmentation.so  
[2.548s] -- looking for PCL_VISUALIZATION
[2.549s] -- Found PCL_VISUALIZATION: /usr/lib/x86_64-linux-gnu/libpcl_visualization.so  
[2.549s] -- looking for PCL_SURFACE
[2.550s] -- Found PCL_SURFACE: /usr/lib/x86_64-linux-gnu/libpcl_surface.so  
[2.550s] -- looking for PCL_REGISTRATION
[2.551s] -- Found PCL_REGISTRATION: /usr/lib/x86_64-linux-gnu/libpcl_registration.so  
[2.551s] -- looking for PCL_KEYPOINTS
[2.552s] -- Found PCL_KEYPOINTS: /usr/lib/x86_64-linux-gnu/libpcl_keypoints.so  
[2.552s] -- looking for PCL_TRACKING
[2.553s] -- Found PCL_TRACKING: /usr/lib/x86_64-linux-gnu/libpcl_tracking.so  
[2.553s] -- looking for PCL_RECOGNITION
[2.554s] -- Found PCL_RECOGNITION: /usr/lib/x86_64-linux-gnu/libpcl_recognition.so  
[2.554s] -- looking for PCL_STEREO
[2.555s] -- Found PCL_STEREO: /usr/lib/x86_64-linux-gnu/libpcl_stereo.so  
[2.555s] -- looking for PCL_APPS
[2.556s] -- Found PCL_APPS: /usr/lib/x86_64-linux-gnu/libpcl_apps.so  
[2.556s] -- looking for PCL_IN_HAND_SCANNER
[2.557s] -- Found PCL_IN_HAND_SCANNER: /usr/include/pcl-1.10  
[2.557s] -- looking for PCL_POINT_CLOUD_EDITOR
[2.558s] -- Found PCL_POINT_CLOUD_EDITOR: /usr/include/pcl-1.10  
[2.558s] -- looking for PCL_OUTOFCORE
[2.559s] -- Found PCL_OUTOFCORE: /usr/lib/x86_64-linux-gnu/libpcl_outofcore.so  
[2.559s] -- looking for PCL_PEOPLE
[2.560s] -- Found PCL_PEOPLE: /usr/lib/x86_64-linux-gnu/libpcl_people.so  
[2.561s] -- Found PCL: pcl_common;pcl_kdtree;pcl_octree;pcl_search;pcl_sample_consensus;pcl_filters;pcl_io;pcl_features;pcl_ml;pcl_segmentation;pcl_visualization;pcl_surface;pcl_registration;pcl_keypoints;pcl_tracking;pcl_recognition;pcl_stereo;pcl_apps;pcl_outofcore;pcl_people;/usr/lib/x86_64-linux-gnu/libboost_system.so;/usr/lib/x86_64-linux-gnu/libboost_filesystem.so;/usr/lib/x86_64-linux-gnu/libboost_date_time.so;/usr/lib/x86_64-linux-gnu/libboost_iostreams.so;/usr/lib/x86_64-linux-gnu/libboost_regex.so;optimized;/usr/lib/x86_64-linux-gnu/libqhull.so;debug;/usr/lib/x86_64-linux-gnu/libqhull.so;/usr/lib/libOpenNI.so;/usr/lib/libOpenNI2.so;vtkChartsCore;vtkCommonColor;vtkCommonCore;vtksys;vtkCommonDataModel;vtkCommonMath;vtkCommonMisc;vtkCommonSystem;vtkCommonTransforms;vtkCommonExecutionModel;vtkFiltersGeneral;vtkCommonComputationalGeometry;vtkFiltersCore;vtkInfovisCore;vtkFiltersExtraction;vtkFiltersStatistics;vtkImagingFourier;vtkImagingCore;vtkalglib;vtkRenderingContext2D;vtkRenderingCore;vtkFiltersGeometry;vtkFiltersSources;vtkRenderingFreeType;/usr/lib/x86_64-linux-gnu/libfreetype.so;/usr/lib/x86_64-linux-gnu/libz.so;vtkFiltersModeling;vtkImagingSources;vtkInteractionStyle;vtkInteractionWidgets;vtkFiltersHybrid;vtkImagingColor;vtkImagingGeneral;vtkImagingHybrid;vtkIOImage;vtkDICOMParser;vtkmetaio;/usr/lib/x86_64-linux-gnu/libjpeg.so;/usr/lib/x86_64-linux-gnu/libpng.so;/usr/lib/x86_64-linux-gnu/libtiff.so;vtkRenderingAnnotation;vtkRenderingVolume;vtkIOXML;vtkIOCore;vtkIOXMLParser;/usr/lib/x86_64-linux-gnu/libexpat.so;vtkIOGeometry;vtkIOLegacy;vtkIOPLY;vtkRenderingLOD;vtkViewsContext2D;vtkViewsCore;vtkRenderingContextOpenGL2;vtkRenderingOpenGL2;FLANN::FLANN  
[2.595s] -- Found Boost: /usr/include (found suitable version "1.71.0", minimum required is "1.65") found components: serialization system filesystem thread program_options date_time timer chrono regex atomic 
[2.597s] -- GTSAM include directory:  /usr/lib/cmake/GTSAM/../../../include
[2.603s] -- Found Eigen: /usr/include/eigen3  
[2.603s] -- Eigen found (include: /usr/include/eigen3, version: 3.3.7)
[2.873s] -- Found OpenMP_C: -fopenmp (found version "4.5") 
[2.955s] -- Found OpenMP_CXX: -fopenmp (found version "4.5") 
[2.955s] -- Found OpenMP: TRUE (found version "4.5")  
[2.974s] -- Found PythonInterp: /usr/bin/python3 (found version "3.8.10") 
[3.153s] -- Found ament_cmake_ros: 0.9.2 (/opt/ros/foxy/share/ament_cmake_ros/cmake)
[3.372s] -- Using all available rosidl_typesupport_c: rosidl_typesupport_fastrtps_c;rosidl_typesupport_introspection_c
[3.480s] -- Using all available rosidl_typesupport_cpp: rosidl_typesupport_fastrtps_cpp;rosidl_typesupport_introspection_cpp
[3.503s] -- Found PythonInterp: /usr/bin/python3 (found suitable version "3.8.10", minimum required is "3.5") 
[3.504s] -- Found python_cmake_module: 0.8.1 (/opt/ros/foxy/share/python_cmake_module/cmake)
[3.539s] -- Found PythonLibs: /usr/lib/x86_64-linux-gnu/libpython3.8.so (found suitable version "3.8.10", minimum required is "3.5") 
[3.539s] -- Using PYTHON_EXECUTABLE: /usr/bin/python3
[3.540s] -- Using PYTHON_INCLUDE_DIRS: /usr/include/python3.8
[3.540s] -- Using PYTHON_LIBRARIES: /usr/lib/x86_64-linux-gnu/libpython3.8.so
[3.559s] -- Found PythonExtra: .so  
[3.680s] CMake Error at CMakeLists.txt:43 (rosidl_get_typesupport_target):
[3.680s]   Unknown CMake command "rosidl_get_typesupport_target".
[3.680s] 
[3.680s] 
[3.682s] -- Configuring incomplete, errors occurred!
[3.682s] See also "/home/ngin/LAB/Resfes24/Robot_LiDAR3d/build/lio_sam/CMakeFiles/CMakeOutput.log".
[3.682s] See also "/home/ngin/LAB/Resfes24/Robot_LiDAR3d/build/lio_sam/CMakeFiles/CMakeError.log".
[3.691s] Invoked command in '/home/ngin/LAB/Resfes24/Robot_LiDAR3d/build/lio_sam' returned '1': CMAKE_PREFIX_PATH=${CMAKE_PREFIX_PATH}:/opt/ros/foxy /usr/bin/cmake /home/ngin/LAB/Resfes24/Robot_LiDAR3d/src/LIO-SAM -DAMENT_CMAKE_SYMLINK_INSTALL=1 -DCMAKE_INSTALL_PREFIX=/home/ngin/LAB/Resfes24/Robot_LiDAR3d/install/lio_sam
