[0.136s] DEBUG:colcon:Command line arguments: ['/usr/bin/colcon', 'build', '--symlink-install']
[0.137s] DEBUG:colcon:Parsed command line arguments: Namespace(allow_overriding=[], ament_cmake_args=None, base_paths=['.'], build_base='build', catkin_cmake_args=None, catkin_skip_building_tests=False, cmake_args=None, cmake_clean_cache=False, cmake_clean_first=False, cmake_force_configure=False, cmake_target=None, cmake_target_skip_unavailable=False, continue_on_error=False, event_handlers=None, executor='parallel', ignore_user_meta=False, install_base='install', log_base=None, log_level=None, main=<bound method BuildVerb.main of <colcon_core.verb.build.BuildVerb object at 0x7f22bed7df10>>, merge_install=False, metas=['./colcon.meta'], packages_above=None, packages_above_and_dependencies=None, packages_above_depth=None, packages_end=None, packages_ignore=None, packages_ignore_regex=None, packages_select=None, packages_select_build_failed=False, packages_select_by_dep=None, packages_select_regex=None, packages_select_test_failures=False, packages_skip=None, packages_skip_build_finished=False, packages_skip_by_dep=None, packages_skip_regex=None, packages_skip_test_passed=False, packages_skip_up_to=None, packages_start=None, packages_up_to=None, packages_up_to_regex=None, parallel_workers=12, paths=None, symlink_install=True, test_result_base=None, verb_extension=<colcon_core.verb.build.BuildVerb object at 0x7f22bed7df10>, verb_name='build', verb_parser=<colcon_defaults.argument_parser.defaults.DefaultArgumentsDecorator object at 0x7f22beccaf10>)
[0.248s] Level 1:colcon.colcon_core.package_discovery:discover_packages(colcon_meta) check parameters
[0.248s] Level 1:colcon.colcon_core.package_discovery:discover_packages(recursive) check parameters
[0.248s] Level 1:colcon.colcon_core.package_discovery:discover_packages(ignore) check parameters
[0.248s] Level 1:colcon.colcon_core.package_discovery:discover_packages(path) check parameters
[0.248s] Level 1:colcon.colcon_core.package_discovery:discover_packages(colcon_meta) discover
[0.248s] Level 1:colcon.colcon_core.package_discovery:discover_packages(recursive) discover
[0.248s] INFO:colcon.colcon_core.package_discovery:Crawling recursively for packages in '/home/ngin/LAB/Resfes24/Robot_LiDAR3d'
[0.248s] Level 1:colcon.colcon_core.package_identification:_identify(.) by extensions ['ignore', 'ignore_ament_install']
[0.248s] Level 1:colcon.colcon_core.package_identification:_identify(.) by extension 'ignore'
[0.249s] Level 1:colcon.colcon_core.package_identification:_identify(.) by extension 'ignore_ament_install'
[0.249s] Level 1:colcon.colcon_core.package_identification:_identify(.) by extensions ['colcon_pkg']
[0.249s] Level 1:colcon.colcon_core.package_identification:_identify(.) by extension 'colcon_pkg'
[0.249s] Level 1:colcon.colcon_core.package_identification:_identify(.) by extensions ['colcon_meta']
[0.249s] Level 1:colcon.colcon_core.package_identification:_identify(.) by extension 'colcon_meta'
[0.249s] Level 1:colcon.colcon_core.package_identification:_identify(.) by extensions ['ros']
[0.249s] Level 1:colcon.colcon_core.package_identification:_identify(.) by extension 'ros'
[0.257s] Level 1:colcon.colcon_core.package_identification:_identify(.) by extensions ['cmake', 'python']
[0.257s] Level 1:colcon.colcon_core.package_identification:_identify(.) by extension 'cmake'
[0.257s] Level 1:colcon.colcon_core.package_identification:_identify(.) by extension 'python'
[0.257s] Level 1:colcon.colcon_core.package_identification:_identify(.) by extensions ['python_setup_py']
[0.257s] Level 1:colcon.colcon_core.package_identification:_identify(.) by extension 'python_setup_py'
[0.257s] Level 1:colcon.colcon_core.package_identification:_identify(build) by extensions ['ignore', 'ignore_ament_install']
[0.257s] Level 1:colcon.colcon_core.package_identification:_identify(build) by extension 'ignore'
[0.257s] Level 1:colcon.colcon_core.package_identification:_identify(build) ignored
[0.257s] Level 1:colcon.colcon_core.package_identification:_identify(install) by extensions ['ignore', 'ignore_ament_install']
[0.257s] Level 1:colcon.colcon_core.package_identification:_identify(install) by extension 'ignore'
[0.257s] Level 1:colcon.colcon_core.package_identification:_identify(install) ignored
[0.257s] Level 1:colcon.colcon_core.package_identification:_identify(log) by extensions ['ignore', 'ignore_ament_install']
[0.257s] Level 1:colcon.colcon_core.package_identification:_identify(log) by extension 'ignore'
[0.257s] Level 1:colcon.colcon_core.package_identification:_identify(log) ignored
[0.258s] Level 1:colcon.colcon_core.package_identification:_identify(src) by extensions ['ignore', 'ignore_ament_install']
[0.258s] Level 1:colcon.colcon_core.package_identification:_identify(src) by extension 'ignore'
[0.258s] Level 1:colcon.colcon_core.package_identification:_identify(src) by extension 'ignore_ament_install'
[0.258s] Level 1:colcon.colcon_core.package_identification:_identify(src) by extensions ['colcon_pkg']
[0.258s] Level 1:colcon.colcon_core.package_identification:_identify(src) by extension 'colcon_pkg'
[0.258s] Level 1:colcon.colcon_core.package_identification:_identify(src) by extensions ['colcon_meta']
[0.258s] Level 1:colcon.colcon_core.package_identification:_identify(src) by extension 'colcon_meta'
[0.258s] Level 1:colcon.colcon_core.package_identification:_identify(src) by extensions ['ros']
[0.258s] Level 1:colcon.colcon_core.package_identification:_identify(src) by extension 'ros'
[0.258s] Level 1:colcon.colcon_core.package_identification:_identify(src) by extensions ['cmake', 'python']
[0.258s] Level 1:colcon.colcon_core.package_identification:_identify(src) by extension 'cmake'
[0.258s] Level 1:colcon.colcon_core.package_identification:_identify(src) by extension 'python'
[0.258s] Level 1:colcon.colcon_core.package_identification:_identify(src) by extensions ['python_setup_py']
[0.258s] Level 1:colcon.colcon_core.package_identification:_identify(src) by extension 'python_setup_py'
[0.258s] Level 1:colcon.colcon_core.package_identification:_identify(src/joy_tester) by extensions ['ignore', 'ignore_ament_install']
[0.258s] Level 1:colcon.colcon_core.package_identification:_identify(src/joy_tester) by extension 'ignore'
[0.258s] Level 1:colcon.colcon_core.package_identification:_identify(src/joy_tester) by extension 'ignore_ament_install'
[0.258s] Level 1:colcon.colcon_core.package_identification:_identify(src/joy_tester) by extensions ['colcon_pkg']
[0.258s] Level 1:colcon.colcon_core.package_identification:_identify(src/joy_tester) by extension 'colcon_pkg'
[0.258s] Level 1:colcon.colcon_core.package_identification:_identify(src/joy_tester) by extensions ['colcon_meta']
[0.258s] Level 1:colcon.colcon_core.package_identification:_identify(src/joy_tester) by extension 'colcon_meta'
[0.258s] Level 1:colcon.colcon_core.package_identification:_identify(src/joy_tester) by extensions ['ros']
[0.258s] Level 1:colcon.colcon_core.package_identification:_identify(src/joy_tester) by extension 'ros'
[0.260s] DEBUG:colcon.colcon_core.package_identification:Package 'src/joy_tester' with type 'ros.ament_python' and name 'joy_tester'
[0.260s] Level 1:colcon.colcon_core.package_identification:_identify(src/lio_sam) by extensions ['ignore', 'ignore_ament_install']
[0.260s] Level 1:colcon.colcon_core.package_identification:_identify(src/lio_sam) by extension 'ignore'
[0.260s] Level 1:colcon.colcon_core.package_identification:_identify(src/lio_sam) by extension 'ignore_ament_install'
[0.260s] Level 1:colcon.colcon_core.package_identification:_identify(src/lio_sam) by extensions ['colcon_pkg']
[0.260s] Level 1:colcon.colcon_core.package_identification:_identify(src/lio_sam) by extension 'colcon_pkg'
[0.260s] Level 1:colcon.colcon_core.package_identification:_identify(src/lio_sam) by extensions ['colcon_meta']
[0.260s] Level 1:colcon.colcon_core.package_identification:_identify(src/lio_sam) by extension 'colcon_meta'
[0.260s] Level 1:colcon.colcon_core.package_identification:_identify(src/lio_sam) by extensions ['ros']
[0.261s] Level 1:colcon.colcon_core.package_identification:_identify(src/lio_sam) by extension 'ros'
[0.261s] DEBUG:colcon.colcon_core.package_identification:Package 'src/lio_sam' with type 'ros.ament_cmake' and name 'lio_sam'
[0.261s] Level 1:colcon.colcon_core.package_identification:_identify(src/pochita) by extensions ['ignore', 'ignore_ament_install']
[0.261s] Level 1:colcon.colcon_core.package_identification:_identify(src/pochita) by extension 'ignore'
[0.261s] Level 1:colcon.colcon_core.package_identification:_identify(src/pochita) by extension 'ignore_ament_install'
[0.262s] Level 1:colcon.colcon_core.package_identification:_identify(src/pochita) by extensions ['colcon_pkg']
[0.262s] Level 1:colcon.colcon_core.package_identification:_identify(src/pochita) by extension 'colcon_pkg'
[0.262s] Level 1:colcon.colcon_core.package_identification:_identify(src/pochita) by extensions ['colcon_meta']
[0.262s] Level 1:colcon.colcon_core.package_identification:_identify(src/pochita) by extension 'colcon_meta'
[0.262s] Level 1:colcon.colcon_core.package_identification:_identify(src/pochita) by extensions ['ros']
[0.262s] Level 1:colcon.colcon_core.package_identification:_identify(src/pochita) by extension 'ros'
[0.262s] DEBUG:colcon.colcon_core.package_identification:Package 'src/pochita' with type 'ros.ament_cmake' and name 'pochita'
[0.262s] Level 1:colcon.colcon_core.package_discovery:discover_packages(recursive) using defaults
[0.262s] Level 1:colcon.colcon_core.package_discovery:discover_packages(ignore) discover
[0.262s] Level 1:colcon.colcon_core.package_discovery:discover_packages(ignore) using defaults
[0.262s] Level 1:colcon.colcon_core.package_discovery:discover_packages(path) discover
[0.262s] Level 1:colcon.colcon_core.package_discovery:discover_packages(path) using defaults
[0.274s] Level 1:colcon.colcon_core.package_discovery:discover_packages(prefix_path) check parameters
[0.274s] Level 1:colcon.colcon_core.package_discovery:discover_packages(prefix_path) discover
[0.275s] DEBUG:colcon.colcon_installed_package_information.package_discovery:Found 3 installed packages in /home/ngin/LAB/Resfes24/Robot_LiDAR3d/install
[0.276s] DEBUG:colcon.colcon_installed_package_information.package_discovery:Found 286 installed packages in /opt/ros/foxy
[0.285s] Level 1:colcon.colcon_core.package_discovery:discover_packages(prefix_path) using defaults
[0.328s] Level 5:colcon.colcon_core.verb:set package 'joy_tester' build argument 'cmake_args' from command line to 'None'
[0.328s] Level 5:colcon.colcon_core.verb:set package 'joy_tester' build argument 'cmake_target' from command line to 'None'
[0.328s] Level 5:colcon.colcon_core.verb:set package 'joy_tester' build argument 'cmake_target_skip_unavailable' from command line to 'False'
[0.328s] Level 5:colcon.colcon_core.verb:set package 'joy_tester' build argument 'cmake_clean_cache' from command line to 'False'
[0.328s] Level 5:colcon.colcon_core.verb:set package 'joy_tester' build argument 'cmake_clean_first' from command line to 'False'
[0.328s] Level 5:colcon.colcon_core.verb:set package 'joy_tester' build argument 'cmake_force_configure' from command line to 'False'
[0.328s] Level 5:colcon.colcon_core.verb:set package 'joy_tester' build argument 'ament_cmake_args' from command line to 'None'
[0.328s] Level 5:colcon.colcon_core.verb:set package 'joy_tester' build argument 'catkin_cmake_args' from command line to 'None'
[0.328s] Level 5:colcon.colcon_core.verb:set package 'joy_tester' build argument 'catkin_skip_building_tests' from command line to 'False'
[0.328s] DEBUG:colcon.colcon_core.verb:Building package 'joy_tester' with the following arguments: {'ament_cmake_args': None, 'build_base': '/home/ngin/LAB/Resfes24/Robot_LiDAR3d/build/joy_tester', 'catkin_cmake_args': None, 'catkin_skip_building_tests': False, 'cmake_args': None, 'cmake_clean_cache': False, 'cmake_clean_first': False, 'cmake_force_configure': False, 'cmake_target': None, 'cmake_target_skip_unavailable': False, 'install_base': '/home/ngin/LAB/Resfes24/Robot_LiDAR3d/install/joy_tester', 'merge_install': False, 'path': '/home/ngin/LAB/Resfes24/Robot_LiDAR3d/src/joy_tester', 'symlink_install': True, 'test_result_base': None}
[0.329s] Level 5:colcon.colcon_core.verb:set package 'lio_sam' build argument 'cmake_args' from command line to 'None'
[0.329s] Level 5:colcon.colcon_core.verb:set package 'lio_sam' build argument 'cmake_target' from command line to 'None'
[0.329s] Level 5:colcon.colcon_core.verb:set package 'lio_sam' build argument 'cmake_target_skip_unavailable' from command line to 'False'
[0.329s] Level 5:colcon.colcon_core.verb:set package 'lio_sam' build argument 'cmake_clean_cache' from command line to 'False'
[0.329s] Level 5:colcon.colcon_core.verb:set package 'lio_sam' build argument 'cmake_clean_first' from command line to 'False'
[0.329s] Level 5:colcon.colcon_core.verb:set package 'lio_sam' build argument 'cmake_force_configure' from command line to 'False'
[0.329s] Level 5:colcon.colcon_core.verb:set package 'lio_sam' build argument 'ament_cmake_args' from command line to 'None'
[0.329s] Level 5:colcon.colcon_core.verb:set package 'lio_sam' build argument 'catkin_cmake_args' from command line to 'None'
[0.329s] Level 5:colcon.colcon_core.verb:set package 'lio_sam' build argument 'catkin_skip_building_tests' from command line to 'False'
[0.329s] DEBUG:colcon.colcon_core.verb:Building package 'lio_sam' with the following arguments: {'ament_cmake_args': None, 'build_base': '/home/ngin/LAB/Resfes24/Robot_LiDAR3d/build/lio_sam', 'catkin_cmake_args': None, 'catkin_skip_building_tests': False, 'cmake_args': None, 'cmake_clean_cache': False, 'cmake_clean_first': False, 'cmake_force_configure': False, 'cmake_target': None, 'cmake_target_skip_unavailable': False, 'install_base': '/home/ngin/LAB/Resfes24/Robot_LiDAR3d/install/lio_sam', 'merge_install': False, 'path': '/home/ngin/LAB/Resfes24/Robot_LiDAR3d/src/lio_sam', 'symlink_install': True, 'test_result_base': None}
[0.329s] Level 5:colcon.colcon_core.verb:set package 'pochita' build argument 'cmake_args' from command line to 'None'
[0.329s] Level 5:colcon.colcon_core.verb:set package 'pochita' build argument 'cmake_target' from command line to 'None'
[0.329s] Level 5:colcon.colcon_core.verb:set package 'pochita' build argument 'cmake_target_skip_unavailable' from command line to 'False'
[0.329s] Level 5:colcon.colcon_core.verb:set package 'pochita' build argument 'cmake_clean_cache' from command line to 'False'
[0.329s] Level 5:colcon.colcon_core.verb:set package 'pochita' build argument 'cmake_clean_first' from command line to 'False'
[0.329s] Level 5:colcon.colcon_core.verb:set package 'pochita' build argument 'cmake_force_configure' from command line to 'False'
[0.329s] Level 5:colcon.colcon_core.verb:set package 'pochita' build argument 'ament_cmake_args' from command line to 'None'
[0.329s] Level 5:colcon.colcon_core.verb:set package 'pochita' build argument 'catkin_cmake_args' from command line to 'None'
[0.329s] Level 5:colcon.colcon_core.verb:set package 'pochita' build argument 'catkin_skip_building_tests' from command line to 'False'
[0.329s] DEBUG:colcon.colcon_core.verb:Building package 'pochita' with the following arguments: {'ament_cmake_args': None, 'build_base': '/home/ngin/LAB/Resfes24/Robot_LiDAR3d/build/pochita', 'catkin_cmake_args': None, 'catkin_skip_building_tests': False, 'cmake_args': None, 'cmake_clean_cache': False, 'cmake_clean_first': False, 'cmake_force_configure': False, 'cmake_target': None, 'cmake_target_skip_unavailable': False, 'install_base': '/home/ngin/LAB/Resfes24/Robot_LiDAR3d/install/pochita', 'merge_install': False, 'path': '/home/ngin/LAB/Resfes24/Robot_LiDAR3d/src/pochita', 'symlink_install': True, 'test_result_base': None}
[0.330s] INFO:colcon.colcon_core.executor:Executing jobs using 'parallel' executor
[0.330s] DEBUG:colcon.colcon_parallel_executor.executor.parallel:run_until_complete
[0.331s] INFO:colcon.colcon_ros.task.ament_python.build:Building ROS package in '/home/ngin/LAB/Resfes24/Robot_LiDAR3d/src/joy_tester' with build type 'ament_python'
[0.331s] Level 1:colcon.colcon_core.shell:create_environment_hook('joy_tester', 'ament_prefix_path')
[0.332s] INFO:colcon.colcon_core.plugin_system:Skipping extension 'colcon_core.shell.bat': Not used on non-Windows systems
[0.332s] INFO:colcon.colcon_core.shell:Creating environment hook '/home/ngin/LAB/Resfes24/Robot_LiDAR3d/install/joy_tester/share/joy_tester/hook/ament_prefix_path.ps1'
[0.333s] INFO:colcon.colcon_core.shell:Creating environment descriptor '/home/ngin/LAB/Resfes24/Robot_LiDAR3d/install/joy_tester/share/joy_tester/hook/ament_prefix_path.dsv'
[0.333s] INFO:colcon.colcon_core.shell:Creating environment hook '/home/ngin/LAB/Resfes24/Robot_LiDAR3d/install/joy_tester/share/joy_tester/hook/ament_prefix_path.sh'
[0.334s] INFO:colcon.colcon_core.shell:Skip shell extension 'powershell' for command environment: Not usable outside of PowerShell
[0.334s] DEBUG:colcon.colcon_core.shell:Skip shell extension 'dsv' for command environment
[0.337s] INFO:colcon.colcon_ros.task.ament_cmake.build:Building ROS package in '/home/ngin/LAB/Resfes24/Robot_LiDAR3d/src/lio_sam' with build type 'ament_cmake'
[0.337s] INFO:colcon.colcon_cmake.task.cmake.build:Building CMake package in '/home/ngin/LAB/Resfes24/Robot_LiDAR3d/src/lio_sam'
[0.337s] INFO:colcon.colcon_core.shell:Skip shell extension 'powershell' for command environment: Not usable outside of PowerShell
[0.337s] DEBUG:colcon.colcon_core.shell:Skip shell extension 'dsv' for command environment
[0.340s] INFO:colcon.colcon_ros.task.ament_cmake.build:Building ROS package in '/home/ngin/LAB/Resfes24/Robot_LiDAR3d/src/pochita' with build type 'ament_cmake'
[0.340s] INFO:colcon.colcon_cmake.task.cmake.build:Building CMake package in '/home/ngin/LAB/Resfes24/Robot_LiDAR3d/src/pochita'
[0.341s] INFO:colcon.colcon_core.shell:Skip shell extension 'powershell' for command environment: Not usable outside of PowerShell
[0.341s] DEBUG:colcon.colcon_core.shell:Skip shell extension 'dsv' for command environment
[0.507s] INFO:colcon.colcon_core.task.python.build:Building Python package in '/home/ngin/LAB/Resfes24/Robot_LiDAR3d/src/joy_tester'
[0.508s] INFO:colcon.colcon_core.shell:Skip shell extension 'powershell' for command environment: Not usable outside of PowerShell
[0.508s] DEBUG:colcon.colcon_core.shell:Skip shell extension 'dsv' for command environment
[0.516s] DEBUG:colcon.colcon_core.event_handler.log_command:Invoking command in '/home/ngin/LAB/Resfes24/Robot_LiDAR3d/build/lio_sam': CMAKE_PREFIX_PATH=${CMAKE_PREFIX_PATH}:/home/ngin/LAB/Resfes24/Robot_LiDAR3d/install/joy_tester:/opt/ros/foxy /usr/bin/cmake --build /home/ngin/LAB/Resfes24/Robot_LiDAR3d/build/lio_sam -- -j12 -l12
[0.520s] DEBUG:colcon.colcon_core.event_handler.log_command:Invoking command in '/home/ngin/LAB/Resfes24/Robot_LiDAR3d/build/pochita': CMAKE_PREFIX_PATH=${CMAKE_PREFIX_PATH}:/home/ngin/LAB/Resfes24/Robot_LiDAR3d/install/joy_tester:/opt/ros/foxy /usr/bin/cmake --build /home/ngin/LAB/Resfes24/Robot_LiDAR3d/build/pochita -- -j12 -l12
[0.546s] DEBUG:colcon.colcon_core.event_handler.log_command:Invoked command in '/home/ngin/LAB/Resfes24/Robot_LiDAR3d/build/pochita' returned '0': CMAKE_PREFIX_PATH=${CMAKE_PREFIX_PATH}:/home/ngin/LAB/Resfes24/Robot_LiDAR3d/install/joy_tester:/opt/ros/foxy /usr/bin/cmake --build /home/ngin/LAB/Resfes24/Robot_LiDAR3d/build/pochita -- -j12 -l12
[0.569s] DEBUG:colcon.colcon_core.event_handler.log_command:Invoking command in '/home/ngin/LAB/Resfes24/Robot_LiDAR3d/build/pochita': CMAKE_PREFIX_PATH=${CMAKE_PREFIX_PATH}:/home/ngin/LAB/Resfes24/Robot_LiDAR3d/install/joy_tester:/opt/ros/foxy /usr/bin/cmake --install /home/ngin/LAB/Resfes24/Robot_LiDAR3d/build/pochita
[0.591s] Level 1:colcon.colcon_core.environment:create_environment_scripts_only(pochita)
[0.592s] DEBUG:colcon.colcon_core.event_handler.log_command:Invoked command in '/home/ngin/LAB/Resfes24/Robot_LiDAR3d/build/pochita' returned '0': CMAKE_PREFIX_PATH=${CMAKE_PREFIX_PATH}:/home/ngin/LAB/Resfes24/Robot_LiDAR3d/install/joy_tester:/opt/ros/foxy /usr/bin/cmake --install /home/ngin/LAB/Resfes24/Robot_LiDAR3d/build/pochita
[0.594s] Level 1:colcon.colcon_core.environment:checking '/home/ngin/LAB/Resfes24/Robot_LiDAR3d/install/pochita' for CMake module files
[0.594s] Level 1:colcon.colcon_core.environment:checking '/home/ngin/LAB/Resfes24/Robot_LiDAR3d/install/pochita' for CMake config files
[0.594s] Level 1:colcon.colcon_core.shell:create_environment_hook('pochita', 'cmake_prefix_path')
[0.595s] INFO:colcon.colcon_core.shell:Creating environment hook '/home/ngin/LAB/Resfes24/Robot_LiDAR3d/install/pochita/share/pochita/hook/cmake_prefix_path.ps1'
[0.595s] INFO:colcon.colcon_core.shell:Creating environment descriptor '/home/ngin/LAB/Resfes24/Robot_LiDAR3d/install/pochita/share/pochita/hook/cmake_prefix_path.dsv'
[0.595s] INFO:colcon.colcon_core.shell:Creating environment hook '/home/ngin/LAB/Resfes24/Robot_LiDAR3d/install/pochita/share/pochita/hook/cmake_prefix_path.sh'
[0.596s] Level 1:colcon.colcon_core.environment:checking '/home/ngin/LAB/Resfes24/Robot_LiDAR3d/install/pochita/bin'
[0.596s] Level 1:colcon.colcon_core.environment:checking '/home/ngin/LAB/Resfes24/Robot_LiDAR3d/install/pochita/lib/pkgconfig/pochita.pc'
[0.596s] Level 1:colcon.colcon_core.environment:checking '/home/ngin/LAB/Resfes24/Robot_LiDAR3d/install/pochita/lib/python3.8/site-packages'
[0.596s] Level 1:colcon.colcon_core.environment:checking '/home/ngin/LAB/Resfes24/Robot_LiDAR3d/install/pochita/bin'
[0.596s] INFO:colcon.colcon_core.shell:Creating package script '/home/ngin/LAB/Resfes24/Robot_LiDAR3d/install/pochita/share/pochita/package.ps1'
[0.597s] INFO:colcon.colcon_core.shell:Creating package descriptor '/home/ngin/LAB/Resfes24/Robot_LiDAR3d/install/pochita/share/pochita/package.dsv'
[0.597s] INFO:colcon.colcon_core.shell:Creating package script '/home/ngin/LAB/Resfes24/Robot_LiDAR3d/install/pochita/share/pochita/package.sh'
[0.598s] INFO:colcon.colcon_core.shell:Creating package script '/home/ngin/LAB/Resfes24/Robot_LiDAR3d/install/pochita/share/pochita/package.bash'
[0.598s] INFO:colcon.colcon_core.shell:Creating package script '/home/ngin/LAB/Resfes24/Robot_LiDAR3d/install/pochita/share/pochita/package.zsh'
[0.599s] Level 1:colcon.colcon_core.environment:create_file_with_runtime_dependencies(/home/ngin/LAB/Resfes24/Robot_LiDAR3d/install/pochita/share/colcon-core/packages/pochita)
[0.614s] Level 1:colcon.colcon_core.environment:create_environment_scripts_only(pochita)
[0.615s] Level 1:colcon.colcon_core.environment:checking '/home/ngin/LAB/Resfes24/Robot_LiDAR3d/install/pochita' for CMake module files
[0.615s] Level 1:colcon.colcon_core.environment:checking '/home/ngin/LAB/Resfes24/Robot_LiDAR3d/install/pochita' for CMake config files
[0.616s] Level 1:colcon.colcon_core.shell:create_environment_hook('pochita', 'cmake_prefix_path')
[0.616s] INFO:colcon.colcon_core.shell:Creating environment hook '/home/ngin/LAB/Resfes24/Robot_LiDAR3d/install/pochita/share/pochita/hook/cmake_prefix_path.ps1'
[0.617s] INFO:colcon.colcon_core.shell:Creating environment descriptor '/home/ngin/LAB/Resfes24/Robot_LiDAR3d/install/pochita/share/pochita/hook/cmake_prefix_path.dsv'
[0.617s] INFO:colcon.colcon_core.shell:Creating environment hook '/home/ngin/LAB/Resfes24/Robot_LiDAR3d/install/pochita/share/pochita/hook/cmake_prefix_path.sh'
[0.618s] Level 1:colcon.colcon_core.environment:checking '/home/ngin/LAB/Resfes24/Robot_LiDAR3d/install/pochita/bin'
[0.618s] Level 1:colcon.colcon_core.environment:checking '/home/ngin/LAB/Resfes24/Robot_LiDAR3d/install/pochita/lib/pkgconfig/pochita.pc'
[0.618s] Level 1:colcon.colcon_core.environment:checking '/home/ngin/LAB/Resfes24/Robot_LiDAR3d/install/pochita/lib/python3.8/site-packages'
[0.618s] Level 1:colcon.colcon_core.environment:checking '/home/ngin/LAB/Resfes24/Robot_LiDAR3d/install/pochita/bin'
[0.618s] INFO:colcon.colcon_core.shell:Creating package script '/home/ngin/LAB/Resfes24/Robot_LiDAR3d/install/pochita/share/pochita/package.ps1'
[0.619s] INFO:colcon.colcon_core.shell:Creating package descriptor '/home/ngin/LAB/Resfes24/Robot_LiDAR3d/install/pochita/share/pochita/package.dsv'
[0.619s] INFO:colcon.colcon_core.shell:Creating package script '/home/ngin/LAB/Resfes24/Robot_LiDAR3d/install/pochita/share/pochita/package.sh'
[0.620s] INFO:colcon.colcon_core.shell:Creating package script '/home/ngin/LAB/Resfes24/Robot_LiDAR3d/install/pochita/share/pochita/package.bash'
[0.620s] INFO:colcon.colcon_core.shell:Creating package script '/home/ngin/LAB/Resfes24/Robot_LiDAR3d/install/pochita/share/pochita/package.zsh'
[0.620s] Level 1:colcon.colcon_core.environment:create_file_with_runtime_dependencies(/home/ngin/LAB/Resfes24/Robot_LiDAR3d/install/pochita/share/colcon-core/packages/pochita)
[0.687s] DEBUG:colcon.colcon_core.event_handler.log_command:Invoked command in '/home/ngin/LAB/Resfes24/Robot_LiDAR3d/build/lio_sam' returned '0': CMAKE_PREFIX_PATH=${CMAKE_PREFIX_PATH}:/home/ngin/LAB/Resfes24/Robot_LiDAR3d/install/joy_tester:/opt/ros/foxy /usr/bin/cmake --build /home/ngin/LAB/Resfes24/Robot_LiDAR3d/build/lio_sam -- -j12 -l12
[0.735s] DEBUG:colcon.colcon_core.event_handler.log_command:Invoking command in '/home/ngin/LAB/Resfes24/Robot_LiDAR3d/build/lio_sam': CMAKE_PREFIX_PATH=${CMAKE_PREFIX_PATH}:/home/ngin/LAB/Resfes24/Robot_LiDAR3d/install/joy_tester:/opt/ros/foxy /usr/bin/cmake --install /home/ngin/LAB/Resfes24/Robot_LiDAR3d/build/lio_sam
[0.812s] Level 1:colcon.colcon_core.environment:create_environment_scripts_only(lio_sam)
[0.812s] Level 1:colcon.colcon_core.environment:checking '/home/ngin/LAB/Resfes24/Robot_LiDAR3d/install/lio_sam' for CMake module files
[0.813s] DEBUG:colcon.colcon_core.event_handler.log_command:Invoked command in '/home/ngin/LAB/Resfes24/Robot_LiDAR3d/build/lio_sam' returned '0': CMAKE_PREFIX_PATH=${CMAKE_PREFIX_PATH}:/home/ngin/LAB/Resfes24/Robot_LiDAR3d/install/joy_tester:/opt/ros/foxy /usr/bin/cmake --install /home/ngin/LAB/Resfes24/Robot_LiDAR3d/build/lio_sam
[0.814s] Level 1:colcon.colcon_core.environment:checking '/home/ngin/LAB/Resfes24/Robot_LiDAR3d/install/lio_sam' for CMake config files
[0.814s] Level 1:colcon.colcon_core.shell:create_environment_hook('lio_sam', 'cmake_prefix_path')
[0.815s] INFO:colcon.colcon_core.shell:Creating environment hook '/home/ngin/LAB/Resfes24/Robot_LiDAR3d/install/lio_sam/share/lio_sam/hook/cmake_prefix_path.ps1'
[0.815s] INFO:colcon.colcon_core.shell:Creating environment descriptor '/home/ngin/LAB/Resfes24/Robot_LiDAR3d/install/lio_sam/share/lio_sam/hook/cmake_prefix_path.dsv'
[0.815s] INFO:colcon.colcon_core.shell:Creating environment hook '/home/ngin/LAB/Resfes24/Robot_LiDAR3d/install/lio_sam/share/lio_sam/hook/cmake_prefix_path.sh'
[0.816s] Level 1:colcon.colcon_core.environment:checking '/home/ngin/LAB/Resfes24/Robot_LiDAR3d/install/lio_sam/lib'
[0.816s] Level 1:colcon.colcon_core.shell:create_environment_hook('lio_sam', 'ld_library_path_lib')
[0.816s] INFO:colcon.colcon_core.shell:Creating environment hook '/home/ngin/LAB/Resfes24/Robot_LiDAR3d/install/lio_sam/share/lio_sam/hook/ld_library_path_lib.ps1'
[0.817s] INFO:colcon.colcon_core.shell:Creating environment descriptor '/home/ngin/LAB/Resfes24/Robot_LiDAR3d/install/lio_sam/share/lio_sam/hook/ld_library_path_lib.dsv'
[0.817s] INFO:colcon.colcon_core.shell:Creating environment hook '/home/ngin/LAB/Resfes24/Robot_LiDAR3d/install/lio_sam/share/lio_sam/hook/ld_library_path_lib.sh'
[0.817s] Level 1:colcon.colcon_core.environment:checking '/home/ngin/LAB/Resfes24/Robot_LiDAR3d/install/lio_sam/bin'
[0.817s] Level 1:colcon.colcon_core.environment:checking '/home/ngin/LAB/Resfes24/Robot_LiDAR3d/install/lio_sam/lib/pkgconfig/lio_sam.pc'
[0.818s] Level 1:colcon.colcon_core.environment:checking '/home/ngin/LAB/Resfes24/Robot_LiDAR3d/install/lio_sam/lib/python3.8/site-packages'
[0.818s] Level 1:colcon.colcon_core.shell:create_environment_hook('lio_sam', 'pythonpath')
[0.818s] INFO:colcon.colcon_core.shell:Creating environment hook '/home/ngin/LAB/Resfes24/Robot_LiDAR3d/install/lio_sam/share/lio_sam/hook/pythonpath.ps1'
[0.818s] INFO:colcon.colcon_core.shell:Creating environment descriptor '/home/ngin/LAB/Resfes24/Robot_LiDAR3d/install/lio_sam/share/lio_sam/hook/pythonpath.dsv'
[0.819s] INFO:colcon.colcon_core.shell:Creating environment hook '/home/ngin/LAB/Resfes24/Robot_LiDAR3d/install/lio_sam/share/lio_sam/hook/pythonpath.sh'
[0.819s] Level 1:colcon.colcon_core.environment:checking '/home/ngin/LAB/Resfes24/Robot_LiDAR3d/install/lio_sam/bin'
[0.819s] INFO:colcon.colcon_core.shell:Creating package script '/home/ngin/LAB/Resfes24/Robot_LiDAR3d/install/lio_sam/share/lio_sam/package.ps1'
[0.820s] INFO:colcon.colcon_core.shell:Creating package descriptor '/home/ngin/LAB/Resfes24/Robot_LiDAR3d/install/lio_sam/share/lio_sam/package.dsv'
[0.820s] INFO:colcon.colcon_core.shell:Creating package script '/home/ngin/LAB/Resfes24/Robot_LiDAR3d/install/lio_sam/share/lio_sam/package.sh'
[0.821s] INFO:colcon.colcon_core.shell:Creating package script '/home/ngin/LAB/Resfes24/Robot_LiDAR3d/install/lio_sam/share/lio_sam/package.bash'
[0.821s] INFO:colcon.colcon_core.shell:Creating package script '/home/ngin/LAB/Resfes24/Robot_LiDAR3d/install/lio_sam/share/lio_sam/package.zsh'
[0.821s] Level 1:colcon.colcon_core.environment:create_file_with_runtime_dependencies(/home/ngin/LAB/Resfes24/Robot_LiDAR3d/install/lio_sam/share/colcon-core/packages/lio_sam)
[0.843s] DEBUG:colcon.colcon_core.event_handler.log_command:Invoking command in '/home/ngin/LAB/Resfes24/Robot_LiDAR3d/build/joy_tester': PYTHONPATH=/home/ngin/LAB/Resfes24/Robot_LiDAR3d/build/joy_tester/prefix_override:/home/ngin/LAB/Resfes24/Robot_LiDAR3d/install/joy_tester/lib/python3.8/site-packages:${PYTHONPATH} /usr/bin/python3 -W ignore:setup.py install is deprecated setup.py develop --editable --build-directory /home/ngin/LAB/Resfes24/Robot_LiDAR3d/build/joy_tester/build --no-deps symlink_data
[0.868s] Level 1:colcon.colcon_core.environment:create_environment_scripts_only(lio_sam)
[0.868s] Level 1:colcon.colcon_core.environment:checking '/home/ngin/LAB/Resfes24/Robot_LiDAR3d/install/lio_sam' for CMake module files
[0.868s] Level 1:colcon.colcon_core.environment:checking '/home/ngin/LAB/Resfes24/Robot_LiDAR3d/install/lio_sam' for CMake config files
[0.869s] Level 1:colcon.colcon_core.shell:create_environment_hook('lio_sam', 'cmake_prefix_path')
[0.869s] INFO:colcon.colcon_core.shell:Creating environment hook '/home/ngin/LAB/Resfes24/Robot_LiDAR3d/install/lio_sam/share/lio_sam/hook/cmake_prefix_path.ps1'
[0.870s] INFO:colcon.colcon_core.shell:Creating environment descriptor '/home/ngin/LAB/Resfes24/Robot_LiDAR3d/install/lio_sam/share/lio_sam/hook/cmake_prefix_path.dsv'
[0.870s] INFO:colcon.colcon_core.shell:Creating environment hook '/home/ngin/LAB/Resfes24/Robot_LiDAR3d/install/lio_sam/share/lio_sam/hook/cmake_prefix_path.sh'
[0.871s] Level 1:colcon.colcon_core.environment:checking '/home/ngin/LAB/Resfes24/Robot_LiDAR3d/install/lio_sam/lib'
[0.871s] Level 1:colcon.colcon_core.shell:create_environment_hook('lio_sam', 'ld_library_path_lib')
[0.871s] INFO:colcon.colcon_core.shell:Creating environment hook '/home/ngin/LAB/Resfes24/Robot_LiDAR3d/install/lio_sam/share/lio_sam/hook/ld_library_path_lib.ps1'
[0.871s] INFO:colcon.colcon_core.shell:Creating environment descriptor '/home/ngin/LAB/Resfes24/Robot_LiDAR3d/install/lio_sam/share/lio_sam/hook/ld_library_path_lib.dsv'
[0.871s] INFO:colcon.colcon_core.shell:Creating environment hook '/home/ngin/LAB/Resfes24/Robot_LiDAR3d/install/lio_sam/share/lio_sam/hook/ld_library_path_lib.sh'
[0.872s] Level 1:colcon.colcon_core.environment:checking '/home/ngin/LAB/Resfes24/Robot_LiDAR3d/install/lio_sam/bin'
[0.872s] Level 1:colcon.colcon_core.environment:checking '/home/ngin/LAB/Resfes24/Robot_LiDAR3d/install/lio_sam/lib/pkgconfig/lio_sam.pc'
[0.872s] Level 1:colcon.colcon_core.environment:checking '/home/ngin/LAB/Resfes24/Robot_LiDAR3d/install/lio_sam/lib/python3.8/site-packages'
[0.872s] Level 1:colcon.colcon_core.shell:create_environment_hook('lio_sam', 'pythonpath')
[0.872s] INFO:colcon.colcon_core.shell:Creating environment hook '/home/ngin/LAB/Resfes24/Robot_LiDAR3d/install/lio_sam/share/lio_sam/hook/pythonpath.ps1'
[0.872s] INFO:colcon.colcon_core.shell:Creating environment descriptor '/home/ngin/LAB/Resfes24/Robot_LiDAR3d/install/lio_sam/share/lio_sam/hook/pythonpath.dsv'
[0.873s] INFO:colcon.colcon_core.shell:Creating environment hook '/home/ngin/LAB/Resfes24/Robot_LiDAR3d/install/lio_sam/share/lio_sam/hook/pythonpath.sh'
[0.873s] Level 1:colcon.colcon_core.environment:checking '/home/ngin/LAB/Resfes24/Robot_LiDAR3d/install/lio_sam/bin'
[0.873s] INFO:colcon.colcon_core.shell:Creating package script '/home/ngin/LAB/Resfes24/Robot_LiDAR3d/install/lio_sam/share/lio_sam/package.ps1'
[0.874s] INFO:colcon.colcon_core.shell:Creating package descriptor '/home/ngin/LAB/Resfes24/Robot_LiDAR3d/install/lio_sam/share/lio_sam/package.dsv'
[0.874s] INFO:colcon.colcon_core.shell:Creating package script '/home/ngin/LAB/Resfes24/Robot_LiDAR3d/install/lio_sam/share/lio_sam/package.sh'
[0.874s] INFO:colcon.colcon_core.shell:Creating package script '/home/ngin/LAB/Resfes24/Robot_LiDAR3d/install/lio_sam/share/lio_sam/package.bash'
[0.875s] INFO:colcon.colcon_core.shell:Creating package script '/home/ngin/LAB/Resfes24/Robot_LiDAR3d/install/lio_sam/share/lio_sam/package.zsh'
[0.875s] Level 1:colcon.colcon_core.environment:create_file_with_runtime_dependencies(/home/ngin/LAB/Resfes24/Robot_LiDAR3d/install/lio_sam/share/colcon-core/packages/lio_sam)
[1.180s] Level 1:colcon.colcon_core.shell:create_environment_hook('joy_tester', 'pythonpath_develop')
[1.180s] INFO:colcon.colcon_core.shell:Creating environment hook '/home/ngin/LAB/Resfes24/Robot_LiDAR3d/build/joy_tester/share/joy_tester/hook/pythonpath_develop.ps1'
[1.181s] DEBUG:colcon.colcon_core.event_handler.log_command:Invoked command in '/home/ngin/LAB/Resfes24/Robot_LiDAR3d/build/joy_tester' returned '0': PYTHONPATH=/home/ngin/LAB/Resfes24/Robot_LiDAR3d/build/joy_tester/prefix_override:/home/ngin/LAB/Resfes24/Robot_LiDAR3d/install/joy_tester/lib/python3.8/site-packages:${PYTHONPATH} /usr/bin/python3 -W ignore:setup.py install is deprecated setup.py develop --editable --build-directory /home/ngin/LAB/Resfes24/Robot_LiDAR3d/build/joy_tester/build --no-deps symlink_data
[1.182s] INFO:colcon.colcon_core.shell:Creating environment descriptor '/home/ngin/LAB/Resfes24/Robot_LiDAR3d/build/joy_tester/share/joy_tester/hook/pythonpath_develop.dsv'
[1.182s] INFO:colcon.colcon_core.shell:Creating environment hook '/home/ngin/LAB/Resfes24/Robot_LiDAR3d/build/joy_tester/share/joy_tester/hook/pythonpath_develop.sh'
[1.184s] Level 1:colcon.colcon_core.environment:checking '/home/ngin/LAB/Resfes24/Robot_LiDAR3d/install/joy_tester' for CMake module files
[1.185s] Level 1:colcon.colcon_core.environment:checking '/home/ngin/LAB/Resfes24/Robot_LiDAR3d/install/joy_tester' for CMake config files
[1.186s] Level 1:colcon.colcon_core.environment:checking '/home/ngin/LAB/Resfes24/Robot_LiDAR3d/install/joy_tester/lib'
[1.186s] Level 1:colcon.colcon_core.environment:checking '/home/ngin/LAB/Resfes24/Robot_LiDAR3d/install/joy_tester/bin'
[1.186s] Level 1:colcon.colcon_core.environment:checking '/home/ngin/LAB/Resfes24/Robot_LiDAR3d/install/joy_tester/lib/pkgconfig/joy_tester.pc'
[1.187s] Level 1:colcon.colcon_core.environment:checking '/home/ngin/LAB/Resfes24/Robot_LiDAR3d/install/joy_tester/lib/python3.8/site-packages'
[1.187s] Level 1:colcon.colcon_core.shell:create_environment_hook('joy_tester', 'pythonpath')
[1.187s] INFO:colcon.colcon_core.shell:Creating environment hook '/home/ngin/LAB/Resfes24/Robot_LiDAR3d/install/joy_tester/share/joy_tester/hook/pythonpath.ps1'
[1.188s] INFO:colcon.colcon_core.shell:Creating environment descriptor '/home/ngin/LAB/Resfes24/Robot_LiDAR3d/install/joy_tester/share/joy_tester/hook/pythonpath.dsv'
[1.188s] INFO:colcon.colcon_core.shell:Creating environment hook '/home/ngin/LAB/Resfes24/Robot_LiDAR3d/install/joy_tester/share/joy_tester/hook/pythonpath.sh'
[1.189s] Level 1:colcon.colcon_core.environment:checking '/home/ngin/LAB/Resfes24/Robot_LiDAR3d/install/joy_tester/bin'
[1.189s] Level 1:colcon.colcon_core.environment:create_environment_scripts_only(joy_tester)
[1.189s] INFO:colcon.colcon_core.shell:Creating package script '/home/ngin/LAB/Resfes24/Robot_LiDAR3d/install/joy_tester/share/joy_tester/package.ps1'
[1.189s] INFO:colcon.colcon_core.shell:Creating package descriptor '/home/ngin/LAB/Resfes24/Robot_LiDAR3d/install/joy_tester/share/joy_tester/package.dsv'
[1.189s] INFO:colcon.colcon_core.shell:Creating package script '/home/ngin/LAB/Resfes24/Robot_LiDAR3d/install/joy_tester/share/joy_tester/package.sh'
[1.190s] INFO:colcon.colcon_core.shell:Creating package script '/home/ngin/LAB/Resfes24/Robot_LiDAR3d/install/joy_tester/share/joy_tester/package.bash'
[1.190s] INFO:colcon.colcon_core.shell:Creating package script '/home/ngin/LAB/Resfes24/Robot_LiDAR3d/install/joy_tester/share/joy_tester/package.zsh'
[1.190s] Level 1:colcon.colcon_core.environment:create_file_with_runtime_dependencies(/home/ngin/LAB/Resfes24/Robot_LiDAR3d/install/joy_tester/share/colcon-core/packages/joy_tester)
[1.190s] DEBUG:colcon.colcon_parallel_executor.executor.parallel:closing loop
[1.191s] DEBUG:colcon.colcon_parallel_executor.executor.parallel:loop closed
[1.191s] DEBUG:colcon.colcon_parallel_executor.executor.parallel:run_until_complete finished with '0'
[1.191s] DEBUG:colcon.colcon_core.event_reactor:joining thread
[1.197s] INFO:colcon.colcon_core.plugin_system:Skipping extension 'colcon_notification.desktop_notification.terminal_notifier': Not used on non-Darwin systems
[1.197s] INFO:colcon.colcon_core.plugin_system:Skipping extension 'colcon_notification.desktop_notification.win32': Not used on non-Windows systems
[1.198s] INFO:colcon.colcon_notification.desktop_notification:Sending desktop notification using 'notify2'
[1.215s] DEBUG:colcon.colcon_core.event_reactor:joined thread
[1.215s] INFO:colcon.colcon_core.shell:Creating prefix script '/home/ngin/LAB/Resfes24/Robot_LiDAR3d/install/local_setup.ps1'
[1.216s] INFO:colcon.colcon_core.shell:Creating prefix util module '/home/ngin/LAB/Resfes24/Robot_LiDAR3d/install/_local_setup_util_ps1.py'
[1.217s] INFO:colcon.colcon_core.shell:Creating prefix chain script '/home/ngin/LAB/Resfes24/Robot_LiDAR3d/install/setup.ps1'
[1.218s] INFO:colcon.colcon_core.shell:Creating prefix script '/home/ngin/LAB/Resfes24/Robot_LiDAR3d/install/local_setup.sh'
[1.218s] INFO:colcon.colcon_core.shell:Creating prefix util module '/home/ngin/LAB/Resfes24/Robot_LiDAR3d/install/_local_setup_util_sh.py'
[1.218s] INFO:colcon.colcon_core.shell:Creating prefix chain script '/home/ngin/LAB/Resfes24/Robot_LiDAR3d/install/setup.sh'
[1.219s] INFO:colcon.colcon_core.shell:Creating prefix script '/home/ngin/LAB/Resfes24/Robot_LiDAR3d/install/local_setup.bash'
[1.220s] INFO:colcon.colcon_core.shell:Creating prefix chain script '/home/ngin/LAB/Resfes24/Robot_LiDAR3d/install/setup.bash'
[1.221s] INFO:colcon.colcon_core.shell:Creating prefix script '/home/ngin/LAB/Resfes24/Robot_LiDAR3d/install/local_setup.zsh'
[1.221s] INFO:colcon.colcon_core.shell:Creating prefix chain script '/home/ngin/LAB/Resfes24/Robot_LiDAR3d/install/setup.zsh'
